<?xml version="1.0" encoding="UTF-8" ?>
<testsuite tests="5000" failures="0" name="com.HiQ.sudokugenerator.SudokuGeneratorTest" time="3.198" errors="0" skipped="0">
  <properties>
    <property name="java.runtime.name" value="Java(TM) SE Runtime Environment"/>
    <property name="sun.boot.library.path" value="D:\Program Files\Java\jdk1.8.0_161\jre\bin"/>
    <property name="java.vm.version" value="25.161-b12"/>
    <property name="java.vm.vendor" value="Oracle Corporation"/>
    <property name="java.vendor.url" value="http://java.oracle.com/"/>
    <property name="path.separator" value=";"/>
    <property name="guice.disable.misplaced.annotation.check" value="true"/>
    <property name="java.vm.name" value="Java HotSpot(TM) Client VM"/>
    <property name="file.encoding.pkg" value="sun.io"/>
    <property name="user.script" value=""/>
    <property name="user.country" value="US"/>
    <property name="sun.java.launcher" value="SUN_STANDARD"/>
    <property name="sun.os.patch.level" value=""/>
    <property name="java.vm.specification.name" value="Java Virtual Machine Specification"/>
    <property name="user.dir" value="C:\Users\Chandru\Desktop\sudoku-generator-master\sudoku-generator-master\SudokuGenerator"/>
    <property name="java.runtime.version" value="1.8.0_161-b12"/>
    <property name="java.awt.graphicsenv" value="sun.awt.Win32GraphicsEnvironment"/>
    <property name="java.endorsed.dirs" value="D:\Program Files\Java\jdk1.8.0_161\jre\lib\endorsed"/>
    <property name="os.arch" value="x86"/>
    <property name="java.io.tmpdir" value="C:\Users\Chandru\AppData\Local\Temp\"/>
    <property name="line.separator" value="
"/>
    <property name="java.vm.specification.vendor" value="Oracle Corporation"/>
    <property name="user.variant" value=""/>
    <property name="os.name" value="Windows 7"/>
    <property name="maven.ext.class.path" value="D:\Program Files\NetBeans 8.2\java\maven-nblib\netbeans-eventspy.jar"/>
    <property name="classworlds.conf" value="D:\Program Files\NetBeans 8.2\java\maven\bin\m2.conf"/>
    <property name="sun.jnu.encoding" value="Cp1252"/>
    <property name="java.library.path" value="D:\Program Files\Java\jdk1.8.0_161\bin;C:\Windows\Sun\Java\bin;C:\Windows\system32;C:\Windows;C:\ProgramData\Oracle\Java\javapath;C:\Windows\system32;C:\Windows;C:\Windows\System32\Wbem;C:\Windows\System32\WindowsPowerShell\v1.0\;C:\Program Files\Skype\Phone\;D:\Program Files\Microsoft SQL Server\100\Tools\Binn\;D:\Program Files\Microsoft SQL Server\100\DTS\Binn\;D:\Program Files\Microsoft SQL Server\100\Tools\Binn\VSShell\Common7\IDE\;C:\Program Files\Apache\Maven\bin;."/>
    <property name="java.specification.name" value="Java Platform API Specification"/>
    <property name="java.class.version" value="52.0"/>
    <property name="sun.management.compiler" value="HotSpot Client Compiler"/>
    <property name="os.version" value="6.1"/>
    <property name="user.home" value="C:\Users\Chandru"/>
    <property name="user.timezone" value="Asia/Calcutta"/>
    <property name="java.awt.printerjob" value="sun.awt.windows.WPrinterJob"/>
    <property name="java.specification.version" value="1.8"/>
    <property name="file.encoding" value="UTF-8"/>
    <property name="user.name" value="Chandru"/>
    <property name="java.class.path" value="D:\Program Files\NetBeans 8.2\java\maven\boot\plexus-classworlds-2.4.jar"/>
    <property name="java.vm.specification.version" value="1.8"/>
    <property name="sun.arch.data.model" value="32"/>
    <property name="java.home" value="D:\Program Files\Java\jdk1.8.0_161\jre"/>
    <property name="sun.java.command" value="org.codehaus.plexus.classworlds.launcher.Launcher -Dmaven.ext.class.path=D:\Program Files\NetBeans 8.2\java\maven-nblib\netbeans-eventspy.jar -Dfile.encoding=UTF-8 install"/>
    <property name="java.specification.vendor" value="Oracle Corporation"/>
    <property name="user.language" value="en"/>
    <property name="awt.toolkit" value="sun.awt.windows.WToolkit"/>
    <property name="java.vm.info" value="mixed mode"/>
    <property name="java.version" value="1.8.0_161"/>
    <property name="java.ext.dirs" value="D:\Program Files\Java\jdk1.8.0_161\jre\lib\ext;C:\Windows\Sun\Java\lib\ext"/>
    <property name="sun.boot.class.path" value="D:\Program Files\Java\jdk1.8.0_161\jre\lib\resources.jar;D:\Program Files\Java\jdk1.8.0_161\jre\lib\rt.jar;D:\Program Files\Java\jdk1.8.0_161\jre\lib\sunrsasign.jar;D:\Program Files\Java\jdk1.8.0_161\jre\lib\jsse.jar;D:\Program Files\Java\jdk1.8.0_161\jre\lib\jce.jar;D:\Program Files\Java\jdk1.8.0_161\jre\lib\charsets.jar;D:\Program Files\Java\jdk1.8.0_161\jre\lib\jfr.jar;D:\Program Files\Java\jdk1.8.0_161\jre\classes"/>
    <property name="java.vendor" value="Oracle Corporation"/>
    <property name="maven.home" value="D:\Program Files\NetBeans 8.2\java\maven"/>
    <property name="file.separator" value="\"/>
    <property name="java.vendor.url.bug" value="http://bugreport.sun.com/bugreport/"/>
    <property name="sun.cpu.endian" value="little"/>
    <property name="sun.io.unicode.encoding" value="UnicodeLittle"/>
    <property name="sun.desktop" value="windows"/>
    <property name="sun.cpu.isalist" value="pentium_pro+mmx pentium_pro pentium+mmx pentium i486 i386 i86"/>
  </properties>
  <testcase classname="com.HiQ.sudokugenerator.SudokuGeneratorTest" name="testGenerateAndInValidateValidSudoku[0]" time="0.006"/>
  <testcase classname="com.HiQ.sudokugenerator.SudokuGeneratorTest" name="testGenerateAndValidateValidSudoku[0]" time="0"/>
  <testcase classname="com.HiQ.sudokugenerator.SudokuGeneratorTest" name="testGenerateaPlaybleEasySudoku[0]" time="0.001"/>
  <testcase classname="com.HiQ.sudokugenerator.SudokuGeneratorTest" name="testGenerateaPlaybleHardSudoku[0]" time="0"/>
  <testcase classname="com.HiQ.sudokugenerator.SudokuGeneratorTest" name="testGenerateaPlaybleMediumSudoku[0]" time="0"/>
  <testcase classname="com.HiQ.sudokugenerator.SudokuGeneratorTest" name="testGenerateAndInValidateValidSudoku[1]" time="0"/>
  <testcase classname="com.HiQ.sudokugenerator.SudokuGeneratorTest" name="testGenerateAndValidateValidSudoku[1]" time="0"/>
  <testcase classname="com.HiQ.sudokugenerator.SudokuGeneratorTest" name="testGenerateaPlaybleEasySudoku[1]" time="0"/>
  <testcase classname="com.HiQ.sudokugenerator.SudokuGeneratorTest" name="testGenerateaPlaybleHardSudoku[1]" time="0"/>
  <testcase classname="com.HiQ.sudokugenerator.SudokuGeneratorTest" name="testGenerateaPlaybleMediumSudoku[1]" time="0"/>
  <testcase classname="com.HiQ.sudokugenerator.SudokuGeneratorTest" name="testGenerateAndInValidateValidSudoku[2]" time="0"/>
  <testcase classname="com.HiQ.sudokugenerator.SudokuGeneratorTest" name="testGenerateAndValidateValidSudoku[2]" time="0"/>
  <testcase classname="com.HiQ.sudokugenerator.SudokuGeneratorTest" name="testGenerateaPlaybleEasySudoku[2]" time="0"/>
  <testcase classname="com.HiQ.sudokugenerator.SudokuGeneratorTest" name="testGenerateaPlaybleHardSudoku[2]" time="0.001"/>
  <testcase classname="com.HiQ.sudokugenerator.SudokuGeneratorTest" name="testGenerateaPlaybleMediumSudoku[2]" time="0"/>
  <testcase classname="com.HiQ.sudokugenerator.SudokuGeneratorTest" name="testGenerateAndInValidateValidSudoku[3]" time="0"/>
  <testcase classname="com.HiQ.sudokugenerator.SudokuGeneratorTest" name="testGenerateAndValidateValidSudoku[3]" time="0"/>
  <testcase classname="com.HiQ.sudokugenerator.SudokuGeneratorTest" name="testGenerateaPlaybleEasySudoku[3]" time="0"/>
  <testcase classname="com.HiQ.sudokugenerator.SudokuGeneratorTest" name="testGenerateaPlaybleHardSudoku[3]" time="0"/>
  <testcase classname="com.HiQ.sudokugenerator.SudokuGeneratorTest" name="testGenerateaPlaybleMediumSudoku[3]" time="0"/>
  <testcase classname="com.HiQ.sudokugenerator.SudokuGeneratorTest" name="testGenerateAndInValidateValidSudoku[4]" time="0"/>
  <testcase classname="com.HiQ.sudokugenerator.SudokuGeneratorTest" name="testGenerateAndValidateValidSudoku[4]" time="0"/>
  <testcase classname="com.HiQ.sudokugenerator.SudokuGeneratorTest" name="testGenerateaPlaybleEasySudoku[4]" time="0"/>
  <testcase classname="com.HiQ.sudokugenerator.SudokuGeneratorTest" name="testGenerateaPlaybleHardSudoku[4]" time="0"/>
  <testcase classname="com.HiQ.sudokugenerator.SudokuGeneratorTest" name="testGenerateaPlaybleMediumSudoku[4]" time="0"/>
  <testcase classname="com.HiQ.sudokugenerator.SudokuGeneratorTest" name="testGenerateAndInValidateValidSudoku[5]" time="0"/>
  <testcase classname="com.HiQ.sudokugenerator.SudokuGeneratorTest" name="testGenerateAndValidateValidSudoku[5]" time="0"/>
  <testcase classname="com.HiQ.sudokugenerator.SudokuGeneratorTest" name="testGenerateaPlaybleEasySudoku[5]" time="0"/>
  <testcase classname="com.HiQ.sudokugenerator.SudokuGeneratorTest" name="testGenerateaPlaybleHardSudoku[5]" time="0"/>
  <testcase classname="com.HiQ.sudokugenerator.SudokuGeneratorTest" name="testGenerateaPlaybleMediumSudoku[5]" time="0.001"/>
  <testcase classname="com.HiQ.sudokugenerator.SudokuGeneratorTest" name="testGenerateAndInValidateValidSudoku[6]" time="0"/>
  <testcase classname="com.HiQ.sudokugenerator.SudokuGeneratorTest" name="testGenerateAndValidateValidSudoku[6]" time="0"/>
  <testcase classname="com.HiQ.sudokugenerator.SudokuGeneratorTest" name="testGenerateaPlaybleEasySudoku[6]" time="0"/>
  <testcase classname="com.HiQ.sudokugenerator.SudokuGeneratorTest" name="testGenerateaPlaybleHardSudoku[6]" time="0"/>
  <testcase classname="com.HiQ.sudokugenerator.SudokuGeneratorTest" name="testGenerateaPlaybleMediumSudoku[6]" time="0"/>
  <testcase classname="com.HiQ.sudokugenerator.SudokuGeneratorTest" name="testGenerateAndInValidateValidSudoku[7]" time="0"/>
  <testcase classname="com.HiQ.sudokugenerator.SudokuGeneratorTest" name="testGenerateAndValidateValidSudoku[7]" time="0"/>
  <testcase classname="com.HiQ.sudokugenerator.SudokuGeneratorTest" name="testGenerateaPlaybleEasySudoku[7]" time="0"/>
  <testcase classname="com.HiQ.sudokugenerator.SudokuGeneratorTest" name="testGenerateaPlaybleHardSudoku[7]" time="0"/>
  <testcase classname="com.HiQ.sudokugenerator.SudokuGeneratorTest" name="testGenerateaPlaybleMediumSudoku[7]" time="0"/>
  <testcase classname="com.HiQ.sudokugenerator.SudokuGeneratorTest" name="testGenerateAndInValidateValidSudoku[8]" time="0"/>
  <testcase classname="com.HiQ.sudokugenerator.SudokuGeneratorTest" name="testGenerateAndValidateValidSudoku[8]" time="0"/>
  <testcase classname="com.HiQ.sudokugenerator.SudokuGeneratorTest" name="testGenerateaPlaybleEasySudoku[8]" time="0"/>
  <testcase classname="com.HiQ.sudokugenerator.SudokuGeneratorTest" name="testGenerateaPlaybleHardSudoku[8]" time="0"/>
  <testcase classname="com.HiQ.sudokugenerator.SudokuGeneratorTest" name="testGenerateaPlaybleMediumSudoku[8]" time="0"/>
  <testcase classname="com.HiQ.sudokugenerator.SudokuGeneratorTest" name="testGenerateAndInValidateValidSudoku[9]" time="0"/>
  <testcase classname="com.HiQ.sudokugenerator.SudokuGeneratorTest" name="testGenerateAndValidateValidSudoku[9]" time="0"/>
  <testcase classname="com.HiQ.sudokugenerator.SudokuGeneratorTest" name="testGenerateaPlaybleEasySudoku[9]" time="0.001"/>
  <testcase classname="com.HiQ.sudokugenerator.SudokuGeneratorTest" name="testGenerateaPlaybleHardSudoku[9]" time="0"/>
  <testcase classname="com.HiQ.sudokugenerator.SudokuGeneratorTest" name="testGenerateaPlaybleMediumSudoku[9]" time="0"/>
  <testcase classname="com.HiQ.sudokugenerator.SudokuGeneratorTest" name="testGenerateAndInValidateValidSudoku[10]" time="0"/>
  <testcase classname="com.HiQ.sudokugenerator.SudokuGeneratorTest" name="testGenerateAndValidateValidSudoku[10]" time="0"/>
  <testcase classname="com.HiQ.sudokugenerator.SudokuGeneratorTest" name="testGenerateaPlaybleEasySudoku[10]" time="0"/>
  <testcase classname="com.HiQ.sudokugenerator.SudokuGeneratorTest" name="testGenerateaPlaybleHardSudoku[10]" time="0"/>
  <testcase classname="com.HiQ.sudokugenerator.SudokuGeneratorTest" name="testGenerateaPlaybleMediumSudoku[10]" time="0"/>
  <testcase classname="com.HiQ.sudokugenerator.SudokuGeneratorTest" name="testGenerateAndInValidateValidSudoku[11]" time="0"/>
  <testcase classname="com.HiQ.sudokugenerator.SudokuGeneratorTest" name="testGenerateAndValidateValidSudoku[11]" time="0"/>
  <testcase classname="com.HiQ.sudokugenerator.SudokuGeneratorTest" name="testGenerateaPlaybleEasySudoku[11]" time="0"/>
  <testcase classname="com.HiQ.sudokugenerator.SudokuGeneratorTest" name="testGenerateaPlaybleHardSudoku[11]" time="0"/>
  <testcase classname="com.HiQ.sudokugenerator.SudokuGeneratorTest" name="testGenerateaPlaybleMediumSudoku[11]" time="0"/>
  <testcase classname="com.HiQ.sudokugenerator.SudokuGeneratorTest" name="testGenerateAndInValidateValidSudoku[12]" time="0"/>
  <testcase classname="com.HiQ.sudokugenerator.SudokuGeneratorTest" name="testGenerateAndValidateValidSudoku[12]" time="0"/>
  <testcase classname="com.HiQ.sudokugenerator.SudokuGeneratorTest" name="testGenerateaPlaybleEasySudoku[12]" time="0"/>
  <testcase classname="com.HiQ.sudokugenerator.SudokuGeneratorTest" name="testGenerateaPlaybleHardSudoku[12]" time="0.001"/>
  <testcase classname="com.HiQ.sudokugenerator.SudokuGeneratorTest" name="testGenerateaPlaybleMediumSudoku[12]" time="0"/>
  <testcase classname="com.HiQ.sudokugenerator.SudokuGeneratorTest" name="testGenerateAndInValidateValidSudoku[13]" time="0"/>
  <testcase classname="com.HiQ.sudokugenerator.SudokuGeneratorTest" name="testGenerateAndValidateValidSudoku[13]" time="0"/>
  <testcase classname="com.HiQ.sudokugenerator.SudokuGeneratorTest" name="testGenerateaPlaybleEasySudoku[13]" time="0"/>
  <testcase classname="com.HiQ.sudokugenerator.SudokuGeneratorTest" name="testGenerateaPlaybleHardSudoku[13]" time="0"/>
  <testcase classname="com.HiQ.sudokugenerator.SudokuGeneratorTest" name="testGenerateaPlaybleMediumSudoku[13]" time="0"/>
  <testcase classname="com.HiQ.sudokugenerator.SudokuGeneratorTest" name="testGenerateAndInValidateValidSudoku[14]" time="0"/>
  <testcase classname="com.HiQ.sudokugenerator.SudokuGeneratorTest" name="testGenerateAndValidateValidSudoku[14]" time="0"/>
  <testcase classname="com.HiQ.sudokugenerator.SudokuGeneratorTest" name="testGenerateaPlaybleEasySudoku[14]" time="0"/>
  <testcase classname="com.HiQ.sudokugenerator.SudokuGeneratorTest" name="testGenerateaPlaybleHardSudoku[14]" time="0.03"/>
  <testcase classname="com.HiQ.sudokugenerator.SudokuGeneratorTest" name="testGenerateaPlaybleMediumSudoku[14]" time="0"/>
  <testcase classname="com.HiQ.sudokugenerator.SudokuGeneratorTest" name="testGenerateAndInValidateValidSudoku[15]" time="0"/>
  <testcase classname="com.HiQ.sudokugenerator.SudokuGeneratorTest" name="testGenerateAndValidateValidSudoku[15]" time="0"/>
  <testcase classname="com.HiQ.sudokugenerator.SudokuGeneratorTest" name="testGenerateaPlaybleEasySudoku[15]" time="0"/>
  <testcase classname="com.HiQ.sudokugenerator.SudokuGeneratorTest" name="testGenerateaPlaybleHardSudoku[15]" time="0"/>
  <testcase classname="com.HiQ.sudokugenerator.SudokuGeneratorTest" name="testGenerateaPlaybleMediumSudoku[15]" time="0"/>
  <testcase classname="com.HiQ.sudokugenerator.SudokuGeneratorTest" name="testGenerateAndInValidateValidSudoku[16]" time="0"/>
  <testcase classname="com.HiQ.sudokugenerator.SudokuGeneratorTest" name="testGenerateAndValidateValidSudoku[16]" time="0"/>
  <testcase classname="com.HiQ.sudokugenerator.SudokuGeneratorTest" name="testGenerateaPlaybleEasySudoku[16]" time="0"/>
  <testcase classname="com.HiQ.sudokugenerator.SudokuGeneratorTest" name="testGenerateaPlaybleHardSudoku[16]" time="0"/>
  <testcase classname="com.HiQ.sudokugenerator.SudokuGeneratorTest" name="testGenerateaPlaybleMediumSudoku[16]" time="0"/>
  <testcase classname="com.HiQ.sudokugenerator.SudokuGeneratorTest" name="testGenerateAndInValidateValidSudoku[17]" time="0"/>
  <testcase classname="com.HiQ.sudokugenerator.SudokuGeneratorTest" name="testGenerateAndValidateValidSudoku[17]" time="0"/>
  <testcase classname="com.HiQ.sudokugenerator.SudokuGeneratorTest" name="testGenerateaPlaybleEasySudoku[17]" time="0"/>
  <testcase classname="com.HiQ.sudokugenerator.SudokuGeneratorTest" name="testGenerateaPlaybleHardSudoku[17]" time="0"/>
  <testcase classname="com.HiQ.sudokugenerator.SudokuGeneratorTest" name="testGenerateaPlaybleMediumSudoku[17]" time="0"/>
  <testcase classname="com.HiQ.sudokugenerator.SudokuGeneratorTest" name="testGenerateAndInValidateValidSudoku[18]" time="0"/>
  <testcase classname="com.HiQ.sudokugenerator.SudokuGeneratorTest" name="testGenerateAndValidateValidSudoku[18]" time="0"/>
  <testcase classname="com.HiQ.sudokugenerator.SudokuGeneratorTest" name="testGenerateaPlaybleEasySudoku[18]" time="0"/>
  <testcase classname="com.HiQ.sudokugenerator.SudokuGeneratorTest" name="testGenerateaPlaybleHardSudoku[18]" time="0"/>
  <testcase classname="com.HiQ.sudokugenerator.SudokuGeneratorTest" name="testGenerateaPlaybleMediumSudoku[18]" time="0"/>
  <testcase classname="com.HiQ.sudokugenerator.SudokuGeneratorTest" name="testGenerateAndInValidateValidSudoku[19]" time="0"/>
  <testcase classname="com.HiQ.sudokugenerator.SudokuGeneratorTest" name="testGenerateAndValidateValidSudoku[19]" time="0"/>
  <testcase classname="com.HiQ.sudokugenerator.SudokuGeneratorTest" name="testGenerateaPlaybleEasySudoku[19]" time="0"/>
  <testcase classname="com.HiQ.sudokugenerator.SudokuGeneratorTest" name="testGenerateaPlaybleHardSudoku[19]" time="0"/>
  <testcase classname="com.HiQ.sudokugenerator.SudokuGeneratorTest" name="testGenerateaPlaybleMediumSudoku[19]" time="0"/>
  <testcase classname="com.HiQ.sudokugenerator.SudokuGeneratorTest" name="testGenerateAndInValidateValidSudoku[20]" time="0"/>
  <testcase classname="com.HiQ.sudokugenerator.SudokuGeneratorTest" name="testGenerateAndValidateValidSudoku[20]" time="0"/>
  <testcase classname="com.HiQ.sudokugenerator.SudokuGeneratorTest" name="testGenerateaPlaybleEasySudoku[20]" time="0"/>
  <testcase classname="com.HiQ.sudokugenerator.SudokuGeneratorTest" name="testGenerateaPlaybleHardSudoku[20]" time="0.001"/>
  <testcase classname="com.HiQ.sudokugenerator.SudokuGeneratorTest" name="testGenerateaPlaybleMediumSudoku[20]" time="0"/>
  <testcase classname="com.HiQ.sudokugenerator.SudokuGeneratorTest" name="testGenerateAndInValidateValidSudoku[21]" time="0"/>
  <testcase classname="com.HiQ.sudokugenerator.SudokuGeneratorTest" name="testGenerateAndValidateValidSudoku[21]" time="0"/>
  <testcase classname="com.HiQ.sudokugenerator.SudokuGeneratorTest" name="testGenerateaPlaybleEasySudoku[21]" time="0"/>
  <testcase classname="com.HiQ.sudokugenerator.SudokuGeneratorTest" name="testGenerateaPlaybleHardSudoku[21]" time="0"/>
  <testcase classname="com.HiQ.sudokugenerator.SudokuGeneratorTest" name="testGenerateaPlaybleMediumSudoku[21]" time="0"/>
  <testcase classname="com.HiQ.sudokugenerator.SudokuGeneratorTest" name="testGenerateAndInValidateValidSudoku[22]" time="0"/>
  <testcase classname="com.HiQ.sudokugenerator.SudokuGeneratorTest" name="testGenerateAndValidateValidSudoku[22]" time="0"/>
  <testcase classname="com.HiQ.sudokugenerator.SudokuGeneratorTest" name="testGenerateaPlaybleEasySudoku[22]" time="0"/>
  <testcase classname="com.HiQ.sudokugenerator.SudokuGeneratorTest" name="testGenerateaPlaybleHardSudoku[22]" time="0"/>
  <testcase classname="com.HiQ.sudokugenerator.SudokuGeneratorTest" name="testGenerateaPlaybleMediumSudoku[22]" time="0"/>
  <testcase classname="com.HiQ.sudokugenerator.SudokuGeneratorTest" name="testGenerateAndInValidateValidSudoku[23]" time="0"/>
  <testcase classname="com.HiQ.sudokugenerator.SudokuGeneratorTest" name="testGenerateAndValidateValidSudoku[23]" time="0"/>
  <testcase classname="com.HiQ.sudokugenerator.SudokuGeneratorTest" name="testGenerateaPlaybleEasySudoku[23]" time="0"/>
  <testcase classname="com.HiQ.sudokugenerator.SudokuGeneratorTest" name="testGenerateaPlaybleHardSudoku[23]" time="0"/>
  <testcase classname="com.HiQ.sudokugenerator.SudokuGeneratorTest" name="testGenerateaPlaybleMediumSudoku[23]" time="0"/>
  <testcase classname="com.HiQ.sudokugenerator.SudokuGeneratorTest" name="testGenerateAndInValidateValidSudoku[24]" time="0"/>
  <testcase classname="com.HiQ.sudokugenerator.SudokuGeneratorTest" name="testGenerateAndValidateValidSudoku[24]" time="0"/>
  <testcase classname="com.HiQ.sudokugenerator.SudokuGeneratorTest" name="testGenerateaPlaybleEasySudoku[24]" time="0"/>
  <testcase classname="com.HiQ.sudokugenerator.SudokuGeneratorTest" name="testGenerateaPlaybleHardSudoku[24]" time="0"/>
  <testcase classname="com.HiQ.sudokugenerator.SudokuGeneratorTest" name="testGenerateaPlaybleMediumSudoku[24]" time="0"/>
  <testcase classname="com.HiQ.sudokugenerator.SudokuGeneratorTest" name="testGenerateAndInValidateValidSudoku[25]" time="0"/>
  <testcase classname="com.HiQ.sudokugenerator.SudokuGeneratorTest" name="testGenerateAndValidateValidSudoku[25]" time="0"/>
  <testcase classname="com.HiQ.sudokugenerator.SudokuGeneratorTest" name="testGenerateaPlaybleEasySudoku[25]" time="0"/>
  <testcase classname="com.HiQ.sudokugenerator.SudokuGeneratorTest" name="testGenerateaPlaybleHardSudoku[25]" time="0"/>
  <testcase classname="com.HiQ.sudokugenerator.SudokuGeneratorTest" name="testGenerateaPlaybleMediumSudoku[25]" time="0"/>
  <testcase classname="com.HiQ.sudokugenerator.SudokuGeneratorTest" name="testGenerateAndInValidateValidSudoku[26]" time="0"/>
  <testcase classname="com.HiQ.sudokugenerator.SudokuGeneratorTest" name="testGenerateAndValidateValidSudoku[26]" time="0"/>
  <testcase classname="com.HiQ.sudokugenerator.SudokuGeneratorTest" name="testGenerateaPlaybleEasySudoku[26]" time="0"/>
  <testcase classname="com.HiQ.sudokugenerator.SudokuGeneratorTest" name="testGenerateaPlaybleHardSudoku[26]" time="0"/>
  <testcase classname="com.HiQ.sudokugenerator.SudokuGeneratorTest" name="testGenerateaPlaybleMediumSudoku[26]" time="0"/>
  <testcase classname="com.HiQ.sudokugenerator.SudokuGeneratorTest" name="testGenerateAndInValidateValidSudoku[27]" time="0"/>
  <testcase classname="com.HiQ.sudokugenerator.SudokuGeneratorTest" name="testGenerateAndValidateValidSudoku[27]" time="0"/>
  <testcase classname="com.HiQ.sudokugenerator.SudokuGeneratorTest" name="testGenerateaPlaybleEasySudoku[27]" time="0"/>
  <testcase classname="com.HiQ.sudokugenerator.SudokuGeneratorTest" name="testGenerateaPlaybleHardSudoku[27]" time="0"/>
  <testcase classname="com.HiQ.sudokugenerator.SudokuGeneratorTest" name="testGenerateaPlaybleMediumSudoku[27]" time="0.001"/>
  <testcase classname="com.HiQ.sudokugenerator.SudokuGeneratorTest" name="testGenerateAndInValidateValidSudoku[28]" time="0"/>
  <testcase classname="com.HiQ.sudokugenerator.SudokuGeneratorTest" name="testGenerateAndValidateValidSudoku[28]" time="0"/>
  <testcase classname="com.HiQ.sudokugenerator.SudokuGeneratorTest" name="testGenerateaPlaybleEasySudoku[28]" time="0"/>
  <testcase classname="com.HiQ.sudokugenerator.SudokuGeneratorTest" name="testGenerateaPlaybleHardSudoku[28]" time="0"/>
  <testcase classname="com.HiQ.sudokugenerator.SudokuGeneratorTest" name="testGenerateaPlaybleMediumSudoku[28]" time="0"/>
  <testcase classname="com.HiQ.sudokugenerator.SudokuGeneratorTest" name="testGenerateAndInValidateValidSudoku[29]" time="0"/>
  <testcase classname="com.HiQ.sudokugenerator.SudokuGeneratorTest" name="testGenerateAndValidateValidSudoku[29]" time="0"/>
  <testcase classname="com.HiQ.sudokugenerator.SudokuGeneratorTest" name="testGenerateaPlaybleEasySudoku[29]" time="0"/>
  <testcase classname="com.HiQ.sudokugenerator.SudokuGeneratorTest" name="testGenerateaPlaybleHardSudoku[29]" time="0"/>
  <testcase classname="com.HiQ.sudokugenerator.SudokuGeneratorTest" name="testGenerateaPlaybleMediumSudoku[29]" time="0"/>
  <testcase classname="com.HiQ.sudokugenerator.SudokuGeneratorTest" name="testGenerateAndInValidateValidSudoku[30]" time="0"/>
  <testcase classname="com.HiQ.sudokugenerator.SudokuGeneratorTest" name="testGenerateAndValidateValidSudoku[30]" time="0"/>
  <testcase classname="com.HiQ.sudokugenerator.SudokuGeneratorTest" name="testGenerateaPlaybleEasySudoku[30]" time="0"/>
  <testcase classname="com.HiQ.sudokugenerator.SudokuGeneratorTest" name="testGenerateaPlaybleHardSudoku[30]" time="0"/>
  <testcase classname="com.HiQ.sudokugenerator.SudokuGeneratorTest" name="testGenerateaPlaybleMediumSudoku[30]" time="0"/>
  <testcase classname="com.HiQ.sudokugenerator.SudokuGeneratorTest" name="testGenerateAndInValidateValidSudoku[31]" time="0"/>
  <testcase classname="com.HiQ.sudokugenerator.SudokuGeneratorTest" name="testGenerateAndValidateValidSudoku[31]" time="0"/>
  <testcase classname="com.HiQ.sudokugenerator.SudokuGeneratorTest" name="testGenerateaPlaybleEasySudoku[31]" time="0"/>
  <testcase classname="com.HiQ.sudokugenerator.SudokuGeneratorTest" name="testGenerateaPlaybleHardSudoku[31]" time="0.037"/>
  <testcase classname="com.HiQ.sudokugenerator.SudokuGeneratorTest" name="testGenerateaPlaybleMediumSudoku[31]" time="0"/>
  <testcase classname="com.HiQ.sudokugenerator.SudokuGeneratorTest" name="testGenerateAndInValidateValidSudoku[32]" time="0"/>
  <testcase classname="com.HiQ.sudokugenerator.SudokuGeneratorTest" name="testGenerateAndValidateValidSudoku[32]" time="0"/>
  <testcase classname="com.HiQ.sudokugenerator.SudokuGeneratorTest" name="testGenerateaPlaybleEasySudoku[32]" time="0"/>
  <testcase classname="com.HiQ.sudokugenerator.SudokuGeneratorTest" name="testGenerateaPlaybleHardSudoku[32]" time="0"/>
  <testcase classname="com.HiQ.sudokugenerator.SudokuGeneratorTest" name="testGenerateaPlaybleMediumSudoku[32]" time="0.001"/>
  <testcase classname="com.HiQ.sudokugenerator.SudokuGeneratorTest" name="testGenerateAndInValidateValidSudoku[33]" time="0"/>
  <testcase classname="com.HiQ.sudokugenerator.SudokuGeneratorTest" name="testGenerateAndValidateValidSudoku[33]" time="0"/>
  <testcase classname="com.HiQ.sudokugenerator.SudokuGeneratorTest" name="testGenerateaPlaybleEasySudoku[33]" time="0"/>
  <testcase classname="com.HiQ.sudokugenerator.SudokuGeneratorTest" name="testGenerateaPlaybleHardSudoku[33]" time="0"/>
  <testcase classname="com.HiQ.sudokugenerator.SudokuGeneratorTest" name="testGenerateaPlaybleMediumSudoku[33]" time="0"/>
  <testcase classname="com.HiQ.sudokugenerator.SudokuGeneratorTest" name="testGenerateAndInValidateValidSudoku[34]" time="0"/>
  <testcase classname="com.HiQ.sudokugenerator.SudokuGeneratorTest" name="testGenerateAndValidateValidSudoku[34]" time="0"/>
  <testcase classname="com.HiQ.sudokugenerator.SudokuGeneratorTest" name="testGenerateaPlaybleEasySudoku[34]" time="0"/>
  <testcase classname="com.HiQ.sudokugenerator.SudokuGeneratorTest" name="testGenerateaPlaybleHardSudoku[34]" time="0"/>
  <testcase classname="com.HiQ.sudokugenerator.SudokuGeneratorTest" name="testGenerateaPlaybleMediumSudoku[34]" time="0"/>
  <testcase classname="com.HiQ.sudokugenerator.SudokuGeneratorTest" name="testGenerateAndInValidateValidSudoku[35]" time="0"/>
  <testcase classname="com.HiQ.sudokugenerator.SudokuGeneratorTest" name="testGenerateAndValidateValidSudoku[35]" time="0"/>
  <testcase classname="com.HiQ.sudokugenerator.SudokuGeneratorTest" name="testGenerateaPlaybleEasySudoku[35]" time="0"/>
  <testcase classname="com.HiQ.sudokugenerator.SudokuGeneratorTest" name="testGenerateaPlaybleHardSudoku[35]" time="0"/>
  <testcase classname="com.HiQ.sudokugenerator.SudokuGeneratorTest" name="testGenerateaPlaybleMediumSudoku[35]" time="0"/>
  <testcase classname="com.HiQ.sudokugenerator.SudokuGeneratorTest" name="testGenerateAndInValidateValidSudoku[36]" time="0"/>
  <testcase classname="com.HiQ.sudokugenerator.SudokuGeneratorTest" name="testGenerateAndValidateValidSudoku[36]" time="0.001"/>
  <testcase classname="com.HiQ.sudokugenerator.SudokuGeneratorTest" name="testGenerateaPlaybleEasySudoku[36]" time="0"/>
  <testcase classname="com.HiQ.sudokugenerator.SudokuGeneratorTest" name="testGenerateaPlaybleHardSudoku[36]" time="0"/>
  <testcase classname="com.HiQ.sudokugenerator.SudokuGeneratorTest" name="testGenerateaPlaybleMediumSudoku[36]" time="0"/>
  <testcase classname="com.HiQ.sudokugenerator.SudokuGeneratorTest" name="testGenerateAndInValidateValidSudoku[37]" time="0"/>
  <testcase classname="com.HiQ.sudokugenerator.SudokuGeneratorTest" name="testGenerateAndValidateValidSudoku[37]" time="0"/>
  <testcase classname="com.HiQ.sudokugenerator.SudokuGeneratorTest" name="testGenerateaPlaybleEasySudoku[37]" time="0"/>
  <testcase classname="com.HiQ.sudokugenerator.SudokuGeneratorTest" name="testGenerateaPlaybleHardSudoku[37]" time="0"/>
  <testcase classname="com.HiQ.sudokugenerator.SudokuGeneratorTest" name="testGenerateaPlaybleMediumSudoku[37]" time="0.001"/>
  <testcase classname="com.HiQ.sudokugenerator.SudokuGeneratorTest" name="testGenerateAndInValidateValidSudoku[38]" time="0"/>
  <testcase classname="com.HiQ.sudokugenerator.SudokuGeneratorTest" name="testGenerateAndValidateValidSudoku[38]" time="0"/>
  <testcase classname="com.HiQ.sudokugenerator.SudokuGeneratorTest" name="testGenerateaPlaybleEasySudoku[38]" time="0"/>
  <testcase classname="com.HiQ.sudokugenerator.SudokuGeneratorTest" name="testGenerateaPlaybleHardSudoku[38]" time="0"/>
  <testcase classname="com.HiQ.sudokugenerator.SudokuGeneratorTest" name="testGenerateaPlaybleMediumSudoku[38]" time="0"/>
  <testcase classname="com.HiQ.sudokugenerator.SudokuGeneratorTest" name="testGenerateAndInValidateValidSudoku[39]" time="0"/>
  <testcase classname="com.HiQ.sudokugenerator.SudokuGeneratorTest" name="testGenerateAndValidateValidSudoku[39]" time="0"/>
  <testcase classname="com.HiQ.sudokugenerator.SudokuGeneratorTest" name="testGenerateaPlaybleEasySudoku[39]" time="0"/>
  <testcase classname="com.HiQ.sudokugenerator.SudokuGeneratorTest" name="testGenerateaPlaybleHardSudoku[39]" time="0"/>
  <testcase classname="com.HiQ.sudokugenerator.SudokuGeneratorTest" name="testGenerateaPlaybleMediumSudoku[39]" time="0"/>
  <testcase classname="com.HiQ.sudokugenerator.SudokuGeneratorTest" name="testGenerateAndInValidateValidSudoku[40]" time="0"/>
  <testcase classname="com.HiQ.sudokugenerator.SudokuGeneratorTest" name="testGenerateAndValidateValidSudoku[40]" time="0"/>
  <testcase classname="com.HiQ.sudokugenerator.SudokuGeneratorTest" name="testGenerateaPlaybleEasySudoku[40]" time="0"/>
  <testcase classname="com.HiQ.sudokugenerator.SudokuGeneratorTest" name="testGenerateaPlaybleHardSudoku[40]" time="0"/>
  <testcase classname="com.HiQ.sudokugenerator.SudokuGeneratorTest" name="testGenerateaPlaybleMediumSudoku[40]" time="0"/>
  <testcase classname="com.HiQ.sudokugenerator.SudokuGeneratorTest" name="testGenerateAndInValidateValidSudoku[41]" time="0"/>
  <testcase classname="com.HiQ.sudokugenerator.SudokuGeneratorTest" name="testGenerateAndValidateValidSudoku[41]" time="0"/>
  <testcase classname="com.HiQ.sudokugenerator.SudokuGeneratorTest" name="testGenerateaPlaybleEasySudoku[41]" time="0"/>
  <testcase classname="com.HiQ.sudokugenerator.SudokuGeneratorTest" name="testGenerateaPlaybleHardSudoku[41]" time="0"/>
  <testcase classname="com.HiQ.sudokugenerator.SudokuGeneratorTest" name="testGenerateaPlaybleMediumSudoku[41]" time="0"/>
  <testcase classname="com.HiQ.sudokugenerator.SudokuGeneratorTest" name="testGenerateAndInValidateValidSudoku[42]" time="0.001"/>
  <testcase classname="com.HiQ.sudokugenerator.SudokuGeneratorTest" name="testGenerateAndValidateValidSudoku[42]" time="0"/>
  <testcase classname="com.HiQ.sudokugenerator.SudokuGeneratorTest" name="testGenerateaPlaybleEasySudoku[42]" time="0"/>
  <testcase classname="com.HiQ.sudokugenerator.SudokuGeneratorTest" name="testGenerateaPlaybleHardSudoku[42]" time="0"/>
  <testcase classname="com.HiQ.sudokugenerator.SudokuGeneratorTest" name="testGenerateaPlaybleMediumSudoku[42]" time="0"/>
  <testcase classname="com.HiQ.sudokugenerator.SudokuGeneratorTest" name="testGenerateAndInValidateValidSudoku[43]" time="0"/>
  <testcase classname="com.HiQ.sudokugenerator.SudokuGeneratorTest" name="testGenerateAndValidateValidSudoku[43]" time="0"/>
  <testcase classname="com.HiQ.sudokugenerator.SudokuGeneratorTest" name="testGenerateaPlaybleEasySudoku[43]" time="0"/>
  <testcase classname="com.HiQ.sudokugenerator.SudokuGeneratorTest" name="testGenerateaPlaybleHardSudoku[43]" time="0"/>
  <testcase classname="com.HiQ.sudokugenerator.SudokuGeneratorTest" name="testGenerateaPlaybleMediumSudoku[43]" time="0"/>
  <testcase classname="com.HiQ.sudokugenerator.SudokuGeneratorTest" name="testGenerateAndInValidateValidSudoku[44]" time="0"/>
  <testcase classname="com.HiQ.sudokugenerator.SudokuGeneratorTest" name="testGenerateAndValidateValidSudoku[44]" time="0"/>
  <testcase classname="com.HiQ.sudokugenerator.SudokuGeneratorTest" name="testGenerateaPlaybleEasySudoku[44]" time="0"/>
  <testcase classname="com.HiQ.sudokugenerator.SudokuGeneratorTest" name="testGenerateaPlaybleHardSudoku[44]" time="0"/>
  <testcase classname="com.HiQ.sudokugenerator.SudokuGeneratorTest" name="testGenerateaPlaybleMediumSudoku[44]" time="0"/>
  <testcase classname="com.HiQ.sudokugenerator.SudokuGeneratorTest" name="testGenerateAndInValidateValidSudoku[45]" time="0"/>
  <testcase classname="com.HiQ.sudokugenerator.SudokuGeneratorTest" name="testGenerateAndValidateValidSudoku[45]" time="0"/>
  <testcase classname="com.HiQ.sudokugenerator.SudokuGeneratorTest" name="testGenerateaPlaybleEasySudoku[45]" time="0"/>
  <testcase classname="com.HiQ.sudokugenerator.SudokuGeneratorTest" name="testGenerateaPlaybleHardSudoku[45]" time="0.001"/>
  <testcase classname="com.HiQ.sudokugenerator.SudokuGeneratorTest" name="testGenerateaPlaybleMediumSudoku[45]" time="0.039"/>
  <testcase classname="com.HiQ.sudokugenerator.SudokuGeneratorTest" name="testGenerateAndInValidateValidSudoku[46]" time="0"/>
  <testcase classname="com.HiQ.sudokugenerator.SudokuGeneratorTest" name="testGenerateAndValidateValidSudoku[46]" time="0"/>
  <testcase classname="com.HiQ.sudokugenerator.SudokuGeneratorTest" name="testGenerateaPlaybleEasySudoku[46]" time="0"/>
  <testcase classname="com.HiQ.sudokugenerator.SudokuGeneratorTest" name="testGenerateaPlaybleHardSudoku[46]" time="0"/>
  <testcase classname="com.HiQ.sudokugenerator.SudokuGeneratorTest" name="testGenerateaPlaybleMediumSudoku[46]" time="0"/>
  <testcase classname="com.HiQ.sudokugenerator.SudokuGeneratorTest" name="testGenerateAndInValidateValidSudoku[47]" time="0"/>
  <testcase classname="com.HiQ.sudokugenerator.SudokuGeneratorTest" name="testGenerateAndValidateValidSudoku[47]" time="0"/>
  <testcase classname="com.HiQ.sudokugenerator.SudokuGeneratorTest" name="testGenerateaPlaybleEasySudoku[47]" time="0"/>
  <testcase classname="com.HiQ.sudokugenerator.SudokuGeneratorTest" name="testGenerateaPlaybleHardSudoku[47]" time="0"/>
  <testcase classname="com.HiQ.sudokugenerator.SudokuGeneratorTest" name="testGenerateaPlaybleMediumSudoku[47]" time="0"/>
  <testcase classname="com.HiQ.sudokugenerator.SudokuGeneratorTest" name="testGenerateAndInValidateValidSudoku[48]" time="0"/>
  <testcase classname="com.HiQ.sudokugenerator.SudokuGeneratorTest" name="testGenerateAndValidateValidSudoku[48]" time="0"/>
  <testcase classname="com.HiQ.sudokugenerator.SudokuGeneratorTest" name="testGenerateaPlaybleEasySudoku[48]" time="0"/>
  <testcase classname="com.HiQ.sudokugenerator.SudokuGeneratorTest" name="testGenerateaPlaybleHardSudoku[48]" time="0"/>
  <testcase classname="com.HiQ.sudokugenerator.SudokuGeneratorTest" name="testGenerateaPlaybleMediumSudoku[48]" time="0"/>
  <testcase classname="com.HiQ.sudokugenerator.SudokuGeneratorTest" name="testGenerateAndInValidateValidSudoku[49]" time="0"/>
  <testcase classname="com.HiQ.sudokugenerator.SudokuGeneratorTest" name="testGenerateAndValidateValidSudoku[49]" time="0"/>
  <testcase classname="com.HiQ.sudokugenerator.SudokuGeneratorTest" name="testGenerateaPlaybleEasySudoku[49]" time="0"/>
  <testcase classname="com.HiQ.sudokugenerator.SudokuGeneratorTest" name="testGenerateaPlaybleHardSudoku[49]" time="0"/>
  <testcase classname="com.HiQ.sudokugenerator.SudokuGeneratorTest" name="testGenerateaPlaybleMediumSudoku[49]" time="0.001"/>
  <testcase classname="com.HiQ.sudokugenerator.SudokuGeneratorTest" name="testGenerateAndInValidateValidSudoku[50]" time="0"/>
  <testcase classname="com.HiQ.sudokugenerator.SudokuGeneratorTest" name="testGenerateAndValidateValidSudoku[50]" time="0"/>
  <testcase classname="com.HiQ.sudokugenerator.SudokuGeneratorTest" name="testGenerateaPlaybleEasySudoku[50]" time="0"/>
  <testcase classname="com.HiQ.sudokugenerator.SudokuGeneratorTest" name="testGenerateaPlaybleHardSudoku[50]" time="0"/>
  <testcase classname="com.HiQ.sudokugenerator.SudokuGeneratorTest" name="testGenerateaPlaybleMediumSudoku[50]" time="0"/>
  <testcase classname="com.HiQ.sudokugenerator.SudokuGeneratorTest" name="testGenerateAndInValidateValidSudoku[51]" time="0"/>
  <testcase classname="com.HiQ.sudokugenerator.SudokuGeneratorTest" name="testGenerateAndValidateValidSudoku[51]" time="0"/>
  <testcase classname="com.HiQ.sudokugenerator.SudokuGeneratorTest" name="testGenerateaPlaybleEasySudoku[51]" time="0"/>
  <testcase classname="com.HiQ.sudokugenerator.SudokuGeneratorTest" name="testGenerateaPlaybleHardSudoku[51]" time="0"/>
  <testcase classname="com.HiQ.sudokugenerator.SudokuGeneratorTest" name="testGenerateaPlaybleMediumSudoku[51]" time="0"/>
  <testcase classname="com.HiQ.sudokugenerator.SudokuGeneratorTest" name="testGenerateAndInValidateValidSudoku[52]" time="0"/>
  <testcase classname="com.HiQ.sudokugenerator.SudokuGeneratorTest" name="testGenerateAndValidateValidSudoku[52]" time="0"/>
  <testcase classname="com.HiQ.sudokugenerator.SudokuGeneratorTest" name="testGenerateaPlaybleEasySudoku[52]" time="0"/>
  <testcase classname="com.HiQ.sudokugenerator.SudokuGeneratorTest" name="testGenerateaPlaybleHardSudoku[52]" time="0"/>
  <testcase classname="com.HiQ.sudokugenerator.SudokuGeneratorTest" name="testGenerateaPlaybleMediumSudoku[52]" time="0"/>
  <testcase classname="com.HiQ.sudokugenerator.SudokuGeneratorTest" name="testGenerateAndInValidateValidSudoku[53]" time="0"/>
  <testcase classname="com.HiQ.sudokugenerator.SudokuGeneratorTest" name="testGenerateAndValidateValidSudoku[53]" time="0"/>
  <testcase classname="com.HiQ.sudokugenerator.SudokuGeneratorTest" name="testGenerateaPlaybleEasySudoku[53]" time="0"/>
  <testcase classname="com.HiQ.sudokugenerator.SudokuGeneratorTest" name="testGenerateaPlaybleHardSudoku[53]" time="0"/>
  <testcase classname="com.HiQ.sudokugenerator.SudokuGeneratorTest" name="testGenerateaPlaybleMediumSudoku[53]" time="0"/>
  <testcase classname="com.HiQ.sudokugenerator.SudokuGeneratorTest" name="testGenerateAndInValidateValidSudoku[54]" time="0"/>
  <testcase classname="com.HiQ.sudokugenerator.SudokuGeneratorTest" name="testGenerateAndValidateValidSudoku[54]" time="0"/>
  <testcase classname="com.HiQ.sudokugenerator.SudokuGeneratorTest" name="testGenerateaPlaybleEasySudoku[54]" time="0"/>
  <testcase classname="com.HiQ.sudokugenerator.SudokuGeneratorTest" name="testGenerateaPlaybleHardSudoku[54]" time="0"/>
  <testcase classname="com.HiQ.sudokugenerator.SudokuGeneratorTest" name="testGenerateaPlaybleMediumSudoku[54]" time="0"/>
  <testcase classname="com.HiQ.sudokugenerator.SudokuGeneratorTest" name="testGenerateAndInValidateValidSudoku[55]" time="0"/>
  <testcase classname="com.HiQ.sudokugenerator.SudokuGeneratorTest" name="testGenerateAndValidateValidSudoku[55]" time="0"/>
  <testcase classname="com.HiQ.sudokugenerator.SudokuGeneratorTest" name="testGenerateaPlaybleEasySudoku[55]" time="0"/>
  <testcase classname="com.HiQ.sudokugenerator.SudokuGeneratorTest" name="testGenerateaPlaybleHardSudoku[55]" time="0"/>
  <testcase classname="com.HiQ.sudokugenerator.SudokuGeneratorTest" name="testGenerateaPlaybleMediumSudoku[55]" time="0"/>
  <testcase classname="com.HiQ.sudokugenerator.SudokuGeneratorTest" name="testGenerateAndInValidateValidSudoku[56]" time="0"/>
  <testcase classname="com.HiQ.sudokugenerator.SudokuGeneratorTest" name="testGenerateAndValidateValidSudoku[56]" time="0"/>
  <testcase classname="com.HiQ.sudokugenerator.SudokuGeneratorTest" name="testGenerateaPlaybleEasySudoku[56]" time="0"/>
  <testcase classname="com.HiQ.sudokugenerator.SudokuGeneratorTest" name="testGenerateaPlaybleHardSudoku[56]" time="0"/>
  <testcase classname="com.HiQ.sudokugenerator.SudokuGeneratorTest" name="testGenerateaPlaybleMediumSudoku[56]" time="0"/>
  <testcase classname="com.HiQ.sudokugenerator.SudokuGeneratorTest" name="testGenerateAndInValidateValidSudoku[57]" time="0"/>
  <testcase classname="com.HiQ.sudokugenerator.SudokuGeneratorTest" name="testGenerateAndValidateValidSudoku[57]" time="0.001"/>
  <testcase classname="com.HiQ.sudokugenerator.SudokuGeneratorTest" name="testGenerateaPlaybleEasySudoku[57]" time="0"/>
  <testcase classname="com.HiQ.sudokugenerator.SudokuGeneratorTest" name="testGenerateaPlaybleHardSudoku[57]" time="0"/>
  <testcase classname="com.HiQ.sudokugenerator.SudokuGeneratorTest" name="testGenerateaPlaybleMediumSudoku[57]" time="0"/>
  <testcase classname="com.HiQ.sudokugenerator.SudokuGeneratorTest" name="testGenerateAndInValidateValidSudoku[58]" time="0"/>
  <testcase classname="com.HiQ.sudokugenerator.SudokuGeneratorTest" name="testGenerateAndValidateValidSudoku[58]" time="0"/>
  <testcase classname="com.HiQ.sudokugenerator.SudokuGeneratorTest" name="testGenerateaPlaybleEasySudoku[58]" time="0"/>
  <testcase classname="com.HiQ.sudokugenerator.SudokuGeneratorTest" name="testGenerateaPlaybleHardSudoku[58]" time="0"/>
  <testcase classname="com.HiQ.sudokugenerator.SudokuGeneratorTest" name="testGenerateaPlaybleMediumSudoku[58]" time="0"/>
  <testcase classname="com.HiQ.sudokugenerator.SudokuGeneratorTest" name="testGenerateAndInValidateValidSudoku[59]" time="0"/>
  <testcase classname="com.HiQ.sudokugenerator.SudokuGeneratorTest" name="testGenerateAndValidateValidSudoku[59]" time="0"/>
  <testcase classname="com.HiQ.sudokugenerator.SudokuGeneratorTest" name="testGenerateaPlaybleEasySudoku[59]" time="0"/>
  <testcase classname="com.HiQ.sudokugenerator.SudokuGeneratorTest" name="testGenerateaPlaybleHardSudoku[59]" time="0"/>
  <testcase classname="com.HiQ.sudokugenerator.SudokuGeneratorTest" name="testGenerateaPlaybleMediumSudoku[59]" time="0"/>
  <testcase classname="com.HiQ.sudokugenerator.SudokuGeneratorTest" name="testGenerateAndInValidateValidSudoku[60]" time="0"/>
  <testcase classname="com.HiQ.sudokugenerator.SudokuGeneratorTest" name="testGenerateAndValidateValidSudoku[60]" time="0"/>
  <testcase classname="com.HiQ.sudokugenerator.SudokuGeneratorTest" name="testGenerateaPlaybleEasySudoku[60]" time="0.014"/>
  <testcase classname="com.HiQ.sudokugenerator.SudokuGeneratorTest" name="testGenerateaPlaybleHardSudoku[60]" time="0"/>
  <testcase classname="com.HiQ.sudokugenerator.SudokuGeneratorTest" name="testGenerateaPlaybleMediumSudoku[60]" time="0"/>
  <testcase classname="com.HiQ.sudokugenerator.SudokuGeneratorTest" name="testGenerateAndInValidateValidSudoku[61]" time="0"/>
  <testcase classname="com.HiQ.sudokugenerator.SudokuGeneratorTest" name="testGenerateAndValidateValidSudoku[61]" time="0"/>
  <testcase classname="com.HiQ.sudokugenerator.SudokuGeneratorTest" name="testGenerateaPlaybleEasySudoku[61]" time="0"/>
  <testcase classname="com.HiQ.sudokugenerator.SudokuGeneratorTest" name="testGenerateaPlaybleHardSudoku[61]" time="0"/>
  <testcase classname="com.HiQ.sudokugenerator.SudokuGeneratorTest" name="testGenerateaPlaybleMediumSudoku[61]" time="0"/>
  <testcase classname="com.HiQ.sudokugenerator.SudokuGeneratorTest" name="testGenerateAndInValidateValidSudoku[62]" time="0"/>
  <testcase classname="com.HiQ.sudokugenerator.SudokuGeneratorTest" name="testGenerateAndValidateValidSudoku[62]" time="0"/>
  <testcase classname="com.HiQ.sudokugenerator.SudokuGeneratorTest" name="testGenerateaPlaybleEasySudoku[62]" time="0"/>
  <testcase classname="com.HiQ.sudokugenerator.SudokuGeneratorTest" name="testGenerateaPlaybleHardSudoku[62]" time="0"/>
  <testcase classname="com.HiQ.sudokugenerator.SudokuGeneratorTest" name="testGenerateaPlaybleMediumSudoku[62]" time="0"/>
  <testcase classname="com.HiQ.sudokugenerator.SudokuGeneratorTest" name="testGenerateAndInValidateValidSudoku[63]" time="0"/>
  <testcase classname="com.HiQ.sudokugenerator.SudokuGeneratorTest" name="testGenerateAndValidateValidSudoku[63]" time="0"/>
  <testcase classname="com.HiQ.sudokugenerator.SudokuGeneratorTest" name="testGenerateaPlaybleEasySudoku[63]" time="0"/>
  <testcase classname="com.HiQ.sudokugenerator.SudokuGeneratorTest" name="testGenerateaPlaybleHardSudoku[63]" time="0"/>
  <testcase classname="com.HiQ.sudokugenerator.SudokuGeneratorTest" name="testGenerateaPlaybleMediumSudoku[63]" time="0"/>
  <testcase classname="com.HiQ.sudokugenerator.SudokuGeneratorTest" name="testGenerateAndInValidateValidSudoku[64]" time="0"/>
  <testcase classname="com.HiQ.sudokugenerator.SudokuGeneratorTest" name="testGenerateAndValidateValidSudoku[64]" time="0"/>
  <testcase classname="com.HiQ.sudokugenerator.SudokuGeneratorTest" name="testGenerateaPlaybleEasySudoku[64]" time="0"/>
  <testcase classname="com.HiQ.sudokugenerator.SudokuGeneratorTest" name="testGenerateaPlaybleHardSudoku[64]" time="0"/>
  <testcase classname="com.HiQ.sudokugenerator.SudokuGeneratorTest" name="testGenerateaPlaybleMediumSudoku[64]" time="0"/>
  <testcase classname="com.HiQ.sudokugenerator.SudokuGeneratorTest" name="testGenerateAndInValidateValidSudoku[65]" time="0"/>
  <testcase classname="com.HiQ.sudokugenerator.SudokuGeneratorTest" name="testGenerateAndValidateValidSudoku[65]" time="0"/>
  <testcase classname="com.HiQ.sudokugenerator.SudokuGeneratorTest" name="testGenerateaPlaybleEasySudoku[65]" time="0"/>
  <testcase classname="com.HiQ.sudokugenerator.SudokuGeneratorTest" name="testGenerateaPlaybleHardSudoku[65]" time="0"/>
  <testcase classname="com.HiQ.sudokugenerator.SudokuGeneratorTest" name="testGenerateaPlaybleMediumSudoku[65]" time="0"/>
  <testcase classname="com.HiQ.sudokugenerator.SudokuGeneratorTest" name="testGenerateAndInValidateValidSudoku[66]" time="0"/>
  <testcase classname="com.HiQ.sudokugenerator.SudokuGeneratorTest" name="testGenerateAndValidateValidSudoku[66]" time="0"/>
  <testcase classname="com.HiQ.sudokugenerator.SudokuGeneratorTest" name="testGenerateaPlaybleEasySudoku[66]" time="0"/>
  <testcase classname="com.HiQ.sudokugenerator.SudokuGeneratorTest" name="testGenerateaPlaybleHardSudoku[66]" time="0"/>
  <testcase classname="com.HiQ.sudokugenerator.SudokuGeneratorTest" name="testGenerateaPlaybleMediumSudoku[66]" time="0.001"/>
  <testcase classname="com.HiQ.sudokugenerator.SudokuGeneratorTest" name="testGenerateAndInValidateValidSudoku[67]" time="0"/>
  <testcase classname="com.HiQ.sudokugenerator.SudokuGeneratorTest" name="testGenerateAndValidateValidSudoku[67]" time="0"/>
  <testcase classname="com.HiQ.sudokugenerator.SudokuGeneratorTest" name="testGenerateaPlaybleEasySudoku[67]" time="0"/>
  <testcase classname="com.HiQ.sudokugenerator.SudokuGeneratorTest" name="testGenerateaPlaybleHardSudoku[67]" time="0"/>
  <testcase classname="com.HiQ.sudokugenerator.SudokuGeneratorTest" name="testGenerateaPlaybleMediumSudoku[67]" time="0"/>
  <testcase classname="com.HiQ.sudokugenerator.SudokuGeneratorTest" name="testGenerateAndInValidateValidSudoku[68]" time="0"/>
  <testcase classname="com.HiQ.sudokugenerator.SudokuGeneratorTest" name="testGenerateAndValidateValidSudoku[68]" time="0"/>
  <testcase classname="com.HiQ.sudokugenerator.SudokuGeneratorTest" name="testGenerateaPlaybleEasySudoku[68]" time="0"/>
  <testcase classname="com.HiQ.sudokugenerator.SudokuGeneratorTest" name="testGenerateaPlaybleHardSudoku[68]" time="0"/>
  <testcase classname="com.HiQ.sudokugenerator.SudokuGeneratorTest" name="testGenerateaPlaybleMediumSudoku[68]" time="0"/>
  <testcase classname="com.HiQ.sudokugenerator.SudokuGeneratorTest" name="testGenerateAndInValidateValidSudoku[69]" time="0"/>
  <testcase classname="com.HiQ.sudokugenerator.SudokuGeneratorTest" name="testGenerateAndValidateValidSudoku[69]" time="0"/>
  <testcase classname="com.HiQ.sudokugenerator.SudokuGeneratorTest" name="testGenerateaPlaybleEasySudoku[69]" time="0"/>
  <testcase classname="com.HiQ.sudokugenerator.SudokuGeneratorTest" name="testGenerateaPlaybleHardSudoku[69]" time="0.001"/>
  <testcase classname="com.HiQ.sudokugenerator.SudokuGeneratorTest" name="testGenerateaPlaybleMediumSudoku[69]" time="0"/>
  <testcase classname="com.HiQ.sudokugenerator.SudokuGeneratorTest" name="testGenerateAndInValidateValidSudoku[70]" time="0"/>
  <testcase classname="com.HiQ.sudokugenerator.SudokuGeneratorTest" name="testGenerateAndValidateValidSudoku[70]" time="0"/>
  <testcase classname="com.HiQ.sudokugenerator.SudokuGeneratorTest" name="testGenerateaPlaybleEasySudoku[70]" time="0"/>
  <testcase classname="com.HiQ.sudokugenerator.SudokuGeneratorTest" name="testGenerateaPlaybleHardSudoku[70]" time="0"/>
  <testcase classname="com.HiQ.sudokugenerator.SudokuGeneratorTest" name="testGenerateaPlaybleMediumSudoku[70]" time="0"/>
  <testcase classname="com.HiQ.sudokugenerator.SudokuGeneratorTest" name="testGenerateAndInValidateValidSudoku[71]" time="0"/>
  <testcase classname="com.HiQ.sudokugenerator.SudokuGeneratorTest" name="testGenerateAndValidateValidSudoku[71]" time="0"/>
  <testcase classname="com.HiQ.sudokugenerator.SudokuGeneratorTest" name="testGenerateaPlaybleEasySudoku[71]" time="0"/>
  <testcase classname="com.HiQ.sudokugenerator.SudokuGeneratorTest" name="testGenerateaPlaybleHardSudoku[71]" time="0"/>
  <testcase classname="com.HiQ.sudokugenerator.SudokuGeneratorTest" name="testGenerateaPlaybleMediumSudoku[71]" time="0"/>
  <testcase classname="com.HiQ.sudokugenerator.SudokuGeneratorTest" name="testGenerateAndInValidateValidSudoku[72]" time="0"/>
  <testcase classname="com.HiQ.sudokugenerator.SudokuGeneratorTest" name="testGenerateAndValidateValidSudoku[72]" time="0"/>
  <testcase classname="com.HiQ.sudokugenerator.SudokuGeneratorTest" name="testGenerateaPlaybleEasySudoku[72]" time="0"/>
  <testcase classname="com.HiQ.sudokugenerator.SudokuGeneratorTest" name="testGenerateaPlaybleHardSudoku[72]" time="0"/>
  <testcase classname="com.HiQ.sudokugenerator.SudokuGeneratorTest" name="testGenerateaPlaybleMediumSudoku[72]" time="0"/>
  <testcase classname="com.HiQ.sudokugenerator.SudokuGeneratorTest" name="testGenerateAndInValidateValidSudoku[73]" time="0"/>
  <testcase classname="com.HiQ.sudokugenerator.SudokuGeneratorTest" name="testGenerateAndValidateValidSudoku[73]" time="0"/>
  <testcase classname="com.HiQ.sudokugenerator.SudokuGeneratorTest" name="testGenerateaPlaybleEasySudoku[73]" time="0"/>
  <testcase classname="com.HiQ.sudokugenerator.SudokuGeneratorTest" name="testGenerateaPlaybleHardSudoku[73]" time="0"/>
  <testcase classname="com.HiQ.sudokugenerator.SudokuGeneratorTest" name="testGenerateaPlaybleMediumSudoku[73]" time="0"/>
  <testcase classname="com.HiQ.sudokugenerator.SudokuGeneratorTest" name="testGenerateAndInValidateValidSudoku[74]" time="0"/>
  <testcase classname="com.HiQ.sudokugenerator.SudokuGeneratorTest" name="testGenerateAndValidateValidSudoku[74]" time="0"/>
  <testcase classname="com.HiQ.sudokugenerator.SudokuGeneratorTest" name="testGenerateaPlaybleEasySudoku[74]" time="0"/>
  <testcase classname="com.HiQ.sudokugenerator.SudokuGeneratorTest" name="testGenerateaPlaybleHardSudoku[74]" time="0"/>
  <testcase classname="com.HiQ.sudokugenerator.SudokuGeneratorTest" name="testGenerateaPlaybleMediumSudoku[74]" time="0"/>
  <testcase classname="com.HiQ.sudokugenerator.SudokuGeneratorTest" name="testGenerateAndInValidateValidSudoku[75]" time="0.001"/>
  <testcase classname="com.HiQ.sudokugenerator.SudokuGeneratorTest" name="testGenerateAndValidateValidSudoku[75]" time="0"/>
  <testcase classname="com.HiQ.sudokugenerator.SudokuGeneratorTest" name="testGenerateaPlaybleEasySudoku[75]" time="0.002"/>
  <testcase classname="com.HiQ.sudokugenerator.SudokuGeneratorTest" name="testGenerateaPlaybleHardSudoku[75]" time="0"/>
  <testcase classname="com.HiQ.sudokugenerator.SudokuGeneratorTest" name="testGenerateaPlaybleMediumSudoku[75]" time="0"/>
  <testcase classname="com.HiQ.sudokugenerator.SudokuGeneratorTest" name="testGenerateAndInValidateValidSudoku[76]" time="0"/>
  <testcase classname="com.HiQ.sudokugenerator.SudokuGeneratorTest" name="testGenerateAndValidateValidSudoku[76]" time="0"/>
  <testcase classname="com.HiQ.sudokugenerator.SudokuGeneratorTest" name="testGenerateaPlaybleEasySudoku[76]" time="0"/>
  <testcase classname="com.HiQ.sudokugenerator.SudokuGeneratorTest" name="testGenerateaPlaybleHardSudoku[76]" time="0.001"/>
  <testcase classname="com.HiQ.sudokugenerator.SudokuGeneratorTest" name="testGenerateaPlaybleMediumSudoku[76]" time="0"/>
  <testcase classname="com.HiQ.sudokugenerator.SudokuGeneratorTest" name="testGenerateAndInValidateValidSudoku[77]" time="0.001"/>
  <testcase classname="com.HiQ.sudokugenerator.SudokuGeneratorTest" name="testGenerateAndValidateValidSudoku[77]" time="0"/>
  <testcase classname="com.HiQ.sudokugenerator.SudokuGeneratorTest" name="testGenerateaPlaybleEasySudoku[77]" time="0.001"/>
  <testcase classname="com.HiQ.sudokugenerator.SudokuGeneratorTest" name="testGenerateaPlaybleHardSudoku[77]" time="0"/>
  <testcase classname="com.HiQ.sudokugenerator.SudokuGeneratorTest" name="testGenerateaPlaybleMediumSudoku[77]" time="0.001"/>
  <testcase classname="com.HiQ.sudokugenerator.SudokuGeneratorTest" name="testGenerateAndInValidateValidSudoku[78]" time="0"/>
  <testcase classname="com.HiQ.sudokugenerator.SudokuGeneratorTest" name="testGenerateAndValidateValidSudoku[78]" time="0"/>
  <testcase classname="com.HiQ.sudokugenerator.SudokuGeneratorTest" name="testGenerateaPlaybleEasySudoku[78]" time="0"/>
  <testcase classname="com.HiQ.sudokugenerator.SudokuGeneratorTest" name="testGenerateaPlaybleHardSudoku[78]" time="0.001"/>
  <testcase classname="com.HiQ.sudokugenerator.SudokuGeneratorTest" name="testGenerateaPlaybleMediumSudoku[78]" time="0"/>
  <testcase classname="com.HiQ.sudokugenerator.SudokuGeneratorTest" name="testGenerateAndInValidateValidSudoku[79]" time="0"/>
  <testcase classname="com.HiQ.sudokugenerator.SudokuGeneratorTest" name="testGenerateAndValidateValidSudoku[79]" time="0"/>
  <testcase classname="com.HiQ.sudokugenerator.SudokuGeneratorTest" name="testGenerateaPlaybleEasySudoku[79]" time="0"/>
  <testcase classname="com.HiQ.sudokugenerator.SudokuGeneratorTest" name="testGenerateaPlaybleHardSudoku[79]" time="0.001"/>
  <testcase classname="com.HiQ.sudokugenerator.SudokuGeneratorTest" name="testGenerateaPlaybleMediumSudoku[79]" time="0"/>
  <testcase classname="com.HiQ.sudokugenerator.SudokuGeneratorTest" name="testGenerateAndInValidateValidSudoku[80]" time="0"/>
  <testcase classname="com.HiQ.sudokugenerator.SudokuGeneratorTest" name="testGenerateAndValidateValidSudoku[80]" time="0"/>
  <testcase classname="com.HiQ.sudokugenerator.SudokuGeneratorTest" name="testGenerateaPlaybleEasySudoku[80]" time="0"/>
  <testcase classname="com.HiQ.sudokugenerator.SudokuGeneratorTest" name="testGenerateaPlaybleHardSudoku[80]" time="0"/>
  <testcase classname="com.HiQ.sudokugenerator.SudokuGeneratorTest" name="testGenerateaPlaybleMediumSudoku[80]" time="0"/>
  <testcase classname="com.HiQ.sudokugenerator.SudokuGeneratorTest" name="testGenerateAndInValidateValidSudoku[81]" time="0.001"/>
  <testcase classname="com.HiQ.sudokugenerator.SudokuGeneratorTest" name="testGenerateAndValidateValidSudoku[81]" time="0"/>
  <testcase classname="com.HiQ.sudokugenerator.SudokuGeneratorTest" name="testGenerateaPlaybleEasySudoku[81]" time="0"/>
  <testcase classname="com.HiQ.sudokugenerator.SudokuGeneratorTest" name="testGenerateaPlaybleHardSudoku[81]" time="0.001"/>
  <testcase classname="com.HiQ.sudokugenerator.SudokuGeneratorTest" name="testGenerateaPlaybleMediumSudoku[81]" time="0"/>
  <testcase classname="com.HiQ.sudokugenerator.SudokuGeneratorTest" name="testGenerateAndInValidateValidSudoku[82]" time="0"/>
  <testcase classname="com.HiQ.sudokugenerator.SudokuGeneratorTest" name="testGenerateAndValidateValidSudoku[82]" time="0"/>
  <testcase classname="com.HiQ.sudokugenerator.SudokuGeneratorTest" name="testGenerateaPlaybleEasySudoku[82]" time="0"/>
  <testcase classname="com.HiQ.sudokugenerator.SudokuGeneratorTest" name="testGenerateaPlaybleHardSudoku[82]" time="0.001"/>
  <testcase classname="com.HiQ.sudokugenerator.SudokuGeneratorTest" name="testGenerateaPlaybleMediumSudoku[82]" time="0"/>
  <testcase classname="com.HiQ.sudokugenerator.SudokuGeneratorTest" name="testGenerateAndInValidateValidSudoku[83]" time="0"/>
  <testcase classname="com.HiQ.sudokugenerator.SudokuGeneratorTest" name="testGenerateAndValidateValidSudoku[83]" time="0"/>
  <testcase classname="com.HiQ.sudokugenerator.SudokuGeneratorTest" name="testGenerateaPlaybleEasySudoku[83]" time="0"/>
  <testcase classname="com.HiQ.sudokugenerator.SudokuGeneratorTest" name="testGenerateaPlaybleHardSudoku[83]" time="0"/>
  <testcase classname="com.HiQ.sudokugenerator.SudokuGeneratorTest" name="testGenerateaPlaybleMediumSudoku[83]" time="0.001"/>
  <testcase classname="com.HiQ.sudokugenerator.SudokuGeneratorTest" name="testGenerateAndInValidateValidSudoku[84]" time="0"/>
  <testcase classname="com.HiQ.sudokugenerator.SudokuGeneratorTest" name="testGenerateAndValidateValidSudoku[84]" time="0"/>
  <testcase classname="com.HiQ.sudokugenerator.SudokuGeneratorTest" name="testGenerateaPlaybleEasySudoku[84]" time="0.001"/>
  <testcase classname="com.HiQ.sudokugenerator.SudokuGeneratorTest" name="testGenerateaPlaybleHardSudoku[84]" time="0"/>
  <testcase classname="com.HiQ.sudokugenerator.SudokuGeneratorTest" name="testGenerateaPlaybleMediumSudoku[84]" time="0.003"/>
  <testcase classname="com.HiQ.sudokugenerator.SudokuGeneratorTest" name="testGenerateAndInValidateValidSudoku[85]" time="0"/>
  <testcase classname="com.HiQ.sudokugenerator.SudokuGeneratorTest" name="testGenerateAndValidateValidSudoku[85]" time="0"/>
  <testcase classname="com.HiQ.sudokugenerator.SudokuGeneratorTest" name="testGenerateaPlaybleEasySudoku[85]" time="0"/>
  <testcase classname="com.HiQ.sudokugenerator.SudokuGeneratorTest" name="testGenerateaPlaybleHardSudoku[85]" time="0"/>
  <testcase classname="com.HiQ.sudokugenerator.SudokuGeneratorTest" name="testGenerateaPlaybleMediumSudoku[85]" time="0"/>
  <testcase classname="com.HiQ.sudokugenerator.SudokuGeneratorTest" name="testGenerateAndInValidateValidSudoku[86]" time="0"/>
  <testcase classname="com.HiQ.sudokugenerator.SudokuGeneratorTest" name="testGenerateAndValidateValidSudoku[86]" time="0"/>
  <testcase classname="com.HiQ.sudokugenerator.SudokuGeneratorTest" name="testGenerateaPlaybleEasySudoku[86]" time="0"/>
  <testcase classname="com.HiQ.sudokugenerator.SudokuGeneratorTest" name="testGenerateaPlaybleHardSudoku[86]" time="0.001"/>
  <testcase classname="com.HiQ.sudokugenerator.SudokuGeneratorTest" name="testGenerateaPlaybleMediumSudoku[86]" time="0"/>
  <testcase classname="com.HiQ.sudokugenerator.SudokuGeneratorTest" name="testGenerateAndInValidateValidSudoku[87]" time="0"/>
  <testcase classname="com.HiQ.sudokugenerator.SudokuGeneratorTest" name="testGenerateAndValidateValidSudoku[87]" time="0"/>
  <testcase classname="com.HiQ.sudokugenerator.SudokuGeneratorTest" name="testGenerateaPlaybleEasySudoku[87]" time="0"/>
  <testcase classname="com.HiQ.sudokugenerator.SudokuGeneratorTest" name="testGenerateaPlaybleHardSudoku[87]" time="0.001"/>
  <testcase classname="com.HiQ.sudokugenerator.SudokuGeneratorTest" name="testGenerateaPlaybleMediumSudoku[87]" time="0"/>
  <testcase classname="com.HiQ.sudokugenerator.SudokuGeneratorTest" name="testGenerateAndInValidateValidSudoku[88]" time="0"/>
  <testcase classname="com.HiQ.sudokugenerator.SudokuGeneratorTest" name="testGenerateAndValidateValidSudoku[88]" time="0"/>
  <testcase classname="com.HiQ.sudokugenerator.SudokuGeneratorTest" name="testGenerateaPlaybleEasySudoku[88]" time="0.001"/>
  <testcase classname="com.HiQ.sudokugenerator.SudokuGeneratorTest" name="testGenerateaPlaybleHardSudoku[88]" time="0"/>
  <testcase classname="com.HiQ.sudokugenerator.SudokuGeneratorTest" name="testGenerateaPlaybleMediumSudoku[88]" time="0.065"/>
  <testcase classname="com.HiQ.sudokugenerator.SudokuGeneratorTest" name="testGenerateAndInValidateValidSudoku[89]" time="0"/>
  <testcase classname="com.HiQ.sudokugenerator.SudokuGeneratorTest" name="testGenerateAndValidateValidSudoku[89]" time="0"/>
  <testcase classname="com.HiQ.sudokugenerator.SudokuGeneratorTest" name="testGenerateaPlaybleEasySudoku[89]" time="0"/>
  <testcase classname="com.HiQ.sudokugenerator.SudokuGeneratorTest" name="testGenerateaPlaybleHardSudoku[89]" time="0.001"/>
  <testcase classname="com.HiQ.sudokugenerator.SudokuGeneratorTest" name="testGenerateaPlaybleMediumSudoku[89]" time="0.007"/>
  <testcase classname="com.HiQ.sudokugenerator.SudokuGeneratorTest" name="testGenerateAndInValidateValidSudoku[90]" time="0"/>
  <testcase classname="com.HiQ.sudokugenerator.SudokuGeneratorTest" name="testGenerateAndValidateValidSudoku[90]" time="0"/>
  <testcase classname="com.HiQ.sudokugenerator.SudokuGeneratorTest" name="testGenerateaPlaybleEasySudoku[90]" time="0"/>
  <testcase classname="com.HiQ.sudokugenerator.SudokuGeneratorTest" name="testGenerateaPlaybleHardSudoku[90]" time="0"/>
  <testcase classname="com.HiQ.sudokugenerator.SudokuGeneratorTest" name="testGenerateaPlaybleMediumSudoku[90]" time="0"/>
  <testcase classname="com.HiQ.sudokugenerator.SudokuGeneratorTest" name="testGenerateAndInValidateValidSudoku[91]" time="0"/>
  <testcase classname="com.HiQ.sudokugenerator.SudokuGeneratorTest" name="testGenerateAndValidateValidSudoku[91]" time="0"/>
  <testcase classname="com.HiQ.sudokugenerator.SudokuGeneratorTest" name="testGenerateaPlaybleEasySudoku[91]" time="0"/>
  <testcase classname="com.HiQ.sudokugenerator.SudokuGeneratorTest" name="testGenerateaPlaybleHardSudoku[91]" time="0"/>
  <testcase classname="com.HiQ.sudokugenerator.SudokuGeneratorTest" name="testGenerateaPlaybleMediumSudoku[91]" time="0"/>
  <testcase classname="com.HiQ.sudokugenerator.SudokuGeneratorTest" name="testGenerateAndInValidateValidSudoku[92]" time="0"/>
  <testcase classname="com.HiQ.sudokugenerator.SudokuGeneratorTest" name="testGenerateAndValidateValidSudoku[92]" time="0"/>
  <testcase classname="com.HiQ.sudokugenerator.SudokuGeneratorTest" name="testGenerateaPlaybleEasySudoku[92]" time="0"/>
  <testcase classname="com.HiQ.sudokugenerator.SudokuGeneratorTest" name="testGenerateaPlaybleHardSudoku[92]" time="0"/>
  <testcase classname="com.HiQ.sudokugenerator.SudokuGeneratorTest" name="testGenerateaPlaybleMediumSudoku[92]" time="0"/>
  <testcase classname="com.HiQ.sudokugenerator.SudokuGeneratorTest" name="testGenerateAndInValidateValidSudoku[93]" time="0"/>
  <testcase classname="com.HiQ.sudokugenerator.SudokuGeneratorTest" name="testGenerateAndValidateValidSudoku[93]" time="0"/>
  <testcase classname="com.HiQ.sudokugenerator.SudokuGeneratorTest" name="testGenerateaPlaybleEasySudoku[93]" time="0"/>
  <testcase classname="com.HiQ.sudokugenerator.SudokuGeneratorTest" name="testGenerateaPlaybleHardSudoku[93]" time="0"/>
  <testcase classname="com.HiQ.sudokugenerator.SudokuGeneratorTest" name="testGenerateaPlaybleMediumSudoku[93]" time="0"/>
  <testcase classname="com.HiQ.sudokugenerator.SudokuGeneratorTest" name="testGenerateAndInValidateValidSudoku[94]" time="0"/>
  <testcase classname="com.HiQ.sudokugenerator.SudokuGeneratorTest" name="testGenerateAndValidateValidSudoku[94]" time="0"/>
  <testcase classname="com.HiQ.sudokugenerator.SudokuGeneratorTest" name="testGenerateaPlaybleEasySudoku[94]" time="0"/>
  <testcase classname="com.HiQ.sudokugenerator.SudokuGeneratorTest" name="testGenerateaPlaybleHardSudoku[94]" time="0"/>
  <testcase classname="com.HiQ.sudokugenerator.SudokuGeneratorTest" name="testGenerateaPlaybleMediumSudoku[94]" time="0"/>
  <testcase classname="com.HiQ.sudokugenerator.SudokuGeneratorTest" name="testGenerateAndInValidateValidSudoku[95]" time="0"/>
  <testcase classname="com.HiQ.sudokugenerator.SudokuGeneratorTest" name="testGenerateAndValidateValidSudoku[95]" time="0"/>
  <testcase classname="com.HiQ.sudokugenerator.SudokuGeneratorTest" name="testGenerateaPlaybleEasySudoku[95]" time="0"/>
  <testcase classname="com.HiQ.sudokugenerator.SudokuGeneratorTest" name="testGenerateaPlaybleHardSudoku[95]" time="0"/>
  <testcase classname="com.HiQ.sudokugenerator.SudokuGeneratorTest" name="testGenerateaPlaybleMediumSudoku[95]" time="0"/>
  <testcase classname="com.HiQ.sudokugenerator.SudokuGeneratorTest" name="testGenerateAndInValidateValidSudoku[96]" time="0"/>
  <testcase classname="com.HiQ.sudokugenerator.SudokuGeneratorTest" name="testGenerateAndValidateValidSudoku[96]" time="0"/>
  <testcase classname="com.HiQ.sudokugenerator.SudokuGeneratorTest" name="testGenerateaPlaybleEasySudoku[96]" time="0"/>
  <testcase classname="com.HiQ.sudokugenerator.SudokuGeneratorTest" name="testGenerateaPlaybleHardSudoku[96]" time="0"/>
  <testcase classname="com.HiQ.sudokugenerator.SudokuGeneratorTest" name="testGenerateaPlaybleMediumSudoku[96]" time="0"/>
  <testcase classname="com.HiQ.sudokugenerator.SudokuGeneratorTest" name="testGenerateAndInValidateValidSudoku[97]" time="0"/>
  <testcase classname="com.HiQ.sudokugenerator.SudokuGeneratorTest" name="testGenerateAndValidateValidSudoku[97]" time="0"/>
  <testcase classname="com.HiQ.sudokugenerator.SudokuGeneratorTest" name="testGenerateaPlaybleEasySudoku[97]" time="0"/>
  <testcase classname="com.HiQ.sudokugenerator.SudokuGeneratorTest" name="testGenerateaPlaybleHardSudoku[97]" time="0"/>
  <testcase classname="com.HiQ.sudokugenerator.SudokuGeneratorTest" name="testGenerateaPlaybleMediumSudoku[97]" time="0"/>
  <testcase classname="com.HiQ.sudokugenerator.SudokuGeneratorTest" name="testGenerateAndInValidateValidSudoku[98]" time="0"/>
  <testcase classname="com.HiQ.sudokugenerator.SudokuGeneratorTest" name="testGenerateAndValidateValidSudoku[98]" time="0"/>
  <testcase classname="com.HiQ.sudokugenerator.SudokuGeneratorTest" name="testGenerateaPlaybleEasySudoku[98]" time="0"/>
  <testcase classname="com.HiQ.sudokugenerator.SudokuGeneratorTest" name="testGenerateaPlaybleHardSudoku[98]" time="0"/>
  <testcase classname="com.HiQ.sudokugenerator.SudokuGeneratorTest" name="testGenerateaPlaybleMediumSudoku[98]" time="0"/>
  <testcase classname="com.HiQ.sudokugenerator.SudokuGeneratorTest" name="testGenerateAndInValidateValidSudoku[99]" time="0"/>
  <testcase classname="com.HiQ.sudokugenerator.SudokuGeneratorTest" name="testGenerateAndValidateValidSudoku[99]" time="0"/>
  <testcase classname="com.HiQ.sudokugenerator.SudokuGeneratorTest" name="testGenerateaPlaybleEasySudoku[99]" time="0"/>
  <testcase classname="com.HiQ.sudokugenerator.SudokuGeneratorTest" name="testGenerateaPlaybleHardSudoku[99]" time="0"/>
  <testcase classname="com.HiQ.sudokugenerator.SudokuGeneratorTest" name="testGenerateaPlaybleMediumSudoku[99]" time="0.001"/>
  <testcase classname="com.HiQ.sudokugenerator.SudokuGeneratorTest" name="testGenerateAndInValidateValidSudoku[100]" time="0"/>
  <testcase classname="com.HiQ.sudokugenerator.SudokuGeneratorTest" name="testGenerateAndValidateValidSudoku[100]" time="0"/>
  <testcase classname="com.HiQ.sudokugenerator.SudokuGeneratorTest" name="testGenerateaPlaybleEasySudoku[100]" time="0"/>
  <testcase classname="com.HiQ.sudokugenerator.SudokuGeneratorTest" name="testGenerateaPlaybleHardSudoku[100]" time="0"/>
  <testcase classname="com.HiQ.sudokugenerator.SudokuGeneratorTest" name="testGenerateaPlaybleMediumSudoku[100]" time="0"/>
  <testcase classname="com.HiQ.sudokugenerator.SudokuGeneratorTest" name="testGenerateAndInValidateValidSudoku[101]" time="0.001"/>
  <testcase classname="com.HiQ.sudokugenerator.SudokuGeneratorTest" name="testGenerateAndValidateValidSudoku[101]" time="0"/>
  <testcase classname="com.HiQ.sudokugenerator.SudokuGeneratorTest" name="testGenerateaPlaybleEasySudoku[101]" time="0"/>
  <testcase classname="com.HiQ.sudokugenerator.SudokuGeneratorTest" name="testGenerateaPlaybleHardSudoku[101]" time="0"/>
  <testcase classname="com.HiQ.sudokugenerator.SudokuGeneratorTest" name="testGenerateaPlaybleMediumSudoku[101]" time="0"/>
  <testcase classname="com.HiQ.sudokugenerator.SudokuGeneratorTest" name="testGenerateAndInValidateValidSudoku[102]" time="0"/>
  <testcase classname="com.HiQ.sudokugenerator.SudokuGeneratorTest" name="testGenerateAndValidateValidSudoku[102]" time="0"/>
  <testcase classname="com.HiQ.sudokugenerator.SudokuGeneratorTest" name="testGenerateaPlaybleEasySudoku[102]" time="0"/>
  <testcase classname="com.HiQ.sudokugenerator.SudokuGeneratorTest" name="testGenerateaPlaybleHardSudoku[102]" time="0"/>
  <testcase classname="com.HiQ.sudokugenerator.SudokuGeneratorTest" name="testGenerateaPlaybleMediumSudoku[102]" time="0"/>
  <testcase classname="com.HiQ.sudokugenerator.SudokuGeneratorTest" name="testGenerateAndInValidateValidSudoku[103]" time="0"/>
  <testcase classname="com.HiQ.sudokugenerator.SudokuGeneratorTest" name="testGenerateAndValidateValidSudoku[103]" time="0"/>
  <testcase classname="com.HiQ.sudokugenerator.SudokuGeneratorTest" name="testGenerateaPlaybleEasySudoku[103]" time="0.002"/>
  <testcase classname="com.HiQ.sudokugenerator.SudokuGeneratorTest" name="testGenerateaPlaybleHardSudoku[103]" time="0"/>
  <testcase classname="com.HiQ.sudokugenerator.SudokuGeneratorTest" name="testGenerateaPlaybleMediumSudoku[103]" time="0"/>
  <testcase classname="com.HiQ.sudokugenerator.SudokuGeneratorTest" name="testGenerateAndInValidateValidSudoku[104]" time="0"/>
  <testcase classname="com.HiQ.sudokugenerator.SudokuGeneratorTest" name="testGenerateAndValidateValidSudoku[104]" time="0"/>
  <testcase classname="com.HiQ.sudokugenerator.SudokuGeneratorTest" name="testGenerateaPlaybleEasySudoku[104]" time="0"/>
  <testcase classname="com.HiQ.sudokugenerator.SudokuGeneratorTest" name="testGenerateaPlaybleHardSudoku[104]" time="0.001"/>
  <testcase classname="com.HiQ.sudokugenerator.SudokuGeneratorTest" name="testGenerateaPlaybleMediumSudoku[104]" time="0"/>
  <testcase classname="com.HiQ.sudokugenerator.SudokuGeneratorTest" name="testGenerateAndInValidateValidSudoku[105]" time="0"/>
  <testcase classname="com.HiQ.sudokugenerator.SudokuGeneratorTest" name="testGenerateAndValidateValidSudoku[105]" time="0"/>
  <testcase classname="com.HiQ.sudokugenerator.SudokuGeneratorTest" name="testGenerateaPlaybleEasySudoku[105]" time="0"/>
  <testcase classname="com.HiQ.sudokugenerator.SudokuGeneratorTest" name="testGenerateaPlaybleHardSudoku[105]" time="0"/>
  <testcase classname="com.HiQ.sudokugenerator.SudokuGeneratorTest" name="testGenerateaPlaybleMediumSudoku[105]" time="0"/>
  <testcase classname="com.HiQ.sudokugenerator.SudokuGeneratorTest" name="testGenerateAndInValidateValidSudoku[106]" time="0"/>
  <testcase classname="com.HiQ.sudokugenerator.SudokuGeneratorTest" name="testGenerateAndValidateValidSudoku[106]" time="0"/>
  <testcase classname="com.HiQ.sudokugenerator.SudokuGeneratorTest" name="testGenerateaPlaybleEasySudoku[106]" time="0"/>
  <testcase classname="com.HiQ.sudokugenerator.SudokuGeneratorTest" name="testGenerateaPlaybleHardSudoku[106]" time="0"/>
  <testcase classname="com.HiQ.sudokugenerator.SudokuGeneratorTest" name="testGenerateaPlaybleMediumSudoku[106]" time="0"/>
  <testcase classname="com.HiQ.sudokugenerator.SudokuGeneratorTest" name="testGenerateAndInValidateValidSudoku[107]" time="0"/>
  <testcase classname="com.HiQ.sudokugenerator.SudokuGeneratorTest" name="testGenerateAndValidateValidSudoku[107]" time="0"/>
  <testcase classname="com.HiQ.sudokugenerator.SudokuGeneratorTest" name="testGenerateaPlaybleEasySudoku[107]" time="0"/>
  <testcase classname="com.HiQ.sudokugenerator.SudokuGeneratorTest" name="testGenerateaPlaybleHardSudoku[107]" time="0"/>
  <testcase classname="com.HiQ.sudokugenerator.SudokuGeneratorTest" name="testGenerateaPlaybleMediumSudoku[107]" time="0"/>
  <testcase classname="com.HiQ.sudokugenerator.SudokuGeneratorTest" name="testGenerateAndInValidateValidSudoku[108]" time="0"/>
  <testcase classname="com.HiQ.sudokugenerator.SudokuGeneratorTest" name="testGenerateAndValidateValidSudoku[108]" time="0"/>
  <testcase classname="com.HiQ.sudokugenerator.SudokuGeneratorTest" name="testGenerateaPlaybleEasySudoku[108]" time="0"/>
  <testcase classname="com.HiQ.sudokugenerator.SudokuGeneratorTest" name="testGenerateaPlaybleHardSudoku[108]" time="0"/>
  <testcase classname="com.HiQ.sudokugenerator.SudokuGeneratorTest" name="testGenerateaPlaybleMediumSudoku[108]" time="0"/>
  <testcase classname="com.HiQ.sudokugenerator.SudokuGeneratorTest" name="testGenerateAndInValidateValidSudoku[109]" time="0"/>
  <testcase classname="com.HiQ.sudokugenerator.SudokuGeneratorTest" name="testGenerateAndValidateValidSudoku[109]" time="0"/>
  <testcase classname="com.HiQ.sudokugenerator.SudokuGeneratorTest" name="testGenerateaPlaybleEasySudoku[109]" time="0"/>
  <testcase classname="com.HiQ.sudokugenerator.SudokuGeneratorTest" name="testGenerateaPlaybleHardSudoku[109]" time="0"/>
  <testcase classname="com.HiQ.sudokugenerator.SudokuGeneratorTest" name="testGenerateaPlaybleMediumSudoku[109]" time="0"/>
  <testcase classname="com.HiQ.sudokugenerator.SudokuGeneratorTest" name="testGenerateAndInValidateValidSudoku[110]" time="0"/>
  <testcase classname="com.HiQ.sudokugenerator.SudokuGeneratorTest" name="testGenerateAndValidateValidSudoku[110]" time="0"/>
  <testcase classname="com.HiQ.sudokugenerator.SudokuGeneratorTest" name="testGenerateaPlaybleEasySudoku[110]" time="0"/>
  <testcase classname="com.HiQ.sudokugenerator.SudokuGeneratorTest" name="testGenerateaPlaybleHardSudoku[110]" time="0"/>
  <testcase classname="com.HiQ.sudokugenerator.SudokuGeneratorTest" name="testGenerateaPlaybleMediumSudoku[110]" time="0"/>
  <testcase classname="com.HiQ.sudokugenerator.SudokuGeneratorTest" name="testGenerateAndInValidateValidSudoku[111]" time="0"/>
  <testcase classname="com.HiQ.sudokugenerator.SudokuGeneratorTest" name="testGenerateAndValidateValidSudoku[111]" time="0"/>
  <testcase classname="com.HiQ.sudokugenerator.SudokuGeneratorTest" name="testGenerateaPlaybleEasySudoku[111]" time="0"/>
  <testcase classname="com.HiQ.sudokugenerator.SudokuGeneratorTest" name="testGenerateaPlaybleHardSudoku[111]" time="0"/>
  <testcase classname="com.HiQ.sudokugenerator.SudokuGeneratorTest" name="testGenerateaPlaybleMediumSudoku[111]" time="0.001"/>
  <testcase classname="com.HiQ.sudokugenerator.SudokuGeneratorTest" name="testGenerateAndInValidateValidSudoku[112]" time="0"/>
  <testcase classname="com.HiQ.sudokugenerator.SudokuGeneratorTest" name="testGenerateAndValidateValidSudoku[112]" time="0"/>
  <testcase classname="com.HiQ.sudokugenerator.SudokuGeneratorTest" name="testGenerateaPlaybleEasySudoku[112]" time="0"/>
  <testcase classname="com.HiQ.sudokugenerator.SudokuGeneratorTest" name="testGenerateaPlaybleHardSudoku[112]" time="0"/>
  <testcase classname="com.HiQ.sudokugenerator.SudokuGeneratorTest" name="testGenerateaPlaybleMediumSudoku[112]" time="0"/>
  <testcase classname="com.HiQ.sudokugenerator.SudokuGeneratorTest" name="testGenerateAndInValidateValidSudoku[113]" time="0"/>
  <testcase classname="com.HiQ.sudokugenerator.SudokuGeneratorTest" name="testGenerateAndValidateValidSudoku[113]" time="0"/>
  <testcase classname="com.HiQ.sudokugenerator.SudokuGeneratorTest" name="testGenerateaPlaybleEasySudoku[113]" time="0"/>
  <testcase classname="com.HiQ.sudokugenerator.SudokuGeneratorTest" name="testGenerateaPlaybleHardSudoku[113]" time="0"/>
  <testcase classname="com.HiQ.sudokugenerator.SudokuGeneratorTest" name="testGenerateaPlaybleMediumSudoku[113]" time="0"/>
  <testcase classname="com.HiQ.sudokugenerator.SudokuGeneratorTest" name="testGenerateAndInValidateValidSudoku[114]" time="0"/>
  <testcase classname="com.HiQ.sudokugenerator.SudokuGeneratorTest" name="testGenerateAndValidateValidSudoku[114]" time="0"/>
  <testcase classname="com.HiQ.sudokugenerator.SudokuGeneratorTest" name="testGenerateaPlaybleEasySudoku[114]" time="0"/>
  <testcase classname="com.HiQ.sudokugenerator.SudokuGeneratorTest" name="testGenerateaPlaybleHardSudoku[114]" time="0"/>
  <testcase classname="com.HiQ.sudokugenerator.SudokuGeneratorTest" name="testGenerateaPlaybleMediumSudoku[114]" time="0"/>
  <testcase classname="com.HiQ.sudokugenerator.SudokuGeneratorTest" name="testGenerateAndInValidateValidSudoku[115]" time="0"/>
  <testcase classname="com.HiQ.sudokugenerator.SudokuGeneratorTest" name="testGenerateAndValidateValidSudoku[115]" time="0"/>
  <testcase classname="com.HiQ.sudokugenerator.SudokuGeneratorTest" name="testGenerateaPlaybleEasySudoku[115]" time="0"/>
  <testcase classname="com.HiQ.sudokugenerator.SudokuGeneratorTest" name="testGenerateaPlaybleHardSudoku[115]" time="0"/>
  <testcase classname="com.HiQ.sudokugenerator.SudokuGeneratorTest" name="testGenerateaPlaybleMediumSudoku[115]" time="0"/>
  <testcase classname="com.HiQ.sudokugenerator.SudokuGeneratorTest" name="testGenerateAndInValidateValidSudoku[116]" time="0"/>
  <testcase classname="com.HiQ.sudokugenerator.SudokuGeneratorTest" name="testGenerateAndValidateValidSudoku[116]" time="0"/>
  <testcase classname="com.HiQ.sudokugenerator.SudokuGeneratorTest" name="testGenerateaPlaybleEasySudoku[116]" time="0"/>
  <testcase classname="com.HiQ.sudokugenerator.SudokuGeneratorTest" name="testGenerateaPlaybleHardSudoku[116]" time="0"/>
  <testcase classname="com.HiQ.sudokugenerator.SudokuGeneratorTest" name="testGenerateaPlaybleMediumSudoku[116]" time="0"/>
  <testcase classname="com.HiQ.sudokugenerator.SudokuGeneratorTest" name="testGenerateAndInValidateValidSudoku[117]" time="0"/>
  <testcase classname="com.HiQ.sudokugenerator.SudokuGeneratorTest" name="testGenerateAndValidateValidSudoku[117]" time="0"/>
  <testcase classname="com.HiQ.sudokugenerator.SudokuGeneratorTest" name="testGenerateaPlaybleEasySudoku[117]" time="0.001"/>
  <testcase classname="com.HiQ.sudokugenerator.SudokuGeneratorTest" name="testGenerateaPlaybleHardSudoku[117]" time="0.042"/>
  <testcase classname="com.HiQ.sudokugenerator.SudokuGeneratorTest" name="testGenerateaPlaybleMediumSudoku[117]" time="0"/>
  <testcase classname="com.HiQ.sudokugenerator.SudokuGeneratorTest" name="testGenerateAndInValidateValidSudoku[118]" time="0"/>
  <testcase classname="com.HiQ.sudokugenerator.SudokuGeneratorTest" name="testGenerateAndValidateValidSudoku[118]" time="0"/>
  <testcase classname="com.HiQ.sudokugenerator.SudokuGeneratorTest" name="testGenerateaPlaybleEasySudoku[118]" time="0"/>
  <testcase classname="com.HiQ.sudokugenerator.SudokuGeneratorTest" name="testGenerateaPlaybleHardSudoku[118]" time="0"/>
  <testcase classname="com.HiQ.sudokugenerator.SudokuGeneratorTest" name="testGenerateaPlaybleMediumSudoku[118]" time="0"/>
  <testcase classname="com.HiQ.sudokugenerator.SudokuGeneratorTest" name="testGenerateAndInValidateValidSudoku[119]" time="0"/>
  <testcase classname="com.HiQ.sudokugenerator.SudokuGeneratorTest" name="testGenerateAndValidateValidSudoku[119]" time="0"/>
  <testcase classname="com.HiQ.sudokugenerator.SudokuGeneratorTest" name="testGenerateaPlaybleEasySudoku[119]" time="0"/>
  <testcase classname="com.HiQ.sudokugenerator.SudokuGeneratorTest" name="testGenerateaPlaybleHardSudoku[119]" time="0"/>
  <testcase classname="com.HiQ.sudokugenerator.SudokuGeneratorTest" name="testGenerateaPlaybleMediumSudoku[119]" time="0"/>
  <testcase classname="com.HiQ.sudokugenerator.SudokuGeneratorTest" name="testGenerateAndInValidateValidSudoku[120]" time="0"/>
  <testcase classname="com.HiQ.sudokugenerator.SudokuGeneratorTest" name="testGenerateAndValidateValidSudoku[120]" time="0"/>
  <testcase classname="com.HiQ.sudokugenerator.SudokuGeneratorTest" name="testGenerateaPlaybleEasySudoku[120]" time="0"/>
  <testcase classname="com.HiQ.sudokugenerator.SudokuGeneratorTest" name="testGenerateaPlaybleHardSudoku[120]" time="0"/>
  <testcase classname="com.HiQ.sudokugenerator.SudokuGeneratorTest" name="testGenerateaPlaybleMediumSudoku[120]" time="0"/>
  <testcase classname="com.HiQ.sudokugenerator.SudokuGeneratorTest" name="testGenerateAndInValidateValidSudoku[121]" time="0"/>
  <testcase classname="com.HiQ.sudokugenerator.SudokuGeneratorTest" name="testGenerateAndValidateValidSudoku[121]" time="0"/>
  <testcase classname="com.HiQ.sudokugenerator.SudokuGeneratorTest" name="testGenerateaPlaybleEasySudoku[121]" time="0"/>
  <testcase classname="com.HiQ.sudokugenerator.SudokuGeneratorTest" name="testGenerateaPlaybleHardSudoku[121]" time="0"/>
  <testcase classname="com.HiQ.sudokugenerator.SudokuGeneratorTest" name="testGenerateaPlaybleMediumSudoku[121]" time="0"/>
  <testcase classname="com.HiQ.sudokugenerator.SudokuGeneratorTest" name="testGenerateAndInValidateValidSudoku[122]" time="0"/>
  <testcase classname="com.HiQ.sudokugenerator.SudokuGeneratorTest" name="testGenerateAndValidateValidSudoku[122]" time="0"/>
  <testcase classname="com.HiQ.sudokugenerator.SudokuGeneratorTest" name="testGenerateaPlaybleEasySudoku[122]" time="0"/>
  <testcase classname="com.HiQ.sudokugenerator.SudokuGeneratorTest" name="testGenerateaPlaybleHardSudoku[122]" time="0"/>
  <testcase classname="com.HiQ.sudokugenerator.SudokuGeneratorTest" name="testGenerateaPlaybleMediumSudoku[122]" time="0"/>
  <testcase classname="com.HiQ.sudokugenerator.SudokuGeneratorTest" name="testGenerateAndInValidateValidSudoku[123]" time="0"/>
  <testcase classname="com.HiQ.sudokugenerator.SudokuGeneratorTest" name="testGenerateAndValidateValidSudoku[123]" time="0"/>
  <testcase classname="com.HiQ.sudokugenerator.SudokuGeneratorTest" name="testGenerateaPlaybleEasySudoku[123]" time="0"/>
  <testcase classname="com.HiQ.sudokugenerator.SudokuGeneratorTest" name="testGenerateaPlaybleHardSudoku[123]" time="0"/>
  <testcase classname="com.HiQ.sudokugenerator.SudokuGeneratorTest" name="testGenerateaPlaybleMediumSudoku[123]" time="0"/>
  <testcase classname="com.HiQ.sudokugenerator.SudokuGeneratorTest" name="testGenerateAndInValidateValidSudoku[124]" time="0"/>
  <testcase classname="com.HiQ.sudokugenerator.SudokuGeneratorTest" name="testGenerateAndValidateValidSudoku[124]" time="0"/>
  <testcase classname="com.HiQ.sudokugenerator.SudokuGeneratorTest" name="testGenerateaPlaybleEasySudoku[124]" time="0"/>
  <testcase classname="com.HiQ.sudokugenerator.SudokuGeneratorTest" name="testGenerateaPlaybleHardSudoku[124]" time="0"/>
  <testcase classname="com.HiQ.sudokugenerator.SudokuGeneratorTest" name="testGenerateaPlaybleMediumSudoku[124]" time="0"/>
  <testcase classname="com.HiQ.sudokugenerator.SudokuGeneratorTest" name="testGenerateAndInValidateValidSudoku[125]" time="0"/>
  <testcase classname="com.HiQ.sudokugenerator.SudokuGeneratorTest" name="testGenerateAndValidateValidSudoku[125]" time="0"/>
  <testcase classname="com.HiQ.sudokugenerator.SudokuGeneratorTest" name="testGenerateaPlaybleEasySudoku[125]" time="0"/>
  <testcase classname="com.HiQ.sudokugenerator.SudokuGeneratorTest" name="testGenerateaPlaybleHardSudoku[125]" time="0"/>
  <testcase classname="com.HiQ.sudokugenerator.SudokuGeneratorTest" name="testGenerateaPlaybleMediumSudoku[125]" time="0"/>
  <testcase classname="com.HiQ.sudokugenerator.SudokuGeneratorTest" name="testGenerateAndInValidateValidSudoku[126]" time="0"/>
  <testcase classname="com.HiQ.sudokugenerator.SudokuGeneratorTest" name="testGenerateAndValidateValidSudoku[126]" time="0"/>
  <testcase classname="com.HiQ.sudokugenerator.SudokuGeneratorTest" name="testGenerateaPlaybleEasySudoku[126]" time="0"/>
  <testcase classname="com.HiQ.sudokugenerator.SudokuGeneratorTest" name="testGenerateaPlaybleHardSudoku[126]" time="0"/>
  <testcase classname="com.HiQ.sudokugenerator.SudokuGeneratorTest" name="testGenerateaPlaybleMediumSudoku[126]" time="0"/>
  <testcase classname="com.HiQ.sudokugenerator.SudokuGeneratorTest" name="testGenerateAndInValidateValidSudoku[127]" time="0"/>
  <testcase classname="com.HiQ.sudokugenerator.SudokuGeneratorTest" name="testGenerateAndValidateValidSudoku[127]" time="0"/>
  <testcase classname="com.HiQ.sudokugenerator.SudokuGeneratorTest" name="testGenerateaPlaybleEasySudoku[127]" time="0"/>
  <testcase classname="com.HiQ.sudokugenerator.SudokuGeneratorTest" name="testGenerateaPlaybleHardSudoku[127]" time="0"/>
  <testcase classname="com.HiQ.sudokugenerator.SudokuGeneratorTest" name="testGenerateaPlaybleMediumSudoku[127]" time="0"/>
  <testcase classname="com.HiQ.sudokugenerator.SudokuGeneratorTest" name="testGenerateAndInValidateValidSudoku[128]" time="0"/>
  <testcase classname="com.HiQ.sudokugenerator.SudokuGeneratorTest" name="testGenerateAndValidateValidSudoku[128]" time="0"/>
  <testcase classname="com.HiQ.sudokugenerator.SudokuGeneratorTest" name="testGenerateaPlaybleEasySudoku[128]" time="0"/>
  <testcase classname="com.HiQ.sudokugenerator.SudokuGeneratorTest" name="testGenerateaPlaybleHardSudoku[128]" time="0"/>
  <testcase classname="com.HiQ.sudokugenerator.SudokuGeneratorTest" name="testGenerateaPlaybleMediumSudoku[128]" time="0"/>
  <testcase classname="com.HiQ.sudokugenerator.SudokuGeneratorTest" name="testGenerateAndInValidateValidSudoku[129]" time="0"/>
  <testcase classname="com.HiQ.sudokugenerator.SudokuGeneratorTest" name="testGenerateAndValidateValidSudoku[129]" time="0"/>
  <testcase classname="com.HiQ.sudokugenerator.SudokuGeneratorTest" name="testGenerateaPlaybleEasySudoku[129]" time="0"/>
  <testcase classname="com.HiQ.sudokugenerator.SudokuGeneratorTest" name="testGenerateaPlaybleHardSudoku[129]" time="0"/>
  <testcase classname="com.HiQ.sudokugenerator.SudokuGeneratorTest" name="testGenerateaPlaybleMediumSudoku[129]" time="0"/>
  <testcase classname="com.HiQ.sudokugenerator.SudokuGeneratorTest" name="testGenerateAndInValidateValidSudoku[130]" time="0"/>
  <testcase classname="com.HiQ.sudokugenerator.SudokuGeneratorTest" name="testGenerateAndValidateValidSudoku[130]" time="0"/>
  <testcase classname="com.HiQ.sudokugenerator.SudokuGeneratorTest" name="testGenerateaPlaybleEasySudoku[130]" time="0"/>
  <testcase classname="com.HiQ.sudokugenerator.SudokuGeneratorTest" name="testGenerateaPlaybleHardSudoku[130]" time="0"/>
  <testcase classname="com.HiQ.sudokugenerator.SudokuGeneratorTest" name="testGenerateaPlaybleMediumSudoku[130]" time="0"/>
  <testcase classname="com.HiQ.sudokugenerator.SudokuGeneratorTest" name="testGenerateAndInValidateValidSudoku[131]" time="0"/>
  <testcase classname="com.HiQ.sudokugenerator.SudokuGeneratorTest" name="testGenerateAndValidateValidSudoku[131]" time="0"/>
  <testcase classname="com.HiQ.sudokugenerator.SudokuGeneratorTest" name="testGenerateaPlaybleEasySudoku[131]" time="0"/>
  <testcase classname="com.HiQ.sudokugenerator.SudokuGeneratorTest" name="testGenerateaPlaybleHardSudoku[131]" time="0"/>
  <testcase classname="com.HiQ.sudokugenerator.SudokuGeneratorTest" name="testGenerateaPlaybleMediumSudoku[131]" time="0"/>
  <testcase classname="com.HiQ.sudokugenerator.SudokuGeneratorTest" name="testGenerateAndInValidateValidSudoku[132]" time="0"/>
  <testcase classname="com.HiQ.sudokugenerator.SudokuGeneratorTest" name="testGenerateAndValidateValidSudoku[132]" time="0"/>
  <testcase classname="com.HiQ.sudokugenerator.SudokuGeneratorTest" name="testGenerateaPlaybleEasySudoku[132]" time="0"/>
  <testcase classname="com.HiQ.sudokugenerator.SudokuGeneratorTest" name="testGenerateaPlaybleHardSudoku[132]" time="0"/>
  <testcase classname="com.HiQ.sudokugenerator.SudokuGeneratorTest" name="testGenerateaPlaybleMediumSudoku[132]" time="0"/>
  <testcase classname="com.HiQ.sudokugenerator.SudokuGeneratorTest" name="testGenerateAndInValidateValidSudoku[133]" time="0"/>
  <testcase classname="com.HiQ.sudokugenerator.SudokuGeneratorTest" name="testGenerateAndValidateValidSudoku[133]" time="0"/>
  <testcase classname="com.HiQ.sudokugenerator.SudokuGeneratorTest" name="testGenerateaPlaybleEasySudoku[133]" time="0.001"/>
  <testcase classname="com.HiQ.sudokugenerator.SudokuGeneratorTest" name="testGenerateaPlaybleHardSudoku[133]" time="0"/>
  <testcase classname="com.HiQ.sudokugenerator.SudokuGeneratorTest" name="testGenerateaPlaybleMediumSudoku[133]" time="0"/>
  <testcase classname="com.HiQ.sudokugenerator.SudokuGeneratorTest" name="testGenerateAndInValidateValidSudoku[134]" time="0"/>
  <testcase classname="com.HiQ.sudokugenerator.SudokuGeneratorTest" name="testGenerateAndValidateValidSudoku[134]" time="0"/>
  <testcase classname="com.HiQ.sudokugenerator.SudokuGeneratorTest" name="testGenerateaPlaybleEasySudoku[134]" time="0"/>
  <testcase classname="com.HiQ.sudokugenerator.SudokuGeneratorTest" name="testGenerateaPlaybleHardSudoku[134]" time="0"/>
  <testcase classname="com.HiQ.sudokugenerator.SudokuGeneratorTest" name="testGenerateaPlaybleMediumSudoku[134]" time="0"/>
  <testcase classname="com.HiQ.sudokugenerator.SudokuGeneratorTest" name="testGenerateAndInValidateValidSudoku[135]" time="0"/>
  <testcase classname="com.HiQ.sudokugenerator.SudokuGeneratorTest" name="testGenerateAndValidateValidSudoku[135]" time="0"/>
  <testcase classname="com.HiQ.sudokugenerator.SudokuGeneratorTest" name="testGenerateaPlaybleEasySudoku[135]" time="0"/>
  <testcase classname="com.HiQ.sudokugenerator.SudokuGeneratorTest" name="testGenerateaPlaybleHardSudoku[135]" time="0"/>
  <testcase classname="com.HiQ.sudokugenerator.SudokuGeneratorTest" name="testGenerateaPlaybleMediumSudoku[135]" time="0"/>
  <testcase classname="com.HiQ.sudokugenerator.SudokuGeneratorTest" name="testGenerateAndInValidateValidSudoku[136]" time="0"/>
  <testcase classname="com.HiQ.sudokugenerator.SudokuGeneratorTest" name="testGenerateAndValidateValidSudoku[136]" time="0"/>
  <testcase classname="com.HiQ.sudokugenerator.SudokuGeneratorTest" name="testGenerateaPlaybleEasySudoku[136]" time="0"/>
  <testcase classname="com.HiQ.sudokugenerator.SudokuGeneratorTest" name="testGenerateaPlaybleHardSudoku[136]" time="0"/>
  <testcase classname="com.HiQ.sudokugenerator.SudokuGeneratorTest" name="testGenerateaPlaybleMediumSudoku[136]" time="0"/>
  <testcase classname="com.HiQ.sudokugenerator.SudokuGeneratorTest" name="testGenerateAndInValidateValidSudoku[137]" time="0"/>
  <testcase classname="com.HiQ.sudokugenerator.SudokuGeneratorTest" name="testGenerateAndValidateValidSudoku[137]" time="0"/>
  <testcase classname="com.HiQ.sudokugenerator.SudokuGeneratorTest" name="testGenerateaPlaybleEasySudoku[137]" time="0"/>
  <testcase classname="com.HiQ.sudokugenerator.SudokuGeneratorTest" name="testGenerateaPlaybleHardSudoku[137]" time="0"/>
  <testcase classname="com.HiQ.sudokugenerator.SudokuGeneratorTest" name="testGenerateaPlaybleMediumSudoku[137]" time="0"/>
  <testcase classname="com.HiQ.sudokugenerator.SudokuGeneratorTest" name="testGenerateAndInValidateValidSudoku[138]" time="0"/>
  <testcase classname="com.HiQ.sudokugenerator.SudokuGeneratorTest" name="testGenerateAndValidateValidSudoku[138]" time="0"/>
  <testcase classname="com.HiQ.sudokugenerator.SudokuGeneratorTest" name="testGenerateaPlaybleEasySudoku[138]" time="0"/>
  <testcase classname="com.HiQ.sudokugenerator.SudokuGeneratorTest" name="testGenerateaPlaybleHardSudoku[138]" time="0"/>
  <testcase classname="com.HiQ.sudokugenerator.SudokuGeneratorTest" name="testGenerateaPlaybleMediumSudoku[138]" time="0"/>
  <testcase classname="com.HiQ.sudokugenerator.SudokuGeneratorTest" name="testGenerateAndInValidateValidSudoku[139]" time="0"/>
  <testcase classname="com.HiQ.sudokugenerator.SudokuGeneratorTest" name="testGenerateAndValidateValidSudoku[139]" time="0"/>
  <testcase classname="com.HiQ.sudokugenerator.SudokuGeneratorTest" name="testGenerateaPlaybleEasySudoku[139]" time="0"/>
  <testcase classname="com.HiQ.sudokugenerator.SudokuGeneratorTest" name="testGenerateaPlaybleHardSudoku[139]" time="0"/>
  <testcase classname="com.HiQ.sudokugenerator.SudokuGeneratorTest" name="testGenerateaPlaybleMediumSudoku[139]" time="0"/>
  <testcase classname="com.HiQ.sudokugenerator.SudokuGeneratorTest" name="testGenerateAndInValidateValidSudoku[140]" time="0"/>
  <testcase classname="com.HiQ.sudokugenerator.SudokuGeneratorTest" name="testGenerateAndValidateValidSudoku[140]" time="0"/>
  <testcase classname="com.HiQ.sudokugenerator.SudokuGeneratorTest" name="testGenerateaPlaybleEasySudoku[140]" time="0"/>
  <testcase classname="com.HiQ.sudokugenerator.SudokuGeneratorTest" name="testGenerateaPlaybleHardSudoku[140]" time="0"/>
  <testcase classname="com.HiQ.sudokugenerator.SudokuGeneratorTest" name="testGenerateaPlaybleMediumSudoku[140]" time="0.001"/>
  <testcase classname="com.HiQ.sudokugenerator.SudokuGeneratorTest" name="testGenerateAndInValidateValidSudoku[141]" time="0"/>
  <testcase classname="com.HiQ.sudokugenerator.SudokuGeneratorTest" name="testGenerateAndValidateValidSudoku[141]" time="0"/>
  <testcase classname="com.HiQ.sudokugenerator.SudokuGeneratorTest" name="testGenerateaPlaybleEasySudoku[141]" time="0"/>
  <testcase classname="com.HiQ.sudokugenerator.SudokuGeneratorTest" name="testGenerateaPlaybleHardSudoku[141]" time="0"/>
  <testcase classname="com.HiQ.sudokugenerator.SudokuGeneratorTest" name="testGenerateaPlaybleMediumSudoku[141]" time="0"/>
  <testcase classname="com.HiQ.sudokugenerator.SudokuGeneratorTest" name="testGenerateAndInValidateValidSudoku[142]" time="0"/>
  <testcase classname="com.HiQ.sudokugenerator.SudokuGeneratorTest" name="testGenerateAndValidateValidSudoku[142]" time="0"/>
  <testcase classname="com.HiQ.sudokugenerator.SudokuGeneratorTest" name="testGenerateaPlaybleEasySudoku[142]" time="0"/>
  <testcase classname="com.HiQ.sudokugenerator.SudokuGeneratorTest" name="testGenerateaPlaybleHardSudoku[142]" time="0"/>
  <testcase classname="com.HiQ.sudokugenerator.SudokuGeneratorTest" name="testGenerateaPlaybleMediumSudoku[142]" time="0"/>
  <testcase classname="com.HiQ.sudokugenerator.SudokuGeneratorTest" name="testGenerateAndInValidateValidSudoku[143]" time="0"/>
  <testcase classname="com.HiQ.sudokugenerator.SudokuGeneratorTest" name="testGenerateAndValidateValidSudoku[143]" time="0"/>
  <testcase classname="com.HiQ.sudokugenerator.SudokuGeneratorTest" name="testGenerateaPlaybleEasySudoku[143]" time="0"/>
  <testcase classname="com.HiQ.sudokugenerator.SudokuGeneratorTest" name="testGenerateaPlaybleHardSudoku[143]" time="0"/>
  <testcase classname="com.HiQ.sudokugenerator.SudokuGeneratorTest" name="testGenerateaPlaybleMediumSudoku[143]" time="0"/>
  <testcase classname="com.HiQ.sudokugenerator.SudokuGeneratorTest" name="testGenerateAndInValidateValidSudoku[144]" time="0"/>
  <testcase classname="com.HiQ.sudokugenerator.SudokuGeneratorTest" name="testGenerateAndValidateValidSudoku[144]" time="0"/>
  <testcase classname="com.HiQ.sudokugenerator.SudokuGeneratorTest" name="testGenerateaPlaybleEasySudoku[144]" time="0"/>
  <testcase classname="com.HiQ.sudokugenerator.SudokuGeneratorTest" name="testGenerateaPlaybleHardSudoku[144]" time="0"/>
  <testcase classname="com.HiQ.sudokugenerator.SudokuGeneratorTest" name="testGenerateaPlaybleMediumSudoku[144]" time="0"/>
  <testcase classname="com.HiQ.sudokugenerator.SudokuGeneratorTest" name="testGenerateAndInValidateValidSudoku[145]" time="0"/>
  <testcase classname="com.HiQ.sudokugenerator.SudokuGeneratorTest" name="testGenerateAndValidateValidSudoku[145]" time="0"/>
  <testcase classname="com.HiQ.sudokugenerator.SudokuGeneratorTest" name="testGenerateaPlaybleEasySudoku[145]" time="0"/>
  <testcase classname="com.HiQ.sudokugenerator.SudokuGeneratorTest" name="testGenerateaPlaybleHardSudoku[145]" time="0"/>
  <testcase classname="com.HiQ.sudokugenerator.SudokuGeneratorTest" name="testGenerateaPlaybleMediumSudoku[145]" time="0"/>
  <testcase classname="com.HiQ.sudokugenerator.SudokuGeneratorTest" name="testGenerateAndInValidateValidSudoku[146]" time="0"/>
  <testcase classname="com.HiQ.sudokugenerator.SudokuGeneratorTest" name="testGenerateAndValidateValidSudoku[146]" time="0"/>
  <testcase classname="com.HiQ.sudokugenerator.SudokuGeneratorTest" name="testGenerateaPlaybleEasySudoku[146]" time="0.042"/>
  <testcase classname="com.HiQ.sudokugenerator.SudokuGeneratorTest" name="testGenerateaPlaybleHardSudoku[146]" time="0"/>
  <testcase classname="com.HiQ.sudokugenerator.SudokuGeneratorTest" name="testGenerateaPlaybleMediumSudoku[146]" time="0"/>
  <testcase classname="com.HiQ.sudokugenerator.SudokuGeneratorTest" name="testGenerateAndInValidateValidSudoku[147]" time="0"/>
  <testcase classname="com.HiQ.sudokugenerator.SudokuGeneratorTest" name="testGenerateAndValidateValidSudoku[147]" time="0"/>
  <testcase classname="com.HiQ.sudokugenerator.SudokuGeneratorTest" name="testGenerateaPlaybleEasySudoku[147]" time="0"/>
  <testcase classname="com.HiQ.sudokugenerator.SudokuGeneratorTest" name="testGenerateaPlaybleHardSudoku[147]" time="0"/>
  <testcase classname="com.HiQ.sudokugenerator.SudokuGeneratorTest" name="testGenerateaPlaybleMediumSudoku[147]" time="0"/>
  <testcase classname="com.HiQ.sudokugenerator.SudokuGeneratorTest" name="testGenerateAndInValidateValidSudoku[148]" time="0"/>
  <testcase classname="com.HiQ.sudokugenerator.SudokuGeneratorTest" name="testGenerateAndValidateValidSudoku[148]" time="0"/>
  <testcase classname="com.HiQ.sudokugenerator.SudokuGeneratorTest" name="testGenerateaPlaybleEasySudoku[148]" time="0"/>
  <testcase classname="com.HiQ.sudokugenerator.SudokuGeneratorTest" name="testGenerateaPlaybleHardSudoku[148]" time="0"/>
  <testcase classname="com.HiQ.sudokugenerator.SudokuGeneratorTest" name="testGenerateaPlaybleMediumSudoku[148]" time="0"/>
  <testcase classname="com.HiQ.sudokugenerator.SudokuGeneratorTest" name="testGenerateAndInValidateValidSudoku[149]" time="0"/>
  <testcase classname="com.HiQ.sudokugenerator.SudokuGeneratorTest" name="testGenerateAndValidateValidSudoku[149]" time="0"/>
  <testcase classname="com.HiQ.sudokugenerator.SudokuGeneratorTest" name="testGenerateaPlaybleEasySudoku[149]" time="0"/>
  <testcase classname="com.HiQ.sudokugenerator.SudokuGeneratorTest" name="testGenerateaPlaybleHardSudoku[149]" time="0.001"/>
  <testcase classname="com.HiQ.sudokugenerator.SudokuGeneratorTest" name="testGenerateaPlaybleMediumSudoku[149]" time="0"/>
  <testcase classname="com.HiQ.sudokugenerator.SudokuGeneratorTest" name="testGenerateAndInValidateValidSudoku[150]" time="0"/>
  <testcase classname="com.HiQ.sudokugenerator.SudokuGeneratorTest" name="testGenerateAndValidateValidSudoku[150]" time="0"/>
  <testcase classname="com.HiQ.sudokugenerator.SudokuGeneratorTest" name="testGenerateaPlaybleEasySudoku[150]" time="0"/>
  <testcase classname="com.HiQ.sudokugenerator.SudokuGeneratorTest" name="testGenerateaPlaybleHardSudoku[150]" time="0"/>
  <testcase classname="com.HiQ.sudokugenerator.SudokuGeneratorTest" name="testGenerateaPlaybleMediumSudoku[150]" time="0"/>
  <testcase classname="com.HiQ.sudokugenerator.SudokuGeneratorTest" name="testGenerateAndInValidateValidSudoku[151]" time="0"/>
  <testcase classname="com.HiQ.sudokugenerator.SudokuGeneratorTest" name="testGenerateAndValidateValidSudoku[151]" time="0"/>
  <testcase classname="com.HiQ.sudokugenerator.SudokuGeneratorTest" name="testGenerateaPlaybleEasySudoku[151]" time="0"/>
  <testcase classname="com.HiQ.sudokugenerator.SudokuGeneratorTest" name="testGenerateaPlaybleHardSudoku[151]" time="0"/>
  <testcase classname="com.HiQ.sudokugenerator.SudokuGeneratorTest" name="testGenerateaPlaybleMediumSudoku[151]" time="0"/>
  <testcase classname="com.HiQ.sudokugenerator.SudokuGeneratorTest" name="testGenerateAndInValidateValidSudoku[152]" time="0"/>
  <testcase classname="com.HiQ.sudokugenerator.SudokuGeneratorTest" name="testGenerateAndValidateValidSudoku[152]" time="0"/>
  <testcase classname="com.HiQ.sudokugenerator.SudokuGeneratorTest" name="testGenerateaPlaybleEasySudoku[152]" time="0"/>
  <testcase classname="com.HiQ.sudokugenerator.SudokuGeneratorTest" name="testGenerateaPlaybleHardSudoku[152]" time="0"/>
  <testcase classname="com.HiQ.sudokugenerator.SudokuGeneratorTest" name="testGenerateaPlaybleMediumSudoku[152]" time="0"/>
  <testcase classname="com.HiQ.sudokugenerator.SudokuGeneratorTest" name="testGenerateAndInValidateValidSudoku[153]" time="0"/>
  <testcase classname="com.HiQ.sudokugenerator.SudokuGeneratorTest" name="testGenerateAndValidateValidSudoku[153]" time="0.001"/>
  <testcase classname="com.HiQ.sudokugenerator.SudokuGeneratorTest" name="testGenerateaPlaybleEasySudoku[153]" time="0"/>
  <testcase classname="com.HiQ.sudokugenerator.SudokuGeneratorTest" name="testGenerateaPlaybleHardSudoku[153]" time="0"/>
  <testcase classname="com.HiQ.sudokugenerator.SudokuGeneratorTest" name="testGenerateaPlaybleMediumSudoku[153]" time="0"/>
  <testcase classname="com.HiQ.sudokugenerator.SudokuGeneratorTest" name="testGenerateAndInValidateValidSudoku[154]" time="0"/>
  <testcase classname="com.HiQ.sudokugenerator.SudokuGeneratorTest" name="testGenerateAndValidateValidSudoku[154]" time="0"/>
  <testcase classname="com.HiQ.sudokugenerator.SudokuGeneratorTest" name="testGenerateaPlaybleEasySudoku[154]" time="0"/>
  <testcase classname="com.HiQ.sudokugenerator.SudokuGeneratorTest" name="testGenerateaPlaybleHardSudoku[154]" time="0"/>
  <testcase classname="com.HiQ.sudokugenerator.SudokuGeneratorTest" name="testGenerateaPlaybleMediumSudoku[154]" time="0"/>
  <testcase classname="com.HiQ.sudokugenerator.SudokuGeneratorTest" name="testGenerateAndInValidateValidSudoku[155]" time="0"/>
  <testcase classname="com.HiQ.sudokugenerator.SudokuGeneratorTest" name="testGenerateAndValidateValidSudoku[155]" time="0"/>
  <testcase classname="com.HiQ.sudokugenerator.SudokuGeneratorTest" name="testGenerateaPlaybleEasySudoku[155]" time="0"/>
  <testcase classname="com.HiQ.sudokugenerator.SudokuGeneratorTest" name="testGenerateaPlaybleHardSudoku[155]" time="0"/>
  <testcase classname="com.HiQ.sudokugenerator.SudokuGeneratorTest" name="testGenerateaPlaybleMediumSudoku[155]" time="0"/>
  <testcase classname="com.HiQ.sudokugenerator.SudokuGeneratorTest" name="testGenerateAndInValidateValidSudoku[156]" time="0"/>
  <testcase classname="com.HiQ.sudokugenerator.SudokuGeneratorTest" name="testGenerateAndValidateValidSudoku[156]" time="0"/>
  <testcase classname="com.HiQ.sudokugenerator.SudokuGeneratorTest" name="testGenerateaPlaybleEasySudoku[156]" time="0"/>
  <testcase classname="com.HiQ.sudokugenerator.SudokuGeneratorTest" name="testGenerateaPlaybleHardSudoku[156]" time="0"/>
  <testcase classname="com.HiQ.sudokugenerator.SudokuGeneratorTest" name="testGenerateaPlaybleMediumSudoku[156]" time="0"/>
  <testcase classname="com.HiQ.sudokugenerator.SudokuGeneratorTest" name="testGenerateAndInValidateValidSudoku[157]" time="0"/>
  <testcase classname="com.HiQ.sudokugenerator.SudokuGeneratorTest" name="testGenerateAndValidateValidSudoku[157]" time="0"/>
  <testcase classname="com.HiQ.sudokugenerator.SudokuGeneratorTest" name="testGenerateaPlaybleEasySudoku[157]" time="0"/>
  <testcase classname="com.HiQ.sudokugenerator.SudokuGeneratorTest" name="testGenerateaPlaybleHardSudoku[157]" time="0"/>
  <testcase classname="com.HiQ.sudokugenerator.SudokuGeneratorTest" name="testGenerateaPlaybleMediumSudoku[157]" time="0"/>
  <testcase classname="com.HiQ.sudokugenerator.SudokuGeneratorTest" name="testGenerateAndInValidateValidSudoku[158]" time="0"/>
  <testcase classname="com.HiQ.sudokugenerator.SudokuGeneratorTest" name="testGenerateAndValidateValidSudoku[158]" time="0"/>
  <testcase classname="com.HiQ.sudokugenerator.SudokuGeneratorTest" name="testGenerateaPlaybleEasySudoku[158]" time="0"/>
  <testcase classname="com.HiQ.sudokugenerator.SudokuGeneratorTest" name="testGenerateaPlaybleHardSudoku[158]" time="0"/>
  <testcase classname="com.HiQ.sudokugenerator.SudokuGeneratorTest" name="testGenerateaPlaybleMediumSudoku[158]" time="0"/>
  <testcase classname="com.HiQ.sudokugenerator.SudokuGeneratorTest" name="testGenerateAndInValidateValidSudoku[159]" time="0"/>
  <testcase classname="com.HiQ.sudokugenerator.SudokuGeneratorTest" name="testGenerateAndValidateValidSudoku[159]" time="0"/>
  <testcase classname="com.HiQ.sudokugenerator.SudokuGeneratorTest" name="testGenerateaPlaybleEasySudoku[159]" time="0"/>
  <testcase classname="com.HiQ.sudokugenerator.SudokuGeneratorTest" name="testGenerateaPlaybleHardSudoku[159]" time="0"/>
  <testcase classname="com.HiQ.sudokugenerator.SudokuGeneratorTest" name="testGenerateaPlaybleMediumSudoku[159]" time="0"/>
  <testcase classname="com.HiQ.sudokugenerator.SudokuGeneratorTest" name="testGenerateAndInValidateValidSudoku[160]" time="0"/>
  <testcase classname="com.HiQ.sudokugenerator.SudokuGeneratorTest" name="testGenerateAndValidateValidSudoku[160]" time="0"/>
  <testcase classname="com.HiQ.sudokugenerator.SudokuGeneratorTest" name="testGenerateaPlaybleEasySudoku[160]" time="0"/>
  <testcase classname="com.HiQ.sudokugenerator.SudokuGeneratorTest" name="testGenerateaPlaybleHardSudoku[160]" time="0.001"/>
  <testcase classname="com.HiQ.sudokugenerator.SudokuGeneratorTest" name="testGenerateaPlaybleMediumSudoku[160]" time="0"/>
  <testcase classname="com.HiQ.sudokugenerator.SudokuGeneratorTest" name="testGenerateAndInValidateValidSudoku[161]" time="0"/>
  <testcase classname="com.HiQ.sudokugenerator.SudokuGeneratorTest" name="testGenerateAndValidateValidSudoku[161]" time="0"/>
  <testcase classname="com.HiQ.sudokugenerator.SudokuGeneratorTest" name="testGenerateaPlaybleEasySudoku[161]" time="0"/>
  <testcase classname="com.HiQ.sudokugenerator.SudokuGeneratorTest" name="testGenerateaPlaybleHardSudoku[161]" time="0"/>
  <testcase classname="com.HiQ.sudokugenerator.SudokuGeneratorTest" name="testGenerateaPlaybleMediumSudoku[161]" time="0"/>
  <testcase classname="com.HiQ.sudokugenerator.SudokuGeneratorTest" name="testGenerateAndInValidateValidSudoku[162]" time="0"/>
  <testcase classname="com.HiQ.sudokugenerator.SudokuGeneratorTest" name="testGenerateAndValidateValidSudoku[162]" time="0"/>
  <testcase classname="com.HiQ.sudokugenerator.SudokuGeneratorTest" name="testGenerateaPlaybleEasySudoku[162]" time="0"/>
  <testcase classname="com.HiQ.sudokugenerator.SudokuGeneratorTest" name="testGenerateaPlaybleHardSudoku[162]" time="0"/>
  <testcase classname="com.HiQ.sudokugenerator.SudokuGeneratorTest" name="testGenerateaPlaybleMediumSudoku[162]" time="0"/>
  <testcase classname="com.HiQ.sudokugenerator.SudokuGeneratorTest" name="testGenerateAndInValidateValidSudoku[163]" time="0"/>
  <testcase classname="com.HiQ.sudokugenerator.SudokuGeneratorTest" name="testGenerateAndValidateValidSudoku[163]" time="0"/>
  <testcase classname="com.HiQ.sudokugenerator.SudokuGeneratorTest" name="testGenerateaPlaybleEasySudoku[163]" time="0"/>
  <testcase classname="com.HiQ.sudokugenerator.SudokuGeneratorTest" name="testGenerateaPlaybleHardSudoku[163]" time="0"/>
  <testcase classname="com.HiQ.sudokugenerator.SudokuGeneratorTest" name="testGenerateaPlaybleMediumSudoku[163]" time="0"/>
  <testcase classname="com.HiQ.sudokugenerator.SudokuGeneratorTest" name="testGenerateAndInValidateValidSudoku[164]" time="0"/>
  <testcase classname="com.HiQ.sudokugenerator.SudokuGeneratorTest" name="testGenerateAndValidateValidSudoku[164]" time="0"/>
  <testcase classname="com.HiQ.sudokugenerator.SudokuGeneratorTest" name="testGenerateaPlaybleEasySudoku[164]" time="0"/>
  <testcase classname="com.HiQ.sudokugenerator.SudokuGeneratorTest" name="testGenerateaPlaybleHardSudoku[164]" time="0"/>
  <testcase classname="com.HiQ.sudokugenerator.SudokuGeneratorTest" name="testGenerateaPlaybleMediumSudoku[164]" time="0"/>
  <testcase classname="com.HiQ.sudokugenerator.SudokuGeneratorTest" name="testGenerateAndInValidateValidSudoku[165]" time="0"/>
  <testcase classname="com.HiQ.sudokugenerator.SudokuGeneratorTest" name="testGenerateAndValidateValidSudoku[165]" time="0"/>
  <testcase classname="com.HiQ.sudokugenerator.SudokuGeneratorTest" name="testGenerateaPlaybleEasySudoku[165]" time="0"/>
  <testcase classname="com.HiQ.sudokugenerator.SudokuGeneratorTest" name="testGenerateaPlaybleHardSudoku[165]" time="0"/>
  <testcase classname="com.HiQ.sudokugenerator.SudokuGeneratorTest" name="testGenerateaPlaybleMediumSudoku[165]" time="0"/>
  <testcase classname="com.HiQ.sudokugenerator.SudokuGeneratorTest" name="testGenerateAndInValidateValidSudoku[166]" time="0"/>
  <testcase classname="com.HiQ.sudokugenerator.SudokuGeneratorTest" name="testGenerateAndValidateValidSudoku[166]" time="0"/>
  <testcase classname="com.HiQ.sudokugenerator.SudokuGeneratorTest" name="testGenerateaPlaybleEasySudoku[166]" time="0"/>
  <testcase classname="com.HiQ.sudokugenerator.SudokuGeneratorTest" name="testGenerateaPlaybleHardSudoku[166]" time="0"/>
  <testcase classname="com.HiQ.sudokugenerator.SudokuGeneratorTest" name="testGenerateaPlaybleMediumSudoku[166]" time="0"/>
  <testcase classname="com.HiQ.sudokugenerator.SudokuGeneratorTest" name="testGenerateAndInValidateValidSudoku[167]" time="0"/>
  <testcase classname="com.HiQ.sudokugenerator.SudokuGeneratorTest" name="testGenerateAndValidateValidSudoku[167]" time="0"/>
  <testcase classname="com.HiQ.sudokugenerator.SudokuGeneratorTest" name="testGenerateaPlaybleEasySudoku[167]" time="0.001"/>
  <testcase classname="com.HiQ.sudokugenerator.SudokuGeneratorTest" name="testGenerateaPlaybleHardSudoku[167]" time="0"/>
  <testcase classname="com.HiQ.sudokugenerator.SudokuGeneratorTest" name="testGenerateaPlaybleMediumSudoku[167]" time="0"/>
  <testcase classname="com.HiQ.sudokugenerator.SudokuGeneratorTest" name="testGenerateAndInValidateValidSudoku[168]" time="0"/>
  <testcase classname="com.HiQ.sudokugenerator.SudokuGeneratorTest" name="testGenerateAndValidateValidSudoku[168]" time="0"/>
  <testcase classname="com.HiQ.sudokugenerator.SudokuGeneratorTest" name="testGenerateaPlaybleEasySudoku[168]" time="0"/>
  <testcase classname="com.HiQ.sudokugenerator.SudokuGeneratorTest" name="testGenerateaPlaybleHardSudoku[168]" time="0"/>
  <testcase classname="com.HiQ.sudokugenerator.SudokuGeneratorTest" name="testGenerateaPlaybleMediumSudoku[168]" time="0"/>
  <testcase classname="com.HiQ.sudokugenerator.SudokuGeneratorTest" name="testGenerateAndInValidateValidSudoku[169]" time="0"/>
  <testcase classname="com.HiQ.sudokugenerator.SudokuGeneratorTest" name="testGenerateAndValidateValidSudoku[169]" time="0"/>
  <testcase classname="com.HiQ.sudokugenerator.SudokuGeneratorTest" name="testGenerateaPlaybleEasySudoku[169]" time="0"/>
  <testcase classname="com.HiQ.sudokugenerator.SudokuGeneratorTest" name="testGenerateaPlaybleHardSudoku[169]" time="0"/>
  <testcase classname="com.HiQ.sudokugenerator.SudokuGeneratorTest" name="testGenerateaPlaybleMediumSudoku[169]" time="0"/>
  <testcase classname="com.HiQ.sudokugenerator.SudokuGeneratorTest" name="testGenerateAndInValidateValidSudoku[170]" time="0"/>
  <testcase classname="com.HiQ.sudokugenerator.SudokuGeneratorTest" name="testGenerateAndValidateValidSudoku[170]" time="0"/>
  <testcase classname="com.HiQ.sudokugenerator.SudokuGeneratorTest" name="testGenerateaPlaybleEasySudoku[170]" time="0"/>
  <testcase classname="com.HiQ.sudokugenerator.SudokuGeneratorTest" name="testGenerateaPlaybleHardSudoku[170]" time="0"/>
  <testcase classname="com.HiQ.sudokugenerator.SudokuGeneratorTest" name="testGenerateaPlaybleMediumSudoku[170]" time="0"/>
  <testcase classname="com.HiQ.sudokugenerator.SudokuGeneratorTest" name="testGenerateAndInValidateValidSudoku[171]" time="0"/>
  <testcase classname="com.HiQ.sudokugenerator.SudokuGeneratorTest" name="testGenerateAndValidateValidSudoku[171]" time="0"/>
  <testcase classname="com.HiQ.sudokugenerator.SudokuGeneratorTest" name="testGenerateaPlaybleEasySudoku[171]" time="0"/>
  <testcase classname="com.HiQ.sudokugenerator.SudokuGeneratorTest" name="testGenerateaPlaybleHardSudoku[171]" time="0"/>
  <testcase classname="com.HiQ.sudokugenerator.SudokuGeneratorTest" name="testGenerateaPlaybleMediumSudoku[171]" time="0"/>
  <testcase classname="com.HiQ.sudokugenerator.SudokuGeneratorTest" name="testGenerateAndInValidateValidSudoku[172]" time="0"/>
  <testcase classname="com.HiQ.sudokugenerator.SudokuGeneratorTest" name="testGenerateAndValidateValidSudoku[172]" time="0"/>
  <testcase classname="com.HiQ.sudokugenerator.SudokuGeneratorTest" name="testGenerateaPlaybleEasySudoku[172]" time="0"/>
  <testcase classname="com.HiQ.sudokugenerator.SudokuGeneratorTest" name="testGenerateaPlaybleHardSudoku[172]" time="0"/>
  <testcase classname="com.HiQ.sudokugenerator.SudokuGeneratorTest" name="testGenerateaPlaybleMediumSudoku[172]" time="0"/>
  <testcase classname="com.HiQ.sudokugenerator.SudokuGeneratorTest" name="testGenerateAndInValidateValidSudoku[173]" time="0"/>
  <testcase classname="com.HiQ.sudokugenerator.SudokuGeneratorTest" name="testGenerateAndValidateValidSudoku[173]" time="0"/>
  <testcase classname="com.HiQ.sudokugenerator.SudokuGeneratorTest" name="testGenerateaPlaybleEasySudoku[173]" time="0"/>
  <testcase classname="com.HiQ.sudokugenerator.SudokuGeneratorTest" name="testGenerateaPlaybleHardSudoku[173]" time="0"/>
  <testcase classname="com.HiQ.sudokugenerator.SudokuGeneratorTest" name="testGenerateaPlaybleMediumSudoku[173]" time="0"/>
  <testcase classname="com.HiQ.sudokugenerator.SudokuGeneratorTest" name="testGenerateAndInValidateValidSudoku[174]" time="0"/>
  <testcase classname="com.HiQ.sudokugenerator.SudokuGeneratorTest" name="testGenerateAndValidateValidSudoku[174]" time="0"/>
  <testcase classname="com.HiQ.sudokugenerator.SudokuGeneratorTest" name="testGenerateaPlaybleEasySudoku[174]" time="0"/>
  <testcase classname="com.HiQ.sudokugenerator.SudokuGeneratorTest" name="testGenerateaPlaybleHardSudoku[174]" time="0"/>
  <testcase classname="com.HiQ.sudokugenerator.SudokuGeneratorTest" name="testGenerateaPlaybleMediumSudoku[174]" time="0.046"/>
  <testcase classname="com.HiQ.sudokugenerator.SudokuGeneratorTest" name="testGenerateAndInValidateValidSudoku[175]" time="0"/>
  <testcase classname="com.HiQ.sudokugenerator.SudokuGeneratorTest" name="testGenerateAndValidateValidSudoku[175]" time="0"/>
  <testcase classname="com.HiQ.sudokugenerator.SudokuGeneratorTest" name="testGenerateaPlaybleEasySudoku[175]" time="0"/>
  <testcase classname="com.HiQ.sudokugenerator.SudokuGeneratorTest" name="testGenerateaPlaybleHardSudoku[175]" time="0"/>
  <testcase classname="com.HiQ.sudokugenerator.SudokuGeneratorTest" name="testGenerateaPlaybleMediumSudoku[175]" time="0"/>
  <testcase classname="com.HiQ.sudokugenerator.SudokuGeneratorTest" name="testGenerateAndInValidateValidSudoku[176]" time="0"/>
  <testcase classname="com.HiQ.sudokugenerator.SudokuGeneratorTest" name="testGenerateAndValidateValidSudoku[176]" time="0"/>
  <testcase classname="com.HiQ.sudokugenerator.SudokuGeneratorTest" name="testGenerateaPlaybleEasySudoku[176]" time="0"/>
  <testcase classname="com.HiQ.sudokugenerator.SudokuGeneratorTest" name="testGenerateaPlaybleHardSudoku[176]" time="0"/>
  <testcase classname="com.HiQ.sudokugenerator.SudokuGeneratorTest" name="testGenerateaPlaybleMediumSudoku[176]" time="0"/>
  <testcase classname="com.HiQ.sudokugenerator.SudokuGeneratorTest" name="testGenerateAndInValidateValidSudoku[177]" time="0"/>
  <testcase classname="com.HiQ.sudokugenerator.SudokuGeneratorTest" name="testGenerateAndValidateValidSudoku[177]" time="0"/>
  <testcase classname="com.HiQ.sudokugenerator.SudokuGeneratorTest" name="testGenerateaPlaybleEasySudoku[177]" time="0"/>
  <testcase classname="com.HiQ.sudokugenerator.SudokuGeneratorTest" name="testGenerateaPlaybleHardSudoku[177]" time="0"/>
  <testcase classname="com.HiQ.sudokugenerator.SudokuGeneratorTest" name="testGenerateaPlaybleMediumSudoku[177]" time="0"/>
  <testcase classname="com.HiQ.sudokugenerator.SudokuGeneratorTest" name="testGenerateAndInValidateValidSudoku[178]" time="0"/>
  <testcase classname="com.HiQ.sudokugenerator.SudokuGeneratorTest" name="testGenerateAndValidateValidSudoku[178]" time="0"/>
  <testcase classname="com.HiQ.sudokugenerator.SudokuGeneratorTest" name="testGenerateaPlaybleEasySudoku[178]" time="0"/>
  <testcase classname="com.HiQ.sudokugenerator.SudokuGeneratorTest" name="testGenerateaPlaybleHardSudoku[178]" time="0"/>
  <testcase classname="com.HiQ.sudokugenerator.SudokuGeneratorTest" name="testGenerateaPlaybleMediumSudoku[178]" time="0"/>
  <testcase classname="com.HiQ.sudokugenerator.SudokuGeneratorTest" name="testGenerateAndInValidateValidSudoku[179]" time="0"/>
  <testcase classname="com.HiQ.sudokugenerator.SudokuGeneratorTest" name="testGenerateAndValidateValidSudoku[179]" time="0"/>
  <testcase classname="com.HiQ.sudokugenerator.SudokuGeneratorTest" name="testGenerateaPlaybleEasySudoku[179]" time="0"/>
  <testcase classname="com.HiQ.sudokugenerator.SudokuGeneratorTest" name="testGenerateaPlaybleHardSudoku[179]" time="0"/>
  <testcase classname="com.HiQ.sudokugenerator.SudokuGeneratorTest" name="testGenerateaPlaybleMediumSudoku[179]" time="0"/>
  <testcase classname="com.HiQ.sudokugenerator.SudokuGeneratorTest" name="testGenerateAndInValidateValidSudoku[180]" time="0"/>
  <testcase classname="com.HiQ.sudokugenerator.SudokuGeneratorTest" name="testGenerateAndValidateValidSudoku[180]" time="0"/>
  <testcase classname="com.HiQ.sudokugenerator.SudokuGeneratorTest" name="testGenerateaPlaybleEasySudoku[180]" time="0"/>
  <testcase classname="com.HiQ.sudokugenerator.SudokuGeneratorTest" name="testGenerateaPlaybleHardSudoku[180]" time="0"/>
  <testcase classname="com.HiQ.sudokugenerator.SudokuGeneratorTest" name="testGenerateaPlaybleMediumSudoku[180]" time="0"/>
  <testcase classname="com.HiQ.sudokugenerator.SudokuGeneratorTest" name="testGenerateAndInValidateValidSudoku[181]" time="0"/>
  <testcase classname="com.HiQ.sudokugenerator.SudokuGeneratorTest" name="testGenerateAndValidateValidSudoku[181]" time="0"/>
  <testcase classname="com.HiQ.sudokugenerator.SudokuGeneratorTest" name="testGenerateaPlaybleEasySudoku[181]" time="0"/>
  <testcase classname="com.HiQ.sudokugenerator.SudokuGeneratorTest" name="testGenerateaPlaybleHardSudoku[181]" time="0"/>
  <testcase classname="com.HiQ.sudokugenerator.SudokuGeneratorTest" name="testGenerateaPlaybleMediumSudoku[181]" time="0"/>
  <testcase classname="com.HiQ.sudokugenerator.SudokuGeneratorTest" name="testGenerateAndInValidateValidSudoku[182]" time="0"/>
  <testcase classname="com.HiQ.sudokugenerator.SudokuGeneratorTest" name="testGenerateAndValidateValidSudoku[182]" time="0"/>
  <testcase classname="com.HiQ.sudokugenerator.SudokuGeneratorTest" name="testGenerateaPlaybleEasySudoku[182]" time="0"/>
  <testcase classname="com.HiQ.sudokugenerator.SudokuGeneratorTest" name="testGenerateaPlaybleHardSudoku[182]" time="0"/>
  <testcase classname="com.HiQ.sudokugenerator.SudokuGeneratorTest" name="testGenerateaPlaybleMediumSudoku[182]" time="0"/>
  <testcase classname="com.HiQ.sudokugenerator.SudokuGeneratorTest" name="testGenerateAndInValidateValidSudoku[183]" time="0"/>
  <testcase classname="com.HiQ.sudokugenerator.SudokuGeneratorTest" name="testGenerateAndValidateValidSudoku[183]" time="0"/>
  <testcase classname="com.HiQ.sudokugenerator.SudokuGeneratorTest" name="testGenerateaPlaybleEasySudoku[183]" time="0"/>
  <testcase classname="com.HiQ.sudokugenerator.SudokuGeneratorTest" name="testGenerateaPlaybleHardSudoku[183]" time="0"/>
  <testcase classname="com.HiQ.sudokugenerator.SudokuGeneratorTest" name="testGenerateaPlaybleMediumSudoku[183]" time="0"/>
  <testcase classname="com.HiQ.sudokugenerator.SudokuGeneratorTest" name="testGenerateAndInValidateValidSudoku[184]" time="0"/>
  <testcase classname="com.HiQ.sudokugenerator.SudokuGeneratorTest" name="testGenerateAndValidateValidSudoku[184]" time="0"/>
  <testcase classname="com.HiQ.sudokugenerator.SudokuGeneratorTest" name="testGenerateaPlaybleEasySudoku[184]" time="0"/>
  <testcase classname="com.HiQ.sudokugenerator.SudokuGeneratorTest" name="testGenerateaPlaybleHardSudoku[184]" time="0"/>
  <testcase classname="com.HiQ.sudokugenerator.SudokuGeneratorTest" name="testGenerateaPlaybleMediumSudoku[184]" time="0"/>
  <testcase classname="com.HiQ.sudokugenerator.SudokuGeneratorTest" name="testGenerateAndInValidateValidSudoku[185]" time="0"/>
  <testcase classname="com.HiQ.sudokugenerator.SudokuGeneratorTest" name="testGenerateAndValidateValidSudoku[185]" time="0"/>
  <testcase classname="com.HiQ.sudokugenerator.SudokuGeneratorTest" name="testGenerateaPlaybleEasySudoku[185]" time="0"/>
  <testcase classname="com.HiQ.sudokugenerator.SudokuGeneratorTest" name="testGenerateaPlaybleHardSudoku[185]" time="0"/>
  <testcase classname="com.HiQ.sudokugenerator.SudokuGeneratorTest" name="testGenerateaPlaybleMediumSudoku[185]" time="0"/>
  <testcase classname="com.HiQ.sudokugenerator.SudokuGeneratorTest" name="testGenerateAndInValidateValidSudoku[186]" time="0"/>
  <testcase classname="com.HiQ.sudokugenerator.SudokuGeneratorTest" name="testGenerateAndValidateValidSudoku[186]" time="0"/>
  <testcase classname="com.HiQ.sudokugenerator.SudokuGeneratorTest" name="testGenerateaPlaybleEasySudoku[186]" time="0"/>
  <testcase classname="com.HiQ.sudokugenerator.SudokuGeneratorTest" name="testGenerateaPlaybleHardSudoku[186]" time="0"/>
  <testcase classname="com.HiQ.sudokugenerator.SudokuGeneratorTest" name="testGenerateaPlaybleMediumSudoku[186]" time="0"/>
  <testcase classname="com.HiQ.sudokugenerator.SudokuGeneratorTest" name="testGenerateAndInValidateValidSudoku[187]" time="0"/>
  <testcase classname="com.HiQ.sudokugenerator.SudokuGeneratorTest" name="testGenerateAndValidateValidSudoku[187]" time="0"/>
  <testcase classname="com.HiQ.sudokugenerator.SudokuGeneratorTest" name="testGenerateaPlaybleEasySudoku[187]" time="0"/>
  <testcase classname="com.HiQ.sudokugenerator.SudokuGeneratorTest" name="testGenerateaPlaybleHardSudoku[187]" time="0"/>
  <testcase classname="com.HiQ.sudokugenerator.SudokuGeneratorTest" name="testGenerateaPlaybleMediumSudoku[187]" time="0"/>
  <testcase classname="com.HiQ.sudokugenerator.SudokuGeneratorTest" name="testGenerateAndInValidateValidSudoku[188]" time="0"/>
  <testcase classname="com.HiQ.sudokugenerator.SudokuGeneratorTest" name="testGenerateAndValidateValidSudoku[188]" time="0"/>
  <testcase classname="com.HiQ.sudokugenerator.SudokuGeneratorTest" name="testGenerateaPlaybleEasySudoku[188]" time="0"/>
  <testcase classname="com.HiQ.sudokugenerator.SudokuGeneratorTest" name="testGenerateaPlaybleHardSudoku[188]" time="0"/>
  <testcase classname="com.HiQ.sudokugenerator.SudokuGeneratorTest" name="testGenerateaPlaybleMediumSudoku[188]" time="0"/>
  <testcase classname="com.HiQ.sudokugenerator.SudokuGeneratorTest" name="testGenerateAndInValidateValidSudoku[189]" time="0"/>
  <testcase classname="com.HiQ.sudokugenerator.SudokuGeneratorTest" name="testGenerateAndValidateValidSudoku[189]" time="0"/>
  <testcase classname="com.HiQ.sudokugenerator.SudokuGeneratorTest" name="testGenerateaPlaybleEasySudoku[189]" time="0"/>
  <testcase classname="com.HiQ.sudokugenerator.SudokuGeneratorTest" name="testGenerateaPlaybleHardSudoku[189]" time="0"/>
  <testcase classname="com.HiQ.sudokugenerator.SudokuGeneratorTest" name="testGenerateaPlaybleMediumSudoku[189]" time="0"/>
  <testcase classname="com.HiQ.sudokugenerator.SudokuGeneratorTest" name="testGenerateAndInValidateValidSudoku[190]" time="0"/>
  <testcase classname="com.HiQ.sudokugenerator.SudokuGeneratorTest" name="testGenerateAndValidateValidSudoku[190]" time="0"/>
  <testcase classname="com.HiQ.sudokugenerator.SudokuGeneratorTest" name="testGenerateaPlaybleEasySudoku[190]" time="0"/>
  <testcase classname="com.HiQ.sudokugenerator.SudokuGeneratorTest" name="testGenerateaPlaybleHardSudoku[190]" time="0"/>
  <testcase classname="com.HiQ.sudokugenerator.SudokuGeneratorTest" name="testGenerateaPlaybleMediumSudoku[190]" time="0"/>
  <testcase classname="com.HiQ.sudokugenerator.SudokuGeneratorTest" name="testGenerateAndInValidateValidSudoku[191]" time="0"/>
  <testcase classname="com.HiQ.sudokugenerator.SudokuGeneratorTest" name="testGenerateAndValidateValidSudoku[191]" time="0"/>
  <testcase classname="com.HiQ.sudokugenerator.SudokuGeneratorTest" name="testGenerateaPlaybleEasySudoku[191]" time="0"/>
  <testcase classname="com.HiQ.sudokugenerator.SudokuGeneratorTest" name="testGenerateaPlaybleHardSudoku[191]" time="0"/>
  <testcase classname="com.HiQ.sudokugenerator.SudokuGeneratorTest" name="testGenerateaPlaybleMediumSudoku[191]" time="0"/>
  <testcase classname="com.HiQ.sudokugenerator.SudokuGeneratorTest" name="testGenerateAndInValidateValidSudoku[192]" time="0"/>
  <testcase classname="com.HiQ.sudokugenerator.SudokuGeneratorTest" name="testGenerateAndValidateValidSudoku[192]" time="0"/>
  <testcase classname="com.HiQ.sudokugenerator.SudokuGeneratorTest" name="testGenerateaPlaybleEasySudoku[192]" time="0"/>
  <testcase classname="com.HiQ.sudokugenerator.SudokuGeneratorTest" name="testGenerateaPlaybleHardSudoku[192]" time="0"/>
  <testcase classname="com.HiQ.sudokugenerator.SudokuGeneratorTest" name="testGenerateaPlaybleMediumSudoku[192]" time="0"/>
  <testcase classname="com.HiQ.sudokugenerator.SudokuGeneratorTest" name="testGenerateAndInValidateValidSudoku[193]" time="0"/>
  <testcase classname="com.HiQ.sudokugenerator.SudokuGeneratorTest" name="testGenerateAndValidateValidSudoku[193]" time="0"/>
  <testcase classname="com.HiQ.sudokugenerator.SudokuGeneratorTest" name="testGenerateaPlaybleEasySudoku[193]" time="0"/>
  <testcase classname="com.HiQ.sudokugenerator.SudokuGeneratorTest" name="testGenerateaPlaybleHardSudoku[193]" time="0"/>
  <testcase classname="com.HiQ.sudokugenerator.SudokuGeneratorTest" name="testGenerateaPlaybleMediumSudoku[193]" time="0"/>
  <testcase classname="com.HiQ.sudokugenerator.SudokuGeneratorTest" name="testGenerateAndInValidateValidSudoku[194]" time="0"/>
  <testcase classname="com.HiQ.sudokugenerator.SudokuGeneratorTest" name="testGenerateAndValidateValidSudoku[194]" time="0.001"/>
  <testcase classname="com.HiQ.sudokugenerator.SudokuGeneratorTest" name="testGenerateaPlaybleEasySudoku[194]" time="0"/>
  <testcase classname="com.HiQ.sudokugenerator.SudokuGeneratorTest" name="testGenerateaPlaybleHardSudoku[194]" time="0"/>
  <testcase classname="com.HiQ.sudokugenerator.SudokuGeneratorTest" name="testGenerateaPlaybleMediumSudoku[194]" time="0"/>
  <testcase classname="com.HiQ.sudokugenerator.SudokuGeneratorTest" name="testGenerateAndInValidateValidSudoku[195]" time="0"/>
  <testcase classname="com.HiQ.sudokugenerator.SudokuGeneratorTest" name="testGenerateAndValidateValidSudoku[195]" time="0"/>
  <testcase classname="com.HiQ.sudokugenerator.SudokuGeneratorTest" name="testGenerateaPlaybleEasySudoku[195]" time="0"/>
  <testcase classname="com.HiQ.sudokugenerator.SudokuGeneratorTest" name="testGenerateaPlaybleHardSudoku[195]" time="0"/>
  <testcase classname="com.HiQ.sudokugenerator.SudokuGeneratorTest" name="testGenerateaPlaybleMediumSudoku[195]" time="0"/>
  <testcase classname="com.HiQ.sudokugenerator.SudokuGeneratorTest" name="testGenerateAndInValidateValidSudoku[196]" time="0"/>
  <testcase classname="com.HiQ.sudokugenerator.SudokuGeneratorTest" name="testGenerateAndValidateValidSudoku[196]" time="0"/>
  <testcase classname="com.HiQ.sudokugenerator.SudokuGeneratorTest" name="testGenerateaPlaybleEasySudoku[196]" time="0"/>
  <testcase classname="com.HiQ.sudokugenerator.SudokuGeneratorTest" name="testGenerateaPlaybleHardSudoku[196]" time="0"/>
  <testcase classname="com.HiQ.sudokugenerator.SudokuGeneratorTest" name="testGenerateaPlaybleMediumSudoku[196]" time="0"/>
  <testcase classname="com.HiQ.sudokugenerator.SudokuGeneratorTest" name="testGenerateAndInValidateValidSudoku[197]" time="0"/>
  <testcase classname="com.HiQ.sudokugenerator.SudokuGeneratorTest" name="testGenerateAndValidateValidSudoku[197]" time="0.001"/>
  <testcase classname="com.HiQ.sudokugenerator.SudokuGeneratorTest" name="testGenerateaPlaybleEasySudoku[197]" time="0"/>
  <testcase classname="com.HiQ.sudokugenerator.SudokuGeneratorTest" name="testGenerateaPlaybleHardSudoku[197]" time="0"/>
  <testcase classname="com.HiQ.sudokugenerator.SudokuGeneratorTest" name="testGenerateaPlaybleMediumSudoku[197]" time="0"/>
  <testcase classname="com.HiQ.sudokugenerator.SudokuGeneratorTest" name="testGenerateAndInValidateValidSudoku[198]" time="0"/>
  <testcase classname="com.HiQ.sudokugenerator.SudokuGeneratorTest" name="testGenerateAndValidateValidSudoku[198]" time="0"/>
  <testcase classname="com.HiQ.sudokugenerator.SudokuGeneratorTest" name="testGenerateaPlaybleEasySudoku[198]" time="0"/>
  <testcase classname="com.HiQ.sudokugenerator.SudokuGeneratorTest" name="testGenerateaPlaybleHardSudoku[198]" time="0"/>
  <testcase classname="com.HiQ.sudokugenerator.SudokuGeneratorTest" name="testGenerateaPlaybleMediumSudoku[198]" time="0"/>
  <testcase classname="com.HiQ.sudokugenerator.SudokuGeneratorTest" name="testGenerateAndInValidateValidSudoku[199]" time="0"/>
  <testcase classname="com.HiQ.sudokugenerator.SudokuGeneratorTest" name="testGenerateAndValidateValidSudoku[199]" time="0"/>
  <testcase classname="com.HiQ.sudokugenerator.SudokuGeneratorTest" name="testGenerateaPlaybleEasySudoku[199]" time="0"/>
  <testcase classname="com.HiQ.sudokugenerator.SudokuGeneratorTest" name="testGenerateaPlaybleHardSudoku[199]" time="0"/>
  <testcase classname="com.HiQ.sudokugenerator.SudokuGeneratorTest" name="testGenerateaPlaybleMediumSudoku[199]" time="0"/>
  <testcase classname="com.HiQ.sudokugenerator.SudokuGeneratorTest" name="testGenerateAndInValidateValidSudoku[200]" time="0"/>
  <testcase classname="com.HiQ.sudokugenerator.SudokuGeneratorTest" name="testGenerateAndValidateValidSudoku[200]" time="0"/>
  <testcase classname="com.HiQ.sudokugenerator.SudokuGeneratorTest" name="testGenerateaPlaybleEasySudoku[200]" time="0"/>
  <testcase classname="com.HiQ.sudokugenerator.SudokuGeneratorTest" name="testGenerateaPlaybleHardSudoku[200]" time="0"/>
  <testcase classname="com.HiQ.sudokugenerator.SudokuGeneratorTest" name="testGenerateaPlaybleMediumSudoku[200]" time="0"/>
  <testcase classname="com.HiQ.sudokugenerator.SudokuGeneratorTest" name="testGenerateAndInValidateValidSudoku[201]" time="0"/>
  <testcase classname="com.HiQ.sudokugenerator.SudokuGeneratorTest" name="testGenerateAndValidateValidSudoku[201]" time="0"/>
  <testcase classname="com.HiQ.sudokugenerator.SudokuGeneratorTest" name="testGenerateaPlaybleEasySudoku[201]" time="0"/>
  <testcase classname="com.HiQ.sudokugenerator.SudokuGeneratorTest" name="testGenerateaPlaybleHardSudoku[201]" time="0"/>
  <testcase classname="com.HiQ.sudokugenerator.SudokuGeneratorTest" name="testGenerateaPlaybleMediumSudoku[201]" time="0"/>
  <testcase classname="com.HiQ.sudokugenerator.SudokuGeneratorTest" name="testGenerateAndInValidateValidSudoku[202]" time="0"/>
  <testcase classname="com.HiQ.sudokugenerator.SudokuGeneratorTest" name="testGenerateAndValidateValidSudoku[202]" time="0"/>
  <testcase classname="com.HiQ.sudokugenerator.SudokuGeneratorTest" name="testGenerateaPlaybleEasySudoku[202]" time="0"/>
  <testcase classname="com.HiQ.sudokugenerator.SudokuGeneratorTest" name="testGenerateaPlaybleHardSudoku[202]" time="0"/>
  <testcase classname="com.HiQ.sudokugenerator.SudokuGeneratorTest" name="testGenerateaPlaybleMediumSudoku[202]" time="0"/>
  <testcase classname="com.HiQ.sudokugenerator.SudokuGeneratorTest" name="testGenerateAndInValidateValidSudoku[203]" time="0"/>
  <testcase classname="com.HiQ.sudokugenerator.SudokuGeneratorTest" name="testGenerateAndValidateValidSudoku[203]" time="0"/>
  <testcase classname="com.HiQ.sudokugenerator.SudokuGeneratorTest" name="testGenerateaPlaybleEasySudoku[203]" time="0"/>
  <testcase classname="com.HiQ.sudokugenerator.SudokuGeneratorTest" name="testGenerateaPlaybleHardSudoku[203]" time="0.047"/>
  <testcase classname="com.HiQ.sudokugenerator.SudokuGeneratorTest" name="testGenerateaPlaybleMediumSudoku[203]" time="0"/>
  <testcase classname="com.HiQ.sudokugenerator.SudokuGeneratorTest" name="testGenerateAndInValidateValidSudoku[204]" time="0"/>
  <testcase classname="com.HiQ.sudokugenerator.SudokuGeneratorTest" name="testGenerateAndValidateValidSudoku[204]" time="0"/>
  <testcase classname="com.HiQ.sudokugenerator.SudokuGeneratorTest" name="testGenerateaPlaybleEasySudoku[204]" time="0"/>
  <testcase classname="com.HiQ.sudokugenerator.SudokuGeneratorTest" name="testGenerateaPlaybleHardSudoku[204]" time="0"/>
  <testcase classname="com.HiQ.sudokugenerator.SudokuGeneratorTest" name="testGenerateaPlaybleMediumSudoku[204]" time="0"/>
  <testcase classname="com.HiQ.sudokugenerator.SudokuGeneratorTest" name="testGenerateAndInValidateValidSudoku[205]" time="0"/>
  <testcase classname="com.HiQ.sudokugenerator.SudokuGeneratorTest" name="testGenerateAndValidateValidSudoku[205]" time="0"/>
  <testcase classname="com.HiQ.sudokugenerator.SudokuGeneratorTest" name="testGenerateaPlaybleEasySudoku[205]" time="0"/>
  <testcase classname="com.HiQ.sudokugenerator.SudokuGeneratorTest" name="testGenerateaPlaybleHardSudoku[205]" time="0"/>
  <testcase classname="com.HiQ.sudokugenerator.SudokuGeneratorTest" name="testGenerateaPlaybleMediumSudoku[205]" time="0"/>
  <testcase classname="com.HiQ.sudokugenerator.SudokuGeneratorTest" name="testGenerateAndInValidateValidSudoku[206]" time="0"/>
  <testcase classname="com.HiQ.sudokugenerator.SudokuGeneratorTest" name="testGenerateAndValidateValidSudoku[206]" time="0"/>
  <testcase classname="com.HiQ.sudokugenerator.SudokuGeneratorTest" name="testGenerateaPlaybleEasySudoku[206]" time="0"/>
  <testcase classname="com.HiQ.sudokugenerator.SudokuGeneratorTest" name="testGenerateaPlaybleHardSudoku[206]" time="0"/>
  <testcase classname="com.HiQ.sudokugenerator.SudokuGeneratorTest" name="testGenerateaPlaybleMediumSudoku[206]" time="0"/>
  <testcase classname="com.HiQ.sudokugenerator.SudokuGeneratorTest" name="testGenerateAndInValidateValidSudoku[207]" time="0"/>
  <testcase classname="com.HiQ.sudokugenerator.SudokuGeneratorTest" name="testGenerateAndValidateValidSudoku[207]" time="0"/>
  <testcase classname="com.HiQ.sudokugenerator.SudokuGeneratorTest" name="testGenerateaPlaybleEasySudoku[207]" time="0"/>
  <testcase classname="com.HiQ.sudokugenerator.SudokuGeneratorTest" name="testGenerateaPlaybleHardSudoku[207]" time="0"/>
  <testcase classname="com.HiQ.sudokugenerator.SudokuGeneratorTest" name="testGenerateaPlaybleMediumSudoku[207]" time="0"/>
  <testcase classname="com.HiQ.sudokugenerator.SudokuGeneratorTest" name="testGenerateAndInValidateValidSudoku[208]" time="0"/>
  <testcase classname="com.HiQ.sudokugenerator.SudokuGeneratorTest" name="testGenerateAndValidateValidSudoku[208]" time="0"/>
  <testcase classname="com.HiQ.sudokugenerator.SudokuGeneratorTest" name="testGenerateaPlaybleEasySudoku[208]" time="0"/>
  <testcase classname="com.HiQ.sudokugenerator.SudokuGeneratorTest" name="testGenerateaPlaybleHardSudoku[208]" time="0"/>
  <testcase classname="com.HiQ.sudokugenerator.SudokuGeneratorTest" name="testGenerateaPlaybleMediumSudoku[208]" time="0"/>
  <testcase classname="com.HiQ.sudokugenerator.SudokuGeneratorTest" name="testGenerateAndInValidateValidSudoku[209]" time="0"/>
  <testcase classname="com.HiQ.sudokugenerator.SudokuGeneratorTest" name="testGenerateAndValidateValidSudoku[209]" time="0"/>
  <testcase classname="com.HiQ.sudokugenerator.SudokuGeneratorTest" name="testGenerateaPlaybleEasySudoku[209]" time="0"/>
  <testcase classname="com.HiQ.sudokugenerator.SudokuGeneratorTest" name="testGenerateaPlaybleHardSudoku[209]" time="0"/>
  <testcase classname="com.HiQ.sudokugenerator.SudokuGeneratorTest" name="testGenerateaPlaybleMediumSudoku[209]" time="0"/>
  <testcase classname="com.HiQ.sudokugenerator.SudokuGeneratorTest" name="testGenerateAndInValidateValidSudoku[210]" time="0"/>
  <testcase classname="com.HiQ.sudokugenerator.SudokuGeneratorTest" name="testGenerateAndValidateValidSudoku[210]" time="0"/>
  <testcase classname="com.HiQ.sudokugenerator.SudokuGeneratorTest" name="testGenerateaPlaybleEasySudoku[210]" time="0"/>
  <testcase classname="com.HiQ.sudokugenerator.SudokuGeneratorTest" name="testGenerateaPlaybleHardSudoku[210]" time="0.001"/>
  <testcase classname="com.HiQ.sudokugenerator.SudokuGeneratorTest" name="testGenerateaPlaybleMediumSudoku[210]" time="0"/>
  <testcase classname="com.HiQ.sudokugenerator.SudokuGeneratorTest" name="testGenerateAndInValidateValidSudoku[211]" time="0"/>
  <testcase classname="com.HiQ.sudokugenerator.SudokuGeneratorTest" name="testGenerateAndValidateValidSudoku[211]" time="0"/>
  <testcase classname="com.HiQ.sudokugenerator.SudokuGeneratorTest" name="testGenerateaPlaybleEasySudoku[211]" time="0"/>
  <testcase classname="com.HiQ.sudokugenerator.SudokuGeneratorTest" name="testGenerateaPlaybleHardSudoku[211]" time="0"/>
  <testcase classname="com.HiQ.sudokugenerator.SudokuGeneratorTest" name="testGenerateaPlaybleMediumSudoku[211]" time="0"/>
  <testcase classname="com.HiQ.sudokugenerator.SudokuGeneratorTest" name="testGenerateAndInValidateValidSudoku[212]" time="0"/>
  <testcase classname="com.HiQ.sudokugenerator.SudokuGeneratorTest" name="testGenerateAndValidateValidSudoku[212]" time="0"/>
  <testcase classname="com.HiQ.sudokugenerator.SudokuGeneratorTest" name="testGenerateaPlaybleEasySudoku[212]" time="0"/>
  <testcase classname="com.HiQ.sudokugenerator.SudokuGeneratorTest" name="testGenerateaPlaybleHardSudoku[212]" time="0"/>
  <testcase classname="com.HiQ.sudokugenerator.SudokuGeneratorTest" name="testGenerateaPlaybleMediumSudoku[212]" time="0"/>
  <testcase classname="com.HiQ.sudokugenerator.SudokuGeneratorTest" name="testGenerateAndInValidateValidSudoku[213]" time="0"/>
  <testcase classname="com.HiQ.sudokugenerator.SudokuGeneratorTest" name="testGenerateAndValidateValidSudoku[213]" time="0"/>
  <testcase classname="com.HiQ.sudokugenerator.SudokuGeneratorTest" name="testGenerateaPlaybleEasySudoku[213]" time="0"/>
  <testcase classname="com.HiQ.sudokugenerator.SudokuGeneratorTest" name="testGenerateaPlaybleHardSudoku[213]" time="0.002"/>
  <testcase classname="com.HiQ.sudokugenerator.SudokuGeneratorTest" name="testGenerateaPlaybleMediumSudoku[213]" time="0"/>
  <testcase classname="com.HiQ.sudokugenerator.SudokuGeneratorTest" name="testGenerateAndInValidateValidSudoku[214]" time="0"/>
  <testcase classname="com.HiQ.sudokugenerator.SudokuGeneratorTest" name="testGenerateAndValidateValidSudoku[214]" time="0"/>
  <testcase classname="com.HiQ.sudokugenerator.SudokuGeneratorTest" name="testGenerateaPlaybleEasySudoku[214]" time="0"/>
  <testcase classname="com.HiQ.sudokugenerator.SudokuGeneratorTest" name="testGenerateaPlaybleHardSudoku[214]" time="0"/>
  <testcase classname="com.HiQ.sudokugenerator.SudokuGeneratorTest" name="testGenerateaPlaybleMediumSudoku[214]" time="0"/>
  <testcase classname="com.HiQ.sudokugenerator.SudokuGeneratorTest" name="testGenerateAndInValidateValidSudoku[215]" time="0"/>
  <testcase classname="com.HiQ.sudokugenerator.SudokuGeneratorTest" name="testGenerateAndValidateValidSudoku[215]" time="0"/>
  <testcase classname="com.HiQ.sudokugenerator.SudokuGeneratorTest" name="testGenerateaPlaybleEasySudoku[215]" time="0"/>
  <testcase classname="com.HiQ.sudokugenerator.SudokuGeneratorTest" name="testGenerateaPlaybleHardSudoku[215]" time="0"/>
  <testcase classname="com.HiQ.sudokugenerator.SudokuGeneratorTest" name="testGenerateaPlaybleMediumSudoku[215]" time="0"/>
  <testcase classname="com.HiQ.sudokugenerator.SudokuGeneratorTest" name="testGenerateAndInValidateValidSudoku[216]" time="0"/>
  <testcase classname="com.HiQ.sudokugenerator.SudokuGeneratorTest" name="testGenerateAndValidateValidSudoku[216]" time="0"/>
  <testcase classname="com.HiQ.sudokugenerator.SudokuGeneratorTest" name="testGenerateaPlaybleEasySudoku[216]" time="0"/>
  <testcase classname="com.HiQ.sudokugenerator.SudokuGeneratorTest" name="testGenerateaPlaybleHardSudoku[216]" time="0"/>
  <testcase classname="com.HiQ.sudokugenerator.SudokuGeneratorTest" name="testGenerateaPlaybleMediumSudoku[216]" time="0"/>
  <testcase classname="com.HiQ.sudokugenerator.SudokuGeneratorTest" name="testGenerateAndInValidateValidSudoku[217]" time="0"/>
  <testcase classname="com.HiQ.sudokugenerator.SudokuGeneratorTest" name="testGenerateAndValidateValidSudoku[217]" time="0"/>
  <testcase classname="com.HiQ.sudokugenerator.SudokuGeneratorTest" name="testGenerateaPlaybleEasySudoku[217]" time="0"/>
  <testcase classname="com.HiQ.sudokugenerator.SudokuGeneratorTest" name="testGenerateaPlaybleHardSudoku[217]" time="0"/>
  <testcase classname="com.HiQ.sudokugenerator.SudokuGeneratorTest" name="testGenerateaPlaybleMediumSudoku[217]" time="0.004"/>
  <testcase classname="com.HiQ.sudokugenerator.SudokuGeneratorTest" name="testGenerateAndInValidateValidSudoku[218]" time="0"/>
  <testcase classname="com.HiQ.sudokugenerator.SudokuGeneratorTest" name="testGenerateAndValidateValidSudoku[218]" time="0"/>
  <testcase classname="com.HiQ.sudokugenerator.SudokuGeneratorTest" name="testGenerateaPlaybleEasySudoku[218]" time="0"/>
  <testcase classname="com.HiQ.sudokugenerator.SudokuGeneratorTest" name="testGenerateaPlaybleHardSudoku[218]" time="0"/>
  <testcase classname="com.HiQ.sudokugenerator.SudokuGeneratorTest" name="testGenerateaPlaybleMediumSudoku[218]" time="0"/>
  <testcase classname="com.HiQ.sudokugenerator.SudokuGeneratorTest" name="testGenerateAndInValidateValidSudoku[219]" time="0"/>
  <testcase classname="com.HiQ.sudokugenerator.SudokuGeneratorTest" name="testGenerateAndValidateValidSudoku[219]" time="0"/>
  <testcase classname="com.HiQ.sudokugenerator.SudokuGeneratorTest" name="testGenerateaPlaybleEasySudoku[219]" time="0"/>
  <testcase classname="com.HiQ.sudokugenerator.SudokuGeneratorTest" name="testGenerateaPlaybleHardSudoku[219]" time="0"/>
  <testcase classname="com.HiQ.sudokugenerator.SudokuGeneratorTest" name="testGenerateaPlaybleMediumSudoku[219]" time="0"/>
  <testcase classname="com.HiQ.sudokugenerator.SudokuGeneratorTest" name="testGenerateAndInValidateValidSudoku[220]" time="0"/>
  <testcase classname="com.HiQ.sudokugenerator.SudokuGeneratorTest" name="testGenerateAndValidateValidSudoku[220]" time="0"/>
  <testcase classname="com.HiQ.sudokugenerator.SudokuGeneratorTest" name="testGenerateaPlaybleEasySudoku[220]" time="0"/>
  <testcase classname="com.HiQ.sudokugenerator.SudokuGeneratorTest" name="testGenerateaPlaybleHardSudoku[220]" time="0"/>
  <testcase classname="com.HiQ.sudokugenerator.SudokuGeneratorTest" name="testGenerateaPlaybleMediumSudoku[220]" time="0.008"/>
  <testcase classname="com.HiQ.sudokugenerator.SudokuGeneratorTest" name="testGenerateAndInValidateValidSudoku[221]" time="0"/>
  <testcase classname="com.HiQ.sudokugenerator.SudokuGeneratorTest" name="testGenerateAndValidateValidSudoku[221]" time="0"/>
  <testcase classname="com.HiQ.sudokugenerator.SudokuGeneratorTest" name="testGenerateaPlaybleEasySudoku[221]" time="0"/>
  <testcase classname="com.HiQ.sudokugenerator.SudokuGeneratorTest" name="testGenerateaPlaybleHardSudoku[221]" time="0"/>
  <testcase classname="com.HiQ.sudokugenerator.SudokuGeneratorTest" name="testGenerateaPlaybleMediumSudoku[221]" time="0"/>
  <testcase classname="com.HiQ.sudokugenerator.SudokuGeneratorTest" name="testGenerateAndInValidateValidSudoku[222]" time="0"/>
  <testcase classname="com.HiQ.sudokugenerator.SudokuGeneratorTest" name="testGenerateAndValidateValidSudoku[222]" time="0"/>
  <testcase classname="com.HiQ.sudokugenerator.SudokuGeneratorTest" name="testGenerateaPlaybleEasySudoku[222]" time="0"/>
  <testcase classname="com.HiQ.sudokugenerator.SudokuGeneratorTest" name="testGenerateaPlaybleHardSudoku[222]" time="0"/>
  <testcase classname="com.HiQ.sudokugenerator.SudokuGeneratorTest" name="testGenerateaPlaybleMediumSudoku[222]" time="0.001"/>
  <testcase classname="com.HiQ.sudokugenerator.SudokuGeneratorTest" name="testGenerateAndInValidateValidSudoku[223]" time="0"/>
  <testcase classname="com.HiQ.sudokugenerator.SudokuGeneratorTest" name="testGenerateAndValidateValidSudoku[223]" time="0"/>
  <testcase classname="com.HiQ.sudokugenerator.SudokuGeneratorTest" name="testGenerateaPlaybleEasySudoku[223]" time="0"/>
  <testcase classname="com.HiQ.sudokugenerator.SudokuGeneratorTest" name="testGenerateaPlaybleHardSudoku[223]" time="0"/>
  <testcase classname="com.HiQ.sudokugenerator.SudokuGeneratorTest" name="testGenerateaPlaybleMediumSudoku[223]" time="0"/>
  <testcase classname="com.HiQ.sudokugenerator.SudokuGeneratorTest" name="testGenerateAndInValidateValidSudoku[224]" time="0"/>
  <testcase classname="com.HiQ.sudokugenerator.SudokuGeneratorTest" name="testGenerateAndValidateValidSudoku[224]" time="0"/>
  <testcase classname="com.HiQ.sudokugenerator.SudokuGeneratorTest" name="testGenerateaPlaybleEasySudoku[224]" time="0"/>
  <testcase classname="com.HiQ.sudokugenerator.SudokuGeneratorTest" name="testGenerateaPlaybleHardSudoku[224]" time="0"/>
  <testcase classname="com.HiQ.sudokugenerator.SudokuGeneratorTest" name="testGenerateaPlaybleMediumSudoku[224]" time="0"/>
  <testcase classname="com.HiQ.sudokugenerator.SudokuGeneratorTest" name="testGenerateAndInValidateValidSudoku[225]" time="0"/>
  <testcase classname="com.HiQ.sudokugenerator.SudokuGeneratorTest" name="testGenerateAndValidateValidSudoku[225]" time="0"/>
  <testcase classname="com.HiQ.sudokugenerator.SudokuGeneratorTest" name="testGenerateaPlaybleEasySudoku[225]" time="0"/>
  <testcase classname="com.HiQ.sudokugenerator.SudokuGeneratorTest" name="testGenerateaPlaybleHardSudoku[225]" time="0"/>
  <testcase classname="com.HiQ.sudokugenerator.SudokuGeneratorTest" name="testGenerateaPlaybleMediumSudoku[225]" time="0"/>
  <testcase classname="com.HiQ.sudokugenerator.SudokuGeneratorTest" name="testGenerateAndInValidateValidSudoku[226]" time="0"/>
  <testcase classname="com.HiQ.sudokugenerator.SudokuGeneratorTest" name="testGenerateAndValidateValidSudoku[226]" time="0"/>
  <testcase classname="com.HiQ.sudokugenerator.SudokuGeneratorTest" name="testGenerateaPlaybleEasySudoku[226]" time="0"/>
  <testcase classname="com.HiQ.sudokugenerator.SudokuGeneratorTest" name="testGenerateaPlaybleHardSudoku[226]" time="0"/>
  <testcase classname="com.HiQ.sudokugenerator.SudokuGeneratorTest" name="testGenerateaPlaybleMediumSudoku[226]" time="0"/>
  <testcase classname="com.HiQ.sudokugenerator.SudokuGeneratorTest" name="testGenerateAndInValidateValidSudoku[227]" time="0"/>
  <testcase classname="com.HiQ.sudokugenerator.SudokuGeneratorTest" name="testGenerateAndValidateValidSudoku[227]" time="0"/>
  <testcase classname="com.HiQ.sudokugenerator.SudokuGeneratorTest" name="testGenerateaPlaybleEasySudoku[227]" time="0.001"/>
  <testcase classname="com.HiQ.sudokugenerator.SudokuGeneratorTest" name="testGenerateaPlaybleHardSudoku[227]" time="0"/>
  <testcase classname="com.HiQ.sudokugenerator.SudokuGeneratorTest" name="testGenerateaPlaybleMediumSudoku[227]" time="0"/>
  <testcase classname="com.HiQ.sudokugenerator.SudokuGeneratorTest" name="testGenerateAndInValidateValidSudoku[228]" time="0"/>
  <testcase classname="com.HiQ.sudokugenerator.SudokuGeneratorTest" name="testGenerateAndValidateValidSudoku[228]" time="0"/>
  <testcase classname="com.HiQ.sudokugenerator.SudokuGeneratorTest" name="testGenerateaPlaybleEasySudoku[228]" time="0"/>
  <testcase classname="com.HiQ.sudokugenerator.SudokuGeneratorTest" name="testGenerateaPlaybleHardSudoku[228]" time="0"/>
  <testcase classname="com.HiQ.sudokugenerator.SudokuGeneratorTest" name="testGenerateaPlaybleMediumSudoku[228]" time="0"/>
  <testcase classname="com.HiQ.sudokugenerator.SudokuGeneratorTest" name="testGenerateAndInValidateValidSudoku[229]" time="0"/>
  <testcase classname="com.HiQ.sudokugenerator.SudokuGeneratorTest" name="testGenerateAndValidateValidSudoku[229]" time="0"/>
  <testcase classname="com.HiQ.sudokugenerator.SudokuGeneratorTest" name="testGenerateaPlaybleEasySudoku[229]" time="0"/>
  <testcase classname="com.HiQ.sudokugenerator.SudokuGeneratorTest" name="testGenerateaPlaybleHardSudoku[229]" time="0"/>
  <testcase classname="com.HiQ.sudokugenerator.SudokuGeneratorTest" name="testGenerateaPlaybleMediumSudoku[229]" time="0"/>
  <testcase classname="com.HiQ.sudokugenerator.SudokuGeneratorTest" name="testGenerateAndInValidateValidSudoku[230]" time="0"/>
  <testcase classname="com.HiQ.sudokugenerator.SudokuGeneratorTest" name="testGenerateAndValidateValidSudoku[230]" time="0"/>
  <testcase classname="com.HiQ.sudokugenerator.SudokuGeneratorTest" name="testGenerateaPlaybleEasySudoku[230]" time="0"/>
  <testcase classname="com.HiQ.sudokugenerator.SudokuGeneratorTest" name="testGenerateaPlaybleHardSudoku[230]" time="0"/>
  <testcase classname="com.HiQ.sudokugenerator.SudokuGeneratorTest" name="testGenerateaPlaybleMediumSudoku[230]" time="0"/>
  <testcase classname="com.HiQ.sudokugenerator.SudokuGeneratorTest" name="testGenerateAndInValidateValidSudoku[231]" time="0"/>
  <testcase classname="com.HiQ.sudokugenerator.SudokuGeneratorTest" name="testGenerateAndValidateValidSudoku[231]" time="0"/>
  <testcase classname="com.HiQ.sudokugenerator.SudokuGeneratorTest" name="testGenerateaPlaybleEasySudoku[231]" time="0"/>
  <testcase classname="com.HiQ.sudokugenerator.SudokuGeneratorTest" name="testGenerateaPlaybleHardSudoku[231]" time="0"/>
  <testcase classname="com.HiQ.sudokugenerator.SudokuGeneratorTest" name="testGenerateaPlaybleMediumSudoku[231]" time="0"/>
  <testcase classname="com.HiQ.sudokugenerator.SudokuGeneratorTest" name="testGenerateAndInValidateValidSudoku[232]" time="0"/>
  <testcase classname="com.HiQ.sudokugenerator.SudokuGeneratorTest" name="testGenerateAndValidateValidSudoku[232]" time="0"/>
  <testcase classname="com.HiQ.sudokugenerator.SudokuGeneratorTest" name="testGenerateaPlaybleEasySudoku[232]" time="0.047"/>
  <testcase classname="com.HiQ.sudokugenerator.SudokuGeneratorTest" name="testGenerateaPlaybleHardSudoku[232]" time="0"/>
  <testcase classname="com.HiQ.sudokugenerator.SudokuGeneratorTest" name="testGenerateaPlaybleMediumSudoku[232]" time="0"/>
  <testcase classname="com.HiQ.sudokugenerator.SudokuGeneratorTest" name="testGenerateAndInValidateValidSudoku[233]" time="0"/>
  <testcase classname="com.HiQ.sudokugenerator.SudokuGeneratorTest" name="testGenerateAndValidateValidSudoku[233]" time="0"/>
  <testcase classname="com.HiQ.sudokugenerator.SudokuGeneratorTest" name="testGenerateaPlaybleEasySudoku[233]" time="0"/>
  <testcase classname="com.HiQ.sudokugenerator.SudokuGeneratorTest" name="testGenerateaPlaybleHardSudoku[233]" time="0"/>
  <testcase classname="com.HiQ.sudokugenerator.SudokuGeneratorTest" name="testGenerateaPlaybleMediumSudoku[233]" time="0"/>
  <testcase classname="com.HiQ.sudokugenerator.SudokuGeneratorTest" name="testGenerateAndInValidateValidSudoku[234]" time="0"/>
  <testcase classname="com.HiQ.sudokugenerator.SudokuGeneratorTest" name="testGenerateAndValidateValidSudoku[234]" time="0"/>
  <testcase classname="com.HiQ.sudokugenerator.SudokuGeneratorTest" name="testGenerateaPlaybleEasySudoku[234]" time="0"/>
  <testcase classname="com.HiQ.sudokugenerator.SudokuGeneratorTest" name="testGenerateaPlaybleHardSudoku[234]" time="0"/>
  <testcase classname="com.HiQ.sudokugenerator.SudokuGeneratorTest" name="testGenerateaPlaybleMediumSudoku[234]" time="0"/>
  <testcase classname="com.HiQ.sudokugenerator.SudokuGeneratorTest" name="testGenerateAndInValidateValidSudoku[235]" time="0"/>
  <testcase classname="com.HiQ.sudokugenerator.SudokuGeneratorTest" name="testGenerateAndValidateValidSudoku[235]" time="0"/>
  <testcase classname="com.HiQ.sudokugenerator.SudokuGeneratorTest" name="testGenerateaPlaybleEasySudoku[235]" time="0"/>
  <testcase classname="com.HiQ.sudokugenerator.SudokuGeneratorTest" name="testGenerateaPlaybleHardSudoku[235]" time="0"/>
  <testcase classname="com.HiQ.sudokugenerator.SudokuGeneratorTest" name="testGenerateaPlaybleMediumSudoku[235]" time="0.001"/>
  <testcase classname="com.HiQ.sudokugenerator.SudokuGeneratorTest" name="testGenerateAndInValidateValidSudoku[236]" time="0"/>
  <testcase classname="com.HiQ.sudokugenerator.SudokuGeneratorTest" name="testGenerateAndValidateValidSudoku[236]" time="0"/>
  <testcase classname="com.HiQ.sudokugenerator.SudokuGeneratorTest" name="testGenerateaPlaybleEasySudoku[236]" time="0"/>
  <testcase classname="com.HiQ.sudokugenerator.SudokuGeneratorTest" name="testGenerateaPlaybleHardSudoku[236]" time="0"/>
  <testcase classname="com.HiQ.sudokugenerator.SudokuGeneratorTest" name="testGenerateaPlaybleMediumSudoku[236]" time="0"/>
  <testcase classname="com.HiQ.sudokugenerator.SudokuGeneratorTest" name="testGenerateAndInValidateValidSudoku[237]" time="0"/>
  <testcase classname="com.HiQ.sudokugenerator.SudokuGeneratorTest" name="testGenerateAndValidateValidSudoku[237]" time="0"/>
  <testcase classname="com.HiQ.sudokugenerator.SudokuGeneratorTest" name="testGenerateaPlaybleEasySudoku[237]" time="0"/>
  <testcase classname="com.HiQ.sudokugenerator.SudokuGeneratorTest" name="testGenerateaPlaybleHardSudoku[237]" time="0"/>
  <testcase classname="com.HiQ.sudokugenerator.SudokuGeneratorTest" name="testGenerateaPlaybleMediumSudoku[237]" time="0"/>
  <testcase classname="com.HiQ.sudokugenerator.SudokuGeneratorTest" name="testGenerateAndInValidateValidSudoku[238]" time="0"/>
  <testcase classname="com.HiQ.sudokugenerator.SudokuGeneratorTest" name="testGenerateAndValidateValidSudoku[238]" time="0"/>
  <testcase classname="com.HiQ.sudokugenerator.SudokuGeneratorTest" name="testGenerateaPlaybleEasySudoku[238]" time="0.001"/>
  <testcase classname="com.HiQ.sudokugenerator.SudokuGeneratorTest" name="testGenerateaPlaybleHardSudoku[238]" time="0"/>
  <testcase classname="com.HiQ.sudokugenerator.SudokuGeneratorTest" name="testGenerateaPlaybleMediumSudoku[238]" time="0"/>
  <testcase classname="com.HiQ.sudokugenerator.SudokuGeneratorTest" name="testGenerateAndInValidateValidSudoku[239]" time="0"/>
  <testcase classname="com.HiQ.sudokugenerator.SudokuGeneratorTest" name="testGenerateAndValidateValidSudoku[239]" time="0"/>
  <testcase classname="com.HiQ.sudokugenerator.SudokuGeneratorTest" name="testGenerateaPlaybleEasySudoku[239]" time="0"/>
  <testcase classname="com.HiQ.sudokugenerator.SudokuGeneratorTest" name="testGenerateaPlaybleHardSudoku[239]" time="0"/>
  <testcase classname="com.HiQ.sudokugenerator.SudokuGeneratorTest" name="testGenerateaPlaybleMediumSudoku[239]" time="0"/>
  <testcase classname="com.HiQ.sudokugenerator.SudokuGeneratorTest" name="testGenerateAndInValidateValidSudoku[240]" time="0"/>
  <testcase classname="com.HiQ.sudokugenerator.SudokuGeneratorTest" name="testGenerateAndValidateValidSudoku[240]" time="0"/>
  <testcase classname="com.HiQ.sudokugenerator.SudokuGeneratorTest" name="testGenerateaPlaybleEasySudoku[240]" time="0"/>
  <testcase classname="com.HiQ.sudokugenerator.SudokuGeneratorTest" name="testGenerateaPlaybleHardSudoku[240]" time="0.001"/>
  <testcase classname="com.HiQ.sudokugenerator.SudokuGeneratorTest" name="testGenerateaPlaybleMediumSudoku[240]" time="0"/>
  <testcase classname="com.HiQ.sudokugenerator.SudokuGeneratorTest" name="testGenerateAndInValidateValidSudoku[241]" time="0"/>
  <testcase classname="com.HiQ.sudokugenerator.SudokuGeneratorTest" name="testGenerateAndValidateValidSudoku[241]" time="0"/>
  <testcase classname="com.HiQ.sudokugenerator.SudokuGeneratorTest" name="testGenerateaPlaybleEasySudoku[241]" time="0"/>
  <testcase classname="com.HiQ.sudokugenerator.SudokuGeneratorTest" name="testGenerateaPlaybleHardSudoku[241]" time="0"/>
  <testcase classname="com.HiQ.sudokugenerator.SudokuGeneratorTest" name="testGenerateaPlaybleMediumSudoku[241]" time="0"/>
  <testcase classname="com.HiQ.sudokugenerator.SudokuGeneratorTest" name="testGenerateAndInValidateValidSudoku[242]" time="0"/>
  <testcase classname="com.HiQ.sudokugenerator.SudokuGeneratorTest" name="testGenerateAndValidateValidSudoku[242]" time="0"/>
  <testcase classname="com.HiQ.sudokugenerator.SudokuGeneratorTest" name="testGenerateaPlaybleEasySudoku[242]" time="0"/>
  <testcase classname="com.HiQ.sudokugenerator.SudokuGeneratorTest" name="testGenerateaPlaybleHardSudoku[242]" time="0"/>
  <testcase classname="com.HiQ.sudokugenerator.SudokuGeneratorTest" name="testGenerateaPlaybleMediumSudoku[242]" time="0"/>
  <testcase classname="com.HiQ.sudokugenerator.SudokuGeneratorTest" name="testGenerateAndInValidateValidSudoku[243]" time="0"/>
  <testcase classname="com.HiQ.sudokugenerator.SudokuGeneratorTest" name="testGenerateAndValidateValidSudoku[243]" time="0"/>
  <testcase classname="com.HiQ.sudokugenerator.SudokuGeneratorTest" name="testGenerateaPlaybleEasySudoku[243]" time="0"/>
  <testcase classname="com.HiQ.sudokugenerator.SudokuGeneratorTest" name="testGenerateaPlaybleHardSudoku[243]" time="0"/>
  <testcase classname="com.HiQ.sudokugenerator.SudokuGeneratorTest" name="testGenerateaPlaybleMediumSudoku[243]" time="0"/>
  <testcase classname="com.HiQ.sudokugenerator.SudokuGeneratorTest" name="testGenerateAndInValidateValidSudoku[244]" time="0"/>
  <testcase classname="com.HiQ.sudokugenerator.SudokuGeneratorTest" name="testGenerateAndValidateValidSudoku[244]" time="0"/>
  <testcase classname="com.HiQ.sudokugenerator.SudokuGeneratorTest" name="testGenerateaPlaybleEasySudoku[244]" time="0"/>
  <testcase classname="com.HiQ.sudokugenerator.SudokuGeneratorTest" name="testGenerateaPlaybleHardSudoku[244]" time="0"/>
  <testcase classname="com.HiQ.sudokugenerator.SudokuGeneratorTest" name="testGenerateaPlaybleMediumSudoku[244]" time="0"/>
  <testcase classname="com.HiQ.sudokugenerator.SudokuGeneratorTest" name="testGenerateAndInValidateValidSudoku[245]" time="0"/>
  <testcase classname="com.HiQ.sudokugenerator.SudokuGeneratorTest" name="testGenerateAndValidateValidSudoku[245]" time="0"/>
  <testcase classname="com.HiQ.sudokugenerator.SudokuGeneratorTest" name="testGenerateaPlaybleEasySudoku[245]" time="0"/>
  <testcase classname="com.HiQ.sudokugenerator.SudokuGeneratorTest" name="testGenerateaPlaybleHardSudoku[245]" time="0"/>
  <testcase classname="com.HiQ.sudokugenerator.SudokuGeneratorTest" name="testGenerateaPlaybleMediumSudoku[245]" time="0"/>
  <testcase classname="com.HiQ.sudokugenerator.SudokuGeneratorTest" name="testGenerateAndInValidateValidSudoku[246]" time="0"/>
  <testcase classname="com.HiQ.sudokugenerator.SudokuGeneratorTest" name="testGenerateAndValidateValidSudoku[246]" time="0"/>
  <testcase classname="com.HiQ.sudokugenerator.SudokuGeneratorTest" name="testGenerateaPlaybleEasySudoku[246]" time="0.001"/>
  <testcase classname="com.HiQ.sudokugenerator.SudokuGeneratorTest" name="testGenerateaPlaybleHardSudoku[246]" time="0.002"/>
  <testcase classname="com.HiQ.sudokugenerator.SudokuGeneratorTest" name="testGenerateaPlaybleMediumSudoku[246]" time="0"/>
  <testcase classname="com.HiQ.sudokugenerator.SudokuGeneratorTest" name="testGenerateAndInValidateValidSudoku[247]" time="0"/>
  <testcase classname="com.HiQ.sudokugenerator.SudokuGeneratorTest" name="testGenerateAndValidateValidSudoku[247]" time="0"/>
  <testcase classname="com.HiQ.sudokugenerator.SudokuGeneratorTest" name="testGenerateaPlaybleEasySudoku[247]" time="0"/>
  <testcase classname="com.HiQ.sudokugenerator.SudokuGeneratorTest" name="testGenerateaPlaybleHardSudoku[247]" time="0"/>
  <testcase classname="com.HiQ.sudokugenerator.SudokuGeneratorTest" name="testGenerateaPlaybleMediumSudoku[247]" time="0"/>
  <testcase classname="com.HiQ.sudokugenerator.SudokuGeneratorTest" name="testGenerateAndInValidateValidSudoku[248]" time="0"/>
  <testcase classname="com.HiQ.sudokugenerator.SudokuGeneratorTest" name="testGenerateAndValidateValidSudoku[248]" time="0"/>
  <testcase classname="com.HiQ.sudokugenerator.SudokuGeneratorTest" name="testGenerateaPlaybleEasySudoku[248]" time="0"/>
  <testcase classname="com.HiQ.sudokugenerator.SudokuGeneratorTest" name="testGenerateaPlaybleHardSudoku[248]" time="0"/>
  <testcase classname="com.HiQ.sudokugenerator.SudokuGeneratorTest" name="testGenerateaPlaybleMediumSudoku[248]" time="0"/>
  <testcase classname="com.HiQ.sudokugenerator.SudokuGeneratorTest" name="testGenerateAndInValidateValidSudoku[249]" time="0"/>
  <testcase classname="com.HiQ.sudokugenerator.SudokuGeneratorTest" name="testGenerateAndValidateValidSudoku[249]" time="0"/>
  <testcase classname="com.HiQ.sudokugenerator.SudokuGeneratorTest" name="testGenerateaPlaybleEasySudoku[249]" time="0"/>
  <testcase classname="com.HiQ.sudokugenerator.SudokuGeneratorTest" name="testGenerateaPlaybleHardSudoku[249]" time="0"/>
  <testcase classname="com.HiQ.sudokugenerator.SudokuGeneratorTest" name="testGenerateaPlaybleMediumSudoku[249]" time="0.001"/>
  <testcase classname="com.HiQ.sudokugenerator.SudokuGeneratorTest" name="testGenerateAndInValidateValidSudoku[250]" time="0"/>
  <testcase classname="com.HiQ.sudokugenerator.SudokuGeneratorTest" name="testGenerateAndValidateValidSudoku[250]" time="0"/>
  <testcase classname="com.HiQ.sudokugenerator.SudokuGeneratorTest" name="testGenerateaPlaybleEasySudoku[250]" time="0"/>
  <testcase classname="com.HiQ.sudokugenerator.SudokuGeneratorTest" name="testGenerateaPlaybleHardSudoku[250]" time="0"/>
  <testcase classname="com.HiQ.sudokugenerator.SudokuGeneratorTest" name="testGenerateaPlaybleMediumSudoku[250]" time="0"/>
  <testcase classname="com.HiQ.sudokugenerator.SudokuGeneratorTest" name="testGenerateAndInValidateValidSudoku[251]" time="0"/>
  <testcase classname="com.HiQ.sudokugenerator.SudokuGeneratorTest" name="testGenerateAndValidateValidSudoku[251]" time="0"/>
  <testcase classname="com.HiQ.sudokugenerator.SudokuGeneratorTest" name="testGenerateaPlaybleEasySudoku[251]" time="0"/>
  <testcase classname="com.HiQ.sudokugenerator.SudokuGeneratorTest" name="testGenerateaPlaybleHardSudoku[251]" time="0"/>
  <testcase classname="com.HiQ.sudokugenerator.SudokuGeneratorTest" name="testGenerateaPlaybleMediumSudoku[251]" time="0"/>
  <testcase classname="com.HiQ.sudokugenerator.SudokuGeneratorTest" name="testGenerateAndInValidateValidSudoku[252]" time="0"/>
  <testcase classname="com.HiQ.sudokugenerator.SudokuGeneratorTest" name="testGenerateAndValidateValidSudoku[252]" time="0"/>
  <testcase classname="com.HiQ.sudokugenerator.SudokuGeneratorTest" name="testGenerateaPlaybleEasySudoku[252]" time="0"/>
  <testcase classname="com.HiQ.sudokugenerator.SudokuGeneratorTest" name="testGenerateaPlaybleHardSudoku[252]" time="0"/>
  <testcase classname="com.HiQ.sudokugenerator.SudokuGeneratorTest" name="testGenerateaPlaybleMediumSudoku[252]" time="0"/>
  <testcase classname="com.HiQ.sudokugenerator.SudokuGeneratorTest" name="testGenerateAndInValidateValidSudoku[253]" time="0"/>
  <testcase classname="com.HiQ.sudokugenerator.SudokuGeneratorTest" name="testGenerateAndValidateValidSudoku[253]" time="0"/>
  <testcase classname="com.HiQ.sudokugenerator.SudokuGeneratorTest" name="testGenerateaPlaybleEasySudoku[253]" time="0"/>
  <testcase classname="com.HiQ.sudokugenerator.SudokuGeneratorTest" name="testGenerateaPlaybleHardSudoku[253]" time="0"/>
  <testcase classname="com.HiQ.sudokugenerator.SudokuGeneratorTest" name="testGenerateaPlaybleMediumSudoku[253]" time="0"/>
  <testcase classname="com.HiQ.sudokugenerator.SudokuGeneratorTest" name="testGenerateAndInValidateValidSudoku[254]" time="0"/>
  <testcase classname="com.HiQ.sudokugenerator.SudokuGeneratorTest" name="testGenerateAndValidateValidSudoku[254]" time="0"/>
  <testcase classname="com.HiQ.sudokugenerator.SudokuGeneratorTest" name="testGenerateaPlaybleEasySudoku[254]" time="0"/>
  <testcase classname="com.HiQ.sudokugenerator.SudokuGeneratorTest" name="testGenerateaPlaybleHardSudoku[254]" time="0"/>
  <testcase classname="com.HiQ.sudokugenerator.SudokuGeneratorTest" name="testGenerateaPlaybleMediumSudoku[254]" time="0"/>
  <testcase classname="com.HiQ.sudokugenerator.SudokuGeneratorTest" name="testGenerateAndInValidateValidSudoku[255]" time="0"/>
  <testcase classname="com.HiQ.sudokugenerator.SudokuGeneratorTest" name="testGenerateAndValidateValidSudoku[255]" time="0"/>
  <testcase classname="com.HiQ.sudokugenerator.SudokuGeneratorTest" name="testGenerateaPlaybleEasySudoku[255]" time="0"/>
  <testcase classname="com.HiQ.sudokugenerator.SudokuGeneratorTest" name="testGenerateaPlaybleHardSudoku[255]" time="0"/>
  <testcase classname="com.HiQ.sudokugenerator.SudokuGeneratorTest" name="testGenerateaPlaybleMediumSudoku[255]" time="0"/>
  <testcase classname="com.HiQ.sudokugenerator.SudokuGeneratorTest" name="testGenerateAndInValidateValidSudoku[256]" time="0"/>
  <testcase classname="com.HiQ.sudokugenerator.SudokuGeneratorTest" name="testGenerateAndValidateValidSudoku[256]" time="0"/>
  <testcase classname="com.HiQ.sudokugenerator.SudokuGeneratorTest" name="testGenerateaPlaybleEasySudoku[256]" time="0"/>
  <testcase classname="com.HiQ.sudokugenerator.SudokuGeneratorTest" name="testGenerateaPlaybleHardSudoku[256]" time="0"/>
  <testcase classname="com.HiQ.sudokugenerator.SudokuGeneratorTest" name="testGenerateaPlaybleMediumSudoku[256]" time="0"/>
  <testcase classname="com.HiQ.sudokugenerator.SudokuGeneratorTest" name="testGenerateAndInValidateValidSudoku[257]" time="0"/>
  <testcase classname="com.HiQ.sudokugenerator.SudokuGeneratorTest" name="testGenerateAndValidateValidSudoku[257]" time="0"/>
  <testcase classname="com.HiQ.sudokugenerator.SudokuGeneratorTest" name="testGenerateaPlaybleEasySudoku[257]" time="0"/>
  <testcase classname="com.HiQ.sudokugenerator.SudokuGeneratorTest" name="testGenerateaPlaybleHardSudoku[257]" time="0"/>
  <testcase classname="com.HiQ.sudokugenerator.SudokuGeneratorTest" name="testGenerateaPlaybleMediumSudoku[257]" time="0"/>
  <testcase classname="com.HiQ.sudokugenerator.SudokuGeneratorTest" name="testGenerateAndInValidateValidSudoku[258]" time="0"/>
  <testcase classname="com.HiQ.sudokugenerator.SudokuGeneratorTest" name="testGenerateAndValidateValidSudoku[258]" time="0"/>
  <testcase classname="com.HiQ.sudokugenerator.SudokuGeneratorTest" name="testGenerateaPlaybleEasySudoku[258]" time="0"/>
  <testcase classname="com.HiQ.sudokugenerator.SudokuGeneratorTest" name="testGenerateaPlaybleHardSudoku[258]" time="0"/>
  <testcase classname="com.HiQ.sudokugenerator.SudokuGeneratorTest" name="testGenerateaPlaybleMediumSudoku[258]" time="0"/>
  <testcase classname="com.HiQ.sudokugenerator.SudokuGeneratorTest" name="testGenerateAndInValidateValidSudoku[259]" time="0"/>
  <testcase classname="com.HiQ.sudokugenerator.SudokuGeneratorTest" name="testGenerateAndValidateValidSudoku[259]" time="0"/>
  <testcase classname="com.HiQ.sudokugenerator.SudokuGeneratorTest" name="testGenerateaPlaybleEasySudoku[259]" time="0"/>
  <testcase classname="com.HiQ.sudokugenerator.SudokuGeneratorTest" name="testGenerateaPlaybleHardSudoku[259]" time="0"/>
  <testcase classname="com.HiQ.sudokugenerator.SudokuGeneratorTest" name="testGenerateaPlaybleMediumSudoku[259]" time="0"/>
  <testcase classname="com.HiQ.sudokugenerator.SudokuGeneratorTest" name="testGenerateAndInValidateValidSudoku[260]" time="0"/>
  <testcase classname="com.HiQ.sudokugenerator.SudokuGeneratorTest" name="testGenerateAndValidateValidSudoku[260]" time="0"/>
  <testcase classname="com.HiQ.sudokugenerator.SudokuGeneratorTest" name="testGenerateaPlaybleEasySudoku[260]" time="0"/>
  <testcase classname="com.HiQ.sudokugenerator.SudokuGeneratorTest" name="testGenerateaPlaybleHardSudoku[260]" time="0"/>
  <testcase classname="com.HiQ.sudokugenerator.SudokuGeneratorTest" name="testGenerateaPlaybleMediumSudoku[260]" time="0.04"/>
  <testcase classname="com.HiQ.sudokugenerator.SudokuGeneratorTest" name="testGenerateAndInValidateValidSudoku[261]" time="0"/>
  <testcase classname="com.HiQ.sudokugenerator.SudokuGeneratorTest" name="testGenerateAndValidateValidSudoku[261]" time="0"/>
  <testcase classname="com.HiQ.sudokugenerator.SudokuGeneratorTest" name="testGenerateaPlaybleEasySudoku[261]" time="0"/>
  <testcase classname="com.HiQ.sudokugenerator.SudokuGeneratorTest" name="testGenerateaPlaybleHardSudoku[261]" time="0"/>
  <testcase classname="com.HiQ.sudokugenerator.SudokuGeneratorTest" name="testGenerateaPlaybleMediumSudoku[261]" time="0"/>
  <testcase classname="com.HiQ.sudokugenerator.SudokuGeneratorTest" name="testGenerateAndInValidateValidSudoku[262]" time="0"/>
  <testcase classname="com.HiQ.sudokugenerator.SudokuGeneratorTest" name="testGenerateAndValidateValidSudoku[262]" time="0"/>
  <testcase classname="com.HiQ.sudokugenerator.SudokuGeneratorTest" name="testGenerateaPlaybleEasySudoku[262]" time="0"/>
  <testcase classname="com.HiQ.sudokugenerator.SudokuGeneratorTest" name="testGenerateaPlaybleHardSudoku[262]" time="0"/>
  <testcase classname="com.HiQ.sudokugenerator.SudokuGeneratorTest" name="testGenerateaPlaybleMediumSudoku[262]" time="0"/>
  <testcase classname="com.HiQ.sudokugenerator.SudokuGeneratorTest" name="testGenerateAndInValidateValidSudoku[263]" time="0"/>
  <testcase classname="com.HiQ.sudokugenerator.SudokuGeneratorTest" name="testGenerateAndValidateValidSudoku[263]" time="0"/>
  <testcase classname="com.HiQ.sudokugenerator.SudokuGeneratorTest" name="testGenerateaPlaybleEasySudoku[263]" time="0"/>
  <testcase classname="com.HiQ.sudokugenerator.SudokuGeneratorTest" name="testGenerateaPlaybleHardSudoku[263]" time="0"/>
  <testcase classname="com.HiQ.sudokugenerator.SudokuGeneratorTest" name="testGenerateaPlaybleMediumSudoku[263]" time="0"/>
  <testcase classname="com.HiQ.sudokugenerator.SudokuGeneratorTest" name="testGenerateAndInValidateValidSudoku[264]" time="0"/>
  <testcase classname="com.HiQ.sudokugenerator.SudokuGeneratorTest" name="testGenerateAndValidateValidSudoku[264]" time="0"/>
  <testcase classname="com.HiQ.sudokugenerator.SudokuGeneratorTest" name="testGenerateaPlaybleEasySudoku[264]" time="0"/>
  <testcase classname="com.HiQ.sudokugenerator.SudokuGeneratorTest" name="testGenerateaPlaybleHardSudoku[264]" time="0"/>
  <testcase classname="com.HiQ.sudokugenerator.SudokuGeneratorTest" name="testGenerateaPlaybleMediumSudoku[264]" time="0"/>
  <testcase classname="com.HiQ.sudokugenerator.SudokuGeneratorTest" name="testGenerateAndInValidateValidSudoku[265]" time="0"/>
  <testcase classname="com.HiQ.sudokugenerator.SudokuGeneratorTest" name="testGenerateAndValidateValidSudoku[265]" time="0"/>
  <testcase classname="com.HiQ.sudokugenerator.SudokuGeneratorTest" name="testGenerateaPlaybleEasySudoku[265]" time="0"/>
  <testcase classname="com.HiQ.sudokugenerator.SudokuGeneratorTest" name="testGenerateaPlaybleHardSudoku[265]" time="0"/>
  <testcase classname="com.HiQ.sudokugenerator.SudokuGeneratorTest" name="testGenerateaPlaybleMediumSudoku[265]" time="0"/>
  <testcase classname="com.HiQ.sudokugenerator.SudokuGeneratorTest" name="testGenerateAndInValidateValidSudoku[266]" time="0"/>
  <testcase classname="com.HiQ.sudokugenerator.SudokuGeneratorTest" name="testGenerateAndValidateValidSudoku[266]" time="0"/>
  <testcase classname="com.HiQ.sudokugenerator.SudokuGeneratorTest" name="testGenerateaPlaybleEasySudoku[266]" time="0"/>
  <testcase classname="com.HiQ.sudokugenerator.SudokuGeneratorTest" name="testGenerateaPlaybleHardSudoku[266]" time="0"/>
  <testcase classname="com.HiQ.sudokugenerator.SudokuGeneratorTest" name="testGenerateaPlaybleMediumSudoku[266]" time="0"/>
  <testcase classname="com.HiQ.sudokugenerator.SudokuGeneratorTest" name="testGenerateAndInValidateValidSudoku[267]" time="0"/>
  <testcase classname="com.HiQ.sudokugenerator.SudokuGeneratorTest" name="testGenerateAndValidateValidSudoku[267]" time="0"/>
  <testcase classname="com.HiQ.sudokugenerator.SudokuGeneratorTest" name="testGenerateaPlaybleEasySudoku[267]" time="0"/>
  <testcase classname="com.HiQ.sudokugenerator.SudokuGeneratorTest" name="testGenerateaPlaybleHardSudoku[267]" time="0"/>
  <testcase classname="com.HiQ.sudokugenerator.SudokuGeneratorTest" name="testGenerateaPlaybleMediumSudoku[267]" time="0"/>
  <testcase classname="com.HiQ.sudokugenerator.SudokuGeneratorTest" name="testGenerateAndInValidateValidSudoku[268]" time="0"/>
  <testcase classname="com.HiQ.sudokugenerator.SudokuGeneratorTest" name="testGenerateAndValidateValidSudoku[268]" time="0"/>
  <testcase classname="com.HiQ.sudokugenerator.SudokuGeneratorTest" name="testGenerateaPlaybleEasySudoku[268]" time="0"/>
  <testcase classname="com.HiQ.sudokugenerator.SudokuGeneratorTest" name="testGenerateaPlaybleHardSudoku[268]" time="0"/>
  <testcase classname="com.HiQ.sudokugenerator.SudokuGeneratorTest" name="testGenerateaPlaybleMediumSudoku[268]" time="0"/>
  <testcase classname="com.HiQ.sudokugenerator.SudokuGeneratorTest" name="testGenerateAndInValidateValidSudoku[269]" time="0"/>
  <testcase classname="com.HiQ.sudokugenerator.SudokuGeneratorTest" name="testGenerateAndValidateValidSudoku[269]" time="0"/>
  <testcase classname="com.HiQ.sudokugenerator.SudokuGeneratorTest" name="testGenerateaPlaybleEasySudoku[269]" time="0"/>
  <testcase classname="com.HiQ.sudokugenerator.SudokuGeneratorTest" name="testGenerateaPlaybleHardSudoku[269]" time="0"/>
  <testcase classname="com.HiQ.sudokugenerator.SudokuGeneratorTest" name="testGenerateaPlaybleMediumSudoku[269]" time="0"/>
  <testcase classname="com.HiQ.sudokugenerator.SudokuGeneratorTest" name="testGenerateAndInValidateValidSudoku[270]" time="0"/>
  <testcase classname="com.HiQ.sudokugenerator.SudokuGeneratorTest" name="testGenerateAndValidateValidSudoku[270]" time="0"/>
  <testcase classname="com.HiQ.sudokugenerator.SudokuGeneratorTest" name="testGenerateaPlaybleEasySudoku[270]" time="0"/>
  <testcase classname="com.HiQ.sudokugenerator.SudokuGeneratorTest" name="testGenerateaPlaybleHardSudoku[270]" time="0"/>
  <testcase classname="com.HiQ.sudokugenerator.SudokuGeneratorTest" name="testGenerateaPlaybleMediumSudoku[270]" time="0"/>
  <testcase classname="com.HiQ.sudokugenerator.SudokuGeneratorTest" name="testGenerateAndInValidateValidSudoku[271]" time="0"/>
  <testcase classname="com.HiQ.sudokugenerator.SudokuGeneratorTest" name="testGenerateAndValidateValidSudoku[271]" time="0"/>
  <testcase classname="com.HiQ.sudokugenerator.SudokuGeneratorTest" name="testGenerateaPlaybleEasySudoku[271]" time="0"/>
  <testcase classname="com.HiQ.sudokugenerator.SudokuGeneratorTest" name="testGenerateaPlaybleHardSudoku[271]" time="0"/>
  <testcase classname="com.HiQ.sudokugenerator.SudokuGeneratorTest" name="testGenerateaPlaybleMediumSudoku[271]" time="0"/>
  <testcase classname="com.HiQ.sudokugenerator.SudokuGeneratorTest" name="testGenerateAndInValidateValidSudoku[272]" time="0"/>
  <testcase classname="com.HiQ.sudokugenerator.SudokuGeneratorTest" name="testGenerateAndValidateValidSudoku[272]" time="0"/>
  <testcase classname="com.HiQ.sudokugenerator.SudokuGeneratorTest" name="testGenerateaPlaybleEasySudoku[272]" time="0"/>
  <testcase classname="com.HiQ.sudokugenerator.SudokuGeneratorTest" name="testGenerateaPlaybleHardSudoku[272]" time="0"/>
  <testcase classname="com.HiQ.sudokugenerator.SudokuGeneratorTest" name="testGenerateaPlaybleMediumSudoku[272]" time="0"/>
  <testcase classname="com.HiQ.sudokugenerator.SudokuGeneratorTest" name="testGenerateAndInValidateValidSudoku[273]" time="0"/>
  <testcase classname="com.HiQ.sudokugenerator.SudokuGeneratorTest" name="testGenerateAndValidateValidSudoku[273]" time="0"/>
  <testcase classname="com.HiQ.sudokugenerator.SudokuGeneratorTest" name="testGenerateaPlaybleEasySudoku[273]" time="0"/>
  <testcase classname="com.HiQ.sudokugenerator.SudokuGeneratorTest" name="testGenerateaPlaybleHardSudoku[273]" time="0"/>
  <testcase classname="com.HiQ.sudokugenerator.SudokuGeneratorTest" name="testGenerateaPlaybleMediumSudoku[273]" time="0"/>
  <testcase classname="com.HiQ.sudokugenerator.SudokuGeneratorTest" name="testGenerateAndInValidateValidSudoku[274]" time="0"/>
  <testcase classname="com.HiQ.sudokugenerator.SudokuGeneratorTest" name="testGenerateAndValidateValidSudoku[274]" time="0"/>
  <testcase classname="com.HiQ.sudokugenerator.SudokuGeneratorTest" name="testGenerateaPlaybleEasySudoku[274]" time="0"/>
  <testcase classname="com.HiQ.sudokugenerator.SudokuGeneratorTest" name="testGenerateaPlaybleHardSudoku[274]" time="0"/>
  <testcase classname="com.HiQ.sudokugenerator.SudokuGeneratorTest" name="testGenerateaPlaybleMediumSudoku[274]" time="0"/>
  <testcase classname="com.HiQ.sudokugenerator.SudokuGeneratorTest" name="testGenerateAndInValidateValidSudoku[275]" time="0"/>
  <testcase classname="com.HiQ.sudokugenerator.SudokuGeneratorTest" name="testGenerateAndValidateValidSudoku[275]" time="0"/>
  <testcase classname="com.HiQ.sudokugenerator.SudokuGeneratorTest" name="testGenerateaPlaybleEasySudoku[275]" time="0.002"/>
  <testcase classname="com.HiQ.sudokugenerator.SudokuGeneratorTest" name="testGenerateaPlaybleHardSudoku[275]" time="0"/>
  <testcase classname="com.HiQ.sudokugenerator.SudokuGeneratorTest" name="testGenerateaPlaybleMediumSudoku[275]" time="0"/>
  <testcase classname="com.HiQ.sudokugenerator.SudokuGeneratorTest" name="testGenerateAndInValidateValidSudoku[276]" time="0"/>
  <testcase classname="com.HiQ.sudokugenerator.SudokuGeneratorTest" name="testGenerateAndValidateValidSudoku[276]" time="0"/>
  <testcase classname="com.HiQ.sudokugenerator.SudokuGeneratorTest" name="testGenerateaPlaybleEasySudoku[276]" time="0"/>
  <testcase classname="com.HiQ.sudokugenerator.SudokuGeneratorTest" name="testGenerateaPlaybleHardSudoku[276]" time="0"/>
  <testcase classname="com.HiQ.sudokugenerator.SudokuGeneratorTest" name="testGenerateaPlaybleMediumSudoku[276]" time="0"/>
  <testcase classname="com.HiQ.sudokugenerator.SudokuGeneratorTest" name="testGenerateAndInValidateValidSudoku[277]" time="0"/>
  <testcase classname="com.HiQ.sudokugenerator.SudokuGeneratorTest" name="testGenerateAndValidateValidSudoku[277]" time="0"/>
  <testcase classname="com.HiQ.sudokugenerator.SudokuGeneratorTest" name="testGenerateaPlaybleEasySudoku[277]" time="0"/>
  <testcase classname="com.HiQ.sudokugenerator.SudokuGeneratorTest" name="testGenerateaPlaybleHardSudoku[277]" time="0"/>
  <testcase classname="com.HiQ.sudokugenerator.SudokuGeneratorTest" name="testGenerateaPlaybleMediumSudoku[277]" time="0"/>
  <testcase classname="com.HiQ.sudokugenerator.SudokuGeneratorTest" name="testGenerateAndInValidateValidSudoku[278]" time="0"/>
  <testcase classname="com.HiQ.sudokugenerator.SudokuGeneratorTest" name="testGenerateAndValidateValidSudoku[278]" time="0"/>
  <testcase classname="com.HiQ.sudokugenerator.SudokuGeneratorTest" name="testGenerateaPlaybleEasySudoku[278]" time="0"/>
  <testcase classname="com.HiQ.sudokugenerator.SudokuGeneratorTest" name="testGenerateaPlaybleHardSudoku[278]" time="0"/>
  <testcase classname="com.HiQ.sudokugenerator.SudokuGeneratorTest" name="testGenerateaPlaybleMediumSudoku[278]" time="0"/>
  <testcase classname="com.HiQ.sudokugenerator.SudokuGeneratorTest" name="testGenerateAndInValidateValidSudoku[279]" time="0"/>
  <testcase classname="com.HiQ.sudokugenerator.SudokuGeneratorTest" name="testGenerateAndValidateValidSudoku[279]" time="0"/>
  <testcase classname="com.HiQ.sudokugenerator.SudokuGeneratorTest" name="testGenerateaPlaybleEasySudoku[279]" time="0"/>
  <testcase classname="com.HiQ.sudokugenerator.SudokuGeneratorTest" name="testGenerateaPlaybleHardSudoku[279]" time="0"/>
  <testcase classname="com.HiQ.sudokugenerator.SudokuGeneratorTest" name="testGenerateaPlaybleMediumSudoku[279]" time="0"/>
  <testcase classname="com.HiQ.sudokugenerator.SudokuGeneratorTest" name="testGenerateAndInValidateValidSudoku[280]" time="0"/>
  <testcase classname="com.HiQ.sudokugenerator.SudokuGeneratorTest" name="testGenerateAndValidateValidSudoku[280]" time="0"/>
  <testcase classname="com.HiQ.sudokugenerator.SudokuGeneratorTest" name="testGenerateaPlaybleEasySudoku[280]" time="0"/>
  <testcase classname="com.HiQ.sudokugenerator.SudokuGeneratorTest" name="testGenerateaPlaybleHardSudoku[280]" time="0"/>
  <testcase classname="com.HiQ.sudokugenerator.SudokuGeneratorTest" name="testGenerateaPlaybleMediumSudoku[280]" time="0"/>
  <testcase classname="com.HiQ.sudokugenerator.SudokuGeneratorTest" name="testGenerateAndInValidateValidSudoku[281]" time="0"/>
  <testcase classname="com.HiQ.sudokugenerator.SudokuGeneratorTest" name="testGenerateAndValidateValidSudoku[281]" time="0"/>
  <testcase classname="com.HiQ.sudokugenerator.SudokuGeneratorTest" name="testGenerateaPlaybleEasySudoku[281]" time="0"/>
  <testcase classname="com.HiQ.sudokugenerator.SudokuGeneratorTest" name="testGenerateaPlaybleHardSudoku[281]" time="0"/>
  <testcase classname="com.HiQ.sudokugenerator.SudokuGeneratorTest" name="testGenerateaPlaybleMediumSudoku[281]" time="0"/>
  <testcase classname="com.HiQ.sudokugenerator.SudokuGeneratorTest" name="testGenerateAndInValidateValidSudoku[282]" time="0"/>
  <testcase classname="com.HiQ.sudokugenerator.SudokuGeneratorTest" name="testGenerateAndValidateValidSudoku[282]" time="0"/>
  <testcase classname="com.HiQ.sudokugenerator.SudokuGeneratorTest" name="testGenerateaPlaybleEasySudoku[282]" time="0"/>
  <testcase classname="com.HiQ.sudokugenerator.SudokuGeneratorTest" name="testGenerateaPlaybleHardSudoku[282]" time="0.001"/>
  <testcase classname="com.HiQ.sudokugenerator.SudokuGeneratorTest" name="testGenerateaPlaybleMediumSudoku[282]" time="0"/>
  <testcase classname="com.HiQ.sudokugenerator.SudokuGeneratorTest" name="testGenerateAndInValidateValidSudoku[283]" time="0"/>
  <testcase classname="com.HiQ.sudokugenerator.SudokuGeneratorTest" name="testGenerateAndValidateValidSudoku[283]" time="0"/>
  <testcase classname="com.HiQ.sudokugenerator.SudokuGeneratorTest" name="testGenerateaPlaybleEasySudoku[283]" time="0"/>
  <testcase classname="com.HiQ.sudokugenerator.SudokuGeneratorTest" name="testGenerateaPlaybleHardSudoku[283]" time="0"/>
  <testcase classname="com.HiQ.sudokugenerator.SudokuGeneratorTest" name="testGenerateaPlaybleMediumSudoku[283]" time="0"/>
  <testcase classname="com.HiQ.sudokugenerator.SudokuGeneratorTest" name="testGenerateAndInValidateValidSudoku[284]" time="0"/>
  <testcase classname="com.HiQ.sudokugenerator.SudokuGeneratorTest" name="testGenerateAndValidateValidSudoku[284]" time="0"/>
  <testcase classname="com.HiQ.sudokugenerator.SudokuGeneratorTest" name="testGenerateaPlaybleEasySudoku[284]" time="0"/>
  <testcase classname="com.HiQ.sudokugenerator.SudokuGeneratorTest" name="testGenerateaPlaybleHardSudoku[284]" time="0"/>
  <testcase classname="com.HiQ.sudokugenerator.SudokuGeneratorTest" name="testGenerateaPlaybleMediumSudoku[284]" time="0"/>
  <testcase classname="com.HiQ.sudokugenerator.SudokuGeneratorTest" name="testGenerateAndInValidateValidSudoku[285]" time="0"/>
  <testcase classname="com.HiQ.sudokugenerator.SudokuGeneratorTest" name="testGenerateAndValidateValidSudoku[285]" time="0"/>
  <testcase classname="com.HiQ.sudokugenerator.SudokuGeneratorTest" name="testGenerateaPlaybleEasySudoku[285]" time="0"/>
  <testcase classname="com.HiQ.sudokugenerator.SudokuGeneratorTest" name="testGenerateaPlaybleHardSudoku[285]" time="0"/>
  <testcase classname="com.HiQ.sudokugenerator.SudokuGeneratorTest" name="testGenerateaPlaybleMediumSudoku[285]" time="0"/>
  <testcase classname="com.HiQ.sudokugenerator.SudokuGeneratorTest" name="testGenerateAndInValidateValidSudoku[286]" time="0"/>
  <testcase classname="com.HiQ.sudokugenerator.SudokuGeneratorTest" name="testGenerateAndValidateValidSudoku[286]" time="0"/>
  <testcase classname="com.HiQ.sudokugenerator.SudokuGeneratorTest" name="testGenerateaPlaybleEasySudoku[286]" time="0"/>
  <testcase classname="com.HiQ.sudokugenerator.SudokuGeneratorTest" name="testGenerateaPlaybleHardSudoku[286]" time="0"/>
  <testcase classname="com.HiQ.sudokugenerator.SudokuGeneratorTest" name="testGenerateaPlaybleMediumSudoku[286]" time="0"/>
  <testcase classname="com.HiQ.sudokugenerator.SudokuGeneratorTest" name="testGenerateAndInValidateValidSudoku[287]" time="0"/>
  <testcase classname="com.HiQ.sudokugenerator.SudokuGeneratorTest" name="testGenerateAndValidateValidSudoku[287]" time="0"/>
  <testcase classname="com.HiQ.sudokugenerator.SudokuGeneratorTest" name="testGenerateaPlaybleEasySudoku[287]" time="0"/>
  <testcase classname="com.HiQ.sudokugenerator.SudokuGeneratorTest" name="testGenerateaPlaybleHardSudoku[287]" time="0"/>
  <testcase classname="com.HiQ.sudokugenerator.SudokuGeneratorTest" name="testGenerateaPlaybleMediumSudoku[287]" time="0"/>
  <testcase classname="com.HiQ.sudokugenerator.SudokuGeneratorTest" name="testGenerateAndInValidateValidSudoku[288]" time="0"/>
  <testcase classname="com.HiQ.sudokugenerator.SudokuGeneratorTest" name="testGenerateAndValidateValidSudoku[288]" time="0"/>
  <testcase classname="com.HiQ.sudokugenerator.SudokuGeneratorTest" name="testGenerateaPlaybleEasySudoku[288]" time="0"/>
  <testcase classname="com.HiQ.sudokugenerator.SudokuGeneratorTest" name="testGenerateaPlaybleHardSudoku[288]" time="0"/>
  <testcase classname="com.HiQ.sudokugenerator.SudokuGeneratorTest" name="testGenerateaPlaybleMediumSudoku[288]" time="0"/>
  <testcase classname="com.HiQ.sudokugenerator.SudokuGeneratorTest" name="testGenerateAndInValidateValidSudoku[289]" time="0"/>
  <testcase classname="com.HiQ.sudokugenerator.SudokuGeneratorTest" name="testGenerateAndValidateValidSudoku[289]" time="0"/>
  <testcase classname="com.HiQ.sudokugenerator.SudokuGeneratorTest" name="testGenerateaPlaybleEasySudoku[289]" time="0"/>
  <testcase classname="com.HiQ.sudokugenerator.SudokuGeneratorTest" name="testGenerateaPlaybleHardSudoku[289]" time="0.046"/>
  <testcase classname="com.HiQ.sudokugenerator.SudokuGeneratorTest" name="testGenerateaPlaybleMediumSudoku[289]" time="0"/>
  <testcase classname="com.HiQ.sudokugenerator.SudokuGeneratorTest" name="testGenerateAndInValidateValidSudoku[290]" time="0"/>
  <testcase classname="com.HiQ.sudokugenerator.SudokuGeneratorTest" name="testGenerateAndValidateValidSudoku[290]" time="0"/>
  <testcase classname="com.HiQ.sudokugenerator.SudokuGeneratorTest" name="testGenerateaPlaybleEasySudoku[290]" time="0"/>
  <testcase classname="com.HiQ.sudokugenerator.SudokuGeneratorTest" name="testGenerateaPlaybleHardSudoku[290]" time="0"/>
  <testcase classname="com.HiQ.sudokugenerator.SudokuGeneratorTest" name="testGenerateaPlaybleMediumSudoku[290]" time="0"/>
  <testcase classname="com.HiQ.sudokugenerator.SudokuGeneratorTest" name="testGenerateAndInValidateValidSudoku[291]" time="0"/>
  <testcase classname="com.HiQ.sudokugenerator.SudokuGeneratorTest" name="testGenerateAndValidateValidSudoku[291]" time="0"/>
  <testcase classname="com.HiQ.sudokugenerator.SudokuGeneratorTest" name="testGenerateaPlaybleEasySudoku[291]" time="0"/>
  <testcase classname="com.HiQ.sudokugenerator.SudokuGeneratorTest" name="testGenerateaPlaybleHardSudoku[291]" time="0"/>
  <testcase classname="com.HiQ.sudokugenerator.SudokuGeneratorTest" name="testGenerateaPlaybleMediumSudoku[291]" time="0"/>
  <testcase classname="com.HiQ.sudokugenerator.SudokuGeneratorTest" name="testGenerateAndInValidateValidSudoku[292]" time="0"/>
  <testcase classname="com.HiQ.sudokugenerator.SudokuGeneratorTest" name="testGenerateAndValidateValidSudoku[292]" time="0"/>
  <testcase classname="com.HiQ.sudokugenerator.SudokuGeneratorTest" name="testGenerateaPlaybleEasySudoku[292]" time="0"/>
  <testcase classname="com.HiQ.sudokugenerator.SudokuGeneratorTest" name="testGenerateaPlaybleHardSudoku[292]" time="0"/>
  <testcase classname="com.HiQ.sudokugenerator.SudokuGeneratorTest" name="testGenerateaPlaybleMediumSudoku[292]" time="0"/>
  <testcase classname="com.HiQ.sudokugenerator.SudokuGeneratorTest" name="testGenerateAndInValidateValidSudoku[293]" time="0"/>
  <testcase classname="com.HiQ.sudokugenerator.SudokuGeneratorTest" name="testGenerateAndValidateValidSudoku[293]" time="0"/>
  <testcase classname="com.HiQ.sudokugenerator.SudokuGeneratorTest" name="testGenerateaPlaybleEasySudoku[293]" time="0"/>
  <testcase classname="com.HiQ.sudokugenerator.SudokuGeneratorTest" name="testGenerateaPlaybleHardSudoku[293]" time="0"/>
  <testcase classname="com.HiQ.sudokugenerator.SudokuGeneratorTest" name="testGenerateaPlaybleMediumSudoku[293]" time="0"/>
  <testcase classname="com.HiQ.sudokugenerator.SudokuGeneratorTest" name="testGenerateAndInValidateValidSudoku[294]" time="0"/>
  <testcase classname="com.HiQ.sudokugenerator.SudokuGeneratorTest" name="testGenerateAndValidateValidSudoku[294]" time="0"/>
  <testcase classname="com.HiQ.sudokugenerator.SudokuGeneratorTest" name="testGenerateaPlaybleEasySudoku[294]" time="0"/>
  <testcase classname="com.HiQ.sudokugenerator.SudokuGeneratorTest" name="testGenerateaPlaybleHardSudoku[294]" time="0"/>
  <testcase classname="com.HiQ.sudokugenerator.SudokuGeneratorTest" name="testGenerateaPlaybleMediumSudoku[294]" time="0"/>
  <testcase classname="com.HiQ.sudokugenerator.SudokuGeneratorTest" name="testGenerateAndInValidateValidSudoku[295]" time="0"/>
  <testcase classname="com.HiQ.sudokugenerator.SudokuGeneratorTest" name="testGenerateAndValidateValidSudoku[295]" time="0"/>
  <testcase classname="com.HiQ.sudokugenerator.SudokuGeneratorTest" name="testGenerateaPlaybleEasySudoku[295]" time="0"/>
  <testcase classname="com.HiQ.sudokugenerator.SudokuGeneratorTest" name="testGenerateaPlaybleHardSudoku[295]" time="0"/>
  <testcase classname="com.HiQ.sudokugenerator.SudokuGeneratorTest" name="testGenerateaPlaybleMediumSudoku[295]" time="0"/>
  <testcase classname="com.HiQ.sudokugenerator.SudokuGeneratorTest" name="testGenerateAndInValidateValidSudoku[296]" time="0"/>
  <testcase classname="com.HiQ.sudokugenerator.SudokuGeneratorTest" name="testGenerateAndValidateValidSudoku[296]" time="0"/>
  <testcase classname="com.HiQ.sudokugenerator.SudokuGeneratorTest" name="testGenerateaPlaybleEasySudoku[296]" time="0"/>
  <testcase classname="com.HiQ.sudokugenerator.SudokuGeneratorTest" name="testGenerateaPlaybleHardSudoku[296]" time="0"/>
  <testcase classname="com.HiQ.sudokugenerator.SudokuGeneratorTest" name="testGenerateaPlaybleMediumSudoku[296]" time="0"/>
  <testcase classname="com.HiQ.sudokugenerator.SudokuGeneratorTest" name="testGenerateAndInValidateValidSudoku[297]" time="0"/>
  <testcase classname="com.HiQ.sudokugenerator.SudokuGeneratorTest" name="testGenerateAndValidateValidSudoku[297]" time="0"/>
  <testcase classname="com.HiQ.sudokugenerator.SudokuGeneratorTest" name="testGenerateaPlaybleEasySudoku[297]" time="0"/>
  <testcase classname="com.HiQ.sudokugenerator.SudokuGeneratorTest" name="testGenerateaPlaybleHardSudoku[297]" time="0"/>
  <testcase classname="com.HiQ.sudokugenerator.SudokuGeneratorTest" name="testGenerateaPlaybleMediumSudoku[297]" time="0"/>
  <testcase classname="com.HiQ.sudokugenerator.SudokuGeneratorTest" name="testGenerateAndInValidateValidSudoku[298]" time="0"/>
  <testcase classname="com.HiQ.sudokugenerator.SudokuGeneratorTest" name="testGenerateAndValidateValidSudoku[298]" time="0"/>
  <testcase classname="com.HiQ.sudokugenerator.SudokuGeneratorTest" name="testGenerateaPlaybleEasySudoku[298]" time="0"/>
  <testcase classname="com.HiQ.sudokugenerator.SudokuGeneratorTest" name="testGenerateaPlaybleHardSudoku[298]" time="0"/>
  <testcase classname="com.HiQ.sudokugenerator.SudokuGeneratorTest" name="testGenerateaPlaybleMediumSudoku[298]" time="0"/>
  <testcase classname="com.HiQ.sudokugenerator.SudokuGeneratorTest" name="testGenerateAndInValidateValidSudoku[299]" time="0"/>
  <testcase classname="com.HiQ.sudokugenerator.SudokuGeneratorTest" name="testGenerateAndValidateValidSudoku[299]" time="0"/>
  <testcase classname="com.HiQ.sudokugenerator.SudokuGeneratorTest" name="testGenerateaPlaybleEasySudoku[299]" time="0"/>
  <testcase classname="com.HiQ.sudokugenerator.SudokuGeneratorTest" name="testGenerateaPlaybleHardSudoku[299]" time="0"/>
  <testcase classname="com.HiQ.sudokugenerator.SudokuGeneratorTest" name="testGenerateaPlaybleMediumSudoku[299]" time="0.001"/>
  <testcase classname="com.HiQ.sudokugenerator.SudokuGeneratorTest" name="testGenerateAndInValidateValidSudoku[300]" time="0"/>
  <testcase classname="com.HiQ.sudokugenerator.SudokuGeneratorTest" name="testGenerateAndValidateValidSudoku[300]" time="0"/>
  <testcase classname="com.HiQ.sudokugenerator.SudokuGeneratorTest" name="testGenerateaPlaybleEasySudoku[300]" time="0"/>
  <testcase classname="com.HiQ.sudokugenerator.SudokuGeneratorTest" name="testGenerateaPlaybleHardSudoku[300]" time="0.005"/>
  <testcase classname="com.HiQ.sudokugenerator.SudokuGeneratorTest" name="testGenerateaPlaybleMediumSudoku[300]" time="0"/>
  <testcase classname="com.HiQ.sudokugenerator.SudokuGeneratorTest" name="testGenerateAndInValidateValidSudoku[301]" time="0"/>
  <testcase classname="com.HiQ.sudokugenerator.SudokuGeneratorTest" name="testGenerateAndValidateValidSudoku[301]" time="0"/>
  <testcase classname="com.HiQ.sudokugenerator.SudokuGeneratorTest" name="testGenerateaPlaybleEasySudoku[301]" time="0"/>
  <testcase classname="com.HiQ.sudokugenerator.SudokuGeneratorTest" name="testGenerateaPlaybleHardSudoku[301]" time="0"/>
  <testcase classname="com.HiQ.sudokugenerator.SudokuGeneratorTest" name="testGenerateaPlaybleMediumSudoku[301]" time="0"/>
  <testcase classname="com.HiQ.sudokugenerator.SudokuGeneratorTest" name="testGenerateAndInValidateValidSudoku[302]" time="0"/>
  <testcase classname="com.HiQ.sudokugenerator.SudokuGeneratorTest" name="testGenerateAndValidateValidSudoku[302]" time="0"/>
  <testcase classname="com.HiQ.sudokugenerator.SudokuGeneratorTest" name="testGenerateaPlaybleEasySudoku[302]" time="0"/>
  <testcase classname="com.HiQ.sudokugenerator.SudokuGeneratorTest" name="testGenerateaPlaybleHardSudoku[302]" time="0"/>
  <testcase classname="com.HiQ.sudokugenerator.SudokuGeneratorTest" name="testGenerateaPlaybleMediumSudoku[302]" time="0"/>
  <testcase classname="com.HiQ.sudokugenerator.SudokuGeneratorTest" name="testGenerateAndInValidateValidSudoku[303]" time="0"/>
  <testcase classname="com.HiQ.sudokugenerator.SudokuGeneratorTest" name="testGenerateAndValidateValidSudoku[303]" time="0"/>
  <testcase classname="com.HiQ.sudokugenerator.SudokuGeneratorTest" name="testGenerateaPlaybleEasySudoku[303]" time="0"/>
  <testcase classname="com.HiQ.sudokugenerator.SudokuGeneratorTest" name="testGenerateaPlaybleHardSudoku[303]" time="0"/>
  <testcase classname="com.HiQ.sudokugenerator.SudokuGeneratorTest" name="testGenerateaPlaybleMediumSudoku[303]" time="0"/>
  <testcase classname="com.HiQ.sudokugenerator.SudokuGeneratorTest" name="testGenerateAndInValidateValidSudoku[304]" time="0"/>
  <testcase classname="com.HiQ.sudokugenerator.SudokuGeneratorTest" name="testGenerateAndValidateValidSudoku[304]" time="0"/>
  <testcase classname="com.HiQ.sudokugenerator.SudokuGeneratorTest" name="testGenerateaPlaybleEasySudoku[304]" time="0"/>
  <testcase classname="com.HiQ.sudokugenerator.SudokuGeneratorTest" name="testGenerateaPlaybleHardSudoku[304]" time="0"/>
  <testcase classname="com.HiQ.sudokugenerator.SudokuGeneratorTest" name="testGenerateaPlaybleMediumSudoku[304]" time="0"/>
  <testcase classname="com.HiQ.sudokugenerator.SudokuGeneratorTest" name="testGenerateAndInValidateValidSudoku[305]" time="0"/>
  <testcase classname="com.HiQ.sudokugenerator.SudokuGeneratorTest" name="testGenerateAndValidateValidSudoku[305]" time="0.004"/>
  <testcase classname="com.HiQ.sudokugenerator.SudokuGeneratorTest" name="testGenerateaPlaybleEasySudoku[305]" time="0"/>
  <testcase classname="com.HiQ.sudokugenerator.SudokuGeneratorTest" name="testGenerateaPlaybleHardSudoku[305]" time="0"/>
  <testcase classname="com.HiQ.sudokugenerator.SudokuGeneratorTest" name="testGenerateaPlaybleMediumSudoku[305]" time="0"/>
  <testcase classname="com.HiQ.sudokugenerator.SudokuGeneratorTest" name="testGenerateAndInValidateValidSudoku[306]" time="0"/>
  <testcase classname="com.HiQ.sudokugenerator.SudokuGeneratorTest" name="testGenerateAndValidateValidSudoku[306]" time="0"/>
  <testcase classname="com.HiQ.sudokugenerator.SudokuGeneratorTest" name="testGenerateaPlaybleEasySudoku[306]" time="0"/>
  <testcase classname="com.HiQ.sudokugenerator.SudokuGeneratorTest" name="testGenerateaPlaybleHardSudoku[306]" time="0"/>
  <testcase classname="com.HiQ.sudokugenerator.SudokuGeneratorTest" name="testGenerateaPlaybleMediumSudoku[306]" time="0"/>
  <testcase classname="com.HiQ.sudokugenerator.SudokuGeneratorTest" name="testGenerateAndInValidateValidSudoku[307]" time="0"/>
  <testcase classname="com.HiQ.sudokugenerator.SudokuGeneratorTest" name="testGenerateAndValidateValidSudoku[307]" time="0"/>
  <testcase classname="com.HiQ.sudokugenerator.SudokuGeneratorTest" name="testGenerateaPlaybleEasySudoku[307]" time="0"/>
  <testcase classname="com.HiQ.sudokugenerator.SudokuGeneratorTest" name="testGenerateaPlaybleHardSudoku[307]" time="0"/>
  <testcase classname="com.HiQ.sudokugenerator.SudokuGeneratorTest" name="testGenerateaPlaybleMediumSudoku[307]" time="0"/>
  <testcase classname="com.HiQ.sudokugenerator.SudokuGeneratorTest" name="testGenerateAndInValidateValidSudoku[308]" time="0"/>
  <testcase classname="com.HiQ.sudokugenerator.SudokuGeneratorTest" name="testGenerateAndValidateValidSudoku[308]" time="0"/>
  <testcase classname="com.HiQ.sudokugenerator.SudokuGeneratorTest" name="testGenerateaPlaybleEasySudoku[308]" time="0"/>
  <testcase classname="com.HiQ.sudokugenerator.SudokuGeneratorTest" name="testGenerateaPlaybleHardSudoku[308]" time="0"/>
  <testcase classname="com.HiQ.sudokugenerator.SudokuGeneratorTest" name="testGenerateaPlaybleMediumSudoku[308]" time="0.001"/>
  <testcase classname="com.HiQ.sudokugenerator.SudokuGeneratorTest" name="testGenerateAndInValidateValidSudoku[309]" time="0"/>
  <testcase classname="com.HiQ.sudokugenerator.SudokuGeneratorTest" name="testGenerateAndValidateValidSudoku[309]" time="0"/>
  <testcase classname="com.HiQ.sudokugenerator.SudokuGeneratorTest" name="testGenerateaPlaybleEasySudoku[309]" time="0"/>
  <testcase classname="com.HiQ.sudokugenerator.SudokuGeneratorTest" name="testGenerateaPlaybleHardSudoku[309]" time="0"/>
  <testcase classname="com.HiQ.sudokugenerator.SudokuGeneratorTest" name="testGenerateaPlaybleMediumSudoku[309]" time="0"/>
  <testcase classname="com.HiQ.sudokugenerator.SudokuGeneratorTest" name="testGenerateAndInValidateValidSudoku[310]" time="0"/>
  <testcase classname="com.HiQ.sudokugenerator.SudokuGeneratorTest" name="testGenerateAndValidateValidSudoku[310]" time="0"/>
  <testcase classname="com.HiQ.sudokugenerator.SudokuGeneratorTest" name="testGenerateaPlaybleEasySudoku[310]" time="0"/>
  <testcase classname="com.HiQ.sudokugenerator.SudokuGeneratorTest" name="testGenerateaPlaybleHardSudoku[310]" time="0"/>
  <testcase classname="com.HiQ.sudokugenerator.SudokuGeneratorTest" name="testGenerateaPlaybleMediumSudoku[310]" time="0"/>
  <testcase classname="com.HiQ.sudokugenerator.SudokuGeneratorTest" name="testGenerateAndInValidateValidSudoku[311]" time="0"/>
  <testcase classname="com.HiQ.sudokugenerator.SudokuGeneratorTest" name="testGenerateAndValidateValidSudoku[311]" time="0"/>
  <testcase classname="com.HiQ.sudokugenerator.SudokuGeneratorTest" name="testGenerateaPlaybleEasySudoku[311]" time="0"/>
  <testcase classname="com.HiQ.sudokugenerator.SudokuGeneratorTest" name="testGenerateaPlaybleHardSudoku[311]" time="0"/>
  <testcase classname="com.HiQ.sudokugenerator.SudokuGeneratorTest" name="testGenerateaPlaybleMediumSudoku[311]" time="0"/>
  <testcase classname="com.HiQ.sudokugenerator.SudokuGeneratorTest" name="testGenerateAndInValidateValidSudoku[312]" time="0"/>
  <testcase classname="com.HiQ.sudokugenerator.SudokuGeneratorTest" name="testGenerateAndValidateValidSudoku[312]" time="0"/>
  <testcase classname="com.HiQ.sudokugenerator.SudokuGeneratorTest" name="testGenerateaPlaybleEasySudoku[312]" time="0"/>
  <testcase classname="com.HiQ.sudokugenerator.SudokuGeneratorTest" name="testGenerateaPlaybleHardSudoku[312]" time="0"/>
  <testcase classname="com.HiQ.sudokugenerator.SudokuGeneratorTest" name="testGenerateaPlaybleMediumSudoku[312]" time="0"/>
  <testcase classname="com.HiQ.sudokugenerator.SudokuGeneratorTest" name="testGenerateAndInValidateValidSudoku[313]" time="0"/>
  <testcase classname="com.HiQ.sudokugenerator.SudokuGeneratorTest" name="testGenerateAndValidateValidSudoku[313]" time="0"/>
  <testcase classname="com.HiQ.sudokugenerator.SudokuGeneratorTest" name="testGenerateaPlaybleEasySudoku[313]" time="0"/>
  <testcase classname="com.HiQ.sudokugenerator.SudokuGeneratorTest" name="testGenerateaPlaybleHardSudoku[313]" time="0"/>
  <testcase classname="com.HiQ.sudokugenerator.SudokuGeneratorTest" name="testGenerateaPlaybleMediumSudoku[313]" time="0"/>
  <testcase classname="com.HiQ.sudokugenerator.SudokuGeneratorTest" name="testGenerateAndInValidateValidSudoku[314]" time="0.002"/>
  <testcase classname="com.HiQ.sudokugenerator.SudokuGeneratorTest" name="testGenerateAndValidateValidSudoku[314]" time="0"/>
  <testcase classname="com.HiQ.sudokugenerator.SudokuGeneratorTest" name="testGenerateaPlaybleEasySudoku[314]" time="0"/>
  <testcase classname="com.HiQ.sudokugenerator.SudokuGeneratorTest" name="testGenerateaPlaybleHardSudoku[314]" time="0"/>
  <testcase classname="com.HiQ.sudokugenerator.SudokuGeneratorTest" name="testGenerateaPlaybleMediumSudoku[314]" time="0.068"/>
  <testcase classname="com.HiQ.sudokugenerator.SudokuGeneratorTest" name="testGenerateAndInValidateValidSudoku[315]" time="0"/>
  <testcase classname="com.HiQ.sudokugenerator.SudokuGeneratorTest" name="testGenerateAndValidateValidSudoku[315]" time="0"/>
  <testcase classname="com.HiQ.sudokugenerator.SudokuGeneratorTest" name="testGenerateaPlaybleEasySudoku[315]" time="0"/>
  <testcase classname="com.HiQ.sudokugenerator.SudokuGeneratorTest" name="testGenerateaPlaybleHardSudoku[315]" time="0"/>
  <testcase classname="com.HiQ.sudokugenerator.SudokuGeneratorTest" name="testGenerateaPlaybleMediumSudoku[315]" time="0"/>
  <testcase classname="com.HiQ.sudokugenerator.SudokuGeneratorTest" name="testGenerateAndInValidateValidSudoku[316]" time="0"/>
  <testcase classname="com.HiQ.sudokugenerator.SudokuGeneratorTest" name="testGenerateAndValidateValidSudoku[316]" time="0"/>
  <testcase classname="com.HiQ.sudokugenerator.SudokuGeneratorTest" name="testGenerateaPlaybleEasySudoku[316]" time="0"/>
  <testcase classname="com.HiQ.sudokugenerator.SudokuGeneratorTest" name="testGenerateaPlaybleHardSudoku[316]" time="0"/>
  <testcase classname="com.HiQ.sudokugenerator.SudokuGeneratorTest" name="testGenerateaPlaybleMediumSudoku[316]" time="0"/>
  <testcase classname="com.HiQ.sudokugenerator.SudokuGeneratorTest" name="testGenerateAndInValidateValidSudoku[317]" time="0"/>
  <testcase classname="com.HiQ.sudokugenerator.SudokuGeneratorTest" name="testGenerateAndValidateValidSudoku[317]" time="0"/>
  <testcase classname="com.HiQ.sudokugenerator.SudokuGeneratorTest" name="testGenerateaPlaybleEasySudoku[317]" time="0"/>
  <testcase classname="com.HiQ.sudokugenerator.SudokuGeneratorTest" name="testGenerateaPlaybleHardSudoku[317]" time="0"/>
  <testcase classname="com.HiQ.sudokugenerator.SudokuGeneratorTest" name="testGenerateaPlaybleMediumSudoku[317]" time="0"/>
  <testcase classname="com.HiQ.sudokugenerator.SudokuGeneratorTest" name="testGenerateAndInValidateValidSudoku[318]" time="0"/>
  <testcase classname="com.HiQ.sudokugenerator.SudokuGeneratorTest" name="testGenerateAndValidateValidSudoku[318]" time="0"/>
  <testcase classname="com.HiQ.sudokugenerator.SudokuGeneratorTest" name="testGenerateaPlaybleEasySudoku[318]" time="0"/>
  <testcase classname="com.HiQ.sudokugenerator.SudokuGeneratorTest" name="testGenerateaPlaybleHardSudoku[318]" time="0"/>
  <testcase classname="com.HiQ.sudokugenerator.SudokuGeneratorTest" name="testGenerateaPlaybleMediumSudoku[318]" time="0"/>
  <testcase classname="com.HiQ.sudokugenerator.SudokuGeneratorTest" name="testGenerateAndInValidateValidSudoku[319]" time="0"/>
  <testcase classname="com.HiQ.sudokugenerator.SudokuGeneratorTest" name="testGenerateAndValidateValidSudoku[319]" time="0"/>
  <testcase classname="com.HiQ.sudokugenerator.SudokuGeneratorTest" name="testGenerateaPlaybleEasySudoku[319]" time="0"/>
  <testcase classname="com.HiQ.sudokugenerator.SudokuGeneratorTest" name="testGenerateaPlaybleHardSudoku[319]" time="0"/>
  <testcase classname="com.HiQ.sudokugenerator.SudokuGeneratorTest" name="testGenerateaPlaybleMediumSudoku[319]" time="0"/>
  <testcase classname="com.HiQ.sudokugenerator.SudokuGeneratorTest" name="testGenerateAndInValidateValidSudoku[320]" time="0"/>
  <testcase classname="com.HiQ.sudokugenerator.SudokuGeneratorTest" name="testGenerateAndValidateValidSudoku[320]" time="0"/>
  <testcase classname="com.HiQ.sudokugenerator.SudokuGeneratorTest" name="testGenerateaPlaybleEasySudoku[320]" time="0"/>
  <testcase classname="com.HiQ.sudokugenerator.SudokuGeneratorTest" name="testGenerateaPlaybleHardSudoku[320]" time="0"/>
  <testcase classname="com.HiQ.sudokugenerator.SudokuGeneratorTest" name="testGenerateaPlaybleMediumSudoku[320]" time="0"/>
  <testcase classname="com.HiQ.sudokugenerator.SudokuGeneratorTest" name="testGenerateAndInValidateValidSudoku[321]" time="0"/>
  <testcase classname="com.HiQ.sudokugenerator.SudokuGeneratorTest" name="testGenerateAndValidateValidSudoku[321]" time="0"/>
  <testcase classname="com.HiQ.sudokugenerator.SudokuGeneratorTest" name="testGenerateaPlaybleEasySudoku[321]" time="0"/>
  <testcase classname="com.HiQ.sudokugenerator.SudokuGeneratorTest" name="testGenerateaPlaybleHardSudoku[321]" time="0"/>
  <testcase classname="com.HiQ.sudokugenerator.SudokuGeneratorTest" name="testGenerateaPlaybleMediumSudoku[321]" time="0"/>
  <testcase classname="com.HiQ.sudokugenerator.SudokuGeneratorTest" name="testGenerateAndInValidateValidSudoku[322]" time="0"/>
  <testcase classname="com.HiQ.sudokugenerator.SudokuGeneratorTest" name="testGenerateAndValidateValidSudoku[322]" time="0"/>
  <testcase classname="com.HiQ.sudokugenerator.SudokuGeneratorTest" name="testGenerateaPlaybleEasySudoku[322]" time="0"/>
  <testcase classname="com.HiQ.sudokugenerator.SudokuGeneratorTest" name="testGenerateaPlaybleHardSudoku[322]" time="0"/>
  <testcase classname="com.HiQ.sudokugenerator.SudokuGeneratorTest" name="testGenerateaPlaybleMediumSudoku[322]" time="0"/>
  <testcase classname="com.HiQ.sudokugenerator.SudokuGeneratorTest" name="testGenerateAndInValidateValidSudoku[323]" time="0"/>
  <testcase classname="com.HiQ.sudokugenerator.SudokuGeneratorTest" name="testGenerateAndValidateValidSudoku[323]" time="0"/>
  <testcase classname="com.HiQ.sudokugenerator.SudokuGeneratorTest" name="testGenerateaPlaybleEasySudoku[323]" time="0"/>
  <testcase classname="com.HiQ.sudokugenerator.SudokuGeneratorTest" name="testGenerateaPlaybleHardSudoku[323]" time="0"/>
  <testcase classname="com.HiQ.sudokugenerator.SudokuGeneratorTest" name="testGenerateaPlaybleMediumSudoku[323]" time="0"/>
  <testcase classname="com.HiQ.sudokugenerator.SudokuGeneratorTest" name="testGenerateAndInValidateValidSudoku[324]" time="0"/>
  <testcase classname="com.HiQ.sudokugenerator.SudokuGeneratorTest" name="testGenerateAndValidateValidSudoku[324]" time="0"/>
  <testcase classname="com.HiQ.sudokugenerator.SudokuGeneratorTest" name="testGenerateaPlaybleEasySudoku[324]" time="0"/>
  <testcase classname="com.HiQ.sudokugenerator.SudokuGeneratorTest" name="testGenerateaPlaybleHardSudoku[324]" time="0"/>
  <testcase classname="com.HiQ.sudokugenerator.SudokuGeneratorTest" name="testGenerateaPlaybleMediumSudoku[324]" time="0"/>
  <testcase classname="com.HiQ.sudokugenerator.SudokuGeneratorTest" name="testGenerateAndInValidateValidSudoku[325]" time="0"/>
  <testcase classname="com.HiQ.sudokugenerator.SudokuGeneratorTest" name="testGenerateAndValidateValidSudoku[325]" time="0"/>
  <testcase classname="com.HiQ.sudokugenerator.SudokuGeneratorTest" name="testGenerateaPlaybleEasySudoku[325]" time="0"/>
  <testcase classname="com.HiQ.sudokugenerator.SudokuGeneratorTest" name="testGenerateaPlaybleHardSudoku[325]" time="0"/>
  <testcase classname="com.HiQ.sudokugenerator.SudokuGeneratorTest" name="testGenerateaPlaybleMediumSudoku[325]" time="0"/>
  <testcase classname="com.HiQ.sudokugenerator.SudokuGeneratorTest" name="testGenerateAndInValidateValidSudoku[326]" time="0"/>
  <testcase classname="com.HiQ.sudokugenerator.SudokuGeneratorTest" name="testGenerateAndValidateValidSudoku[326]" time="0"/>
  <testcase classname="com.HiQ.sudokugenerator.SudokuGeneratorTest" name="testGenerateaPlaybleEasySudoku[326]" time="0"/>
  <testcase classname="com.HiQ.sudokugenerator.SudokuGeneratorTest" name="testGenerateaPlaybleHardSudoku[326]" time="0"/>
  <testcase classname="com.HiQ.sudokugenerator.SudokuGeneratorTest" name="testGenerateaPlaybleMediumSudoku[326]" time="0"/>
  <testcase classname="com.HiQ.sudokugenerator.SudokuGeneratorTest" name="testGenerateAndInValidateValidSudoku[327]" time="0"/>
  <testcase classname="com.HiQ.sudokugenerator.SudokuGeneratorTest" name="testGenerateAndValidateValidSudoku[327]" time="0"/>
  <testcase classname="com.HiQ.sudokugenerator.SudokuGeneratorTest" name="testGenerateaPlaybleEasySudoku[327]" time="0"/>
  <testcase classname="com.HiQ.sudokugenerator.SudokuGeneratorTest" name="testGenerateaPlaybleHardSudoku[327]" time="0"/>
  <testcase classname="com.HiQ.sudokugenerator.SudokuGeneratorTest" name="testGenerateaPlaybleMediumSudoku[327]" time="0"/>
  <testcase classname="com.HiQ.sudokugenerator.SudokuGeneratorTest" name="testGenerateAndInValidateValidSudoku[328]" time="0"/>
  <testcase classname="com.HiQ.sudokugenerator.SudokuGeneratorTest" name="testGenerateAndValidateValidSudoku[328]" time="0"/>
  <testcase classname="com.HiQ.sudokugenerator.SudokuGeneratorTest" name="testGenerateaPlaybleEasySudoku[328]" time="0"/>
  <testcase classname="com.HiQ.sudokugenerator.SudokuGeneratorTest" name="testGenerateaPlaybleHardSudoku[328]" time="0"/>
  <testcase classname="com.HiQ.sudokugenerator.SudokuGeneratorTest" name="testGenerateaPlaybleMediumSudoku[328]" time="0"/>
  <testcase classname="com.HiQ.sudokugenerator.SudokuGeneratorTest" name="testGenerateAndInValidateValidSudoku[329]" time="0"/>
  <testcase classname="com.HiQ.sudokugenerator.SudokuGeneratorTest" name="testGenerateAndValidateValidSudoku[329]" time="0.001"/>
  <testcase classname="com.HiQ.sudokugenerator.SudokuGeneratorTest" name="testGenerateaPlaybleEasySudoku[329]" time="0"/>
  <testcase classname="com.HiQ.sudokugenerator.SudokuGeneratorTest" name="testGenerateaPlaybleHardSudoku[329]" time="0"/>
  <testcase classname="com.HiQ.sudokugenerator.SudokuGeneratorTest" name="testGenerateaPlaybleMediumSudoku[329]" time="0"/>
  <testcase classname="com.HiQ.sudokugenerator.SudokuGeneratorTest" name="testGenerateAndInValidateValidSudoku[330]" time="0"/>
  <testcase classname="com.HiQ.sudokugenerator.SudokuGeneratorTest" name="testGenerateAndValidateValidSudoku[330]" time="0"/>
  <testcase classname="com.HiQ.sudokugenerator.SudokuGeneratorTest" name="testGenerateaPlaybleEasySudoku[330]" time="0"/>
  <testcase classname="com.HiQ.sudokugenerator.SudokuGeneratorTest" name="testGenerateaPlaybleHardSudoku[330]" time="0"/>
  <testcase classname="com.HiQ.sudokugenerator.SudokuGeneratorTest" name="testGenerateaPlaybleMediumSudoku[330]" time="0"/>
  <testcase classname="com.HiQ.sudokugenerator.SudokuGeneratorTest" name="testGenerateAndInValidateValidSudoku[331]" time="0"/>
  <testcase classname="com.HiQ.sudokugenerator.SudokuGeneratorTest" name="testGenerateAndValidateValidSudoku[331]" time="0"/>
  <testcase classname="com.HiQ.sudokugenerator.SudokuGeneratorTest" name="testGenerateaPlaybleEasySudoku[331]" time="0"/>
  <testcase classname="com.HiQ.sudokugenerator.SudokuGeneratorTest" name="testGenerateaPlaybleHardSudoku[331]" time="0"/>
  <testcase classname="com.HiQ.sudokugenerator.SudokuGeneratorTest" name="testGenerateaPlaybleMediumSudoku[331]" time="0"/>
  <testcase classname="com.HiQ.sudokugenerator.SudokuGeneratorTest" name="testGenerateAndInValidateValidSudoku[332]" time="0"/>
  <testcase classname="com.HiQ.sudokugenerator.SudokuGeneratorTest" name="testGenerateAndValidateValidSudoku[332]" time="0"/>
  <testcase classname="com.HiQ.sudokugenerator.SudokuGeneratorTest" name="testGenerateaPlaybleEasySudoku[332]" time="0"/>
  <testcase classname="com.HiQ.sudokugenerator.SudokuGeneratorTest" name="testGenerateaPlaybleHardSudoku[332]" time="0"/>
  <testcase classname="com.HiQ.sudokugenerator.SudokuGeneratorTest" name="testGenerateaPlaybleMediumSudoku[332]" time="0"/>
  <testcase classname="com.HiQ.sudokugenerator.SudokuGeneratorTest" name="testGenerateAndInValidateValidSudoku[333]" time="0"/>
  <testcase classname="com.HiQ.sudokugenerator.SudokuGeneratorTest" name="testGenerateAndValidateValidSudoku[333]" time="0"/>
  <testcase classname="com.HiQ.sudokugenerator.SudokuGeneratorTest" name="testGenerateaPlaybleEasySudoku[333]" time="0"/>
  <testcase classname="com.HiQ.sudokugenerator.SudokuGeneratorTest" name="testGenerateaPlaybleHardSudoku[333]" time="0"/>
  <testcase classname="com.HiQ.sudokugenerator.SudokuGeneratorTest" name="testGenerateaPlaybleMediumSudoku[333]" time="0"/>
  <testcase classname="com.HiQ.sudokugenerator.SudokuGeneratorTest" name="testGenerateAndInValidateValidSudoku[334]" time="0"/>
  <testcase classname="com.HiQ.sudokugenerator.SudokuGeneratorTest" name="testGenerateAndValidateValidSudoku[334]" time="0"/>
  <testcase classname="com.HiQ.sudokugenerator.SudokuGeneratorTest" name="testGenerateaPlaybleEasySudoku[334]" time="0"/>
  <testcase classname="com.HiQ.sudokugenerator.SudokuGeneratorTest" name="testGenerateaPlaybleHardSudoku[334]" time="0"/>
  <testcase classname="com.HiQ.sudokugenerator.SudokuGeneratorTest" name="testGenerateaPlaybleMediumSudoku[334]" time="0"/>
  <testcase classname="com.HiQ.sudokugenerator.SudokuGeneratorTest" name="testGenerateAndInValidateValidSudoku[335]" time="0"/>
  <testcase classname="com.HiQ.sudokugenerator.SudokuGeneratorTest" name="testGenerateAndValidateValidSudoku[335]" time="0"/>
  <testcase classname="com.HiQ.sudokugenerator.SudokuGeneratorTest" name="testGenerateaPlaybleEasySudoku[335]" time="0"/>
  <testcase classname="com.HiQ.sudokugenerator.SudokuGeneratorTest" name="testGenerateaPlaybleHardSudoku[335]" time="0"/>
  <testcase classname="com.HiQ.sudokugenerator.SudokuGeneratorTest" name="testGenerateaPlaybleMediumSudoku[335]" time="0"/>
  <testcase classname="com.HiQ.sudokugenerator.SudokuGeneratorTest" name="testGenerateAndInValidateValidSudoku[336]" time="0"/>
  <testcase classname="com.HiQ.sudokugenerator.SudokuGeneratorTest" name="testGenerateAndValidateValidSudoku[336]" time="0"/>
  <testcase classname="com.HiQ.sudokugenerator.SudokuGeneratorTest" name="testGenerateaPlaybleEasySudoku[336]" time="0"/>
  <testcase classname="com.HiQ.sudokugenerator.SudokuGeneratorTest" name="testGenerateaPlaybleHardSudoku[336]" time="0"/>
  <testcase classname="com.HiQ.sudokugenerator.SudokuGeneratorTest" name="testGenerateaPlaybleMediumSudoku[336]" time="0"/>
  <testcase classname="com.HiQ.sudokugenerator.SudokuGeneratorTest" name="testGenerateAndInValidateValidSudoku[337]" time="0"/>
  <testcase classname="com.HiQ.sudokugenerator.SudokuGeneratorTest" name="testGenerateAndValidateValidSudoku[337]" time="0"/>
  <testcase classname="com.HiQ.sudokugenerator.SudokuGeneratorTest" name="testGenerateaPlaybleEasySudoku[337]" time="0"/>
  <testcase classname="com.HiQ.sudokugenerator.SudokuGeneratorTest" name="testGenerateaPlaybleHardSudoku[337]" time="0"/>
  <testcase classname="com.HiQ.sudokugenerator.SudokuGeneratorTest" name="testGenerateaPlaybleMediumSudoku[337]" time="0"/>
  <testcase classname="com.HiQ.sudokugenerator.SudokuGeneratorTest" name="testGenerateAndInValidateValidSudoku[338]" time="0"/>
  <testcase classname="com.HiQ.sudokugenerator.SudokuGeneratorTest" name="testGenerateAndValidateValidSudoku[338]" time="0"/>
  <testcase classname="com.HiQ.sudokugenerator.SudokuGeneratorTest" name="testGenerateaPlaybleEasySudoku[338]" time="0"/>
  <testcase classname="com.HiQ.sudokugenerator.SudokuGeneratorTest" name="testGenerateaPlaybleHardSudoku[338]" time="0"/>
  <testcase classname="com.HiQ.sudokugenerator.SudokuGeneratorTest" name="testGenerateaPlaybleMediumSudoku[338]" time="0"/>
  <testcase classname="com.HiQ.sudokugenerator.SudokuGeneratorTest" name="testGenerateAndInValidateValidSudoku[339]" time="0"/>
  <testcase classname="com.HiQ.sudokugenerator.SudokuGeneratorTest" name="testGenerateAndValidateValidSudoku[339]" time="0"/>
  <testcase classname="com.HiQ.sudokugenerator.SudokuGeneratorTest" name="testGenerateaPlaybleEasySudoku[339]" time="0"/>
  <testcase classname="com.HiQ.sudokugenerator.SudokuGeneratorTest" name="testGenerateaPlaybleHardSudoku[339]" time="0"/>
  <testcase classname="com.HiQ.sudokugenerator.SudokuGeneratorTest" name="testGenerateaPlaybleMediumSudoku[339]" time="0"/>
  <testcase classname="com.HiQ.sudokugenerator.SudokuGeneratorTest" name="testGenerateAndInValidateValidSudoku[340]" time="0"/>
  <testcase classname="com.HiQ.sudokugenerator.SudokuGeneratorTest" name="testGenerateAndValidateValidSudoku[340]" time="0"/>
  <testcase classname="com.HiQ.sudokugenerator.SudokuGeneratorTest" name="testGenerateaPlaybleEasySudoku[340]" time="0"/>
  <testcase classname="com.HiQ.sudokugenerator.SudokuGeneratorTest" name="testGenerateaPlaybleHardSudoku[340]" time="0"/>
  <testcase classname="com.HiQ.sudokugenerator.SudokuGeneratorTest" name="testGenerateaPlaybleMediumSudoku[340]" time="0.001"/>
  <testcase classname="com.HiQ.sudokugenerator.SudokuGeneratorTest" name="testGenerateAndInValidateValidSudoku[341]" time="0"/>
  <testcase classname="com.HiQ.sudokugenerator.SudokuGeneratorTest" name="testGenerateAndValidateValidSudoku[341]" time="0"/>
  <testcase classname="com.HiQ.sudokugenerator.SudokuGeneratorTest" name="testGenerateaPlaybleEasySudoku[341]" time="0"/>
  <testcase classname="com.HiQ.sudokugenerator.SudokuGeneratorTest" name="testGenerateaPlaybleHardSudoku[341]" time="0"/>
  <testcase classname="com.HiQ.sudokugenerator.SudokuGeneratorTest" name="testGenerateaPlaybleMediumSudoku[341]" time="0"/>
  <testcase classname="com.HiQ.sudokugenerator.SudokuGeneratorTest" name="testGenerateAndInValidateValidSudoku[342]" time="0"/>
  <testcase classname="com.HiQ.sudokugenerator.SudokuGeneratorTest" name="testGenerateAndValidateValidSudoku[342]" time="0"/>
  <testcase classname="com.HiQ.sudokugenerator.SudokuGeneratorTest" name="testGenerateaPlaybleEasySudoku[342]" time="0"/>
  <testcase classname="com.HiQ.sudokugenerator.SudokuGeneratorTest" name="testGenerateaPlaybleHardSudoku[342]" time="0"/>
  <testcase classname="com.HiQ.sudokugenerator.SudokuGeneratorTest" name="testGenerateaPlaybleMediumSudoku[342]" time="0"/>
  <testcase classname="com.HiQ.sudokugenerator.SudokuGeneratorTest" name="testGenerateAndInValidateValidSudoku[343]" time="0"/>
  <testcase classname="com.HiQ.sudokugenerator.SudokuGeneratorTest" name="testGenerateAndValidateValidSudoku[343]" time="0"/>
  <testcase classname="com.HiQ.sudokugenerator.SudokuGeneratorTest" name="testGenerateaPlaybleEasySudoku[343]" time="0"/>
  <testcase classname="com.HiQ.sudokugenerator.SudokuGeneratorTest" name="testGenerateaPlaybleHardSudoku[343]" time="0.043"/>
  <testcase classname="com.HiQ.sudokugenerator.SudokuGeneratorTest" name="testGenerateaPlaybleMediumSudoku[343]" time="0"/>
  <testcase classname="com.HiQ.sudokugenerator.SudokuGeneratorTest" name="testGenerateAndInValidateValidSudoku[344]" time="0"/>
  <testcase classname="com.HiQ.sudokugenerator.SudokuGeneratorTest" name="testGenerateAndValidateValidSudoku[344]" time="0"/>
  <testcase classname="com.HiQ.sudokugenerator.SudokuGeneratorTest" name="testGenerateaPlaybleEasySudoku[344]" time="0"/>
  <testcase classname="com.HiQ.sudokugenerator.SudokuGeneratorTest" name="testGenerateaPlaybleHardSudoku[344]" time="0"/>
  <testcase classname="com.HiQ.sudokugenerator.SudokuGeneratorTest" name="testGenerateaPlaybleMediumSudoku[344]" time="0"/>
  <testcase classname="com.HiQ.sudokugenerator.SudokuGeneratorTest" name="testGenerateAndInValidateValidSudoku[345]" time="0"/>
  <testcase classname="com.HiQ.sudokugenerator.SudokuGeneratorTest" name="testGenerateAndValidateValidSudoku[345]" time="0"/>
  <testcase classname="com.HiQ.sudokugenerator.SudokuGeneratorTest" name="testGenerateaPlaybleEasySudoku[345]" time="0"/>
  <testcase classname="com.HiQ.sudokugenerator.SudokuGeneratorTest" name="testGenerateaPlaybleHardSudoku[345]" time="0"/>
  <testcase classname="com.HiQ.sudokugenerator.SudokuGeneratorTest" name="testGenerateaPlaybleMediumSudoku[345]" time="0"/>
  <testcase classname="com.HiQ.sudokugenerator.SudokuGeneratorTest" name="testGenerateAndInValidateValidSudoku[346]" time="0"/>
  <testcase classname="com.HiQ.sudokugenerator.SudokuGeneratorTest" name="testGenerateAndValidateValidSudoku[346]" time="0"/>
  <testcase classname="com.HiQ.sudokugenerator.SudokuGeneratorTest" name="testGenerateaPlaybleEasySudoku[346]" time="0"/>
  <testcase classname="com.HiQ.sudokugenerator.SudokuGeneratorTest" name="testGenerateaPlaybleHardSudoku[346]" time="0"/>
  <testcase classname="com.HiQ.sudokugenerator.SudokuGeneratorTest" name="testGenerateaPlaybleMediumSudoku[346]" time="0"/>
  <testcase classname="com.HiQ.sudokugenerator.SudokuGeneratorTest" name="testGenerateAndInValidateValidSudoku[347]" time="0"/>
  <testcase classname="com.HiQ.sudokugenerator.SudokuGeneratorTest" name="testGenerateAndValidateValidSudoku[347]" time="0"/>
  <testcase classname="com.HiQ.sudokugenerator.SudokuGeneratorTest" name="testGenerateaPlaybleEasySudoku[347]" time="0"/>
  <testcase classname="com.HiQ.sudokugenerator.SudokuGeneratorTest" name="testGenerateaPlaybleHardSudoku[347]" time="0"/>
  <testcase classname="com.HiQ.sudokugenerator.SudokuGeneratorTest" name="testGenerateaPlaybleMediumSudoku[347]" time="0"/>
  <testcase classname="com.HiQ.sudokugenerator.SudokuGeneratorTest" name="testGenerateAndInValidateValidSudoku[348]" time="0"/>
  <testcase classname="com.HiQ.sudokugenerator.SudokuGeneratorTest" name="testGenerateAndValidateValidSudoku[348]" time="0"/>
  <testcase classname="com.HiQ.sudokugenerator.SudokuGeneratorTest" name="testGenerateaPlaybleEasySudoku[348]" time="0"/>
  <testcase classname="com.HiQ.sudokugenerator.SudokuGeneratorTest" name="testGenerateaPlaybleHardSudoku[348]" time="0"/>
  <testcase classname="com.HiQ.sudokugenerator.SudokuGeneratorTest" name="testGenerateaPlaybleMediumSudoku[348]" time="0"/>
  <testcase classname="com.HiQ.sudokugenerator.SudokuGeneratorTest" name="testGenerateAndInValidateValidSudoku[349]" time="0"/>
  <testcase classname="com.HiQ.sudokugenerator.SudokuGeneratorTest" name="testGenerateAndValidateValidSudoku[349]" time="0"/>
  <testcase classname="com.HiQ.sudokugenerator.SudokuGeneratorTest" name="testGenerateaPlaybleEasySudoku[349]" time="0"/>
  <testcase classname="com.HiQ.sudokugenerator.SudokuGeneratorTest" name="testGenerateaPlaybleHardSudoku[349]" time="0"/>
  <testcase classname="com.HiQ.sudokugenerator.SudokuGeneratorTest" name="testGenerateaPlaybleMediumSudoku[349]" time="0"/>
  <testcase classname="com.HiQ.sudokugenerator.SudokuGeneratorTest" name="testGenerateAndInValidateValidSudoku[350]" time="0"/>
  <testcase classname="com.HiQ.sudokugenerator.SudokuGeneratorTest" name="testGenerateAndValidateValidSudoku[350]" time="0"/>
  <testcase classname="com.HiQ.sudokugenerator.SudokuGeneratorTest" name="testGenerateaPlaybleEasySudoku[350]" time="0"/>
  <testcase classname="com.HiQ.sudokugenerator.SudokuGeneratorTest" name="testGenerateaPlaybleHardSudoku[350]" time="0"/>
  <testcase classname="com.HiQ.sudokugenerator.SudokuGeneratorTest" name="testGenerateaPlaybleMediumSudoku[350]" time="0"/>
  <testcase classname="com.HiQ.sudokugenerator.SudokuGeneratorTest" name="testGenerateAndInValidateValidSudoku[351]" time="0"/>
  <testcase classname="com.HiQ.sudokugenerator.SudokuGeneratorTest" name="testGenerateAndValidateValidSudoku[351]" time="0"/>
  <testcase classname="com.HiQ.sudokugenerator.SudokuGeneratorTest" name="testGenerateaPlaybleEasySudoku[351]" time="0"/>
  <testcase classname="com.HiQ.sudokugenerator.SudokuGeneratorTest" name="testGenerateaPlaybleHardSudoku[351]" time="0"/>
  <testcase classname="com.HiQ.sudokugenerator.SudokuGeneratorTest" name="testGenerateaPlaybleMediumSudoku[351]" time="0"/>
  <testcase classname="com.HiQ.sudokugenerator.SudokuGeneratorTest" name="testGenerateAndInValidateValidSudoku[352]" time="0"/>
  <testcase classname="com.HiQ.sudokugenerator.SudokuGeneratorTest" name="testGenerateAndValidateValidSudoku[352]" time="0"/>
  <testcase classname="com.HiQ.sudokugenerator.SudokuGeneratorTest" name="testGenerateaPlaybleEasySudoku[352]" time="0"/>
  <testcase classname="com.HiQ.sudokugenerator.SudokuGeneratorTest" name="testGenerateaPlaybleHardSudoku[352]" time="0"/>
  <testcase classname="com.HiQ.sudokugenerator.SudokuGeneratorTest" name="testGenerateaPlaybleMediumSudoku[352]" time="0"/>
  <testcase classname="com.HiQ.sudokugenerator.SudokuGeneratorTest" name="testGenerateAndInValidateValidSudoku[353]" time="0"/>
  <testcase classname="com.HiQ.sudokugenerator.SudokuGeneratorTest" name="testGenerateAndValidateValidSudoku[353]" time="0"/>
  <testcase classname="com.HiQ.sudokugenerator.SudokuGeneratorTest" name="testGenerateaPlaybleEasySudoku[353]" time="0"/>
  <testcase classname="com.HiQ.sudokugenerator.SudokuGeneratorTest" name="testGenerateaPlaybleHardSudoku[353]" time="0"/>
  <testcase classname="com.HiQ.sudokugenerator.SudokuGeneratorTest" name="testGenerateaPlaybleMediumSudoku[353]" time="0"/>
  <testcase classname="com.HiQ.sudokugenerator.SudokuGeneratorTest" name="testGenerateAndInValidateValidSudoku[354]" time="0"/>
  <testcase classname="com.HiQ.sudokugenerator.SudokuGeneratorTest" name="testGenerateAndValidateValidSudoku[354]" time="0"/>
  <testcase classname="com.HiQ.sudokugenerator.SudokuGeneratorTest" name="testGenerateaPlaybleEasySudoku[354]" time="0"/>
  <testcase classname="com.HiQ.sudokugenerator.SudokuGeneratorTest" name="testGenerateaPlaybleHardSudoku[354]" time="0"/>
  <testcase classname="com.HiQ.sudokugenerator.SudokuGeneratorTest" name="testGenerateaPlaybleMediumSudoku[354]" time="0"/>
  <testcase classname="com.HiQ.sudokugenerator.SudokuGeneratorTest" name="testGenerateAndInValidateValidSudoku[355]" time="0"/>
  <testcase classname="com.HiQ.sudokugenerator.SudokuGeneratorTest" name="testGenerateAndValidateValidSudoku[355]" time="0"/>
  <testcase classname="com.HiQ.sudokugenerator.SudokuGeneratorTest" name="testGenerateaPlaybleEasySudoku[355]" time="0"/>
  <testcase classname="com.HiQ.sudokugenerator.SudokuGeneratorTest" name="testGenerateaPlaybleHardSudoku[355]" time="0"/>
  <testcase classname="com.HiQ.sudokugenerator.SudokuGeneratorTest" name="testGenerateaPlaybleMediumSudoku[355]" time="0"/>
  <testcase classname="com.HiQ.sudokugenerator.SudokuGeneratorTest" name="testGenerateAndInValidateValidSudoku[356]" time="0"/>
  <testcase classname="com.HiQ.sudokugenerator.SudokuGeneratorTest" name="testGenerateAndValidateValidSudoku[356]" time="0"/>
  <testcase classname="com.HiQ.sudokugenerator.SudokuGeneratorTest" name="testGenerateaPlaybleEasySudoku[356]" time="0"/>
  <testcase classname="com.HiQ.sudokugenerator.SudokuGeneratorTest" name="testGenerateaPlaybleHardSudoku[356]" time="0"/>
  <testcase classname="com.HiQ.sudokugenerator.SudokuGeneratorTest" name="testGenerateaPlaybleMediumSudoku[356]" time="0"/>
  <testcase classname="com.HiQ.sudokugenerator.SudokuGeneratorTest" name="testGenerateAndInValidateValidSudoku[357]" time="0"/>
  <testcase classname="com.HiQ.sudokugenerator.SudokuGeneratorTest" name="testGenerateAndValidateValidSudoku[357]" time="0"/>
  <testcase classname="com.HiQ.sudokugenerator.SudokuGeneratorTest" name="testGenerateaPlaybleEasySudoku[357]" time="0"/>
  <testcase classname="com.HiQ.sudokugenerator.SudokuGeneratorTest" name="testGenerateaPlaybleHardSudoku[357]" time="0"/>
  <testcase classname="com.HiQ.sudokugenerator.SudokuGeneratorTest" name="testGenerateaPlaybleMediumSudoku[357]" time="0.001"/>
  <testcase classname="com.HiQ.sudokugenerator.SudokuGeneratorTest" name="testGenerateAndInValidateValidSudoku[358]" time="0"/>
  <testcase classname="com.HiQ.sudokugenerator.SudokuGeneratorTest" name="testGenerateAndValidateValidSudoku[358]" time="0"/>
  <testcase classname="com.HiQ.sudokugenerator.SudokuGeneratorTest" name="testGenerateaPlaybleEasySudoku[358]" time="0"/>
  <testcase classname="com.HiQ.sudokugenerator.SudokuGeneratorTest" name="testGenerateaPlaybleHardSudoku[358]" time="0"/>
  <testcase classname="com.HiQ.sudokugenerator.SudokuGeneratorTest" name="testGenerateaPlaybleMediumSudoku[358]" time="0"/>
  <testcase classname="com.HiQ.sudokugenerator.SudokuGeneratorTest" name="testGenerateAndInValidateValidSudoku[359]" time="0"/>
  <testcase classname="com.HiQ.sudokugenerator.SudokuGeneratorTest" name="testGenerateAndValidateValidSudoku[359]" time="0"/>
  <testcase classname="com.HiQ.sudokugenerator.SudokuGeneratorTest" name="testGenerateaPlaybleEasySudoku[359]" time="0"/>
  <testcase classname="com.HiQ.sudokugenerator.SudokuGeneratorTest" name="testGenerateaPlaybleHardSudoku[359]" time="0"/>
  <testcase classname="com.HiQ.sudokugenerator.SudokuGeneratorTest" name="testGenerateaPlaybleMediumSudoku[359]" time="0"/>
  <testcase classname="com.HiQ.sudokugenerator.SudokuGeneratorTest" name="testGenerateAndInValidateValidSudoku[360]" time="0"/>
  <testcase classname="com.HiQ.sudokugenerator.SudokuGeneratorTest" name="testGenerateAndValidateValidSudoku[360]" time="0"/>
  <testcase classname="com.HiQ.sudokugenerator.SudokuGeneratorTest" name="testGenerateaPlaybleEasySudoku[360]" time="0"/>
  <testcase classname="com.HiQ.sudokugenerator.SudokuGeneratorTest" name="testGenerateaPlaybleHardSudoku[360]" time="0"/>
  <testcase classname="com.HiQ.sudokugenerator.SudokuGeneratorTest" name="testGenerateaPlaybleMediumSudoku[360]" time="0"/>
  <testcase classname="com.HiQ.sudokugenerator.SudokuGeneratorTest" name="testGenerateAndInValidateValidSudoku[361]" time="0"/>
  <testcase classname="com.HiQ.sudokugenerator.SudokuGeneratorTest" name="testGenerateAndValidateValidSudoku[361]" time="0"/>
  <testcase classname="com.HiQ.sudokugenerator.SudokuGeneratorTest" name="testGenerateaPlaybleEasySudoku[361]" time="0"/>
  <testcase classname="com.HiQ.sudokugenerator.SudokuGeneratorTest" name="testGenerateaPlaybleHardSudoku[361]" time="0"/>
  <testcase classname="com.HiQ.sudokugenerator.SudokuGeneratorTest" name="testGenerateaPlaybleMediumSudoku[361]" time="0"/>
  <testcase classname="com.HiQ.sudokugenerator.SudokuGeneratorTest" name="testGenerateAndInValidateValidSudoku[362]" time="0"/>
  <testcase classname="com.HiQ.sudokugenerator.SudokuGeneratorTest" name="testGenerateAndValidateValidSudoku[362]" time="0"/>
  <testcase classname="com.HiQ.sudokugenerator.SudokuGeneratorTest" name="testGenerateaPlaybleEasySudoku[362]" time="0"/>
  <testcase classname="com.HiQ.sudokugenerator.SudokuGeneratorTest" name="testGenerateaPlaybleHardSudoku[362]" time="0"/>
  <testcase classname="com.HiQ.sudokugenerator.SudokuGeneratorTest" name="testGenerateaPlaybleMediumSudoku[362]" time="0"/>
  <testcase classname="com.HiQ.sudokugenerator.SudokuGeneratorTest" name="testGenerateAndInValidateValidSudoku[363]" time="0"/>
  <testcase classname="com.HiQ.sudokugenerator.SudokuGeneratorTest" name="testGenerateAndValidateValidSudoku[363]" time="0"/>
  <testcase classname="com.HiQ.sudokugenerator.SudokuGeneratorTest" name="testGenerateaPlaybleEasySudoku[363]" time="0"/>
  <testcase classname="com.HiQ.sudokugenerator.SudokuGeneratorTest" name="testGenerateaPlaybleHardSudoku[363]" time="0"/>
  <testcase classname="com.HiQ.sudokugenerator.SudokuGeneratorTest" name="testGenerateaPlaybleMediumSudoku[363]" time="0"/>
  <testcase classname="com.HiQ.sudokugenerator.SudokuGeneratorTest" name="testGenerateAndInValidateValidSudoku[364]" time="0"/>
  <testcase classname="com.HiQ.sudokugenerator.SudokuGeneratorTest" name="testGenerateAndValidateValidSudoku[364]" time="0"/>
  <testcase classname="com.HiQ.sudokugenerator.SudokuGeneratorTest" name="testGenerateaPlaybleEasySudoku[364]" time="0"/>
  <testcase classname="com.HiQ.sudokugenerator.SudokuGeneratorTest" name="testGenerateaPlaybleHardSudoku[364]" time="0"/>
  <testcase classname="com.HiQ.sudokugenerator.SudokuGeneratorTest" name="testGenerateaPlaybleMediumSudoku[364]" time="0"/>
  <testcase classname="com.HiQ.sudokugenerator.SudokuGeneratorTest" name="testGenerateAndInValidateValidSudoku[365]" time="0"/>
  <testcase classname="com.HiQ.sudokugenerator.SudokuGeneratorTest" name="testGenerateAndValidateValidSudoku[365]" time="0"/>
  <testcase classname="com.HiQ.sudokugenerator.SudokuGeneratorTest" name="testGenerateaPlaybleEasySudoku[365]" time="0"/>
  <testcase classname="com.HiQ.sudokugenerator.SudokuGeneratorTest" name="testGenerateaPlaybleHardSudoku[365]" time="0"/>
  <testcase classname="com.HiQ.sudokugenerator.SudokuGeneratorTest" name="testGenerateaPlaybleMediumSudoku[365]" time="0"/>
  <testcase classname="com.HiQ.sudokugenerator.SudokuGeneratorTest" name="testGenerateAndInValidateValidSudoku[366]" time="0"/>
  <testcase classname="com.HiQ.sudokugenerator.SudokuGeneratorTest" name="testGenerateAndValidateValidSudoku[366]" time="0"/>
  <testcase classname="com.HiQ.sudokugenerator.SudokuGeneratorTest" name="testGenerateaPlaybleEasySudoku[366]" time="0"/>
  <testcase classname="com.HiQ.sudokugenerator.SudokuGeneratorTest" name="testGenerateaPlaybleHardSudoku[366]" time="0"/>
  <testcase classname="com.HiQ.sudokugenerator.SudokuGeneratorTest" name="testGenerateaPlaybleMediumSudoku[366]" time="0"/>
  <testcase classname="com.HiQ.sudokugenerator.SudokuGeneratorTest" name="testGenerateAndInValidateValidSudoku[367]" time="0"/>
  <testcase classname="com.HiQ.sudokugenerator.SudokuGeneratorTest" name="testGenerateAndValidateValidSudoku[367]" time="0"/>
  <testcase classname="com.HiQ.sudokugenerator.SudokuGeneratorTest" name="testGenerateaPlaybleEasySudoku[367]" time="0"/>
  <testcase classname="com.HiQ.sudokugenerator.SudokuGeneratorTest" name="testGenerateaPlaybleHardSudoku[367]" time="0"/>
  <testcase classname="com.HiQ.sudokugenerator.SudokuGeneratorTest" name="testGenerateaPlaybleMediumSudoku[367]" time="0"/>
  <testcase classname="com.HiQ.sudokugenerator.SudokuGeneratorTest" name="testGenerateAndInValidateValidSudoku[368]" time="0"/>
  <testcase classname="com.HiQ.sudokugenerator.SudokuGeneratorTest" name="testGenerateAndValidateValidSudoku[368]" time="0"/>
  <testcase classname="com.HiQ.sudokugenerator.SudokuGeneratorTest" name="testGenerateaPlaybleEasySudoku[368]" time="0"/>
  <testcase classname="com.HiQ.sudokugenerator.SudokuGeneratorTest" name="testGenerateaPlaybleHardSudoku[368]" time="0"/>
  <testcase classname="com.HiQ.sudokugenerator.SudokuGeneratorTest" name="testGenerateaPlaybleMediumSudoku[368]" time="0"/>
  <testcase classname="com.HiQ.sudokugenerator.SudokuGeneratorTest" name="testGenerateAndInValidateValidSudoku[369]" time="0"/>
  <testcase classname="com.HiQ.sudokugenerator.SudokuGeneratorTest" name="testGenerateAndValidateValidSudoku[369]" time="0"/>
  <testcase classname="com.HiQ.sudokugenerator.SudokuGeneratorTest" name="testGenerateaPlaybleEasySudoku[369]" time="0"/>
  <testcase classname="com.HiQ.sudokugenerator.SudokuGeneratorTest" name="testGenerateaPlaybleHardSudoku[369]" time="0"/>
  <testcase classname="com.HiQ.sudokugenerator.SudokuGeneratorTest" name="testGenerateaPlaybleMediumSudoku[369]" time="0"/>
  <testcase classname="com.HiQ.sudokugenerator.SudokuGeneratorTest" name="testGenerateAndInValidateValidSudoku[370]" time="0"/>
  <testcase classname="com.HiQ.sudokugenerator.SudokuGeneratorTest" name="testGenerateAndValidateValidSudoku[370]" time="0"/>
  <testcase classname="com.HiQ.sudokugenerator.SudokuGeneratorTest" name="testGenerateaPlaybleEasySudoku[370]" time="0"/>
  <testcase classname="com.HiQ.sudokugenerator.SudokuGeneratorTest" name="testGenerateaPlaybleHardSudoku[370]" time="0"/>
  <testcase classname="com.HiQ.sudokugenerator.SudokuGeneratorTest" name="testGenerateaPlaybleMediumSudoku[370]" time="0.001"/>
  <testcase classname="com.HiQ.sudokugenerator.SudokuGeneratorTest" name="testGenerateAndInValidateValidSudoku[371]" time="0"/>
  <testcase classname="com.HiQ.sudokugenerator.SudokuGeneratorTest" name="testGenerateAndValidateValidSudoku[371]" time="0"/>
  <testcase classname="com.HiQ.sudokugenerator.SudokuGeneratorTest" name="testGenerateaPlaybleEasySudoku[371]" time="0"/>
  <testcase classname="com.HiQ.sudokugenerator.SudokuGeneratorTest" name="testGenerateaPlaybleHardSudoku[371]" time="0"/>
  <testcase classname="com.HiQ.sudokugenerator.SudokuGeneratorTest" name="testGenerateaPlaybleMediumSudoku[371]" time="0"/>
  <testcase classname="com.HiQ.sudokugenerator.SudokuGeneratorTest" name="testGenerateAndInValidateValidSudoku[372]" time="0"/>
  <testcase classname="com.HiQ.sudokugenerator.SudokuGeneratorTest" name="testGenerateAndValidateValidSudoku[372]" time="0"/>
  <testcase classname="com.HiQ.sudokugenerator.SudokuGeneratorTest" name="testGenerateaPlaybleEasySudoku[372]" time="0.06"/>
  <testcase classname="com.HiQ.sudokugenerator.SudokuGeneratorTest" name="testGenerateaPlaybleHardSudoku[372]" time="0"/>
  <testcase classname="com.HiQ.sudokugenerator.SudokuGeneratorTest" name="testGenerateaPlaybleMediumSudoku[372]" time="0"/>
  <testcase classname="com.HiQ.sudokugenerator.SudokuGeneratorTest" name="testGenerateAndInValidateValidSudoku[373]" time="0"/>
  <testcase classname="com.HiQ.sudokugenerator.SudokuGeneratorTest" name="testGenerateAndValidateValidSudoku[373]" time="0"/>
  <testcase classname="com.HiQ.sudokugenerator.SudokuGeneratorTest" name="testGenerateaPlaybleEasySudoku[373]" time="0.001"/>
  <testcase classname="com.HiQ.sudokugenerator.SudokuGeneratorTest" name="testGenerateaPlaybleHardSudoku[373]" time="0"/>
  <testcase classname="com.HiQ.sudokugenerator.SudokuGeneratorTest" name="testGenerateaPlaybleMediumSudoku[373]" time="0"/>
  <testcase classname="com.HiQ.sudokugenerator.SudokuGeneratorTest" name="testGenerateAndInValidateValidSudoku[374]" time="0"/>
  <testcase classname="com.HiQ.sudokugenerator.SudokuGeneratorTest" name="testGenerateAndValidateValidSudoku[374]" time="0"/>
  <testcase classname="com.HiQ.sudokugenerator.SudokuGeneratorTest" name="testGenerateaPlaybleEasySudoku[374]" time="0"/>
  <testcase classname="com.HiQ.sudokugenerator.SudokuGeneratorTest" name="testGenerateaPlaybleHardSudoku[374]" time="0"/>
  <testcase classname="com.HiQ.sudokugenerator.SudokuGeneratorTest" name="testGenerateaPlaybleMediumSudoku[374]" time="0"/>
  <testcase classname="com.HiQ.sudokugenerator.SudokuGeneratorTest" name="testGenerateAndInValidateValidSudoku[375]" time="0"/>
  <testcase classname="com.HiQ.sudokugenerator.SudokuGeneratorTest" name="testGenerateAndValidateValidSudoku[375]" time="0"/>
  <testcase classname="com.HiQ.sudokugenerator.SudokuGeneratorTest" name="testGenerateaPlaybleEasySudoku[375]" time="0"/>
  <testcase classname="com.HiQ.sudokugenerator.SudokuGeneratorTest" name="testGenerateaPlaybleHardSudoku[375]" time="0"/>
  <testcase classname="com.HiQ.sudokugenerator.SudokuGeneratorTest" name="testGenerateaPlaybleMediumSudoku[375]" time="0"/>
  <testcase classname="com.HiQ.sudokugenerator.SudokuGeneratorTest" name="testGenerateAndInValidateValidSudoku[376]" time="0"/>
  <testcase classname="com.HiQ.sudokugenerator.SudokuGeneratorTest" name="testGenerateAndValidateValidSudoku[376]" time="0"/>
  <testcase classname="com.HiQ.sudokugenerator.SudokuGeneratorTest" name="testGenerateaPlaybleEasySudoku[376]" time="0"/>
  <testcase classname="com.HiQ.sudokugenerator.SudokuGeneratorTest" name="testGenerateaPlaybleHardSudoku[376]" time="0"/>
  <testcase classname="com.HiQ.sudokugenerator.SudokuGeneratorTest" name="testGenerateaPlaybleMediumSudoku[376]" time="0"/>
  <testcase classname="com.HiQ.sudokugenerator.SudokuGeneratorTest" name="testGenerateAndInValidateValidSudoku[377]" time="0"/>
  <testcase classname="com.HiQ.sudokugenerator.SudokuGeneratorTest" name="testGenerateAndValidateValidSudoku[377]" time="0"/>
  <testcase classname="com.HiQ.sudokugenerator.SudokuGeneratorTest" name="testGenerateaPlaybleEasySudoku[377]" time="0"/>
  <testcase classname="com.HiQ.sudokugenerator.SudokuGeneratorTest" name="testGenerateaPlaybleHardSudoku[377]" time="0"/>
  <testcase classname="com.HiQ.sudokugenerator.SudokuGeneratorTest" name="testGenerateaPlaybleMediumSudoku[377]" time="0"/>
  <testcase classname="com.HiQ.sudokugenerator.SudokuGeneratorTest" name="testGenerateAndInValidateValidSudoku[378]" time="0"/>
  <testcase classname="com.HiQ.sudokugenerator.SudokuGeneratorTest" name="testGenerateAndValidateValidSudoku[378]" time="0"/>
  <testcase classname="com.HiQ.sudokugenerator.SudokuGeneratorTest" name="testGenerateaPlaybleEasySudoku[378]" time="0"/>
  <testcase classname="com.HiQ.sudokugenerator.SudokuGeneratorTest" name="testGenerateaPlaybleHardSudoku[378]" time="0"/>
  <testcase classname="com.HiQ.sudokugenerator.SudokuGeneratorTest" name="testGenerateaPlaybleMediumSudoku[378]" time="0"/>
  <testcase classname="com.HiQ.sudokugenerator.SudokuGeneratorTest" name="testGenerateAndInValidateValidSudoku[379]" time="0"/>
  <testcase classname="com.HiQ.sudokugenerator.SudokuGeneratorTest" name="testGenerateAndValidateValidSudoku[379]" time="0"/>
  <testcase classname="com.HiQ.sudokugenerator.SudokuGeneratorTest" name="testGenerateaPlaybleEasySudoku[379]" time="0"/>
  <testcase classname="com.HiQ.sudokugenerator.SudokuGeneratorTest" name="testGenerateaPlaybleHardSudoku[379]" time="0"/>
  <testcase classname="com.HiQ.sudokugenerator.SudokuGeneratorTest" name="testGenerateaPlaybleMediumSudoku[379]" time="0"/>
  <testcase classname="com.HiQ.sudokugenerator.SudokuGeneratorTest" name="testGenerateAndInValidateValidSudoku[380]" time="0"/>
  <testcase classname="com.HiQ.sudokugenerator.SudokuGeneratorTest" name="testGenerateAndValidateValidSudoku[380]" time="0"/>
  <testcase classname="com.HiQ.sudokugenerator.SudokuGeneratorTest" name="testGenerateaPlaybleEasySudoku[380]" time="0"/>
  <testcase classname="com.HiQ.sudokugenerator.SudokuGeneratorTest" name="testGenerateaPlaybleHardSudoku[380]" time="0"/>
  <testcase classname="com.HiQ.sudokugenerator.SudokuGeneratorTest" name="testGenerateaPlaybleMediumSudoku[380]" time="0"/>
  <testcase classname="com.HiQ.sudokugenerator.SudokuGeneratorTest" name="testGenerateAndInValidateValidSudoku[381]" time="0"/>
  <testcase classname="com.HiQ.sudokugenerator.SudokuGeneratorTest" name="testGenerateAndValidateValidSudoku[381]" time="0"/>
  <testcase classname="com.HiQ.sudokugenerator.SudokuGeneratorTest" name="testGenerateaPlaybleEasySudoku[381]" time="0"/>
  <testcase classname="com.HiQ.sudokugenerator.SudokuGeneratorTest" name="testGenerateaPlaybleHardSudoku[381]" time="0"/>
  <testcase classname="com.HiQ.sudokugenerator.SudokuGeneratorTest" name="testGenerateaPlaybleMediumSudoku[381]" time="0"/>
  <testcase classname="com.HiQ.sudokugenerator.SudokuGeneratorTest" name="testGenerateAndInValidateValidSudoku[382]" time="0"/>
  <testcase classname="com.HiQ.sudokugenerator.SudokuGeneratorTest" name="testGenerateAndValidateValidSudoku[382]" time="0"/>
  <testcase classname="com.HiQ.sudokugenerator.SudokuGeneratorTest" name="testGenerateaPlaybleEasySudoku[382]" time="0"/>
  <testcase classname="com.HiQ.sudokugenerator.SudokuGeneratorTest" name="testGenerateaPlaybleHardSudoku[382]" time="0"/>
  <testcase classname="com.HiQ.sudokugenerator.SudokuGeneratorTest" name="testGenerateaPlaybleMediumSudoku[382]" time="0"/>
  <testcase classname="com.HiQ.sudokugenerator.SudokuGeneratorTest" name="testGenerateAndInValidateValidSudoku[383]" time="0"/>
  <testcase classname="com.HiQ.sudokugenerator.SudokuGeneratorTest" name="testGenerateAndValidateValidSudoku[383]" time="0"/>
  <testcase classname="com.HiQ.sudokugenerator.SudokuGeneratorTest" name="testGenerateaPlaybleEasySudoku[383]" time="0"/>
  <testcase classname="com.HiQ.sudokugenerator.SudokuGeneratorTest" name="testGenerateaPlaybleHardSudoku[383]" time="0"/>
  <testcase classname="com.HiQ.sudokugenerator.SudokuGeneratorTest" name="testGenerateaPlaybleMediumSudoku[383]" time="0"/>
  <testcase classname="com.HiQ.sudokugenerator.SudokuGeneratorTest" name="testGenerateAndInValidateValidSudoku[384]" time="0"/>
  <testcase classname="com.HiQ.sudokugenerator.SudokuGeneratorTest" name="testGenerateAndValidateValidSudoku[384]" time="0"/>
  <testcase classname="com.HiQ.sudokugenerator.SudokuGeneratorTest" name="testGenerateaPlaybleEasySudoku[384]" time="0"/>
  <testcase classname="com.HiQ.sudokugenerator.SudokuGeneratorTest" name="testGenerateaPlaybleHardSudoku[384]" time="0"/>
  <testcase classname="com.HiQ.sudokugenerator.SudokuGeneratorTest" name="testGenerateaPlaybleMediumSudoku[384]" time="0"/>
  <testcase classname="com.HiQ.sudokugenerator.SudokuGeneratorTest" name="testGenerateAndInValidateValidSudoku[385]" time="0"/>
  <testcase classname="com.HiQ.sudokugenerator.SudokuGeneratorTest" name="testGenerateAndValidateValidSudoku[385]" time="0"/>
  <testcase classname="com.HiQ.sudokugenerator.SudokuGeneratorTest" name="testGenerateaPlaybleEasySudoku[385]" time="0"/>
  <testcase classname="com.HiQ.sudokugenerator.SudokuGeneratorTest" name="testGenerateaPlaybleHardSudoku[385]" time="0"/>
  <testcase classname="com.HiQ.sudokugenerator.SudokuGeneratorTest" name="testGenerateaPlaybleMediumSudoku[385]" time="0"/>
  <testcase classname="com.HiQ.sudokugenerator.SudokuGeneratorTest" name="testGenerateAndInValidateValidSudoku[386]" time="0"/>
  <testcase classname="com.HiQ.sudokugenerator.SudokuGeneratorTest" name="testGenerateAndValidateValidSudoku[386]" time="0"/>
  <testcase classname="com.HiQ.sudokugenerator.SudokuGeneratorTest" name="testGenerateaPlaybleEasySudoku[386]" time="0"/>
  <testcase classname="com.HiQ.sudokugenerator.SudokuGeneratorTest" name="testGenerateaPlaybleHardSudoku[386]" time="0.001"/>
  <testcase classname="com.HiQ.sudokugenerator.SudokuGeneratorTest" name="testGenerateaPlaybleMediumSudoku[386]" time="0"/>
  <testcase classname="com.HiQ.sudokugenerator.SudokuGeneratorTest" name="testGenerateAndInValidateValidSudoku[387]" time="0"/>
  <testcase classname="com.HiQ.sudokugenerator.SudokuGeneratorTest" name="testGenerateAndValidateValidSudoku[387]" time="0"/>
  <testcase classname="com.HiQ.sudokugenerator.SudokuGeneratorTest" name="testGenerateaPlaybleEasySudoku[387]" time="0"/>
  <testcase classname="com.HiQ.sudokugenerator.SudokuGeneratorTest" name="testGenerateaPlaybleHardSudoku[387]" time="0"/>
  <testcase classname="com.HiQ.sudokugenerator.SudokuGeneratorTest" name="testGenerateaPlaybleMediumSudoku[387]" time="0"/>
  <testcase classname="com.HiQ.sudokugenerator.SudokuGeneratorTest" name="testGenerateAndInValidateValidSudoku[388]" time="0"/>
  <testcase classname="com.HiQ.sudokugenerator.SudokuGeneratorTest" name="testGenerateAndValidateValidSudoku[388]" time="0"/>
  <testcase classname="com.HiQ.sudokugenerator.SudokuGeneratorTest" name="testGenerateaPlaybleEasySudoku[388]" time="0"/>
  <testcase classname="com.HiQ.sudokugenerator.SudokuGeneratorTest" name="testGenerateaPlaybleHardSudoku[388]" time="0"/>
  <testcase classname="com.HiQ.sudokugenerator.SudokuGeneratorTest" name="testGenerateaPlaybleMediumSudoku[388]" time="0"/>
  <testcase classname="com.HiQ.sudokugenerator.SudokuGeneratorTest" name="testGenerateAndInValidateValidSudoku[389]" time="0"/>
  <testcase classname="com.HiQ.sudokugenerator.SudokuGeneratorTest" name="testGenerateAndValidateValidSudoku[389]" time="0"/>
  <testcase classname="com.HiQ.sudokugenerator.SudokuGeneratorTest" name="testGenerateaPlaybleEasySudoku[389]" time="0"/>
  <testcase classname="com.HiQ.sudokugenerator.SudokuGeneratorTest" name="testGenerateaPlaybleHardSudoku[389]" time="0"/>
  <testcase classname="com.HiQ.sudokugenerator.SudokuGeneratorTest" name="testGenerateaPlaybleMediumSudoku[389]" time="0"/>
  <testcase classname="com.HiQ.sudokugenerator.SudokuGeneratorTest" name="testGenerateAndInValidateValidSudoku[390]" time="0"/>
  <testcase classname="com.HiQ.sudokugenerator.SudokuGeneratorTest" name="testGenerateAndValidateValidSudoku[390]" time="0"/>
  <testcase classname="com.HiQ.sudokugenerator.SudokuGeneratorTest" name="testGenerateaPlaybleEasySudoku[390]" time="0"/>
  <testcase classname="com.HiQ.sudokugenerator.SudokuGeneratorTest" name="testGenerateaPlaybleHardSudoku[390]" time="0"/>
  <testcase classname="com.HiQ.sudokugenerator.SudokuGeneratorTest" name="testGenerateaPlaybleMediumSudoku[390]" time="0"/>
  <testcase classname="com.HiQ.sudokugenerator.SudokuGeneratorTest" name="testGenerateAndInValidateValidSudoku[391]" time="0"/>
  <testcase classname="com.HiQ.sudokugenerator.SudokuGeneratorTest" name="testGenerateAndValidateValidSudoku[391]" time="0"/>
  <testcase classname="com.HiQ.sudokugenerator.SudokuGeneratorTest" name="testGenerateaPlaybleEasySudoku[391]" time="0"/>
  <testcase classname="com.HiQ.sudokugenerator.SudokuGeneratorTest" name="testGenerateaPlaybleHardSudoku[391]" time="0.001"/>
  <testcase classname="com.HiQ.sudokugenerator.SudokuGeneratorTest" name="testGenerateaPlaybleMediumSudoku[391]" time="0"/>
  <testcase classname="com.HiQ.sudokugenerator.SudokuGeneratorTest" name="testGenerateAndInValidateValidSudoku[392]" time="0"/>
  <testcase classname="com.HiQ.sudokugenerator.SudokuGeneratorTest" name="testGenerateAndValidateValidSudoku[392]" time="0"/>
  <testcase classname="com.HiQ.sudokugenerator.SudokuGeneratorTest" name="testGenerateaPlaybleEasySudoku[392]" time="0"/>
  <testcase classname="com.HiQ.sudokugenerator.SudokuGeneratorTest" name="testGenerateaPlaybleHardSudoku[392]" time="0"/>
  <testcase classname="com.HiQ.sudokugenerator.SudokuGeneratorTest" name="testGenerateaPlaybleMediumSudoku[392]" time="0"/>
  <testcase classname="com.HiQ.sudokugenerator.SudokuGeneratorTest" name="testGenerateAndInValidateValidSudoku[393]" time="0"/>
  <testcase classname="com.HiQ.sudokugenerator.SudokuGeneratorTest" name="testGenerateAndValidateValidSudoku[393]" time="0"/>
  <testcase classname="com.HiQ.sudokugenerator.SudokuGeneratorTest" name="testGenerateaPlaybleEasySudoku[393]" time="0"/>
  <testcase classname="com.HiQ.sudokugenerator.SudokuGeneratorTest" name="testGenerateaPlaybleHardSudoku[393]" time="0"/>
  <testcase classname="com.HiQ.sudokugenerator.SudokuGeneratorTest" name="testGenerateaPlaybleMediumSudoku[393]" time="0"/>
  <testcase classname="com.HiQ.sudokugenerator.SudokuGeneratorTest" name="testGenerateAndInValidateValidSudoku[394]" time="0"/>
  <testcase classname="com.HiQ.sudokugenerator.SudokuGeneratorTest" name="testGenerateAndValidateValidSudoku[394]" time="0"/>
  <testcase classname="com.HiQ.sudokugenerator.SudokuGeneratorTest" name="testGenerateaPlaybleEasySudoku[394]" time="0"/>
  <testcase classname="com.HiQ.sudokugenerator.SudokuGeneratorTest" name="testGenerateaPlaybleHardSudoku[394]" time="0"/>
  <testcase classname="com.HiQ.sudokugenerator.SudokuGeneratorTest" name="testGenerateaPlaybleMediumSudoku[394]" time="0"/>
  <testcase classname="com.HiQ.sudokugenerator.SudokuGeneratorTest" name="testGenerateAndInValidateValidSudoku[395]" time="0"/>
  <testcase classname="com.HiQ.sudokugenerator.SudokuGeneratorTest" name="testGenerateAndValidateValidSudoku[395]" time="0"/>
  <testcase classname="com.HiQ.sudokugenerator.SudokuGeneratorTest" name="testGenerateaPlaybleEasySudoku[395]" time="0"/>
  <testcase classname="com.HiQ.sudokugenerator.SudokuGeneratorTest" name="testGenerateaPlaybleHardSudoku[395]" time="0"/>
  <testcase classname="com.HiQ.sudokugenerator.SudokuGeneratorTest" name="testGenerateaPlaybleMediumSudoku[395]" time="0"/>
  <testcase classname="com.HiQ.sudokugenerator.SudokuGeneratorTest" name="testGenerateAndInValidateValidSudoku[396]" time="0"/>
  <testcase classname="com.HiQ.sudokugenerator.SudokuGeneratorTest" name="testGenerateAndValidateValidSudoku[396]" time="0"/>
  <testcase classname="com.HiQ.sudokugenerator.SudokuGeneratorTest" name="testGenerateaPlaybleEasySudoku[396]" time="0"/>
  <testcase classname="com.HiQ.sudokugenerator.SudokuGeneratorTest" name="testGenerateaPlaybleHardSudoku[396]" time="0"/>
  <testcase classname="com.HiQ.sudokugenerator.SudokuGeneratorTest" name="testGenerateaPlaybleMediumSudoku[396]" time="0"/>
  <testcase classname="com.HiQ.sudokugenerator.SudokuGeneratorTest" name="testGenerateAndInValidateValidSudoku[397]" time="0"/>
  <testcase classname="com.HiQ.sudokugenerator.SudokuGeneratorTest" name="testGenerateAndValidateValidSudoku[397]" time="0"/>
  <testcase classname="com.HiQ.sudokugenerator.SudokuGeneratorTest" name="testGenerateaPlaybleEasySudoku[397]" time="0"/>
  <testcase classname="com.HiQ.sudokugenerator.SudokuGeneratorTest" name="testGenerateaPlaybleHardSudoku[397]" time="0"/>
  <testcase classname="com.HiQ.sudokugenerator.SudokuGeneratorTest" name="testGenerateaPlaybleMediumSudoku[397]" time="0"/>
  <testcase classname="com.HiQ.sudokugenerator.SudokuGeneratorTest" name="testGenerateAndInValidateValidSudoku[398]" time="0"/>
  <testcase classname="com.HiQ.sudokugenerator.SudokuGeneratorTest" name="testGenerateAndValidateValidSudoku[398]" time="0"/>
  <testcase classname="com.HiQ.sudokugenerator.SudokuGeneratorTest" name="testGenerateaPlaybleEasySudoku[398]" time="0"/>
  <testcase classname="com.HiQ.sudokugenerator.SudokuGeneratorTest" name="testGenerateaPlaybleHardSudoku[398]" time="0"/>
  <testcase classname="com.HiQ.sudokugenerator.SudokuGeneratorTest" name="testGenerateaPlaybleMediumSudoku[398]" time="0"/>
  <testcase classname="com.HiQ.sudokugenerator.SudokuGeneratorTest" name="testGenerateAndInValidateValidSudoku[399]" time="0"/>
  <testcase classname="com.HiQ.sudokugenerator.SudokuGeneratorTest" name="testGenerateAndValidateValidSudoku[399]" time="0"/>
  <testcase classname="com.HiQ.sudokugenerator.SudokuGeneratorTest" name="testGenerateaPlaybleEasySudoku[399]" time="0"/>
  <testcase classname="com.HiQ.sudokugenerator.SudokuGeneratorTest" name="testGenerateaPlaybleHardSudoku[399]" time="0"/>
  <testcase classname="com.HiQ.sudokugenerator.SudokuGeneratorTest" name="testGenerateaPlaybleMediumSudoku[399]" time="0"/>
  <testcase classname="com.HiQ.sudokugenerator.SudokuGeneratorTest" name="testGenerateAndInValidateValidSudoku[400]" time="0"/>
  <testcase classname="com.HiQ.sudokugenerator.SudokuGeneratorTest" name="testGenerateAndValidateValidSudoku[400]" time="0"/>
  <testcase classname="com.HiQ.sudokugenerator.SudokuGeneratorTest" name="testGenerateaPlaybleEasySudoku[400]" time="0"/>
  <testcase classname="com.HiQ.sudokugenerator.SudokuGeneratorTest" name="testGenerateaPlaybleHardSudoku[400]" time="0"/>
  <testcase classname="com.HiQ.sudokugenerator.SudokuGeneratorTest" name="testGenerateaPlaybleMediumSudoku[400]" time="0.151"/>
  <testcase classname="com.HiQ.sudokugenerator.SudokuGeneratorTest" name="testGenerateAndInValidateValidSudoku[401]" time="0"/>
  <testcase classname="com.HiQ.sudokugenerator.SudokuGeneratorTest" name="testGenerateAndValidateValidSudoku[401]" time="0"/>
  <testcase classname="com.HiQ.sudokugenerator.SudokuGeneratorTest" name="testGenerateaPlaybleEasySudoku[401]" time="0"/>
  <testcase classname="com.HiQ.sudokugenerator.SudokuGeneratorTest" name="testGenerateaPlaybleHardSudoku[401]" time="0"/>
  <testcase classname="com.HiQ.sudokugenerator.SudokuGeneratorTest" name="testGenerateaPlaybleMediumSudoku[401]" time="0"/>
  <testcase classname="com.HiQ.sudokugenerator.SudokuGeneratorTest" name="testGenerateAndInValidateValidSudoku[402]" time="0"/>
  <testcase classname="com.HiQ.sudokugenerator.SudokuGeneratorTest" name="testGenerateAndValidateValidSudoku[402]" time="0"/>
  <testcase classname="com.HiQ.sudokugenerator.SudokuGeneratorTest" name="testGenerateaPlaybleEasySudoku[402]" time="0"/>
  <testcase classname="com.HiQ.sudokugenerator.SudokuGeneratorTest" name="testGenerateaPlaybleHardSudoku[402]" time="0"/>
  <testcase classname="com.HiQ.sudokugenerator.SudokuGeneratorTest" name="testGenerateaPlaybleMediumSudoku[402]" time="0"/>
  <testcase classname="com.HiQ.sudokugenerator.SudokuGeneratorTest" name="testGenerateAndInValidateValidSudoku[403]" time="0"/>
  <testcase classname="com.HiQ.sudokugenerator.SudokuGeneratorTest" name="testGenerateAndValidateValidSudoku[403]" time="0"/>
  <testcase classname="com.HiQ.sudokugenerator.SudokuGeneratorTest" name="testGenerateaPlaybleEasySudoku[403]" time="0"/>
  <testcase classname="com.HiQ.sudokugenerator.SudokuGeneratorTest" name="testGenerateaPlaybleHardSudoku[403]" time="0"/>
  <testcase classname="com.HiQ.sudokugenerator.SudokuGeneratorTest" name="testGenerateaPlaybleMediumSudoku[403]" time="0"/>
  <testcase classname="com.HiQ.sudokugenerator.SudokuGeneratorTest" name="testGenerateAndInValidateValidSudoku[404]" time="0"/>
  <testcase classname="com.HiQ.sudokugenerator.SudokuGeneratorTest" name="testGenerateAndValidateValidSudoku[404]" time="0"/>
  <testcase classname="com.HiQ.sudokugenerator.SudokuGeneratorTest" name="testGenerateaPlaybleEasySudoku[404]" time="0"/>
  <testcase classname="com.HiQ.sudokugenerator.SudokuGeneratorTest" name="testGenerateaPlaybleHardSudoku[404]" time="0"/>
  <testcase classname="com.HiQ.sudokugenerator.SudokuGeneratorTest" name="testGenerateaPlaybleMediumSudoku[404]" time="0"/>
  <testcase classname="com.HiQ.sudokugenerator.SudokuGeneratorTest" name="testGenerateAndInValidateValidSudoku[405]" time="0"/>
  <testcase classname="com.HiQ.sudokugenerator.SudokuGeneratorTest" name="testGenerateAndValidateValidSudoku[405]" time="0"/>
  <testcase classname="com.HiQ.sudokugenerator.SudokuGeneratorTest" name="testGenerateaPlaybleEasySudoku[405]" time="0"/>
  <testcase classname="com.HiQ.sudokugenerator.SudokuGeneratorTest" name="testGenerateaPlaybleHardSudoku[405]" time="0"/>
  <testcase classname="com.HiQ.sudokugenerator.SudokuGeneratorTest" name="testGenerateaPlaybleMediumSudoku[405]" time="0"/>
  <testcase classname="com.HiQ.sudokugenerator.SudokuGeneratorTest" name="testGenerateAndInValidateValidSudoku[406]" time="0"/>
  <testcase classname="com.HiQ.sudokugenerator.SudokuGeneratorTest" name="testGenerateAndValidateValidSudoku[406]" time="0"/>
  <testcase classname="com.HiQ.sudokugenerator.SudokuGeneratorTest" name="testGenerateaPlaybleEasySudoku[406]" time="0"/>
  <testcase classname="com.HiQ.sudokugenerator.SudokuGeneratorTest" name="testGenerateaPlaybleHardSudoku[406]" time="0"/>
  <testcase classname="com.HiQ.sudokugenerator.SudokuGeneratorTest" name="testGenerateaPlaybleMediumSudoku[406]" time="0"/>
  <testcase classname="com.HiQ.sudokugenerator.SudokuGeneratorTest" name="testGenerateAndInValidateValidSudoku[407]" time="0"/>
  <testcase classname="com.HiQ.sudokugenerator.SudokuGeneratorTest" name="testGenerateAndValidateValidSudoku[407]" time="0"/>
  <testcase classname="com.HiQ.sudokugenerator.SudokuGeneratorTest" name="testGenerateaPlaybleEasySudoku[407]" time="0"/>
  <testcase classname="com.HiQ.sudokugenerator.SudokuGeneratorTest" name="testGenerateaPlaybleHardSudoku[407]" time="0"/>
  <testcase classname="com.HiQ.sudokugenerator.SudokuGeneratorTest" name="testGenerateaPlaybleMediumSudoku[407]" time="0"/>
  <testcase classname="com.HiQ.sudokugenerator.SudokuGeneratorTest" name="testGenerateAndInValidateValidSudoku[408]" time="0"/>
  <testcase classname="com.HiQ.sudokugenerator.SudokuGeneratorTest" name="testGenerateAndValidateValidSudoku[408]" time="0"/>
  <testcase classname="com.HiQ.sudokugenerator.SudokuGeneratorTest" name="testGenerateaPlaybleEasySudoku[408]" time="0"/>
  <testcase classname="com.HiQ.sudokugenerator.SudokuGeneratorTest" name="testGenerateaPlaybleHardSudoku[408]" time="0"/>
  <testcase classname="com.HiQ.sudokugenerator.SudokuGeneratorTest" name="testGenerateaPlaybleMediumSudoku[408]" time="0"/>
  <testcase classname="com.HiQ.sudokugenerator.SudokuGeneratorTest" name="testGenerateAndInValidateValidSudoku[409]" time="0"/>
  <testcase classname="com.HiQ.sudokugenerator.SudokuGeneratorTest" name="testGenerateAndValidateValidSudoku[409]" time="0"/>
  <testcase classname="com.HiQ.sudokugenerator.SudokuGeneratorTest" name="testGenerateaPlaybleEasySudoku[409]" time="0"/>
  <testcase classname="com.HiQ.sudokugenerator.SudokuGeneratorTest" name="testGenerateaPlaybleHardSudoku[409]" time="0"/>
  <testcase classname="com.HiQ.sudokugenerator.SudokuGeneratorTest" name="testGenerateaPlaybleMediumSudoku[409]" time="0"/>
  <testcase classname="com.HiQ.sudokugenerator.SudokuGeneratorTest" name="testGenerateAndInValidateValidSudoku[410]" time="0"/>
  <testcase classname="com.HiQ.sudokugenerator.SudokuGeneratorTest" name="testGenerateAndValidateValidSudoku[410]" time="0"/>
  <testcase classname="com.HiQ.sudokugenerator.SudokuGeneratorTest" name="testGenerateaPlaybleEasySudoku[410]" time="0"/>
  <testcase classname="com.HiQ.sudokugenerator.SudokuGeneratorTest" name="testGenerateaPlaybleHardSudoku[410]" time="0"/>
  <testcase classname="com.HiQ.sudokugenerator.SudokuGeneratorTest" name="testGenerateaPlaybleMediumSudoku[410]" time="0"/>
  <testcase classname="com.HiQ.sudokugenerator.SudokuGeneratorTest" name="testGenerateAndInValidateValidSudoku[411]" time="0"/>
  <testcase classname="com.HiQ.sudokugenerator.SudokuGeneratorTest" name="testGenerateAndValidateValidSudoku[411]" time="0"/>
  <testcase classname="com.HiQ.sudokugenerator.SudokuGeneratorTest" name="testGenerateaPlaybleEasySudoku[411]" time="0"/>
  <testcase classname="com.HiQ.sudokugenerator.SudokuGeneratorTest" name="testGenerateaPlaybleHardSudoku[411]" time="0"/>
  <testcase classname="com.HiQ.sudokugenerator.SudokuGeneratorTest" name="testGenerateaPlaybleMediumSudoku[411]" time="0"/>
  <testcase classname="com.HiQ.sudokugenerator.SudokuGeneratorTest" name="testGenerateAndInValidateValidSudoku[412]" time="0"/>
  <testcase classname="com.HiQ.sudokugenerator.SudokuGeneratorTest" name="testGenerateAndValidateValidSudoku[412]" time="0"/>
  <testcase classname="com.HiQ.sudokugenerator.SudokuGeneratorTest" name="testGenerateaPlaybleEasySudoku[412]" time="0"/>
  <testcase classname="com.HiQ.sudokugenerator.SudokuGeneratorTest" name="testGenerateaPlaybleHardSudoku[412]" time="0"/>
  <testcase classname="com.HiQ.sudokugenerator.SudokuGeneratorTest" name="testGenerateaPlaybleMediumSudoku[412]" time="0"/>
  <testcase classname="com.HiQ.sudokugenerator.SudokuGeneratorTest" name="testGenerateAndInValidateValidSudoku[413]" time="0"/>
  <testcase classname="com.HiQ.sudokugenerator.SudokuGeneratorTest" name="testGenerateAndValidateValidSudoku[413]" time="0"/>
  <testcase classname="com.HiQ.sudokugenerator.SudokuGeneratorTest" name="testGenerateaPlaybleEasySudoku[413]" time="0"/>
  <testcase classname="com.HiQ.sudokugenerator.SudokuGeneratorTest" name="testGenerateaPlaybleHardSudoku[413]" time="0"/>
  <testcase classname="com.HiQ.sudokugenerator.SudokuGeneratorTest" name="testGenerateaPlaybleMediumSudoku[413]" time="0"/>
  <testcase classname="com.HiQ.sudokugenerator.SudokuGeneratorTest" name="testGenerateAndInValidateValidSudoku[414]" time="0"/>
  <testcase classname="com.HiQ.sudokugenerator.SudokuGeneratorTest" name="testGenerateAndValidateValidSudoku[414]" time="0"/>
  <testcase classname="com.HiQ.sudokugenerator.SudokuGeneratorTest" name="testGenerateaPlaybleEasySudoku[414]" time="0"/>
  <testcase classname="com.HiQ.sudokugenerator.SudokuGeneratorTest" name="testGenerateaPlaybleHardSudoku[414]" time="0"/>
  <testcase classname="com.HiQ.sudokugenerator.SudokuGeneratorTest" name="testGenerateaPlaybleMediumSudoku[414]" time="0"/>
  <testcase classname="com.HiQ.sudokugenerator.SudokuGeneratorTest" name="testGenerateAndInValidateValidSudoku[415]" time="0"/>
  <testcase classname="com.HiQ.sudokugenerator.SudokuGeneratorTest" name="testGenerateAndValidateValidSudoku[415]" time="0"/>
  <testcase classname="com.HiQ.sudokugenerator.SudokuGeneratorTest" name="testGenerateaPlaybleEasySudoku[415]" time="0"/>
  <testcase classname="com.HiQ.sudokugenerator.SudokuGeneratorTest" name="testGenerateaPlaybleHardSudoku[415]" time="0"/>
  <testcase classname="com.HiQ.sudokugenerator.SudokuGeneratorTest" name="testGenerateaPlaybleMediumSudoku[415]" time="0"/>
  <testcase classname="com.HiQ.sudokugenerator.SudokuGeneratorTest" name="testGenerateAndInValidateValidSudoku[416]" time="0"/>
  <testcase classname="com.HiQ.sudokugenerator.SudokuGeneratorTest" name="testGenerateAndValidateValidSudoku[416]" time="0"/>
  <testcase classname="com.HiQ.sudokugenerator.SudokuGeneratorTest" name="testGenerateaPlaybleEasySudoku[416]" time="0"/>
  <testcase classname="com.HiQ.sudokugenerator.SudokuGeneratorTest" name="testGenerateaPlaybleHardSudoku[416]" time="0"/>
  <testcase classname="com.HiQ.sudokugenerator.SudokuGeneratorTest" name="testGenerateaPlaybleMediumSudoku[416]" time="0"/>
  <testcase classname="com.HiQ.sudokugenerator.SudokuGeneratorTest" name="testGenerateAndInValidateValidSudoku[417]" time="0"/>
  <testcase classname="com.HiQ.sudokugenerator.SudokuGeneratorTest" name="testGenerateAndValidateValidSudoku[417]" time="0"/>
  <testcase classname="com.HiQ.sudokugenerator.SudokuGeneratorTest" name="testGenerateaPlaybleEasySudoku[417]" time="0"/>
  <testcase classname="com.HiQ.sudokugenerator.SudokuGeneratorTest" name="testGenerateaPlaybleHardSudoku[417]" time="0"/>
  <testcase classname="com.HiQ.sudokugenerator.SudokuGeneratorTest" name="testGenerateaPlaybleMediumSudoku[417]" time="0"/>
  <testcase classname="com.HiQ.sudokugenerator.SudokuGeneratorTest" name="testGenerateAndInValidateValidSudoku[418]" time="0"/>
  <testcase classname="com.HiQ.sudokugenerator.SudokuGeneratorTest" name="testGenerateAndValidateValidSudoku[418]" time="0"/>
  <testcase classname="com.HiQ.sudokugenerator.SudokuGeneratorTest" name="testGenerateaPlaybleEasySudoku[418]" time="0"/>
  <testcase classname="com.HiQ.sudokugenerator.SudokuGeneratorTest" name="testGenerateaPlaybleHardSudoku[418]" time="0"/>
  <testcase classname="com.HiQ.sudokugenerator.SudokuGeneratorTest" name="testGenerateaPlaybleMediumSudoku[418]" time="0"/>
  <testcase classname="com.HiQ.sudokugenerator.SudokuGeneratorTest" name="testGenerateAndInValidateValidSudoku[419]" time="0"/>
  <testcase classname="com.HiQ.sudokugenerator.SudokuGeneratorTest" name="testGenerateAndValidateValidSudoku[419]" time="0"/>
  <testcase classname="com.HiQ.sudokugenerator.SudokuGeneratorTest" name="testGenerateaPlaybleEasySudoku[419]" time="0"/>
  <testcase classname="com.HiQ.sudokugenerator.SudokuGeneratorTest" name="testGenerateaPlaybleHardSudoku[419]" time="0"/>
  <testcase classname="com.HiQ.sudokugenerator.SudokuGeneratorTest" name="testGenerateaPlaybleMediumSudoku[419]" time="0.001"/>
  <testcase classname="com.HiQ.sudokugenerator.SudokuGeneratorTest" name="testGenerateAndInValidateValidSudoku[420]" time="0"/>
  <testcase classname="com.HiQ.sudokugenerator.SudokuGeneratorTest" name="testGenerateAndValidateValidSudoku[420]" time="0"/>
  <testcase classname="com.HiQ.sudokugenerator.SudokuGeneratorTest" name="testGenerateaPlaybleEasySudoku[420]" time="0"/>
  <testcase classname="com.HiQ.sudokugenerator.SudokuGeneratorTest" name="testGenerateaPlaybleHardSudoku[420]" time="0"/>
  <testcase classname="com.HiQ.sudokugenerator.SudokuGeneratorTest" name="testGenerateaPlaybleMediumSudoku[420]" time="0"/>
  <testcase classname="com.HiQ.sudokugenerator.SudokuGeneratorTest" name="testGenerateAndInValidateValidSudoku[421]" time="0"/>
  <testcase classname="com.HiQ.sudokugenerator.SudokuGeneratorTest" name="testGenerateAndValidateValidSudoku[421]" time="0"/>
  <testcase classname="com.HiQ.sudokugenerator.SudokuGeneratorTest" name="testGenerateaPlaybleEasySudoku[421]" time="0"/>
  <testcase classname="com.HiQ.sudokugenerator.SudokuGeneratorTest" name="testGenerateaPlaybleHardSudoku[421]" time="0"/>
  <testcase classname="com.HiQ.sudokugenerator.SudokuGeneratorTest" name="testGenerateaPlaybleMediumSudoku[421]" time="0"/>
  <testcase classname="com.HiQ.sudokugenerator.SudokuGeneratorTest" name="testGenerateAndInValidateValidSudoku[422]" time="0"/>
  <testcase classname="com.HiQ.sudokugenerator.SudokuGeneratorTest" name="testGenerateAndValidateValidSudoku[422]" time="0"/>
  <testcase classname="com.HiQ.sudokugenerator.SudokuGeneratorTest" name="testGenerateaPlaybleEasySudoku[422]" time="0"/>
  <testcase classname="com.HiQ.sudokugenerator.SudokuGeneratorTest" name="testGenerateaPlaybleHardSudoku[422]" time="0"/>
  <testcase classname="com.HiQ.sudokugenerator.SudokuGeneratorTest" name="testGenerateaPlaybleMediumSudoku[422]" time="0"/>
  <testcase classname="com.HiQ.sudokugenerator.SudokuGeneratorTest" name="testGenerateAndInValidateValidSudoku[423]" time="0"/>
  <testcase classname="com.HiQ.sudokugenerator.SudokuGeneratorTest" name="testGenerateAndValidateValidSudoku[423]" time="0"/>
  <testcase classname="com.HiQ.sudokugenerator.SudokuGeneratorTest" name="testGenerateaPlaybleEasySudoku[423]" time="0"/>
  <testcase classname="com.HiQ.sudokugenerator.SudokuGeneratorTest" name="testGenerateaPlaybleHardSudoku[423]" time="0"/>
  <testcase classname="com.HiQ.sudokugenerator.SudokuGeneratorTest" name="testGenerateaPlaybleMediumSudoku[423]" time="0"/>
  <testcase classname="com.HiQ.sudokugenerator.SudokuGeneratorTest" name="testGenerateAndInValidateValidSudoku[424]" time="0"/>
  <testcase classname="com.HiQ.sudokugenerator.SudokuGeneratorTest" name="testGenerateAndValidateValidSudoku[424]" time="0"/>
  <testcase classname="com.HiQ.sudokugenerator.SudokuGeneratorTest" name="testGenerateaPlaybleEasySudoku[424]" time="0"/>
  <testcase classname="com.HiQ.sudokugenerator.SudokuGeneratorTest" name="testGenerateaPlaybleHardSudoku[424]" time="0"/>
  <testcase classname="com.HiQ.sudokugenerator.SudokuGeneratorTest" name="testGenerateaPlaybleMediumSudoku[424]" time="0"/>
  <testcase classname="com.HiQ.sudokugenerator.SudokuGeneratorTest" name="testGenerateAndInValidateValidSudoku[425]" time="0"/>
  <testcase classname="com.HiQ.sudokugenerator.SudokuGeneratorTest" name="testGenerateAndValidateValidSudoku[425]" time="0"/>
  <testcase classname="com.HiQ.sudokugenerator.SudokuGeneratorTest" name="testGenerateaPlaybleEasySudoku[425]" time="0"/>
  <testcase classname="com.HiQ.sudokugenerator.SudokuGeneratorTest" name="testGenerateaPlaybleHardSudoku[425]" time="0"/>
  <testcase classname="com.HiQ.sudokugenerator.SudokuGeneratorTest" name="testGenerateaPlaybleMediumSudoku[425]" time="0"/>
  <testcase classname="com.HiQ.sudokugenerator.SudokuGeneratorTest" name="testGenerateAndInValidateValidSudoku[426]" time="0"/>
  <testcase classname="com.HiQ.sudokugenerator.SudokuGeneratorTest" name="testGenerateAndValidateValidSudoku[426]" time="0"/>
  <testcase classname="com.HiQ.sudokugenerator.SudokuGeneratorTest" name="testGenerateaPlaybleEasySudoku[426]" time="0"/>
  <testcase classname="com.HiQ.sudokugenerator.SudokuGeneratorTest" name="testGenerateaPlaybleHardSudoku[426]" time="0"/>
  <testcase classname="com.HiQ.sudokugenerator.SudokuGeneratorTest" name="testGenerateaPlaybleMediumSudoku[426]" time="0"/>
  <testcase classname="com.HiQ.sudokugenerator.SudokuGeneratorTest" name="testGenerateAndInValidateValidSudoku[427]" time="0"/>
  <testcase classname="com.HiQ.sudokugenerator.SudokuGeneratorTest" name="testGenerateAndValidateValidSudoku[427]" time="0"/>
  <testcase classname="com.HiQ.sudokugenerator.SudokuGeneratorTest" name="testGenerateaPlaybleEasySudoku[427]" time="0"/>
  <testcase classname="com.HiQ.sudokugenerator.SudokuGeneratorTest" name="testGenerateaPlaybleHardSudoku[427]" time="0"/>
  <testcase classname="com.HiQ.sudokugenerator.SudokuGeneratorTest" name="testGenerateaPlaybleMediumSudoku[427]" time="0"/>
  <testcase classname="com.HiQ.sudokugenerator.SudokuGeneratorTest" name="testGenerateAndInValidateValidSudoku[428]" time="0"/>
  <testcase classname="com.HiQ.sudokugenerator.SudokuGeneratorTest" name="testGenerateAndValidateValidSudoku[428]" time="0"/>
  <testcase classname="com.HiQ.sudokugenerator.SudokuGeneratorTest" name="testGenerateaPlaybleEasySudoku[428]" time="0"/>
  <testcase classname="com.HiQ.sudokugenerator.SudokuGeneratorTest" name="testGenerateaPlaybleHardSudoku[428]" time="0.001"/>
  <testcase classname="com.HiQ.sudokugenerator.SudokuGeneratorTest" name="testGenerateaPlaybleMediumSudoku[428]" time="0"/>
  <testcase classname="com.HiQ.sudokugenerator.SudokuGeneratorTest" name="testGenerateAndInValidateValidSudoku[429]" time="0"/>
  <testcase classname="com.HiQ.sudokugenerator.SudokuGeneratorTest" name="testGenerateAndValidateValidSudoku[429]" time="0"/>
  <testcase classname="com.HiQ.sudokugenerator.SudokuGeneratorTest" name="testGenerateaPlaybleEasySudoku[429]" time="0"/>
  <testcase classname="com.HiQ.sudokugenerator.SudokuGeneratorTest" name="testGenerateaPlaybleHardSudoku[429]" time="0.122"/>
  <testcase classname="com.HiQ.sudokugenerator.SudokuGeneratorTest" name="testGenerateaPlaybleMediumSudoku[429]" time="0"/>
  <testcase classname="com.HiQ.sudokugenerator.SudokuGeneratorTest" name="testGenerateAndInValidateValidSudoku[430]" time="0"/>
  <testcase classname="com.HiQ.sudokugenerator.SudokuGeneratorTest" name="testGenerateAndValidateValidSudoku[430]" time="0"/>
  <testcase classname="com.HiQ.sudokugenerator.SudokuGeneratorTest" name="testGenerateaPlaybleEasySudoku[430]" time="0"/>
  <testcase classname="com.HiQ.sudokugenerator.SudokuGeneratorTest" name="testGenerateaPlaybleHardSudoku[430]" time="0"/>
  <testcase classname="com.HiQ.sudokugenerator.SudokuGeneratorTest" name="testGenerateaPlaybleMediumSudoku[430]" time="0"/>
  <testcase classname="com.HiQ.sudokugenerator.SudokuGeneratorTest" name="testGenerateAndInValidateValidSudoku[431]" time="0"/>
  <testcase classname="com.HiQ.sudokugenerator.SudokuGeneratorTest" name="testGenerateAndValidateValidSudoku[431]" time="0"/>
  <testcase classname="com.HiQ.sudokugenerator.SudokuGeneratorTest" name="testGenerateaPlaybleEasySudoku[431]" time="0"/>
  <testcase classname="com.HiQ.sudokugenerator.SudokuGeneratorTest" name="testGenerateaPlaybleHardSudoku[431]" time="0"/>
  <testcase classname="com.HiQ.sudokugenerator.SudokuGeneratorTest" name="testGenerateaPlaybleMediumSudoku[431]" time="0"/>
  <testcase classname="com.HiQ.sudokugenerator.SudokuGeneratorTest" name="testGenerateAndInValidateValidSudoku[432]" time="0"/>
  <testcase classname="com.HiQ.sudokugenerator.SudokuGeneratorTest" name="testGenerateAndValidateValidSudoku[432]" time="0"/>
  <testcase classname="com.HiQ.sudokugenerator.SudokuGeneratorTest" name="testGenerateaPlaybleEasySudoku[432]" time="0"/>
  <testcase classname="com.HiQ.sudokugenerator.SudokuGeneratorTest" name="testGenerateaPlaybleHardSudoku[432]" time="0"/>
  <testcase classname="com.HiQ.sudokugenerator.SudokuGeneratorTest" name="testGenerateaPlaybleMediumSudoku[432]" time="0"/>
  <testcase classname="com.HiQ.sudokugenerator.SudokuGeneratorTest" name="testGenerateAndInValidateValidSudoku[433]" time="0"/>
  <testcase classname="com.HiQ.sudokugenerator.SudokuGeneratorTest" name="testGenerateAndValidateValidSudoku[433]" time="0"/>
  <testcase classname="com.HiQ.sudokugenerator.SudokuGeneratorTest" name="testGenerateaPlaybleEasySudoku[433]" time="0"/>
  <testcase classname="com.HiQ.sudokugenerator.SudokuGeneratorTest" name="testGenerateaPlaybleHardSudoku[433]" time="0"/>
  <testcase classname="com.HiQ.sudokugenerator.SudokuGeneratorTest" name="testGenerateaPlaybleMediumSudoku[433]" time="0"/>
  <testcase classname="com.HiQ.sudokugenerator.SudokuGeneratorTest" name="testGenerateAndInValidateValidSudoku[434]" time="0"/>
  <testcase classname="com.HiQ.sudokugenerator.SudokuGeneratorTest" name="testGenerateAndValidateValidSudoku[434]" time="0"/>
  <testcase classname="com.HiQ.sudokugenerator.SudokuGeneratorTest" name="testGenerateaPlaybleEasySudoku[434]" time="0"/>
  <testcase classname="com.HiQ.sudokugenerator.SudokuGeneratorTest" name="testGenerateaPlaybleHardSudoku[434]" time="0"/>
  <testcase classname="com.HiQ.sudokugenerator.SudokuGeneratorTest" name="testGenerateaPlaybleMediumSudoku[434]" time="0"/>
  <testcase classname="com.HiQ.sudokugenerator.SudokuGeneratorTest" name="testGenerateAndInValidateValidSudoku[435]" time="0"/>
  <testcase classname="com.HiQ.sudokugenerator.SudokuGeneratorTest" name="testGenerateAndValidateValidSudoku[435]" time="0"/>
  <testcase classname="com.HiQ.sudokugenerator.SudokuGeneratorTest" name="testGenerateaPlaybleEasySudoku[435]" time="0"/>
  <testcase classname="com.HiQ.sudokugenerator.SudokuGeneratorTest" name="testGenerateaPlaybleHardSudoku[435]" time="0"/>
  <testcase classname="com.HiQ.sudokugenerator.SudokuGeneratorTest" name="testGenerateaPlaybleMediumSudoku[435]" time="0"/>
  <testcase classname="com.HiQ.sudokugenerator.SudokuGeneratorTest" name="testGenerateAndInValidateValidSudoku[436]" time="0"/>
  <testcase classname="com.HiQ.sudokugenerator.SudokuGeneratorTest" name="testGenerateAndValidateValidSudoku[436]" time="0"/>
  <testcase classname="com.HiQ.sudokugenerator.SudokuGeneratorTest" name="testGenerateaPlaybleEasySudoku[436]" time="0"/>
  <testcase classname="com.HiQ.sudokugenerator.SudokuGeneratorTest" name="testGenerateaPlaybleHardSudoku[436]" time="0"/>
  <testcase classname="com.HiQ.sudokugenerator.SudokuGeneratorTest" name="testGenerateaPlaybleMediumSudoku[436]" time="0"/>
  <testcase classname="com.HiQ.sudokugenerator.SudokuGeneratorTest" name="testGenerateAndInValidateValidSudoku[437]" time="0"/>
  <testcase classname="com.HiQ.sudokugenerator.SudokuGeneratorTest" name="testGenerateAndValidateValidSudoku[437]" time="0"/>
  <testcase classname="com.HiQ.sudokugenerator.SudokuGeneratorTest" name="testGenerateaPlaybleEasySudoku[437]" time="0"/>
  <testcase classname="com.HiQ.sudokugenerator.SudokuGeneratorTest" name="testGenerateaPlaybleHardSudoku[437]" time="0"/>
  <testcase classname="com.HiQ.sudokugenerator.SudokuGeneratorTest" name="testGenerateaPlaybleMediumSudoku[437]" time="0"/>
  <testcase classname="com.HiQ.sudokugenerator.SudokuGeneratorTest" name="testGenerateAndInValidateValidSudoku[438]" time="0"/>
  <testcase classname="com.HiQ.sudokugenerator.SudokuGeneratorTest" name="testGenerateAndValidateValidSudoku[438]" time="0"/>
  <testcase classname="com.HiQ.sudokugenerator.SudokuGeneratorTest" name="testGenerateaPlaybleEasySudoku[438]" time="0"/>
  <testcase classname="com.HiQ.sudokugenerator.SudokuGeneratorTest" name="testGenerateaPlaybleHardSudoku[438]" time="0"/>
  <testcase classname="com.HiQ.sudokugenerator.SudokuGeneratorTest" name="testGenerateaPlaybleMediumSudoku[438]" time="0"/>
  <testcase classname="com.HiQ.sudokugenerator.SudokuGeneratorTest" name="testGenerateAndInValidateValidSudoku[439]" time="0"/>
  <testcase classname="com.HiQ.sudokugenerator.SudokuGeneratorTest" name="testGenerateAndValidateValidSudoku[439]" time="0"/>
  <testcase classname="com.HiQ.sudokugenerator.SudokuGeneratorTest" name="testGenerateaPlaybleEasySudoku[439]" time="0"/>
  <testcase classname="com.HiQ.sudokugenerator.SudokuGeneratorTest" name="testGenerateaPlaybleHardSudoku[439]" time="0"/>
  <testcase classname="com.HiQ.sudokugenerator.SudokuGeneratorTest" name="testGenerateaPlaybleMediumSudoku[439]" time="0"/>
  <testcase classname="com.HiQ.sudokugenerator.SudokuGeneratorTest" name="testGenerateAndInValidateValidSudoku[440]" time="0"/>
  <testcase classname="com.HiQ.sudokugenerator.SudokuGeneratorTest" name="testGenerateAndValidateValidSudoku[440]" time="0"/>
  <testcase classname="com.HiQ.sudokugenerator.SudokuGeneratorTest" name="testGenerateaPlaybleEasySudoku[440]" time="0"/>
  <testcase classname="com.HiQ.sudokugenerator.SudokuGeneratorTest" name="testGenerateaPlaybleHardSudoku[440]" time="0"/>
  <testcase classname="com.HiQ.sudokugenerator.SudokuGeneratorTest" name="testGenerateaPlaybleMediumSudoku[440]" time="0"/>
  <testcase classname="com.HiQ.sudokugenerator.SudokuGeneratorTest" name="testGenerateAndInValidateValidSudoku[441]" time="0"/>
  <testcase classname="com.HiQ.sudokugenerator.SudokuGeneratorTest" name="testGenerateAndValidateValidSudoku[441]" time="0"/>
  <testcase classname="com.HiQ.sudokugenerator.SudokuGeneratorTest" name="testGenerateaPlaybleEasySudoku[441]" time="0"/>
  <testcase classname="com.HiQ.sudokugenerator.SudokuGeneratorTest" name="testGenerateaPlaybleHardSudoku[441]" time="0"/>
  <testcase classname="com.HiQ.sudokugenerator.SudokuGeneratorTest" name="testGenerateaPlaybleMediumSudoku[441]" time="0"/>
  <testcase classname="com.HiQ.sudokugenerator.SudokuGeneratorTest" name="testGenerateAndInValidateValidSudoku[442]" time="0"/>
  <testcase classname="com.HiQ.sudokugenerator.SudokuGeneratorTest" name="testGenerateAndValidateValidSudoku[442]" time="0"/>
  <testcase classname="com.HiQ.sudokugenerator.SudokuGeneratorTest" name="testGenerateaPlaybleEasySudoku[442]" time="0"/>
  <testcase classname="com.HiQ.sudokugenerator.SudokuGeneratorTest" name="testGenerateaPlaybleHardSudoku[442]" time="0"/>
  <testcase classname="com.HiQ.sudokugenerator.SudokuGeneratorTest" name="testGenerateaPlaybleMediumSudoku[442]" time="0"/>
  <testcase classname="com.HiQ.sudokugenerator.SudokuGeneratorTest" name="testGenerateAndInValidateValidSudoku[443]" time="0"/>
  <testcase classname="com.HiQ.sudokugenerator.SudokuGeneratorTest" name="testGenerateAndValidateValidSudoku[443]" time="0"/>
  <testcase classname="com.HiQ.sudokugenerator.SudokuGeneratorTest" name="testGenerateaPlaybleEasySudoku[443]" time="0"/>
  <testcase classname="com.HiQ.sudokugenerator.SudokuGeneratorTest" name="testGenerateaPlaybleHardSudoku[443]" time="0"/>
  <testcase classname="com.HiQ.sudokugenerator.SudokuGeneratorTest" name="testGenerateaPlaybleMediumSudoku[443]" time="0.001"/>
  <testcase classname="com.HiQ.sudokugenerator.SudokuGeneratorTest" name="testGenerateAndInValidateValidSudoku[444]" time="0"/>
  <testcase classname="com.HiQ.sudokugenerator.SudokuGeneratorTest" name="testGenerateAndValidateValidSudoku[444]" time="0"/>
  <testcase classname="com.HiQ.sudokugenerator.SudokuGeneratorTest" name="testGenerateaPlaybleEasySudoku[444]" time="0"/>
  <testcase classname="com.HiQ.sudokugenerator.SudokuGeneratorTest" name="testGenerateaPlaybleHardSudoku[444]" time="0"/>
  <testcase classname="com.HiQ.sudokugenerator.SudokuGeneratorTest" name="testGenerateaPlaybleMediumSudoku[444]" time="0"/>
  <testcase classname="com.HiQ.sudokugenerator.SudokuGeneratorTest" name="testGenerateAndInValidateValidSudoku[445]" time="0"/>
  <testcase classname="com.HiQ.sudokugenerator.SudokuGeneratorTest" name="testGenerateAndValidateValidSudoku[445]" time="0"/>
  <testcase classname="com.HiQ.sudokugenerator.SudokuGeneratorTest" name="testGenerateaPlaybleEasySudoku[445]" time="0"/>
  <testcase classname="com.HiQ.sudokugenerator.SudokuGeneratorTest" name="testGenerateaPlaybleHardSudoku[445]" time="0"/>
  <testcase classname="com.HiQ.sudokugenerator.SudokuGeneratorTest" name="testGenerateaPlaybleMediumSudoku[445]" time="0"/>
  <testcase classname="com.HiQ.sudokugenerator.SudokuGeneratorTest" name="testGenerateAndInValidateValidSudoku[446]" time="0"/>
  <testcase classname="com.HiQ.sudokugenerator.SudokuGeneratorTest" name="testGenerateAndValidateValidSudoku[446]" time="0"/>
  <testcase classname="com.HiQ.sudokugenerator.SudokuGeneratorTest" name="testGenerateaPlaybleEasySudoku[446]" time="0"/>
  <testcase classname="com.HiQ.sudokugenerator.SudokuGeneratorTest" name="testGenerateaPlaybleHardSudoku[446]" time="0"/>
  <testcase classname="com.HiQ.sudokugenerator.SudokuGeneratorTest" name="testGenerateaPlaybleMediumSudoku[446]" time="0"/>
  <testcase classname="com.HiQ.sudokugenerator.SudokuGeneratorTest" name="testGenerateAndInValidateValidSudoku[447]" time="0"/>
  <testcase classname="com.HiQ.sudokugenerator.SudokuGeneratorTest" name="testGenerateAndValidateValidSudoku[447]" time="0"/>
  <testcase classname="com.HiQ.sudokugenerator.SudokuGeneratorTest" name="testGenerateaPlaybleEasySudoku[447]" time="0"/>
  <testcase classname="com.HiQ.sudokugenerator.SudokuGeneratorTest" name="testGenerateaPlaybleHardSudoku[447]" time="0"/>
  <testcase classname="com.HiQ.sudokugenerator.SudokuGeneratorTest" name="testGenerateaPlaybleMediumSudoku[447]" time="0"/>
  <testcase classname="com.HiQ.sudokugenerator.SudokuGeneratorTest" name="testGenerateAndInValidateValidSudoku[448]" time="0"/>
  <testcase classname="com.HiQ.sudokugenerator.SudokuGeneratorTest" name="testGenerateAndValidateValidSudoku[448]" time="0"/>
  <testcase classname="com.HiQ.sudokugenerator.SudokuGeneratorTest" name="testGenerateaPlaybleEasySudoku[448]" time="0"/>
  <testcase classname="com.HiQ.sudokugenerator.SudokuGeneratorTest" name="testGenerateaPlaybleHardSudoku[448]" time="0"/>
  <testcase classname="com.HiQ.sudokugenerator.SudokuGeneratorTest" name="testGenerateaPlaybleMediumSudoku[448]" time="0"/>
  <testcase classname="com.HiQ.sudokugenerator.SudokuGeneratorTest" name="testGenerateAndInValidateValidSudoku[449]" time="0"/>
  <testcase classname="com.HiQ.sudokugenerator.SudokuGeneratorTest" name="testGenerateAndValidateValidSudoku[449]" time="0"/>
  <testcase classname="com.HiQ.sudokugenerator.SudokuGeneratorTest" name="testGenerateaPlaybleEasySudoku[449]" time="0"/>
  <testcase classname="com.HiQ.sudokugenerator.SudokuGeneratorTest" name="testGenerateaPlaybleHardSudoku[449]" time="0"/>
  <testcase classname="com.HiQ.sudokugenerator.SudokuGeneratorTest" name="testGenerateaPlaybleMediumSudoku[449]" time="0"/>
  <testcase classname="com.HiQ.sudokugenerator.SudokuGeneratorTest" name="testGenerateAndInValidateValidSudoku[450]" time="0"/>
  <testcase classname="com.HiQ.sudokugenerator.SudokuGeneratorTest" name="testGenerateAndValidateValidSudoku[450]" time="0"/>
  <testcase classname="com.HiQ.sudokugenerator.SudokuGeneratorTest" name="testGenerateaPlaybleEasySudoku[450]" time="0"/>
  <testcase classname="com.HiQ.sudokugenerator.SudokuGeneratorTest" name="testGenerateaPlaybleHardSudoku[450]" time="0"/>
  <testcase classname="com.HiQ.sudokugenerator.SudokuGeneratorTest" name="testGenerateaPlaybleMediumSudoku[450]" time="0"/>
  <testcase classname="com.HiQ.sudokugenerator.SudokuGeneratorTest" name="testGenerateAndInValidateValidSudoku[451]" time="0"/>
  <testcase classname="com.HiQ.sudokugenerator.SudokuGeneratorTest" name="testGenerateAndValidateValidSudoku[451]" time="0"/>
  <testcase classname="com.HiQ.sudokugenerator.SudokuGeneratorTest" name="testGenerateaPlaybleEasySudoku[451]" time="0"/>
  <testcase classname="com.HiQ.sudokugenerator.SudokuGeneratorTest" name="testGenerateaPlaybleHardSudoku[451]" time="0"/>
  <testcase classname="com.HiQ.sudokugenerator.SudokuGeneratorTest" name="testGenerateaPlaybleMediumSudoku[451]" time="0"/>
  <testcase classname="com.HiQ.sudokugenerator.SudokuGeneratorTest" name="testGenerateAndInValidateValidSudoku[452]" time="0"/>
  <testcase classname="com.HiQ.sudokugenerator.SudokuGeneratorTest" name="testGenerateAndValidateValidSudoku[452]" time="0"/>
  <testcase classname="com.HiQ.sudokugenerator.SudokuGeneratorTest" name="testGenerateaPlaybleEasySudoku[452]" time="0"/>
  <testcase classname="com.HiQ.sudokugenerator.SudokuGeneratorTest" name="testGenerateaPlaybleHardSudoku[452]" time="0"/>
  <testcase classname="com.HiQ.sudokugenerator.SudokuGeneratorTest" name="testGenerateaPlaybleMediumSudoku[452]" time="0"/>
  <testcase classname="com.HiQ.sudokugenerator.SudokuGeneratorTest" name="testGenerateAndInValidateValidSudoku[453]" time="0"/>
  <testcase classname="com.HiQ.sudokugenerator.SudokuGeneratorTest" name="testGenerateAndValidateValidSudoku[453]" time="0"/>
  <testcase classname="com.HiQ.sudokugenerator.SudokuGeneratorTest" name="testGenerateaPlaybleEasySudoku[453]" time="0"/>
  <testcase classname="com.HiQ.sudokugenerator.SudokuGeneratorTest" name="testGenerateaPlaybleHardSudoku[453]" time="0"/>
  <testcase classname="com.HiQ.sudokugenerator.SudokuGeneratorTest" name="testGenerateaPlaybleMediumSudoku[453]" time="0"/>
  <testcase classname="com.HiQ.sudokugenerator.SudokuGeneratorTest" name="testGenerateAndInValidateValidSudoku[454]" time="0"/>
  <testcase classname="com.HiQ.sudokugenerator.SudokuGeneratorTest" name="testGenerateAndValidateValidSudoku[454]" time="0"/>
  <testcase classname="com.HiQ.sudokugenerator.SudokuGeneratorTest" name="testGenerateaPlaybleEasySudoku[454]" time="0"/>
  <testcase classname="com.HiQ.sudokugenerator.SudokuGeneratorTest" name="testGenerateaPlaybleHardSudoku[454]" time="0"/>
  <testcase classname="com.HiQ.sudokugenerator.SudokuGeneratorTest" name="testGenerateaPlaybleMediumSudoku[454]" time="0"/>
  <testcase classname="com.HiQ.sudokugenerator.SudokuGeneratorTest" name="testGenerateAndInValidateValidSudoku[455]" time="0"/>
  <testcase classname="com.HiQ.sudokugenerator.SudokuGeneratorTest" name="testGenerateAndValidateValidSudoku[455]" time="0"/>
  <testcase classname="com.HiQ.sudokugenerator.SudokuGeneratorTest" name="testGenerateaPlaybleEasySudoku[455]" time="0"/>
  <testcase classname="com.HiQ.sudokugenerator.SudokuGeneratorTest" name="testGenerateaPlaybleHardSudoku[455]" time="0"/>
  <testcase classname="com.HiQ.sudokugenerator.SudokuGeneratorTest" name="testGenerateaPlaybleMediumSudoku[455]" time="0"/>
  <testcase classname="com.HiQ.sudokugenerator.SudokuGeneratorTest" name="testGenerateAndInValidateValidSudoku[456]" time="0"/>
  <testcase classname="com.HiQ.sudokugenerator.SudokuGeneratorTest" name="testGenerateAndValidateValidSudoku[456]" time="0"/>
  <testcase classname="com.HiQ.sudokugenerator.SudokuGeneratorTest" name="testGenerateaPlaybleEasySudoku[456]" time="0"/>
  <testcase classname="com.HiQ.sudokugenerator.SudokuGeneratorTest" name="testGenerateaPlaybleHardSudoku[456]" time="0"/>
  <testcase classname="com.HiQ.sudokugenerator.SudokuGeneratorTest" name="testGenerateaPlaybleMediumSudoku[456]" time="0.001"/>
  <testcase classname="com.HiQ.sudokugenerator.SudokuGeneratorTest" name="testGenerateAndInValidateValidSudoku[457]" time="0"/>
  <testcase classname="com.HiQ.sudokugenerator.SudokuGeneratorTest" name="testGenerateAndValidateValidSudoku[457]" time="0"/>
  <testcase classname="com.HiQ.sudokugenerator.SudokuGeneratorTest" name="testGenerateaPlaybleEasySudoku[457]" time="0"/>
  <testcase classname="com.HiQ.sudokugenerator.SudokuGeneratorTest" name="testGenerateaPlaybleHardSudoku[457]" time="0"/>
  <testcase classname="com.HiQ.sudokugenerator.SudokuGeneratorTest" name="testGenerateaPlaybleMediumSudoku[457]" time="0"/>
  <testcase classname="com.HiQ.sudokugenerator.SudokuGeneratorTest" name="testGenerateAndInValidateValidSudoku[458]" time="0"/>
  <testcase classname="com.HiQ.sudokugenerator.SudokuGeneratorTest" name="testGenerateAndValidateValidSudoku[458]" time="0"/>
  <testcase classname="com.HiQ.sudokugenerator.SudokuGeneratorTest" name="testGenerateaPlaybleEasySudoku[458]" time="0.041"/>
  <testcase classname="com.HiQ.sudokugenerator.SudokuGeneratorTest" name="testGenerateaPlaybleHardSudoku[458]" time="0"/>
  <testcase classname="com.HiQ.sudokugenerator.SudokuGeneratorTest" name="testGenerateaPlaybleMediumSudoku[458]" time="0.001"/>
  <testcase classname="com.HiQ.sudokugenerator.SudokuGeneratorTest" name="testGenerateAndInValidateValidSudoku[459]" time="0"/>
  <testcase classname="com.HiQ.sudokugenerator.SudokuGeneratorTest" name="testGenerateAndValidateValidSudoku[459]" time="0"/>
  <testcase classname="com.HiQ.sudokugenerator.SudokuGeneratorTest" name="testGenerateaPlaybleEasySudoku[459]" time="0"/>
  <testcase classname="com.HiQ.sudokugenerator.SudokuGeneratorTest" name="testGenerateaPlaybleHardSudoku[459]" time="0"/>
  <testcase classname="com.HiQ.sudokugenerator.SudokuGeneratorTest" name="testGenerateaPlaybleMediumSudoku[459]" time="0"/>
  <testcase classname="com.HiQ.sudokugenerator.SudokuGeneratorTest" name="testGenerateAndInValidateValidSudoku[460]" time="0"/>
  <testcase classname="com.HiQ.sudokugenerator.SudokuGeneratorTest" name="testGenerateAndValidateValidSudoku[460]" time="0"/>
  <testcase classname="com.HiQ.sudokugenerator.SudokuGeneratorTest" name="testGenerateaPlaybleEasySudoku[460]" time="0"/>
  <testcase classname="com.HiQ.sudokugenerator.SudokuGeneratorTest" name="testGenerateaPlaybleHardSudoku[460]" time="0"/>
  <testcase classname="com.HiQ.sudokugenerator.SudokuGeneratorTest" name="testGenerateaPlaybleMediumSudoku[460]" time="0"/>
  <testcase classname="com.HiQ.sudokugenerator.SudokuGeneratorTest" name="testGenerateAndInValidateValidSudoku[461]" time="0"/>
  <testcase classname="com.HiQ.sudokugenerator.SudokuGeneratorTest" name="testGenerateAndValidateValidSudoku[461]" time="0"/>
  <testcase classname="com.HiQ.sudokugenerator.SudokuGeneratorTest" name="testGenerateaPlaybleEasySudoku[461]" time="0"/>
  <testcase classname="com.HiQ.sudokugenerator.SudokuGeneratorTest" name="testGenerateaPlaybleHardSudoku[461]" time="0"/>
  <testcase classname="com.HiQ.sudokugenerator.SudokuGeneratorTest" name="testGenerateaPlaybleMediumSudoku[461]" time="0"/>
  <testcase classname="com.HiQ.sudokugenerator.SudokuGeneratorTest" name="testGenerateAndInValidateValidSudoku[462]" time="0"/>
  <testcase classname="com.HiQ.sudokugenerator.SudokuGeneratorTest" name="testGenerateAndValidateValidSudoku[462]" time="0"/>
  <testcase classname="com.HiQ.sudokugenerator.SudokuGeneratorTest" name="testGenerateaPlaybleEasySudoku[462]" time="0"/>
  <testcase classname="com.HiQ.sudokugenerator.SudokuGeneratorTest" name="testGenerateaPlaybleHardSudoku[462]" time="0"/>
  <testcase classname="com.HiQ.sudokugenerator.SudokuGeneratorTest" name="testGenerateaPlaybleMediumSudoku[462]" time="0"/>
  <testcase classname="com.HiQ.sudokugenerator.SudokuGeneratorTest" name="testGenerateAndInValidateValidSudoku[463]" time="0"/>
  <testcase classname="com.HiQ.sudokugenerator.SudokuGeneratorTest" name="testGenerateAndValidateValidSudoku[463]" time="0"/>
  <testcase classname="com.HiQ.sudokugenerator.SudokuGeneratorTest" name="testGenerateaPlaybleEasySudoku[463]" time="0"/>
  <testcase classname="com.HiQ.sudokugenerator.SudokuGeneratorTest" name="testGenerateaPlaybleHardSudoku[463]" time="0"/>
  <testcase classname="com.HiQ.sudokugenerator.SudokuGeneratorTest" name="testGenerateaPlaybleMediumSudoku[463]" time="0"/>
  <testcase classname="com.HiQ.sudokugenerator.SudokuGeneratorTest" name="testGenerateAndInValidateValidSudoku[464]" time="0"/>
  <testcase classname="com.HiQ.sudokugenerator.SudokuGeneratorTest" name="testGenerateAndValidateValidSudoku[464]" time="0"/>
  <testcase classname="com.HiQ.sudokugenerator.SudokuGeneratorTest" name="testGenerateaPlaybleEasySudoku[464]" time="0"/>
  <testcase classname="com.HiQ.sudokugenerator.SudokuGeneratorTest" name="testGenerateaPlaybleHardSudoku[464]" time="0"/>
  <testcase classname="com.HiQ.sudokugenerator.SudokuGeneratorTest" name="testGenerateaPlaybleMediumSudoku[464]" time="0"/>
  <testcase classname="com.HiQ.sudokugenerator.SudokuGeneratorTest" name="testGenerateAndInValidateValidSudoku[465]" time="0"/>
  <testcase classname="com.HiQ.sudokugenerator.SudokuGeneratorTest" name="testGenerateAndValidateValidSudoku[465]" time="0"/>
  <testcase classname="com.HiQ.sudokugenerator.SudokuGeneratorTest" name="testGenerateaPlaybleEasySudoku[465]" time="0"/>
  <testcase classname="com.HiQ.sudokugenerator.SudokuGeneratorTest" name="testGenerateaPlaybleHardSudoku[465]" time="0"/>
  <testcase classname="com.HiQ.sudokugenerator.SudokuGeneratorTest" name="testGenerateaPlaybleMediumSudoku[465]" time="0"/>
  <testcase classname="com.HiQ.sudokugenerator.SudokuGeneratorTest" name="testGenerateAndInValidateValidSudoku[466]" time="0"/>
  <testcase classname="com.HiQ.sudokugenerator.SudokuGeneratorTest" name="testGenerateAndValidateValidSudoku[466]" time="0"/>
  <testcase classname="com.HiQ.sudokugenerator.SudokuGeneratorTest" name="testGenerateaPlaybleEasySudoku[466]" time="0"/>
  <testcase classname="com.HiQ.sudokugenerator.SudokuGeneratorTest" name="testGenerateaPlaybleHardSudoku[466]" time="0"/>
  <testcase classname="com.HiQ.sudokugenerator.SudokuGeneratorTest" name="testGenerateaPlaybleMediumSudoku[466]" time="0"/>
  <testcase classname="com.HiQ.sudokugenerator.SudokuGeneratorTest" name="testGenerateAndInValidateValidSudoku[467]" time="0"/>
  <testcase classname="com.HiQ.sudokugenerator.SudokuGeneratorTest" name="testGenerateAndValidateValidSudoku[467]" time="0"/>
  <testcase classname="com.HiQ.sudokugenerator.SudokuGeneratorTest" name="testGenerateaPlaybleEasySudoku[467]" time="0"/>
  <testcase classname="com.HiQ.sudokugenerator.SudokuGeneratorTest" name="testGenerateaPlaybleHardSudoku[467]" time="0"/>
  <testcase classname="com.HiQ.sudokugenerator.SudokuGeneratorTest" name="testGenerateaPlaybleMediumSudoku[467]" time="0"/>
  <testcase classname="com.HiQ.sudokugenerator.SudokuGeneratorTest" name="testGenerateAndInValidateValidSudoku[468]" time="0"/>
  <testcase classname="com.HiQ.sudokugenerator.SudokuGeneratorTest" name="testGenerateAndValidateValidSudoku[468]" time="0"/>
  <testcase classname="com.HiQ.sudokugenerator.SudokuGeneratorTest" name="testGenerateaPlaybleEasySudoku[468]" time="0"/>
  <testcase classname="com.HiQ.sudokugenerator.SudokuGeneratorTest" name="testGenerateaPlaybleHardSudoku[468]" time="0"/>
  <testcase classname="com.HiQ.sudokugenerator.SudokuGeneratorTest" name="testGenerateaPlaybleMediumSudoku[468]" time="0"/>
  <testcase classname="com.HiQ.sudokugenerator.SudokuGeneratorTest" name="testGenerateAndInValidateValidSudoku[469]" time="0"/>
  <testcase classname="com.HiQ.sudokugenerator.SudokuGeneratorTest" name="testGenerateAndValidateValidSudoku[469]" time="0"/>
  <testcase classname="com.HiQ.sudokugenerator.SudokuGeneratorTest" name="testGenerateaPlaybleEasySudoku[469]" time="0"/>
  <testcase classname="com.HiQ.sudokugenerator.SudokuGeneratorTest" name="testGenerateaPlaybleHardSudoku[469]" time="0"/>
  <testcase classname="com.HiQ.sudokugenerator.SudokuGeneratorTest" name="testGenerateaPlaybleMediumSudoku[469]" time="0"/>
  <testcase classname="com.HiQ.sudokugenerator.SudokuGeneratorTest" name="testGenerateAndInValidateValidSudoku[470]" time="0"/>
  <testcase classname="com.HiQ.sudokugenerator.SudokuGeneratorTest" name="testGenerateAndValidateValidSudoku[470]" time="0"/>
  <testcase classname="com.HiQ.sudokugenerator.SudokuGeneratorTest" name="testGenerateaPlaybleEasySudoku[470]" time="0"/>
  <testcase classname="com.HiQ.sudokugenerator.SudokuGeneratorTest" name="testGenerateaPlaybleHardSudoku[470]" time="0"/>
  <testcase classname="com.HiQ.sudokugenerator.SudokuGeneratorTest" name="testGenerateaPlaybleMediumSudoku[470]" time="0"/>
  <testcase classname="com.HiQ.sudokugenerator.SudokuGeneratorTest" name="testGenerateAndInValidateValidSudoku[471]" time="0"/>
  <testcase classname="com.HiQ.sudokugenerator.SudokuGeneratorTest" name="testGenerateAndValidateValidSudoku[471]" time="0"/>
  <testcase classname="com.HiQ.sudokugenerator.SudokuGeneratorTest" name="testGenerateaPlaybleEasySudoku[471]" time="0"/>
  <testcase classname="com.HiQ.sudokugenerator.SudokuGeneratorTest" name="testGenerateaPlaybleHardSudoku[471]" time="0"/>
  <testcase classname="com.HiQ.sudokugenerator.SudokuGeneratorTest" name="testGenerateaPlaybleMediumSudoku[471]" time="0"/>
  <testcase classname="com.HiQ.sudokugenerator.SudokuGeneratorTest" name="testGenerateAndInValidateValidSudoku[472]" time="0"/>
  <testcase classname="com.HiQ.sudokugenerator.SudokuGeneratorTest" name="testGenerateAndValidateValidSudoku[472]" time="0"/>
  <testcase classname="com.HiQ.sudokugenerator.SudokuGeneratorTest" name="testGenerateaPlaybleEasySudoku[472]" time="0"/>
  <testcase classname="com.HiQ.sudokugenerator.SudokuGeneratorTest" name="testGenerateaPlaybleHardSudoku[472]" time="0.003"/>
  <testcase classname="com.HiQ.sudokugenerator.SudokuGeneratorTest" name="testGenerateaPlaybleMediumSudoku[472]" time="0"/>
  <testcase classname="com.HiQ.sudokugenerator.SudokuGeneratorTest" name="testGenerateAndInValidateValidSudoku[473]" time="0"/>
  <testcase classname="com.HiQ.sudokugenerator.SudokuGeneratorTest" name="testGenerateAndValidateValidSudoku[473]" time="0"/>
  <testcase classname="com.HiQ.sudokugenerator.SudokuGeneratorTest" name="testGenerateaPlaybleEasySudoku[473]" time="0"/>
  <testcase classname="com.HiQ.sudokugenerator.SudokuGeneratorTest" name="testGenerateaPlaybleHardSudoku[473]" time="0"/>
  <testcase classname="com.HiQ.sudokugenerator.SudokuGeneratorTest" name="testGenerateaPlaybleMediumSudoku[473]" time="0"/>
  <testcase classname="com.HiQ.sudokugenerator.SudokuGeneratorTest" name="testGenerateAndInValidateValidSudoku[474]" time="0"/>
  <testcase classname="com.HiQ.sudokugenerator.SudokuGeneratorTest" name="testGenerateAndValidateValidSudoku[474]" time="0"/>
  <testcase classname="com.HiQ.sudokugenerator.SudokuGeneratorTest" name="testGenerateaPlaybleEasySudoku[474]" time="0"/>
  <testcase classname="com.HiQ.sudokugenerator.SudokuGeneratorTest" name="testGenerateaPlaybleHardSudoku[474]" time="0"/>
  <testcase classname="com.HiQ.sudokugenerator.SudokuGeneratorTest" name="testGenerateaPlaybleMediumSudoku[474]" time="0"/>
  <testcase classname="com.HiQ.sudokugenerator.SudokuGeneratorTest" name="testGenerateAndInValidateValidSudoku[475]" time="0"/>
  <testcase classname="com.HiQ.sudokugenerator.SudokuGeneratorTest" name="testGenerateAndValidateValidSudoku[475]" time="0"/>
  <testcase classname="com.HiQ.sudokugenerator.SudokuGeneratorTest" name="testGenerateaPlaybleEasySudoku[475]" time="0"/>
  <testcase classname="com.HiQ.sudokugenerator.SudokuGeneratorTest" name="testGenerateaPlaybleHardSudoku[475]" time="0"/>
  <testcase classname="com.HiQ.sudokugenerator.SudokuGeneratorTest" name="testGenerateaPlaybleMediumSudoku[475]" time="0"/>
  <testcase classname="com.HiQ.sudokugenerator.SudokuGeneratorTest" name="testGenerateAndInValidateValidSudoku[476]" time="0"/>
  <testcase classname="com.HiQ.sudokugenerator.SudokuGeneratorTest" name="testGenerateAndValidateValidSudoku[476]" time="0"/>
  <testcase classname="com.HiQ.sudokugenerator.SudokuGeneratorTest" name="testGenerateaPlaybleEasySudoku[476]" time="0"/>
  <testcase classname="com.HiQ.sudokugenerator.SudokuGeneratorTest" name="testGenerateaPlaybleHardSudoku[476]" time="0.001"/>
  <testcase classname="com.HiQ.sudokugenerator.SudokuGeneratorTest" name="testGenerateaPlaybleMediumSudoku[476]" time="0"/>
  <testcase classname="com.HiQ.sudokugenerator.SudokuGeneratorTest" name="testGenerateAndInValidateValidSudoku[477]" time="0"/>
  <testcase classname="com.HiQ.sudokugenerator.SudokuGeneratorTest" name="testGenerateAndValidateValidSudoku[477]" time="0"/>
  <testcase classname="com.HiQ.sudokugenerator.SudokuGeneratorTest" name="testGenerateaPlaybleEasySudoku[477]" time="0"/>
  <testcase classname="com.HiQ.sudokugenerator.SudokuGeneratorTest" name="testGenerateaPlaybleHardSudoku[477]" time="0"/>
  <testcase classname="com.HiQ.sudokugenerator.SudokuGeneratorTest" name="testGenerateaPlaybleMediumSudoku[477]" time="0"/>
  <testcase classname="com.HiQ.sudokugenerator.SudokuGeneratorTest" name="testGenerateAndInValidateValidSudoku[478]" time="0"/>
  <testcase classname="com.HiQ.sudokugenerator.SudokuGeneratorTest" name="testGenerateAndValidateValidSudoku[478]" time="0"/>
  <testcase classname="com.HiQ.sudokugenerator.SudokuGeneratorTest" name="testGenerateaPlaybleEasySudoku[478]" time="0"/>
  <testcase classname="com.HiQ.sudokugenerator.SudokuGeneratorTest" name="testGenerateaPlaybleHardSudoku[478]" time="0"/>
  <testcase classname="com.HiQ.sudokugenerator.SudokuGeneratorTest" name="testGenerateaPlaybleMediumSudoku[478]" time="0"/>
  <testcase classname="com.HiQ.sudokugenerator.SudokuGeneratorTest" name="testGenerateAndInValidateValidSudoku[479]" time="0"/>
  <testcase classname="com.HiQ.sudokugenerator.SudokuGeneratorTest" name="testGenerateAndValidateValidSudoku[479]" time="0"/>
  <testcase classname="com.HiQ.sudokugenerator.SudokuGeneratorTest" name="testGenerateaPlaybleEasySudoku[479]" time="0"/>
  <testcase classname="com.HiQ.sudokugenerator.SudokuGeneratorTest" name="testGenerateaPlaybleHardSudoku[479]" time="0"/>
  <testcase classname="com.HiQ.sudokugenerator.SudokuGeneratorTest" name="testGenerateaPlaybleMediumSudoku[479]" time="0"/>
  <testcase classname="com.HiQ.sudokugenerator.SudokuGeneratorTest" name="testGenerateAndInValidateValidSudoku[480]" time="0"/>
  <testcase classname="com.HiQ.sudokugenerator.SudokuGeneratorTest" name="testGenerateAndValidateValidSudoku[480]" time="0"/>
  <testcase classname="com.HiQ.sudokugenerator.SudokuGeneratorTest" name="testGenerateaPlaybleEasySudoku[480]" time="0"/>
  <testcase classname="com.HiQ.sudokugenerator.SudokuGeneratorTest" name="testGenerateaPlaybleHardSudoku[480]" time="0"/>
  <testcase classname="com.HiQ.sudokugenerator.SudokuGeneratorTest" name="testGenerateaPlaybleMediumSudoku[480]" time="0"/>
  <testcase classname="com.HiQ.sudokugenerator.SudokuGeneratorTest" name="testGenerateAndInValidateValidSudoku[481]" time="0"/>
  <testcase classname="com.HiQ.sudokugenerator.SudokuGeneratorTest" name="testGenerateAndValidateValidSudoku[481]" time="0"/>
  <testcase classname="com.HiQ.sudokugenerator.SudokuGeneratorTest" name="testGenerateaPlaybleEasySudoku[481]" time="0"/>
  <testcase classname="com.HiQ.sudokugenerator.SudokuGeneratorTest" name="testGenerateaPlaybleHardSudoku[481]" time="0"/>
  <testcase classname="com.HiQ.sudokugenerator.SudokuGeneratorTest" name="testGenerateaPlaybleMediumSudoku[481]" time="0"/>
  <testcase classname="com.HiQ.sudokugenerator.SudokuGeneratorTest" name="testGenerateAndInValidateValidSudoku[482]" time="0"/>
  <testcase classname="com.HiQ.sudokugenerator.SudokuGeneratorTest" name="testGenerateAndValidateValidSudoku[482]" time="0"/>
  <testcase classname="com.HiQ.sudokugenerator.SudokuGeneratorTest" name="testGenerateaPlaybleEasySudoku[482]" time="0"/>
  <testcase classname="com.HiQ.sudokugenerator.SudokuGeneratorTest" name="testGenerateaPlaybleHardSudoku[482]" time="0"/>
  <testcase classname="com.HiQ.sudokugenerator.SudokuGeneratorTest" name="testGenerateaPlaybleMediumSudoku[482]" time="0"/>
  <testcase classname="com.HiQ.sudokugenerator.SudokuGeneratorTest" name="testGenerateAndInValidateValidSudoku[483]" time="0"/>
  <testcase classname="com.HiQ.sudokugenerator.SudokuGeneratorTest" name="testGenerateAndValidateValidSudoku[483]" time="0"/>
  <testcase classname="com.HiQ.sudokugenerator.SudokuGeneratorTest" name="testGenerateaPlaybleEasySudoku[483]" time="0"/>
  <testcase classname="com.HiQ.sudokugenerator.SudokuGeneratorTest" name="testGenerateaPlaybleHardSudoku[483]" time="0"/>
  <testcase classname="com.HiQ.sudokugenerator.SudokuGeneratorTest" name="testGenerateaPlaybleMediumSudoku[483]" time="0"/>
  <testcase classname="com.HiQ.sudokugenerator.SudokuGeneratorTest" name="testGenerateAndInValidateValidSudoku[484]" time="0"/>
  <testcase classname="com.HiQ.sudokugenerator.SudokuGeneratorTest" name="testGenerateAndValidateValidSudoku[484]" time="0"/>
  <testcase classname="com.HiQ.sudokugenerator.SudokuGeneratorTest" name="testGenerateaPlaybleEasySudoku[484]" time="0"/>
  <testcase classname="com.HiQ.sudokugenerator.SudokuGeneratorTest" name="testGenerateaPlaybleHardSudoku[484]" time="0"/>
  <testcase classname="com.HiQ.sudokugenerator.SudokuGeneratorTest" name="testGenerateaPlaybleMediumSudoku[484]" time="0"/>
  <testcase classname="com.HiQ.sudokugenerator.SudokuGeneratorTest" name="testGenerateAndInValidateValidSudoku[485]" time="0"/>
  <testcase classname="com.HiQ.sudokugenerator.SudokuGeneratorTest" name="testGenerateAndValidateValidSudoku[485]" time="0"/>
  <testcase classname="com.HiQ.sudokugenerator.SudokuGeneratorTest" name="testGenerateaPlaybleEasySudoku[485]" time="0"/>
  <testcase classname="com.HiQ.sudokugenerator.SudokuGeneratorTest" name="testGenerateaPlaybleHardSudoku[485]" time="0"/>
  <testcase classname="com.HiQ.sudokugenerator.SudokuGeneratorTest" name="testGenerateaPlaybleMediumSudoku[485]" time="0"/>
  <testcase classname="com.HiQ.sudokugenerator.SudokuGeneratorTest" name="testGenerateAndInValidateValidSudoku[486]" time="0"/>
  <testcase classname="com.HiQ.sudokugenerator.SudokuGeneratorTest" name="testGenerateAndValidateValidSudoku[486]" time="0"/>
  <testcase classname="com.HiQ.sudokugenerator.SudokuGeneratorTest" name="testGenerateaPlaybleEasySudoku[486]" time="0"/>
  <testcase classname="com.HiQ.sudokugenerator.SudokuGeneratorTest" name="testGenerateaPlaybleHardSudoku[486]" time="0"/>
  <testcase classname="com.HiQ.sudokugenerator.SudokuGeneratorTest" name="testGenerateaPlaybleMediumSudoku[486]" time="0.041"/>
  <testcase classname="com.HiQ.sudokugenerator.SudokuGeneratorTest" name="testGenerateAndInValidateValidSudoku[487]" time="0"/>
  <testcase classname="com.HiQ.sudokugenerator.SudokuGeneratorTest" name="testGenerateAndValidateValidSudoku[487]" time="0"/>
  <testcase classname="com.HiQ.sudokugenerator.SudokuGeneratorTest" name="testGenerateaPlaybleEasySudoku[487]" time="0"/>
  <testcase classname="com.HiQ.sudokugenerator.SudokuGeneratorTest" name="testGenerateaPlaybleHardSudoku[487]" time="0"/>
  <testcase classname="com.HiQ.sudokugenerator.SudokuGeneratorTest" name="testGenerateaPlaybleMediumSudoku[487]" time="0"/>
  <testcase classname="com.HiQ.sudokugenerator.SudokuGeneratorTest" name="testGenerateAndInValidateValidSudoku[488]" time="0"/>
  <testcase classname="com.HiQ.sudokugenerator.SudokuGeneratorTest" name="testGenerateAndValidateValidSudoku[488]" time="0"/>
  <testcase classname="com.HiQ.sudokugenerator.SudokuGeneratorTest" name="testGenerateaPlaybleEasySudoku[488]" time="0"/>
  <testcase classname="com.HiQ.sudokugenerator.SudokuGeneratorTest" name="testGenerateaPlaybleHardSudoku[488]" time="0"/>
  <testcase classname="com.HiQ.sudokugenerator.SudokuGeneratorTest" name="testGenerateaPlaybleMediumSudoku[488]" time="0"/>
  <testcase classname="com.HiQ.sudokugenerator.SudokuGeneratorTest" name="testGenerateAndInValidateValidSudoku[489]" time="0"/>
  <testcase classname="com.HiQ.sudokugenerator.SudokuGeneratorTest" name="testGenerateAndValidateValidSudoku[489]" time="0"/>
  <testcase classname="com.HiQ.sudokugenerator.SudokuGeneratorTest" name="testGenerateaPlaybleEasySudoku[489]" time="0"/>
  <testcase classname="com.HiQ.sudokugenerator.SudokuGeneratorTest" name="testGenerateaPlaybleHardSudoku[489]" time="0"/>
  <testcase classname="com.HiQ.sudokugenerator.SudokuGeneratorTest" name="testGenerateaPlaybleMediumSudoku[489]" time="0"/>
  <testcase classname="com.HiQ.sudokugenerator.SudokuGeneratorTest" name="testGenerateAndInValidateValidSudoku[490]" time="0"/>
  <testcase classname="com.HiQ.sudokugenerator.SudokuGeneratorTest" name="testGenerateAndValidateValidSudoku[490]" time="0"/>
  <testcase classname="com.HiQ.sudokugenerator.SudokuGeneratorTest" name="testGenerateaPlaybleEasySudoku[490]" time="0"/>
  <testcase classname="com.HiQ.sudokugenerator.SudokuGeneratorTest" name="testGenerateaPlaybleHardSudoku[490]" time="0"/>
  <testcase classname="com.HiQ.sudokugenerator.SudokuGeneratorTest" name="testGenerateaPlaybleMediumSudoku[490]" time="0"/>
  <testcase classname="com.HiQ.sudokugenerator.SudokuGeneratorTest" name="testGenerateAndInValidateValidSudoku[491]" time="0"/>
  <testcase classname="com.HiQ.sudokugenerator.SudokuGeneratorTest" name="testGenerateAndValidateValidSudoku[491]" time="0"/>
  <testcase classname="com.HiQ.sudokugenerator.SudokuGeneratorTest" name="testGenerateaPlaybleEasySudoku[491]" time="0"/>
  <testcase classname="com.HiQ.sudokugenerator.SudokuGeneratorTest" name="testGenerateaPlaybleHardSudoku[491]" time="0"/>
  <testcase classname="com.HiQ.sudokugenerator.SudokuGeneratorTest" name="testGenerateaPlaybleMediumSudoku[491]" time="0"/>
  <testcase classname="com.HiQ.sudokugenerator.SudokuGeneratorTest" name="testGenerateAndInValidateValidSudoku[492]" time="0"/>
  <testcase classname="com.HiQ.sudokugenerator.SudokuGeneratorTest" name="testGenerateAndValidateValidSudoku[492]" time="0"/>
  <testcase classname="com.HiQ.sudokugenerator.SudokuGeneratorTest" name="testGenerateaPlaybleEasySudoku[492]" time="0"/>
  <testcase classname="com.HiQ.sudokugenerator.SudokuGeneratorTest" name="testGenerateaPlaybleHardSudoku[492]" time="0"/>
  <testcase classname="com.HiQ.sudokugenerator.SudokuGeneratorTest" name="testGenerateaPlaybleMediumSudoku[492]" time="0"/>
  <testcase classname="com.HiQ.sudokugenerator.SudokuGeneratorTest" name="testGenerateAndInValidateValidSudoku[493]" time="0"/>
  <testcase classname="com.HiQ.sudokugenerator.SudokuGeneratorTest" name="testGenerateAndValidateValidSudoku[493]" time="0"/>
  <testcase classname="com.HiQ.sudokugenerator.SudokuGeneratorTest" name="testGenerateaPlaybleEasySudoku[493]" time="0"/>
  <testcase classname="com.HiQ.sudokugenerator.SudokuGeneratorTest" name="testGenerateaPlaybleHardSudoku[493]" time="0"/>
  <testcase classname="com.HiQ.sudokugenerator.SudokuGeneratorTest" name="testGenerateaPlaybleMediumSudoku[493]" time="0"/>
  <testcase classname="com.HiQ.sudokugenerator.SudokuGeneratorTest" name="testGenerateAndInValidateValidSudoku[494]" time="0"/>
  <testcase classname="com.HiQ.sudokugenerator.SudokuGeneratorTest" name="testGenerateAndValidateValidSudoku[494]" time="0"/>
  <testcase classname="com.HiQ.sudokugenerator.SudokuGeneratorTest" name="testGenerateaPlaybleEasySudoku[494]" time="0"/>
  <testcase classname="com.HiQ.sudokugenerator.SudokuGeneratorTest" name="testGenerateaPlaybleHardSudoku[494]" time="0"/>
  <testcase classname="com.HiQ.sudokugenerator.SudokuGeneratorTest" name="testGenerateaPlaybleMediumSudoku[494]" time="0"/>
  <testcase classname="com.HiQ.sudokugenerator.SudokuGeneratorTest" name="testGenerateAndInValidateValidSudoku[495]" time="0"/>
  <testcase classname="com.HiQ.sudokugenerator.SudokuGeneratorTest" name="testGenerateAndValidateValidSudoku[495]" time="0"/>
  <testcase classname="com.HiQ.sudokugenerator.SudokuGeneratorTest" name="testGenerateaPlaybleEasySudoku[495]" time="0"/>
  <testcase classname="com.HiQ.sudokugenerator.SudokuGeneratorTest" name="testGenerateaPlaybleHardSudoku[495]" time="0"/>
  <testcase classname="com.HiQ.sudokugenerator.SudokuGeneratorTest" name="testGenerateaPlaybleMediumSudoku[495]" time="0.001"/>
  <testcase classname="com.HiQ.sudokugenerator.SudokuGeneratorTest" name="testGenerateAndInValidateValidSudoku[496]" time="0"/>
  <testcase classname="com.HiQ.sudokugenerator.SudokuGeneratorTest" name="testGenerateAndValidateValidSudoku[496]" time="0"/>
  <testcase classname="com.HiQ.sudokugenerator.SudokuGeneratorTest" name="testGenerateaPlaybleEasySudoku[496]" time="0"/>
  <testcase classname="com.HiQ.sudokugenerator.SudokuGeneratorTest" name="testGenerateaPlaybleHardSudoku[496]" time="0"/>
  <testcase classname="com.HiQ.sudokugenerator.SudokuGeneratorTest" name="testGenerateaPlaybleMediumSudoku[496]" time="0"/>
  <testcase classname="com.HiQ.sudokugenerator.SudokuGeneratorTest" name="testGenerateAndInValidateValidSudoku[497]" time="0"/>
  <testcase classname="com.HiQ.sudokugenerator.SudokuGeneratorTest" name="testGenerateAndValidateValidSudoku[497]" time="0"/>
  <testcase classname="com.HiQ.sudokugenerator.SudokuGeneratorTest" name="testGenerateaPlaybleEasySudoku[497]" time="0"/>
  <testcase classname="com.HiQ.sudokugenerator.SudokuGeneratorTest" name="testGenerateaPlaybleHardSudoku[497]" time="0"/>
  <testcase classname="com.HiQ.sudokugenerator.SudokuGeneratorTest" name="testGenerateaPlaybleMediumSudoku[497]" time="0"/>
  <testcase classname="com.HiQ.sudokugenerator.SudokuGeneratorTest" name="testGenerateAndInValidateValidSudoku[498]" time="0"/>
  <testcase classname="com.HiQ.sudokugenerator.SudokuGeneratorTest" name="testGenerateAndValidateValidSudoku[498]" time="0"/>
  <testcase classname="com.HiQ.sudokugenerator.SudokuGeneratorTest" name="testGenerateaPlaybleEasySudoku[498]" time="0"/>
  <testcase classname="com.HiQ.sudokugenerator.SudokuGeneratorTest" name="testGenerateaPlaybleHardSudoku[498]" time="0"/>
  <testcase classname="com.HiQ.sudokugenerator.SudokuGeneratorTest" name="testGenerateaPlaybleMediumSudoku[498]" time="0"/>
  <testcase classname="com.HiQ.sudokugenerator.SudokuGeneratorTest" name="testGenerateAndInValidateValidSudoku[499]" time="0"/>
  <testcase classname="com.HiQ.sudokugenerator.SudokuGeneratorTest" name="testGenerateAndValidateValidSudoku[499]" time="0"/>
  <testcase classname="com.HiQ.sudokugenerator.SudokuGeneratorTest" name="testGenerateaPlaybleEasySudoku[499]" time="0"/>
  <testcase classname="com.HiQ.sudokugenerator.SudokuGeneratorTest" name="testGenerateaPlaybleHardSudoku[499]" time="0"/>
  <testcase classname="com.HiQ.sudokugenerator.SudokuGeneratorTest" name="testGenerateaPlaybleMediumSudoku[499]" time="0"/>
  <testcase classname="com.HiQ.sudokugenerator.SudokuGeneratorTest" name="testGenerateAndInValidateValidSudoku[500]" time="0"/>
  <testcase classname="com.HiQ.sudokugenerator.SudokuGeneratorTest" name="testGenerateAndValidateValidSudoku[500]" time="0"/>
  <testcase classname="com.HiQ.sudokugenerator.SudokuGeneratorTest" name="testGenerateaPlaybleEasySudoku[500]" time="0"/>
  <testcase classname="com.HiQ.sudokugenerator.SudokuGeneratorTest" name="testGenerateaPlaybleHardSudoku[500]" time="0"/>
  <testcase classname="com.HiQ.sudokugenerator.SudokuGeneratorTest" name="testGenerateaPlaybleMediumSudoku[500]" time="0"/>
  <testcase classname="com.HiQ.sudokugenerator.SudokuGeneratorTest" name="testGenerateAndInValidateValidSudoku[501]" time="0"/>
  <testcase classname="com.HiQ.sudokugenerator.SudokuGeneratorTest" name="testGenerateAndValidateValidSudoku[501]" time="0"/>
  <testcase classname="com.HiQ.sudokugenerator.SudokuGeneratorTest" name="testGenerateaPlaybleEasySudoku[501]" time="0"/>
  <testcase classname="com.HiQ.sudokugenerator.SudokuGeneratorTest" name="testGenerateaPlaybleHardSudoku[501]" time="0"/>
  <testcase classname="com.HiQ.sudokugenerator.SudokuGeneratorTest" name="testGenerateaPlaybleMediumSudoku[501]" time="0"/>
  <testcase classname="com.HiQ.sudokugenerator.SudokuGeneratorTest" name="testGenerateAndInValidateValidSudoku[502]" time="0"/>
  <testcase classname="com.HiQ.sudokugenerator.SudokuGeneratorTest" name="testGenerateAndValidateValidSudoku[502]" time="0"/>
  <testcase classname="com.HiQ.sudokugenerator.SudokuGeneratorTest" name="testGenerateaPlaybleEasySudoku[502]" time="0"/>
  <testcase classname="com.HiQ.sudokugenerator.SudokuGeneratorTest" name="testGenerateaPlaybleHardSudoku[502]" time="0"/>
  <testcase classname="com.HiQ.sudokugenerator.SudokuGeneratorTest" name="testGenerateaPlaybleMediumSudoku[502]" time="0"/>
  <testcase classname="com.HiQ.sudokugenerator.SudokuGeneratorTest" name="testGenerateAndInValidateValidSudoku[503]" time="0"/>
  <testcase classname="com.HiQ.sudokugenerator.SudokuGeneratorTest" name="testGenerateAndValidateValidSudoku[503]" time="0"/>
  <testcase classname="com.HiQ.sudokugenerator.SudokuGeneratorTest" name="testGenerateaPlaybleEasySudoku[503]" time="0"/>
  <testcase classname="com.HiQ.sudokugenerator.SudokuGeneratorTest" name="testGenerateaPlaybleHardSudoku[503]" time="0"/>
  <testcase classname="com.HiQ.sudokugenerator.SudokuGeneratorTest" name="testGenerateaPlaybleMediumSudoku[503]" time="0"/>
  <testcase classname="com.HiQ.sudokugenerator.SudokuGeneratorTest" name="testGenerateAndInValidateValidSudoku[504]" time="0"/>
  <testcase classname="com.HiQ.sudokugenerator.SudokuGeneratorTest" name="testGenerateAndValidateValidSudoku[504]" time="0"/>
  <testcase classname="com.HiQ.sudokugenerator.SudokuGeneratorTest" name="testGenerateaPlaybleEasySudoku[504]" time="0"/>
  <testcase classname="com.HiQ.sudokugenerator.SudokuGeneratorTest" name="testGenerateaPlaybleHardSudoku[504]" time="0"/>
  <testcase classname="com.HiQ.sudokugenerator.SudokuGeneratorTest" name="testGenerateaPlaybleMediumSudoku[504]" time="0"/>
  <testcase classname="com.HiQ.sudokugenerator.SudokuGeneratorTest" name="testGenerateAndInValidateValidSudoku[505]" time="0"/>
  <testcase classname="com.HiQ.sudokugenerator.SudokuGeneratorTest" name="testGenerateAndValidateValidSudoku[505]" time="0"/>
  <testcase classname="com.HiQ.sudokugenerator.SudokuGeneratorTest" name="testGenerateaPlaybleEasySudoku[505]" time="0"/>
  <testcase classname="com.HiQ.sudokugenerator.SudokuGeneratorTest" name="testGenerateaPlaybleHardSudoku[505]" time="0"/>
  <testcase classname="com.HiQ.sudokugenerator.SudokuGeneratorTest" name="testGenerateaPlaybleMediumSudoku[505]" time="0"/>
  <testcase classname="com.HiQ.sudokugenerator.SudokuGeneratorTest" name="testGenerateAndInValidateValidSudoku[506]" time="0"/>
  <testcase classname="com.HiQ.sudokugenerator.SudokuGeneratorTest" name="testGenerateAndValidateValidSudoku[506]" time="0"/>
  <testcase classname="com.HiQ.sudokugenerator.SudokuGeneratorTest" name="testGenerateaPlaybleEasySudoku[506]" time="0"/>
  <testcase classname="com.HiQ.sudokugenerator.SudokuGeneratorTest" name="testGenerateaPlaybleHardSudoku[506]" time="0"/>
  <testcase classname="com.HiQ.sudokugenerator.SudokuGeneratorTest" name="testGenerateaPlaybleMediumSudoku[506]" time="0"/>
  <testcase classname="com.HiQ.sudokugenerator.SudokuGeneratorTest" name="testGenerateAndInValidateValidSudoku[507]" time="0"/>
  <testcase classname="com.HiQ.sudokugenerator.SudokuGeneratorTest" name="testGenerateAndValidateValidSudoku[507]" time="0"/>
  <testcase classname="com.HiQ.sudokugenerator.SudokuGeneratorTest" name="testGenerateaPlaybleEasySudoku[507]" time="0"/>
  <testcase classname="com.HiQ.sudokugenerator.SudokuGeneratorTest" name="testGenerateaPlaybleHardSudoku[507]" time="0"/>
  <testcase classname="com.HiQ.sudokugenerator.SudokuGeneratorTest" name="testGenerateaPlaybleMediumSudoku[507]" time="0"/>
  <testcase classname="com.HiQ.sudokugenerator.SudokuGeneratorTest" name="testGenerateAndInValidateValidSudoku[508]" time="0"/>
  <testcase classname="com.HiQ.sudokugenerator.SudokuGeneratorTest" name="testGenerateAndValidateValidSudoku[508]" time="0"/>
  <testcase classname="com.HiQ.sudokugenerator.SudokuGeneratorTest" name="testGenerateaPlaybleEasySudoku[508]" time="0"/>
  <testcase classname="com.HiQ.sudokugenerator.SudokuGeneratorTest" name="testGenerateaPlaybleHardSudoku[508]" time="0"/>
  <testcase classname="com.HiQ.sudokugenerator.SudokuGeneratorTest" name="testGenerateaPlaybleMediumSudoku[508]" time="0"/>
  <testcase classname="com.HiQ.sudokugenerator.SudokuGeneratorTest" name="testGenerateAndInValidateValidSudoku[509]" time="0"/>
  <testcase classname="com.HiQ.sudokugenerator.SudokuGeneratorTest" name="testGenerateAndValidateValidSudoku[509]" time="0"/>
  <testcase classname="com.HiQ.sudokugenerator.SudokuGeneratorTest" name="testGenerateaPlaybleEasySudoku[509]" time="0"/>
  <testcase classname="com.HiQ.sudokugenerator.SudokuGeneratorTest" name="testGenerateaPlaybleHardSudoku[509]" time="0"/>
  <testcase classname="com.HiQ.sudokugenerator.SudokuGeneratorTest" name="testGenerateaPlaybleMediumSudoku[509]" time="0"/>
  <testcase classname="com.HiQ.sudokugenerator.SudokuGeneratorTest" name="testGenerateAndInValidateValidSudoku[510]" time="0"/>
  <testcase classname="com.HiQ.sudokugenerator.SudokuGeneratorTest" name="testGenerateAndValidateValidSudoku[510]" time="0"/>
  <testcase classname="com.HiQ.sudokugenerator.SudokuGeneratorTest" name="testGenerateaPlaybleEasySudoku[510]" time="0"/>
  <testcase classname="com.HiQ.sudokugenerator.SudokuGeneratorTest" name="testGenerateaPlaybleHardSudoku[510]" time="0"/>
  <testcase classname="com.HiQ.sudokugenerator.SudokuGeneratorTest" name="testGenerateaPlaybleMediumSudoku[510]" time="0"/>
  <testcase classname="com.HiQ.sudokugenerator.SudokuGeneratorTest" name="testGenerateAndInValidateValidSudoku[511]" time="0"/>
  <testcase classname="com.HiQ.sudokugenerator.SudokuGeneratorTest" name="testGenerateAndValidateValidSudoku[511]" time="0"/>
  <testcase classname="com.HiQ.sudokugenerator.SudokuGeneratorTest" name="testGenerateaPlaybleEasySudoku[511]" time="0"/>
  <testcase classname="com.HiQ.sudokugenerator.SudokuGeneratorTest" name="testGenerateaPlaybleHardSudoku[511]" time="0"/>
  <testcase classname="com.HiQ.sudokugenerator.SudokuGeneratorTest" name="testGenerateaPlaybleMediumSudoku[511]" time="0"/>
  <testcase classname="com.HiQ.sudokugenerator.SudokuGeneratorTest" name="testGenerateAndInValidateValidSudoku[512]" time="0"/>
  <testcase classname="com.HiQ.sudokugenerator.SudokuGeneratorTest" name="testGenerateAndValidateValidSudoku[512]" time="0"/>
  <testcase classname="com.HiQ.sudokugenerator.SudokuGeneratorTest" name="testGenerateaPlaybleEasySudoku[512]" time="0"/>
  <testcase classname="com.HiQ.sudokugenerator.SudokuGeneratorTest" name="testGenerateaPlaybleHardSudoku[512]" time="0"/>
  <testcase classname="com.HiQ.sudokugenerator.SudokuGeneratorTest" name="testGenerateaPlaybleMediumSudoku[512]" time="0"/>
  <testcase classname="com.HiQ.sudokugenerator.SudokuGeneratorTest" name="testGenerateAndInValidateValidSudoku[513]" time="0"/>
  <testcase classname="com.HiQ.sudokugenerator.SudokuGeneratorTest" name="testGenerateAndValidateValidSudoku[513]" time="0"/>
  <testcase classname="com.HiQ.sudokugenerator.SudokuGeneratorTest" name="testGenerateaPlaybleEasySudoku[513]" time="0"/>
  <testcase classname="com.HiQ.sudokugenerator.SudokuGeneratorTest" name="testGenerateaPlaybleHardSudoku[513]" time="0"/>
  <testcase classname="com.HiQ.sudokugenerator.SudokuGeneratorTest" name="testGenerateaPlaybleMediumSudoku[513]" time="0"/>
  <testcase classname="com.HiQ.sudokugenerator.SudokuGeneratorTest" name="testGenerateAndInValidateValidSudoku[514]" time="0"/>
  <testcase classname="com.HiQ.sudokugenerator.SudokuGeneratorTest" name="testGenerateAndValidateValidSudoku[514]" time="0"/>
  <testcase classname="com.HiQ.sudokugenerator.SudokuGeneratorTest" name="testGenerateaPlaybleEasySudoku[514]" time="0"/>
  <testcase classname="com.HiQ.sudokugenerator.SudokuGeneratorTest" name="testGenerateaPlaybleHardSudoku[514]" time="0"/>
  <testcase classname="com.HiQ.sudokugenerator.SudokuGeneratorTest" name="testGenerateaPlaybleMediumSudoku[514]" time="0"/>
  <testcase classname="com.HiQ.sudokugenerator.SudokuGeneratorTest" name="testGenerateAndInValidateValidSudoku[515]" time="0"/>
  <testcase classname="com.HiQ.sudokugenerator.SudokuGeneratorTest" name="testGenerateAndValidateValidSudoku[515]" time="0"/>
  <testcase classname="com.HiQ.sudokugenerator.SudokuGeneratorTest" name="testGenerateaPlaybleEasySudoku[515]" time="0"/>
  <testcase classname="com.HiQ.sudokugenerator.SudokuGeneratorTest" name="testGenerateaPlaybleHardSudoku[515]" time="0.069"/>
  <testcase classname="com.HiQ.sudokugenerator.SudokuGeneratorTest" name="testGenerateaPlaybleMediumSudoku[515]" time="0"/>
  <testcase classname="com.HiQ.sudokugenerator.SudokuGeneratorTest" name="testGenerateAndInValidateValidSudoku[516]" time="0"/>
  <testcase classname="com.HiQ.sudokugenerator.SudokuGeneratorTest" name="testGenerateAndValidateValidSudoku[516]" time="0"/>
  <testcase classname="com.HiQ.sudokugenerator.SudokuGeneratorTest" name="testGenerateaPlaybleEasySudoku[516]" time="0"/>
  <testcase classname="com.HiQ.sudokugenerator.SudokuGeneratorTest" name="testGenerateaPlaybleHardSudoku[516]" time="0"/>
  <testcase classname="com.HiQ.sudokugenerator.SudokuGeneratorTest" name="testGenerateaPlaybleMediumSudoku[516]" time="0"/>
  <testcase classname="com.HiQ.sudokugenerator.SudokuGeneratorTest" name="testGenerateAndInValidateValidSudoku[517]" time="0"/>
  <testcase classname="com.HiQ.sudokugenerator.SudokuGeneratorTest" name="testGenerateAndValidateValidSudoku[517]" time="0"/>
  <testcase classname="com.HiQ.sudokugenerator.SudokuGeneratorTest" name="testGenerateaPlaybleEasySudoku[517]" time="0"/>
  <testcase classname="com.HiQ.sudokugenerator.SudokuGeneratorTest" name="testGenerateaPlaybleHardSudoku[517]" time="0"/>
  <testcase classname="com.HiQ.sudokugenerator.SudokuGeneratorTest" name="testGenerateaPlaybleMediumSudoku[517]" time="0"/>
  <testcase classname="com.HiQ.sudokugenerator.SudokuGeneratorTest" name="testGenerateAndInValidateValidSudoku[518]" time="0"/>
  <testcase classname="com.HiQ.sudokugenerator.SudokuGeneratorTest" name="testGenerateAndValidateValidSudoku[518]" time="0"/>
  <testcase classname="com.HiQ.sudokugenerator.SudokuGeneratorTest" name="testGenerateaPlaybleEasySudoku[518]" time="0"/>
  <testcase classname="com.HiQ.sudokugenerator.SudokuGeneratorTest" name="testGenerateaPlaybleHardSudoku[518]" time="0"/>
  <testcase classname="com.HiQ.sudokugenerator.SudokuGeneratorTest" name="testGenerateaPlaybleMediumSudoku[518]" time="0"/>
  <testcase classname="com.HiQ.sudokugenerator.SudokuGeneratorTest" name="testGenerateAndInValidateValidSudoku[519]" time="0"/>
  <testcase classname="com.HiQ.sudokugenerator.SudokuGeneratorTest" name="testGenerateAndValidateValidSudoku[519]" time="0"/>
  <testcase classname="com.HiQ.sudokugenerator.SudokuGeneratorTest" name="testGenerateaPlaybleEasySudoku[519]" time="0"/>
  <testcase classname="com.HiQ.sudokugenerator.SudokuGeneratorTest" name="testGenerateaPlaybleHardSudoku[519]" time="0"/>
  <testcase classname="com.HiQ.sudokugenerator.SudokuGeneratorTest" name="testGenerateaPlaybleMediumSudoku[519]" time="0"/>
  <testcase classname="com.HiQ.sudokugenerator.SudokuGeneratorTest" name="testGenerateAndInValidateValidSudoku[520]" time="0"/>
  <testcase classname="com.HiQ.sudokugenerator.SudokuGeneratorTest" name="testGenerateAndValidateValidSudoku[520]" time="0"/>
  <testcase classname="com.HiQ.sudokugenerator.SudokuGeneratorTest" name="testGenerateaPlaybleEasySudoku[520]" time="0"/>
  <testcase classname="com.HiQ.sudokugenerator.SudokuGeneratorTest" name="testGenerateaPlaybleHardSudoku[520]" time="0.001"/>
  <testcase classname="com.HiQ.sudokugenerator.SudokuGeneratorTest" name="testGenerateaPlaybleMediumSudoku[520]" time="0"/>
  <testcase classname="com.HiQ.sudokugenerator.SudokuGeneratorTest" name="testGenerateAndInValidateValidSudoku[521]" time="0"/>
  <testcase classname="com.HiQ.sudokugenerator.SudokuGeneratorTest" name="testGenerateAndValidateValidSudoku[521]" time="0"/>
  <testcase classname="com.HiQ.sudokugenerator.SudokuGeneratorTest" name="testGenerateaPlaybleEasySudoku[521]" time="0"/>
  <testcase classname="com.HiQ.sudokugenerator.SudokuGeneratorTest" name="testGenerateaPlaybleHardSudoku[521]" time="0"/>
  <testcase classname="com.HiQ.sudokugenerator.SudokuGeneratorTest" name="testGenerateaPlaybleMediumSudoku[521]" time="0"/>
  <testcase classname="com.HiQ.sudokugenerator.SudokuGeneratorTest" name="testGenerateAndInValidateValidSudoku[522]" time="0"/>
  <testcase classname="com.HiQ.sudokugenerator.SudokuGeneratorTest" name="testGenerateAndValidateValidSudoku[522]" time="0"/>
  <testcase classname="com.HiQ.sudokugenerator.SudokuGeneratorTest" name="testGenerateaPlaybleEasySudoku[522]" time="0"/>
  <testcase classname="com.HiQ.sudokugenerator.SudokuGeneratorTest" name="testGenerateaPlaybleHardSudoku[522]" time="0"/>
  <testcase classname="com.HiQ.sudokugenerator.SudokuGeneratorTest" name="testGenerateaPlaybleMediumSudoku[522]" time="0"/>
  <testcase classname="com.HiQ.sudokugenerator.SudokuGeneratorTest" name="testGenerateAndInValidateValidSudoku[523]" time="0"/>
  <testcase classname="com.HiQ.sudokugenerator.SudokuGeneratorTest" name="testGenerateAndValidateValidSudoku[523]" time="0"/>
  <testcase classname="com.HiQ.sudokugenerator.SudokuGeneratorTest" name="testGenerateaPlaybleEasySudoku[523]" time="0"/>
  <testcase classname="com.HiQ.sudokugenerator.SudokuGeneratorTest" name="testGenerateaPlaybleHardSudoku[523]" time="0"/>
  <testcase classname="com.HiQ.sudokugenerator.SudokuGeneratorTest" name="testGenerateaPlaybleMediumSudoku[523]" time="0"/>
  <testcase classname="com.HiQ.sudokugenerator.SudokuGeneratorTest" name="testGenerateAndInValidateValidSudoku[524]" time="0"/>
  <testcase classname="com.HiQ.sudokugenerator.SudokuGeneratorTest" name="testGenerateAndValidateValidSudoku[524]" time="0"/>
  <testcase classname="com.HiQ.sudokugenerator.SudokuGeneratorTest" name="testGenerateaPlaybleEasySudoku[524]" time="0"/>
  <testcase classname="com.HiQ.sudokugenerator.SudokuGeneratorTest" name="testGenerateaPlaybleHardSudoku[524]" time="0"/>
  <testcase classname="com.HiQ.sudokugenerator.SudokuGeneratorTest" name="testGenerateaPlaybleMediumSudoku[524]" time="0"/>
  <testcase classname="com.HiQ.sudokugenerator.SudokuGeneratorTest" name="testGenerateAndInValidateValidSudoku[525]" time="0"/>
  <testcase classname="com.HiQ.sudokugenerator.SudokuGeneratorTest" name="testGenerateAndValidateValidSudoku[525]" time="0"/>
  <testcase classname="com.HiQ.sudokugenerator.SudokuGeneratorTest" name="testGenerateaPlaybleEasySudoku[525]" time="0"/>
  <testcase classname="com.HiQ.sudokugenerator.SudokuGeneratorTest" name="testGenerateaPlaybleHardSudoku[525]" time="0"/>
  <testcase classname="com.HiQ.sudokugenerator.SudokuGeneratorTest" name="testGenerateaPlaybleMediumSudoku[525]" time="0"/>
  <testcase classname="com.HiQ.sudokugenerator.SudokuGeneratorTest" name="testGenerateAndInValidateValidSudoku[526]" time="0"/>
  <testcase classname="com.HiQ.sudokugenerator.SudokuGeneratorTest" name="testGenerateAndValidateValidSudoku[526]" time="0"/>
  <testcase classname="com.HiQ.sudokugenerator.SudokuGeneratorTest" name="testGenerateaPlaybleEasySudoku[526]" time="0"/>
  <testcase classname="com.HiQ.sudokugenerator.SudokuGeneratorTest" name="testGenerateaPlaybleHardSudoku[526]" time="0"/>
  <testcase classname="com.HiQ.sudokugenerator.SudokuGeneratorTest" name="testGenerateaPlaybleMediumSudoku[526]" time="0"/>
  <testcase classname="com.HiQ.sudokugenerator.SudokuGeneratorTest" name="testGenerateAndInValidateValidSudoku[527]" time="0"/>
  <testcase classname="com.HiQ.sudokugenerator.SudokuGeneratorTest" name="testGenerateAndValidateValidSudoku[527]" time="0"/>
  <testcase classname="com.HiQ.sudokugenerator.SudokuGeneratorTest" name="testGenerateaPlaybleEasySudoku[527]" time="0"/>
  <testcase classname="com.HiQ.sudokugenerator.SudokuGeneratorTest" name="testGenerateaPlaybleHardSudoku[527]" time="0"/>
  <testcase classname="com.HiQ.sudokugenerator.SudokuGeneratorTest" name="testGenerateaPlaybleMediumSudoku[527]" time="0"/>
  <testcase classname="com.HiQ.sudokugenerator.SudokuGeneratorTest" name="testGenerateAndInValidateValidSudoku[528]" time="0"/>
  <testcase classname="com.HiQ.sudokugenerator.SudokuGeneratorTest" name="testGenerateAndValidateValidSudoku[528]" time="0"/>
  <testcase classname="com.HiQ.sudokugenerator.SudokuGeneratorTest" name="testGenerateaPlaybleEasySudoku[528]" time="0"/>
  <testcase classname="com.HiQ.sudokugenerator.SudokuGeneratorTest" name="testGenerateaPlaybleHardSudoku[528]" time="0"/>
  <testcase classname="com.HiQ.sudokugenerator.SudokuGeneratorTest" name="testGenerateaPlaybleMediumSudoku[528]" time="0"/>
  <testcase classname="com.HiQ.sudokugenerator.SudokuGeneratorTest" name="testGenerateAndInValidateValidSudoku[529]" time="0"/>
  <testcase classname="com.HiQ.sudokugenerator.SudokuGeneratorTest" name="testGenerateAndValidateValidSudoku[529]" time="0"/>
  <testcase classname="com.HiQ.sudokugenerator.SudokuGeneratorTest" name="testGenerateaPlaybleEasySudoku[529]" time="0"/>
  <testcase classname="com.HiQ.sudokugenerator.SudokuGeneratorTest" name="testGenerateaPlaybleHardSudoku[529]" time="0"/>
  <testcase classname="com.HiQ.sudokugenerator.SudokuGeneratorTest" name="testGenerateaPlaybleMediumSudoku[529]" time="0"/>
  <testcase classname="com.HiQ.sudokugenerator.SudokuGeneratorTest" name="testGenerateAndInValidateValidSudoku[530]" time="0"/>
  <testcase classname="com.HiQ.sudokugenerator.SudokuGeneratorTest" name="testGenerateAndValidateValidSudoku[530]" time="0"/>
  <testcase classname="com.HiQ.sudokugenerator.SudokuGeneratorTest" name="testGenerateaPlaybleEasySudoku[530]" time="0"/>
  <testcase classname="com.HiQ.sudokugenerator.SudokuGeneratorTest" name="testGenerateaPlaybleHardSudoku[530]" time="0"/>
  <testcase classname="com.HiQ.sudokugenerator.SudokuGeneratorTest" name="testGenerateaPlaybleMediumSudoku[530]" time="0"/>
  <testcase classname="com.HiQ.sudokugenerator.SudokuGeneratorTest" name="testGenerateAndInValidateValidSudoku[531]" time="0"/>
  <testcase classname="com.HiQ.sudokugenerator.SudokuGeneratorTest" name="testGenerateAndValidateValidSudoku[531]" time="0"/>
  <testcase classname="com.HiQ.sudokugenerator.SudokuGeneratorTest" name="testGenerateaPlaybleEasySudoku[531]" time="0"/>
  <testcase classname="com.HiQ.sudokugenerator.SudokuGeneratorTest" name="testGenerateaPlaybleHardSudoku[531]" time="0"/>
  <testcase classname="com.HiQ.sudokugenerator.SudokuGeneratorTest" name="testGenerateaPlaybleMediumSudoku[531]" time="0"/>
  <testcase classname="com.HiQ.sudokugenerator.SudokuGeneratorTest" name="testGenerateAndInValidateValidSudoku[532]" time="0"/>
  <testcase classname="com.HiQ.sudokugenerator.SudokuGeneratorTest" name="testGenerateAndValidateValidSudoku[532]" time="0"/>
  <testcase classname="com.HiQ.sudokugenerator.SudokuGeneratorTest" name="testGenerateaPlaybleEasySudoku[532]" time="0"/>
  <testcase classname="com.HiQ.sudokugenerator.SudokuGeneratorTest" name="testGenerateaPlaybleHardSudoku[532]" time="0"/>
  <testcase classname="com.HiQ.sudokugenerator.SudokuGeneratorTest" name="testGenerateaPlaybleMediumSudoku[532]" time="0"/>
  <testcase classname="com.HiQ.sudokugenerator.SudokuGeneratorTest" name="testGenerateAndInValidateValidSudoku[533]" time="0"/>
  <testcase classname="com.HiQ.sudokugenerator.SudokuGeneratorTest" name="testGenerateAndValidateValidSudoku[533]" time="0"/>
  <testcase classname="com.HiQ.sudokugenerator.SudokuGeneratorTest" name="testGenerateaPlaybleEasySudoku[533]" time="0"/>
  <testcase classname="com.HiQ.sudokugenerator.SudokuGeneratorTest" name="testGenerateaPlaybleHardSudoku[533]" time="0"/>
  <testcase classname="com.HiQ.sudokugenerator.SudokuGeneratorTest" name="testGenerateaPlaybleMediumSudoku[533]" time="0"/>
  <testcase classname="com.HiQ.sudokugenerator.SudokuGeneratorTest" name="testGenerateAndInValidateValidSudoku[534]" time="0"/>
  <testcase classname="com.HiQ.sudokugenerator.SudokuGeneratorTest" name="testGenerateAndValidateValidSudoku[534]" time="0"/>
  <testcase classname="com.HiQ.sudokugenerator.SudokuGeneratorTest" name="testGenerateaPlaybleEasySudoku[534]" time="0"/>
  <testcase classname="com.HiQ.sudokugenerator.SudokuGeneratorTest" name="testGenerateaPlaybleHardSudoku[534]" time="0"/>
  <testcase classname="com.HiQ.sudokugenerator.SudokuGeneratorTest" name="testGenerateaPlaybleMediumSudoku[534]" time="0"/>
  <testcase classname="com.HiQ.sudokugenerator.SudokuGeneratorTest" name="testGenerateAndInValidateValidSudoku[535]" time="0"/>
  <testcase classname="com.HiQ.sudokugenerator.SudokuGeneratorTest" name="testGenerateAndValidateValidSudoku[535]" time="0"/>
  <testcase classname="com.HiQ.sudokugenerator.SudokuGeneratorTest" name="testGenerateaPlaybleEasySudoku[535]" time="0"/>
  <testcase classname="com.HiQ.sudokugenerator.SudokuGeneratorTest" name="testGenerateaPlaybleHardSudoku[535]" time="0"/>
  <testcase classname="com.HiQ.sudokugenerator.SudokuGeneratorTest" name="testGenerateaPlaybleMediumSudoku[535]" time="0"/>
  <testcase classname="com.HiQ.sudokugenerator.SudokuGeneratorTest" name="testGenerateAndInValidateValidSudoku[536]" time="0"/>
  <testcase classname="com.HiQ.sudokugenerator.SudokuGeneratorTest" name="testGenerateAndValidateValidSudoku[536]" time="0"/>
  <testcase classname="com.HiQ.sudokugenerator.SudokuGeneratorTest" name="testGenerateaPlaybleEasySudoku[536]" time="0"/>
  <testcase classname="com.HiQ.sudokugenerator.SudokuGeneratorTest" name="testGenerateaPlaybleHardSudoku[536]" time="0"/>
  <testcase classname="com.HiQ.sudokugenerator.SudokuGeneratorTest" name="testGenerateaPlaybleMediumSudoku[536]" time="0"/>
  <testcase classname="com.HiQ.sudokugenerator.SudokuGeneratorTest" name="testGenerateAndInValidateValidSudoku[537]" time="0"/>
  <testcase classname="com.HiQ.sudokugenerator.SudokuGeneratorTest" name="testGenerateAndValidateValidSudoku[537]" time="0"/>
  <testcase classname="com.HiQ.sudokugenerator.SudokuGeneratorTest" name="testGenerateaPlaybleEasySudoku[537]" time="0"/>
  <testcase classname="com.HiQ.sudokugenerator.SudokuGeneratorTest" name="testGenerateaPlaybleHardSudoku[537]" time="0"/>
  <testcase classname="com.HiQ.sudokugenerator.SudokuGeneratorTest" name="testGenerateaPlaybleMediumSudoku[537]" time="0"/>
  <testcase classname="com.HiQ.sudokugenerator.SudokuGeneratorTest" name="testGenerateAndInValidateValidSudoku[538]" time="0"/>
  <testcase classname="com.HiQ.sudokugenerator.SudokuGeneratorTest" name="testGenerateAndValidateValidSudoku[538]" time="0"/>
  <testcase classname="com.HiQ.sudokugenerator.SudokuGeneratorTest" name="testGenerateaPlaybleEasySudoku[538]" time="0"/>
  <testcase classname="com.HiQ.sudokugenerator.SudokuGeneratorTest" name="testGenerateaPlaybleHardSudoku[538]" time="0"/>
  <testcase classname="com.HiQ.sudokugenerator.SudokuGeneratorTest" name="testGenerateaPlaybleMediumSudoku[538]" time="0"/>
  <testcase classname="com.HiQ.sudokugenerator.SudokuGeneratorTest" name="testGenerateAndInValidateValidSudoku[539]" time="0"/>
  <testcase classname="com.HiQ.sudokugenerator.SudokuGeneratorTest" name="testGenerateAndValidateValidSudoku[539]" time="0"/>
  <testcase classname="com.HiQ.sudokugenerator.SudokuGeneratorTest" name="testGenerateaPlaybleEasySudoku[539]" time="0"/>
  <testcase classname="com.HiQ.sudokugenerator.SudokuGeneratorTest" name="testGenerateaPlaybleHardSudoku[539]" time="0"/>
  <testcase classname="com.HiQ.sudokugenerator.SudokuGeneratorTest" name="testGenerateaPlaybleMediumSudoku[539]" time="0"/>
  <testcase classname="com.HiQ.sudokugenerator.SudokuGeneratorTest" name="testGenerateAndInValidateValidSudoku[540]" time="0"/>
  <testcase classname="com.HiQ.sudokugenerator.SudokuGeneratorTest" name="testGenerateAndValidateValidSudoku[540]" time="0"/>
  <testcase classname="com.HiQ.sudokugenerator.SudokuGeneratorTest" name="testGenerateaPlaybleEasySudoku[540]" time="0"/>
  <testcase classname="com.HiQ.sudokugenerator.SudokuGeneratorTest" name="testGenerateaPlaybleHardSudoku[540]" time="0"/>
  <testcase classname="com.HiQ.sudokugenerator.SudokuGeneratorTest" name="testGenerateaPlaybleMediumSudoku[540]" time="0"/>
  <testcase classname="com.HiQ.sudokugenerator.SudokuGeneratorTest" name="testGenerateAndInValidateValidSudoku[541]" time="0"/>
  <testcase classname="com.HiQ.sudokugenerator.SudokuGeneratorTest" name="testGenerateAndValidateValidSudoku[541]" time="0"/>
  <testcase classname="com.HiQ.sudokugenerator.SudokuGeneratorTest" name="testGenerateaPlaybleEasySudoku[541]" time="0"/>
  <testcase classname="com.HiQ.sudokugenerator.SudokuGeneratorTest" name="testGenerateaPlaybleHardSudoku[541]" time="0"/>
  <testcase classname="com.HiQ.sudokugenerator.SudokuGeneratorTest" name="testGenerateaPlaybleMediumSudoku[541]" time="0"/>
  <testcase classname="com.HiQ.sudokugenerator.SudokuGeneratorTest" name="testGenerateAndInValidateValidSudoku[542]" time="0"/>
  <testcase classname="com.HiQ.sudokugenerator.SudokuGeneratorTest" name="testGenerateAndValidateValidSudoku[542]" time="0"/>
  <testcase classname="com.HiQ.sudokugenerator.SudokuGeneratorTest" name="testGenerateaPlaybleEasySudoku[542]" time="0"/>
  <testcase classname="com.HiQ.sudokugenerator.SudokuGeneratorTest" name="testGenerateaPlaybleHardSudoku[542]" time="0"/>
  <testcase classname="com.HiQ.sudokugenerator.SudokuGeneratorTest" name="testGenerateaPlaybleMediumSudoku[542]" time="0"/>
  <testcase classname="com.HiQ.sudokugenerator.SudokuGeneratorTest" name="testGenerateAndInValidateValidSudoku[543]" time="0"/>
  <testcase classname="com.HiQ.sudokugenerator.SudokuGeneratorTest" name="testGenerateAndValidateValidSudoku[543]" time="0"/>
  <testcase classname="com.HiQ.sudokugenerator.SudokuGeneratorTest" name="testGenerateaPlaybleEasySudoku[543]" time="0"/>
  <testcase classname="com.HiQ.sudokugenerator.SudokuGeneratorTest" name="testGenerateaPlaybleHardSudoku[543]" time="0"/>
  <testcase classname="com.HiQ.sudokugenerator.SudokuGeneratorTest" name="testGenerateaPlaybleMediumSudoku[543]" time="0"/>
  <testcase classname="com.HiQ.sudokugenerator.SudokuGeneratorTest" name="testGenerateAndInValidateValidSudoku[544]" time="0"/>
  <testcase classname="com.HiQ.sudokugenerator.SudokuGeneratorTest" name="testGenerateAndValidateValidSudoku[544]" time="0"/>
  <testcase classname="com.HiQ.sudokugenerator.SudokuGeneratorTest" name="testGenerateaPlaybleEasySudoku[544]" time="0.045"/>
  <testcase classname="com.HiQ.sudokugenerator.SudokuGeneratorTest" name="testGenerateaPlaybleHardSudoku[544]" time="0"/>
  <testcase classname="com.HiQ.sudokugenerator.SudokuGeneratorTest" name="testGenerateaPlaybleMediumSudoku[544]" time="0"/>
  <testcase classname="com.HiQ.sudokugenerator.SudokuGeneratorTest" name="testGenerateAndInValidateValidSudoku[545]" time="0"/>
  <testcase classname="com.HiQ.sudokugenerator.SudokuGeneratorTest" name="testGenerateAndValidateValidSudoku[545]" time="0"/>
  <testcase classname="com.HiQ.sudokugenerator.SudokuGeneratorTest" name="testGenerateaPlaybleEasySudoku[545]" time="0"/>
  <testcase classname="com.HiQ.sudokugenerator.SudokuGeneratorTest" name="testGenerateaPlaybleHardSudoku[545]" time="0"/>
  <testcase classname="com.HiQ.sudokugenerator.SudokuGeneratorTest" name="testGenerateaPlaybleMediumSudoku[545]" time="0"/>
  <testcase classname="com.HiQ.sudokugenerator.SudokuGeneratorTest" name="testGenerateAndInValidateValidSudoku[546]" time="0"/>
  <testcase classname="com.HiQ.sudokugenerator.SudokuGeneratorTest" name="testGenerateAndValidateValidSudoku[546]" time="0"/>
  <testcase classname="com.HiQ.sudokugenerator.SudokuGeneratorTest" name="testGenerateaPlaybleEasySudoku[546]" time="0"/>
  <testcase classname="com.HiQ.sudokugenerator.SudokuGeneratorTest" name="testGenerateaPlaybleHardSudoku[546]" time="0"/>
  <testcase classname="com.HiQ.sudokugenerator.SudokuGeneratorTest" name="testGenerateaPlaybleMediumSudoku[546]" time="0"/>
  <testcase classname="com.HiQ.sudokugenerator.SudokuGeneratorTest" name="testGenerateAndInValidateValidSudoku[547]" time="0"/>
  <testcase classname="com.HiQ.sudokugenerator.SudokuGeneratorTest" name="testGenerateAndValidateValidSudoku[547]" time="0"/>
  <testcase classname="com.HiQ.sudokugenerator.SudokuGeneratorTest" name="testGenerateaPlaybleEasySudoku[547]" time="0"/>
  <testcase classname="com.HiQ.sudokugenerator.SudokuGeneratorTest" name="testGenerateaPlaybleHardSudoku[547]" time="0"/>
  <testcase classname="com.HiQ.sudokugenerator.SudokuGeneratorTest" name="testGenerateaPlaybleMediumSudoku[547]" time="0"/>
  <testcase classname="com.HiQ.sudokugenerator.SudokuGeneratorTest" name="testGenerateAndInValidateValidSudoku[548]" time="0"/>
  <testcase classname="com.HiQ.sudokugenerator.SudokuGeneratorTest" name="testGenerateAndValidateValidSudoku[548]" time="0"/>
  <testcase classname="com.HiQ.sudokugenerator.SudokuGeneratorTest" name="testGenerateaPlaybleEasySudoku[548]" time="0"/>
  <testcase classname="com.HiQ.sudokugenerator.SudokuGeneratorTest" name="testGenerateaPlaybleHardSudoku[548]" time="0"/>
  <testcase classname="com.HiQ.sudokugenerator.SudokuGeneratorTest" name="testGenerateaPlaybleMediumSudoku[548]" time="0"/>
  <testcase classname="com.HiQ.sudokugenerator.SudokuGeneratorTest" name="testGenerateAndInValidateValidSudoku[549]" time="0"/>
  <testcase classname="com.HiQ.sudokugenerator.SudokuGeneratorTest" name="testGenerateAndValidateValidSudoku[549]" time="0"/>
  <testcase classname="com.HiQ.sudokugenerator.SudokuGeneratorTest" name="testGenerateaPlaybleEasySudoku[549]" time="0"/>
  <testcase classname="com.HiQ.sudokugenerator.SudokuGeneratorTest" name="testGenerateaPlaybleHardSudoku[549]" time="0"/>
  <testcase classname="com.HiQ.sudokugenerator.SudokuGeneratorTest" name="testGenerateaPlaybleMediumSudoku[549]" time="0"/>
  <testcase classname="com.HiQ.sudokugenerator.SudokuGeneratorTest" name="testGenerateAndInValidateValidSudoku[550]" time="0"/>
  <testcase classname="com.HiQ.sudokugenerator.SudokuGeneratorTest" name="testGenerateAndValidateValidSudoku[550]" time="0"/>
  <testcase classname="com.HiQ.sudokugenerator.SudokuGeneratorTest" name="testGenerateaPlaybleEasySudoku[550]" time="0"/>
  <testcase classname="com.HiQ.sudokugenerator.SudokuGeneratorTest" name="testGenerateaPlaybleHardSudoku[550]" time="0"/>
  <testcase classname="com.HiQ.sudokugenerator.SudokuGeneratorTest" name="testGenerateaPlaybleMediumSudoku[550]" time="0"/>
  <testcase classname="com.HiQ.sudokugenerator.SudokuGeneratorTest" name="testGenerateAndInValidateValidSudoku[551]" time="0"/>
  <testcase classname="com.HiQ.sudokugenerator.SudokuGeneratorTest" name="testGenerateAndValidateValidSudoku[551]" time="0"/>
  <testcase classname="com.HiQ.sudokugenerator.SudokuGeneratorTest" name="testGenerateaPlaybleEasySudoku[551]" time="0"/>
  <testcase classname="com.HiQ.sudokugenerator.SudokuGeneratorTest" name="testGenerateaPlaybleHardSudoku[551]" time="0"/>
  <testcase classname="com.HiQ.sudokugenerator.SudokuGeneratorTest" name="testGenerateaPlaybleMediumSudoku[551]" time="0"/>
  <testcase classname="com.HiQ.sudokugenerator.SudokuGeneratorTest" name="testGenerateAndInValidateValidSudoku[552]" time="0"/>
  <testcase classname="com.HiQ.sudokugenerator.SudokuGeneratorTest" name="testGenerateAndValidateValidSudoku[552]" time="0"/>
  <testcase classname="com.HiQ.sudokugenerator.SudokuGeneratorTest" name="testGenerateaPlaybleEasySudoku[552]" time="0"/>
  <testcase classname="com.HiQ.sudokugenerator.SudokuGeneratorTest" name="testGenerateaPlaybleHardSudoku[552]" time="0"/>
  <testcase classname="com.HiQ.sudokugenerator.SudokuGeneratorTest" name="testGenerateaPlaybleMediumSudoku[552]" time="0"/>
  <testcase classname="com.HiQ.sudokugenerator.SudokuGeneratorTest" name="testGenerateAndInValidateValidSudoku[553]" time="0"/>
  <testcase classname="com.HiQ.sudokugenerator.SudokuGeneratorTest" name="testGenerateAndValidateValidSudoku[553]" time="0"/>
  <testcase classname="com.HiQ.sudokugenerator.SudokuGeneratorTest" name="testGenerateaPlaybleEasySudoku[553]" time="0"/>
  <testcase classname="com.HiQ.sudokugenerator.SudokuGeneratorTest" name="testGenerateaPlaybleHardSudoku[553]" time="0"/>
  <testcase classname="com.HiQ.sudokugenerator.SudokuGeneratorTest" name="testGenerateaPlaybleMediumSudoku[553]" time="0"/>
  <testcase classname="com.HiQ.sudokugenerator.SudokuGeneratorTest" name="testGenerateAndInValidateValidSudoku[554]" time="0"/>
  <testcase classname="com.HiQ.sudokugenerator.SudokuGeneratorTest" name="testGenerateAndValidateValidSudoku[554]" time="0"/>
  <testcase classname="com.HiQ.sudokugenerator.SudokuGeneratorTest" name="testGenerateaPlaybleEasySudoku[554]" time="0"/>
  <testcase classname="com.HiQ.sudokugenerator.SudokuGeneratorTest" name="testGenerateaPlaybleHardSudoku[554]" time="0"/>
  <testcase classname="com.HiQ.sudokugenerator.SudokuGeneratorTest" name="testGenerateaPlaybleMediumSudoku[554]" time="0"/>
  <testcase classname="com.HiQ.sudokugenerator.SudokuGeneratorTest" name="testGenerateAndInValidateValidSudoku[555]" time="0"/>
  <testcase classname="com.HiQ.sudokugenerator.SudokuGeneratorTest" name="testGenerateAndValidateValidSudoku[555]" time="0"/>
  <testcase classname="com.HiQ.sudokugenerator.SudokuGeneratorTest" name="testGenerateaPlaybleEasySudoku[555]" time="0"/>
  <testcase classname="com.HiQ.sudokugenerator.SudokuGeneratorTest" name="testGenerateaPlaybleHardSudoku[555]" time="0"/>
  <testcase classname="com.HiQ.sudokugenerator.SudokuGeneratorTest" name="testGenerateaPlaybleMediumSudoku[555]" time="0"/>
  <testcase classname="com.HiQ.sudokugenerator.SudokuGeneratorTest" name="testGenerateAndInValidateValidSudoku[556]" time="0"/>
  <testcase classname="com.HiQ.sudokugenerator.SudokuGeneratorTest" name="testGenerateAndValidateValidSudoku[556]" time="0"/>
  <testcase classname="com.HiQ.sudokugenerator.SudokuGeneratorTest" name="testGenerateaPlaybleEasySudoku[556]" time="0"/>
  <testcase classname="com.HiQ.sudokugenerator.SudokuGeneratorTest" name="testGenerateaPlaybleHardSudoku[556]" time="0"/>
  <testcase classname="com.HiQ.sudokugenerator.SudokuGeneratorTest" name="testGenerateaPlaybleMediumSudoku[556]" time="0"/>
  <testcase classname="com.HiQ.sudokugenerator.SudokuGeneratorTest" name="testGenerateAndInValidateValidSudoku[557]" time="0"/>
  <testcase classname="com.HiQ.sudokugenerator.SudokuGeneratorTest" name="testGenerateAndValidateValidSudoku[557]" time="0"/>
  <testcase classname="com.HiQ.sudokugenerator.SudokuGeneratorTest" name="testGenerateaPlaybleEasySudoku[557]" time="0"/>
  <testcase classname="com.HiQ.sudokugenerator.SudokuGeneratorTest" name="testGenerateaPlaybleHardSudoku[557]" time="0"/>
  <testcase classname="com.HiQ.sudokugenerator.SudokuGeneratorTest" name="testGenerateaPlaybleMediumSudoku[557]" time="0"/>
  <testcase classname="com.HiQ.sudokugenerator.SudokuGeneratorTest" name="testGenerateAndInValidateValidSudoku[558]" time="0"/>
  <testcase classname="com.HiQ.sudokugenerator.SudokuGeneratorTest" name="testGenerateAndValidateValidSudoku[558]" time="0"/>
  <testcase classname="com.HiQ.sudokugenerator.SudokuGeneratorTest" name="testGenerateaPlaybleEasySudoku[558]" time="0"/>
  <testcase classname="com.HiQ.sudokugenerator.SudokuGeneratorTest" name="testGenerateaPlaybleHardSudoku[558]" time="0"/>
  <testcase classname="com.HiQ.sudokugenerator.SudokuGeneratorTest" name="testGenerateaPlaybleMediumSudoku[558]" time="0"/>
  <testcase classname="com.HiQ.sudokugenerator.SudokuGeneratorTest" name="testGenerateAndInValidateValidSudoku[559]" time="0"/>
  <testcase classname="com.HiQ.sudokugenerator.SudokuGeneratorTest" name="testGenerateAndValidateValidSudoku[559]" time="0"/>
  <testcase classname="com.HiQ.sudokugenerator.SudokuGeneratorTest" name="testGenerateaPlaybleEasySudoku[559]" time="0"/>
  <testcase classname="com.HiQ.sudokugenerator.SudokuGeneratorTest" name="testGenerateaPlaybleHardSudoku[559]" time="0"/>
  <testcase classname="com.HiQ.sudokugenerator.SudokuGeneratorTest" name="testGenerateaPlaybleMediumSudoku[559]" time="0"/>
  <testcase classname="com.HiQ.sudokugenerator.SudokuGeneratorTest" name="testGenerateAndInValidateValidSudoku[560]" time="0"/>
  <testcase classname="com.HiQ.sudokugenerator.SudokuGeneratorTest" name="testGenerateAndValidateValidSudoku[560]" time="0"/>
  <testcase classname="com.HiQ.sudokugenerator.SudokuGeneratorTest" name="testGenerateaPlaybleEasySudoku[560]" time="0"/>
  <testcase classname="com.HiQ.sudokugenerator.SudokuGeneratorTest" name="testGenerateaPlaybleHardSudoku[560]" time="0"/>
  <testcase classname="com.HiQ.sudokugenerator.SudokuGeneratorTest" name="testGenerateaPlaybleMediumSudoku[560]" time="0"/>
  <testcase classname="com.HiQ.sudokugenerator.SudokuGeneratorTest" name="testGenerateAndInValidateValidSudoku[561]" time="0"/>
  <testcase classname="com.HiQ.sudokugenerator.SudokuGeneratorTest" name="testGenerateAndValidateValidSudoku[561]" time="0"/>
  <testcase classname="com.HiQ.sudokugenerator.SudokuGeneratorTest" name="testGenerateaPlaybleEasySudoku[561]" time="0"/>
  <testcase classname="com.HiQ.sudokugenerator.SudokuGeneratorTest" name="testGenerateaPlaybleHardSudoku[561]" time="0"/>
  <testcase classname="com.HiQ.sudokugenerator.SudokuGeneratorTest" name="testGenerateaPlaybleMediumSudoku[561]" time="0"/>
  <testcase classname="com.HiQ.sudokugenerator.SudokuGeneratorTest" name="testGenerateAndInValidateValidSudoku[562]" time="0"/>
  <testcase classname="com.HiQ.sudokugenerator.SudokuGeneratorTest" name="testGenerateAndValidateValidSudoku[562]" time="0"/>
  <testcase classname="com.HiQ.sudokugenerator.SudokuGeneratorTest" name="testGenerateaPlaybleEasySudoku[562]" time="0"/>
  <testcase classname="com.HiQ.sudokugenerator.SudokuGeneratorTest" name="testGenerateaPlaybleHardSudoku[562]" time="0"/>
  <testcase classname="com.HiQ.sudokugenerator.SudokuGeneratorTest" name="testGenerateaPlaybleMediumSudoku[562]" time="0"/>
  <testcase classname="com.HiQ.sudokugenerator.SudokuGeneratorTest" name="testGenerateAndInValidateValidSudoku[563]" time="0"/>
  <testcase classname="com.HiQ.sudokugenerator.SudokuGeneratorTest" name="testGenerateAndValidateValidSudoku[563]" time="0"/>
  <testcase classname="com.HiQ.sudokugenerator.SudokuGeneratorTest" name="testGenerateaPlaybleEasySudoku[563]" time="0"/>
  <testcase classname="com.HiQ.sudokugenerator.SudokuGeneratorTest" name="testGenerateaPlaybleHardSudoku[563]" time="0"/>
  <testcase classname="com.HiQ.sudokugenerator.SudokuGeneratorTest" name="testGenerateaPlaybleMediumSudoku[563]" time="0"/>
  <testcase classname="com.HiQ.sudokugenerator.SudokuGeneratorTest" name="testGenerateAndInValidateValidSudoku[564]" time="0"/>
  <testcase classname="com.HiQ.sudokugenerator.SudokuGeneratorTest" name="testGenerateAndValidateValidSudoku[564]" time="0"/>
  <testcase classname="com.HiQ.sudokugenerator.SudokuGeneratorTest" name="testGenerateaPlaybleEasySudoku[564]" time="0"/>
  <testcase classname="com.HiQ.sudokugenerator.SudokuGeneratorTest" name="testGenerateaPlaybleHardSudoku[564]" time="0"/>
  <testcase classname="com.HiQ.sudokugenerator.SudokuGeneratorTest" name="testGenerateaPlaybleMediumSudoku[564]" time="0"/>
  <testcase classname="com.HiQ.sudokugenerator.SudokuGeneratorTest" name="testGenerateAndInValidateValidSudoku[565]" time="0"/>
  <testcase classname="com.HiQ.sudokugenerator.SudokuGeneratorTest" name="testGenerateAndValidateValidSudoku[565]" time="0"/>
  <testcase classname="com.HiQ.sudokugenerator.SudokuGeneratorTest" name="testGenerateaPlaybleEasySudoku[565]" time="0"/>
  <testcase classname="com.HiQ.sudokugenerator.SudokuGeneratorTest" name="testGenerateaPlaybleHardSudoku[565]" time="0"/>
  <testcase classname="com.HiQ.sudokugenerator.SudokuGeneratorTest" name="testGenerateaPlaybleMediumSudoku[565]" time="0"/>
  <testcase classname="com.HiQ.sudokugenerator.SudokuGeneratorTest" name="testGenerateAndInValidateValidSudoku[566]" time="0"/>
  <testcase classname="com.HiQ.sudokugenerator.SudokuGeneratorTest" name="testGenerateAndValidateValidSudoku[566]" time="0"/>
  <testcase classname="com.HiQ.sudokugenerator.SudokuGeneratorTest" name="testGenerateaPlaybleEasySudoku[566]" time="0"/>
  <testcase classname="com.HiQ.sudokugenerator.SudokuGeneratorTest" name="testGenerateaPlaybleHardSudoku[566]" time="0"/>
  <testcase classname="com.HiQ.sudokugenerator.SudokuGeneratorTest" name="testGenerateaPlaybleMediumSudoku[566]" time="0"/>
  <testcase classname="com.HiQ.sudokugenerator.SudokuGeneratorTest" name="testGenerateAndInValidateValidSudoku[567]" time="0"/>
  <testcase classname="com.HiQ.sudokugenerator.SudokuGeneratorTest" name="testGenerateAndValidateValidSudoku[567]" time="0"/>
  <testcase classname="com.HiQ.sudokugenerator.SudokuGeneratorTest" name="testGenerateaPlaybleEasySudoku[567]" time="0"/>
  <testcase classname="com.HiQ.sudokugenerator.SudokuGeneratorTest" name="testGenerateaPlaybleHardSudoku[567]" time="0"/>
  <testcase classname="com.HiQ.sudokugenerator.SudokuGeneratorTest" name="testGenerateaPlaybleMediumSudoku[567]" time="0"/>
  <testcase classname="com.HiQ.sudokugenerator.SudokuGeneratorTest" name="testGenerateAndInValidateValidSudoku[568]" time="0"/>
  <testcase classname="com.HiQ.sudokugenerator.SudokuGeneratorTest" name="testGenerateAndValidateValidSudoku[568]" time="0"/>
  <testcase classname="com.HiQ.sudokugenerator.SudokuGeneratorTest" name="testGenerateaPlaybleEasySudoku[568]" time="0"/>
  <testcase classname="com.HiQ.sudokugenerator.SudokuGeneratorTest" name="testGenerateaPlaybleHardSudoku[568]" time="0"/>
  <testcase classname="com.HiQ.sudokugenerator.SudokuGeneratorTest" name="testGenerateaPlaybleMediumSudoku[568]" time="0"/>
  <testcase classname="com.HiQ.sudokugenerator.SudokuGeneratorTest" name="testGenerateAndInValidateValidSudoku[569]" time="0"/>
  <testcase classname="com.HiQ.sudokugenerator.SudokuGeneratorTest" name="testGenerateAndValidateValidSudoku[569]" time="0"/>
  <testcase classname="com.HiQ.sudokugenerator.SudokuGeneratorTest" name="testGenerateaPlaybleEasySudoku[569]" time="0"/>
  <testcase classname="com.HiQ.sudokugenerator.SudokuGeneratorTest" name="testGenerateaPlaybleHardSudoku[569]" time="0"/>
  <testcase classname="com.HiQ.sudokugenerator.SudokuGeneratorTest" name="testGenerateaPlaybleMediumSudoku[569]" time="0"/>
  <testcase classname="com.HiQ.sudokugenerator.SudokuGeneratorTest" name="testGenerateAndInValidateValidSudoku[570]" time="0"/>
  <testcase classname="com.HiQ.sudokugenerator.SudokuGeneratorTest" name="testGenerateAndValidateValidSudoku[570]" time="0"/>
  <testcase classname="com.HiQ.sudokugenerator.SudokuGeneratorTest" name="testGenerateaPlaybleEasySudoku[570]" time="0"/>
  <testcase classname="com.HiQ.sudokugenerator.SudokuGeneratorTest" name="testGenerateaPlaybleHardSudoku[570]" time="0"/>
  <testcase classname="com.HiQ.sudokugenerator.SudokuGeneratorTest" name="testGenerateaPlaybleMediumSudoku[570]" time="0"/>
  <testcase classname="com.HiQ.sudokugenerator.SudokuGeneratorTest" name="testGenerateAndInValidateValidSudoku[571]" time="0"/>
  <testcase classname="com.HiQ.sudokugenerator.SudokuGeneratorTest" name="testGenerateAndValidateValidSudoku[571]" time="0"/>
  <testcase classname="com.HiQ.sudokugenerator.SudokuGeneratorTest" name="testGenerateaPlaybleEasySudoku[571]" time="0"/>
  <testcase classname="com.HiQ.sudokugenerator.SudokuGeneratorTest" name="testGenerateaPlaybleHardSudoku[571]" time="0"/>
  <testcase classname="com.HiQ.sudokugenerator.SudokuGeneratorTest" name="testGenerateaPlaybleMediumSudoku[571]" time="0"/>
  <testcase classname="com.HiQ.sudokugenerator.SudokuGeneratorTest" name="testGenerateAndInValidateValidSudoku[572]" time="0"/>
  <testcase classname="com.HiQ.sudokugenerator.SudokuGeneratorTest" name="testGenerateAndValidateValidSudoku[572]" time="0"/>
  <testcase classname="com.HiQ.sudokugenerator.SudokuGeneratorTest" name="testGenerateaPlaybleEasySudoku[572]" time="0"/>
  <testcase classname="com.HiQ.sudokugenerator.SudokuGeneratorTest" name="testGenerateaPlaybleHardSudoku[572]" time="0"/>
  <testcase classname="com.HiQ.sudokugenerator.SudokuGeneratorTest" name="testGenerateaPlaybleMediumSudoku[572]" time="0.039"/>
  <testcase classname="com.HiQ.sudokugenerator.SudokuGeneratorTest" name="testGenerateAndInValidateValidSudoku[573]" time="0"/>
  <testcase classname="com.HiQ.sudokugenerator.SudokuGeneratorTest" name="testGenerateAndValidateValidSudoku[573]" time="0"/>
  <testcase classname="com.HiQ.sudokugenerator.SudokuGeneratorTest" name="testGenerateaPlaybleEasySudoku[573]" time="0"/>
  <testcase classname="com.HiQ.sudokugenerator.SudokuGeneratorTest" name="testGenerateaPlaybleHardSudoku[573]" time="0"/>
  <testcase classname="com.HiQ.sudokugenerator.SudokuGeneratorTest" name="testGenerateaPlaybleMediumSudoku[573]" time="0"/>
  <testcase classname="com.HiQ.sudokugenerator.SudokuGeneratorTest" name="testGenerateAndInValidateValidSudoku[574]" time="0"/>
  <testcase classname="com.HiQ.sudokugenerator.SudokuGeneratorTest" name="testGenerateAndValidateValidSudoku[574]" time="0"/>
  <testcase classname="com.HiQ.sudokugenerator.SudokuGeneratorTest" name="testGenerateaPlaybleEasySudoku[574]" time="0"/>
  <testcase classname="com.HiQ.sudokugenerator.SudokuGeneratorTest" name="testGenerateaPlaybleHardSudoku[574]" time="0"/>
  <testcase classname="com.HiQ.sudokugenerator.SudokuGeneratorTest" name="testGenerateaPlaybleMediumSudoku[574]" time="0"/>
  <testcase classname="com.HiQ.sudokugenerator.SudokuGeneratorTest" name="testGenerateAndInValidateValidSudoku[575]" time="0"/>
  <testcase classname="com.HiQ.sudokugenerator.SudokuGeneratorTest" name="testGenerateAndValidateValidSudoku[575]" time="0"/>
  <testcase classname="com.HiQ.sudokugenerator.SudokuGeneratorTest" name="testGenerateaPlaybleEasySudoku[575]" time="0"/>
  <testcase classname="com.HiQ.sudokugenerator.SudokuGeneratorTest" name="testGenerateaPlaybleHardSudoku[575]" time="0"/>
  <testcase classname="com.HiQ.sudokugenerator.SudokuGeneratorTest" name="testGenerateaPlaybleMediumSudoku[575]" time="0"/>
  <testcase classname="com.HiQ.sudokugenerator.SudokuGeneratorTest" name="testGenerateAndInValidateValidSudoku[576]" time="0"/>
  <testcase classname="com.HiQ.sudokugenerator.SudokuGeneratorTest" name="testGenerateAndValidateValidSudoku[576]" time="0"/>
  <testcase classname="com.HiQ.sudokugenerator.SudokuGeneratorTest" name="testGenerateaPlaybleEasySudoku[576]" time="0"/>
  <testcase classname="com.HiQ.sudokugenerator.SudokuGeneratorTest" name="testGenerateaPlaybleHardSudoku[576]" time="0"/>
  <testcase classname="com.HiQ.sudokugenerator.SudokuGeneratorTest" name="testGenerateaPlaybleMediumSudoku[576]" time="0"/>
  <testcase classname="com.HiQ.sudokugenerator.SudokuGeneratorTest" name="testGenerateAndInValidateValidSudoku[577]" time="0"/>
  <testcase classname="com.HiQ.sudokugenerator.SudokuGeneratorTest" name="testGenerateAndValidateValidSudoku[577]" time="0"/>
  <testcase classname="com.HiQ.sudokugenerator.SudokuGeneratorTest" name="testGenerateaPlaybleEasySudoku[577]" time="0"/>
  <testcase classname="com.HiQ.sudokugenerator.SudokuGeneratorTest" name="testGenerateaPlaybleHardSudoku[577]" time="0"/>
  <testcase classname="com.HiQ.sudokugenerator.SudokuGeneratorTest" name="testGenerateaPlaybleMediumSudoku[577]" time="0"/>
  <testcase classname="com.HiQ.sudokugenerator.SudokuGeneratorTest" name="testGenerateAndInValidateValidSudoku[578]" time="0"/>
  <testcase classname="com.HiQ.sudokugenerator.SudokuGeneratorTest" name="testGenerateAndValidateValidSudoku[578]" time="0"/>
  <testcase classname="com.HiQ.sudokugenerator.SudokuGeneratorTest" name="testGenerateaPlaybleEasySudoku[578]" time="0"/>
  <testcase classname="com.HiQ.sudokugenerator.SudokuGeneratorTest" name="testGenerateaPlaybleHardSudoku[578]" time="0.001"/>
  <testcase classname="com.HiQ.sudokugenerator.SudokuGeneratorTest" name="testGenerateaPlaybleMediumSudoku[578]" time="0"/>
  <testcase classname="com.HiQ.sudokugenerator.SudokuGeneratorTest" name="testGenerateAndInValidateValidSudoku[579]" time="0"/>
  <testcase classname="com.HiQ.sudokugenerator.SudokuGeneratorTest" name="testGenerateAndValidateValidSudoku[579]" time="0"/>
  <testcase classname="com.HiQ.sudokugenerator.SudokuGeneratorTest" name="testGenerateaPlaybleEasySudoku[579]" time="0"/>
  <testcase classname="com.HiQ.sudokugenerator.SudokuGeneratorTest" name="testGenerateaPlaybleHardSudoku[579]" time="0"/>
  <testcase classname="com.HiQ.sudokugenerator.SudokuGeneratorTest" name="testGenerateaPlaybleMediumSudoku[579]" time="0"/>
  <testcase classname="com.HiQ.sudokugenerator.SudokuGeneratorTest" name="testGenerateAndInValidateValidSudoku[580]" time="0"/>
  <testcase classname="com.HiQ.sudokugenerator.SudokuGeneratorTest" name="testGenerateAndValidateValidSudoku[580]" time="0"/>
  <testcase classname="com.HiQ.sudokugenerator.SudokuGeneratorTest" name="testGenerateaPlaybleEasySudoku[580]" time="0"/>
  <testcase classname="com.HiQ.sudokugenerator.SudokuGeneratorTest" name="testGenerateaPlaybleHardSudoku[580]" time="0"/>
  <testcase classname="com.HiQ.sudokugenerator.SudokuGeneratorTest" name="testGenerateaPlaybleMediumSudoku[580]" time="0"/>
  <testcase classname="com.HiQ.sudokugenerator.SudokuGeneratorTest" name="testGenerateAndInValidateValidSudoku[581]" time="0"/>
  <testcase classname="com.HiQ.sudokugenerator.SudokuGeneratorTest" name="testGenerateAndValidateValidSudoku[581]" time="0"/>
  <testcase classname="com.HiQ.sudokugenerator.SudokuGeneratorTest" name="testGenerateaPlaybleEasySudoku[581]" time="0"/>
  <testcase classname="com.HiQ.sudokugenerator.SudokuGeneratorTest" name="testGenerateaPlaybleHardSudoku[581]" time="0"/>
  <testcase classname="com.HiQ.sudokugenerator.SudokuGeneratorTest" name="testGenerateaPlaybleMediumSudoku[581]" time="0"/>
  <testcase classname="com.HiQ.sudokugenerator.SudokuGeneratorTest" name="testGenerateAndInValidateValidSudoku[582]" time="0"/>
  <testcase classname="com.HiQ.sudokugenerator.SudokuGeneratorTest" name="testGenerateAndValidateValidSudoku[582]" time="0"/>
  <testcase classname="com.HiQ.sudokugenerator.SudokuGeneratorTest" name="testGenerateaPlaybleEasySudoku[582]" time="0"/>
  <testcase classname="com.HiQ.sudokugenerator.SudokuGeneratorTest" name="testGenerateaPlaybleHardSudoku[582]" time="0"/>
  <testcase classname="com.HiQ.sudokugenerator.SudokuGeneratorTest" name="testGenerateaPlaybleMediumSudoku[582]" time="0"/>
  <testcase classname="com.HiQ.sudokugenerator.SudokuGeneratorTest" name="testGenerateAndInValidateValidSudoku[583]" time="0"/>
  <testcase classname="com.HiQ.sudokugenerator.SudokuGeneratorTest" name="testGenerateAndValidateValidSudoku[583]" time="0"/>
  <testcase classname="com.HiQ.sudokugenerator.SudokuGeneratorTest" name="testGenerateaPlaybleEasySudoku[583]" time="0"/>
  <testcase classname="com.HiQ.sudokugenerator.SudokuGeneratorTest" name="testGenerateaPlaybleHardSudoku[583]" time="0"/>
  <testcase classname="com.HiQ.sudokugenerator.SudokuGeneratorTest" name="testGenerateaPlaybleMediumSudoku[583]" time="0"/>
  <testcase classname="com.HiQ.sudokugenerator.SudokuGeneratorTest" name="testGenerateAndInValidateValidSudoku[584]" time="0"/>
  <testcase classname="com.HiQ.sudokugenerator.SudokuGeneratorTest" name="testGenerateAndValidateValidSudoku[584]" time="0"/>
  <testcase classname="com.HiQ.sudokugenerator.SudokuGeneratorTest" name="testGenerateaPlaybleEasySudoku[584]" time="0"/>
  <testcase classname="com.HiQ.sudokugenerator.SudokuGeneratorTest" name="testGenerateaPlaybleHardSudoku[584]" time="0"/>
  <testcase classname="com.HiQ.sudokugenerator.SudokuGeneratorTest" name="testGenerateaPlaybleMediumSudoku[584]" time="0"/>
  <testcase classname="com.HiQ.sudokugenerator.SudokuGeneratorTest" name="testGenerateAndInValidateValidSudoku[585]" time="0"/>
  <testcase classname="com.HiQ.sudokugenerator.SudokuGeneratorTest" name="testGenerateAndValidateValidSudoku[585]" time="0"/>
  <testcase classname="com.HiQ.sudokugenerator.SudokuGeneratorTest" name="testGenerateaPlaybleEasySudoku[585]" time="0"/>
  <testcase classname="com.HiQ.sudokugenerator.SudokuGeneratorTest" name="testGenerateaPlaybleHardSudoku[585]" time="0"/>
  <testcase classname="com.HiQ.sudokugenerator.SudokuGeneratorTest" name="testGenerateaPlaybleMediumSudoku[585]" time="0"/>
  <testcase classname="com.HiQ.sudokugenerator.SudokuGeneratorTest" name="testGenerateAndInValidateValidSudoku[586]" time="0"/>
  <testcase classname="com.HiQ.sudokugenerator.SudokuGeneratorTest" name="testGenerateAndValidateValidSudoku[586]" time="0"/>
  <testcase classname="com.HiQ.sudokugenerator.SudokuGeneratorTest" name="testGenerateaPlaybleEasySudoku[586]" time="0"/>
  <testcase classname="com.HiQ.sudokugenerator.SudokuGeneratorTest" name="testGenerateaPlaybleHardSudoku[586]" time="0"/>
  <testcase classname="com.HiQ.sudokugenerator.SudokuGeneratorTest" name="testGenerateaPlaybleMediumSudoku[586]" time="0"/>
  <testcase classname="com.HiQ.sudokugenerator.SudokuGeneratorTest" name="testGenerateAndInValidateValidSudoku[587]" time="0"/>
  <testcase classname="com.HiQ.sudokugenerator.SudokuGeneratorTest" name="testGenerateAndValidateValidSudoku[587]" time="0"/>
  <testcase classname="com.HiQ.sudokugenerator.SudokuGeneratorTest" name="testGenerateaPlaybleEasySudoku[587]" time="0"/>
  <testcase classname="com.HiQ.sudokugenerator.SudokuGeneratorTest" name="testGenerateaPlaybleHardSudoku[587]" time="0"/>
  <testcase classname="com.HiQ.sudokugenerator.SudokuGeneratorTest" name="testGenerateaPlaybleMediumSudoku[587]" time="0"/>
  <testcase classname="com.HiQ.sudokugenerator.SudokuGeneratorTest" name="testGenerateAndInValidateValidSudoku[588]" time="0"/>
  <testcase classname="com.HiQ.sudokugenerator.SudokuGeneratorTest" name="testGenerateAndValidateValidSudoku[588]" time="0"/>
  <testcase classname="com.HiQ.sudokugenerator.SudokuGeneratorTest" name="testGenerateaPlaybleEasySudoku[588]" time="0"/>
  <testcase classname="com.HiQ.sudokugenerator.SudokuGeneratorTest" name="testGenerateaPlaybleHardSudoku[588]" time="0"/>
  <testcase classname="com.HiQ.sudokugenerator.SudokuGeneratorTest" name="testGenerateaPlaybleMediumSudoku[588]" time="0"/>
  <testcase classname="com.HiQ.sudokugenerator.SudokuGeneratorTest" name="testGenerateAndInValidateValidSudoku[589]" time="0"/>
  <testcase classname="com.HiQ.sudokugenerator.SudokuGeneratorTest" name="testGenerateAndValidateValidSudoku[589]" time="0"/>
  <testcase classname="com.HiQ.sudokugenerator.SudokuGeneratorTest" name="testGenerateaPlaybleEasySudoku[589]" time="0"/>
  <testcase classname="com.HiQ.sudokugenerator.SudokuGeneratorTest" name="testGenerateaPlaybleHardSudoku[589]" time="0"/>
  <testcase classname="com.HiQ.sudokugenerator.SudokuGeneratorTest" name="testGenerateaPlaybleMediumSudoku[589]" time="0"/>
  <testcase classname="com.HiQ.sudokugenerator.SudokuGeneratorTest" name="testGenerateAndInValidateValidSudoku[590]" time="0"/>
  <testcase classname="com.HiQ.sudokugenerator.SudokuGeneratorTest" name="testGenerateAndValidateValidSudoku[590]" time="0"/>
  <testcase classname="com.HiQ.sudokugenerator.SudokuGeneratorTest" name="testGenerateaPlaybleEasySudoku[590]" time="0"/>
  <testcase classname="com.HiQ.sudokugenerator.SudokuGeneratorTest" name="testGenerateaPlaybleHardSudoku[590]" time="0"/>
  <testcase classname="com.HiQ.sudokugenerator.SudokuGeneratorTest" name="testGenerateaPlaybleMediumSudoku[590]" time="0"/>
  <testcase classname="com.HiQ.sudokugenerator.SudokuGeneratorTest" name="testGenerateAndInValidateValidSudoku[591]" time="0"/>
  <testcase classname="com.HiQ.sudokugenerator.SudokuGeneratorTest" name="testGenerateAndValidateValidSudoku[591]" time="0"/>
  <testcase classname="com.HiQ.sudokugenerator.SudokuGeneratorTest" name="testGenerateaPlaybleEasySudoku[591]" time="0"/>
  <testcase classname="com.HiQ.sudokugenerator.SudokuGeneratorTest" name="testGenerateaPlaybleHardSudoku[591]" time="0"/>
  <testcase classname="com.HiQ.sudokugenerator.SudokuGeneratorTest" name="testGenerateaPlaybleMediumSudoku[591]" time="0"/>
  <testcase classname="com.HiQ.sudokugenerator.SudokuGeneratorTest" name="testGenerateAndInValidateValidSudoku[592]" time="0"/>
  <testcase classname="com.HiQ.sudokugenerator.SudokuGeneratorTest" name="testGenerateAndValidateValidSudoku[592]" time="0"/>
  <testcase classname="com.HiQ.sudokugenerator.SudokuGeneratorTest" name="testGenerateaPlaybleEasySudoku[592]" time="0"/>
  <testcase classname="com.HiQ.sudokugenerator.SudokuGeneratorTest" name="testGenerateaPlaybleHardSudoku[592]" time="0"/>
  <testcase classname="com.HiQ.sudokugenerator.SudokuGeneratorTest" name="testGenerateaPlaybleMediumSudoku[592]" time="0"/>
  <testcase classname="com.HiQ.sudokugenerator.SudokuGeneratorTest" name="testGenerateAndInValidateValidSudoku[593]" time="0"/>
  <testcase classname="com.HiQ.sudokugenerator.SudokuGeneratorTest" name="testGenerateAndValidateValidSudoku[593]" time="0"/>
  <testcase classname="com.HiQ.sudokugenerator.SudokuGeneratorTest" name="testGenerateaPlaybleEasySudoku[593]" time="0"/>
  <testcase classname="com.HiQ.sudokugenerator.SudokuGeneratorTest" name="testGenerateaPlaybleHardSudoku[593]" time="0"/>
  <testcase classname="com.HiQ.sudokugenerator.SudokuGeneratorTest" name="testGenerateaPlaybleMediumSudoku[593]" time="0"/>
  <testcase classname="com.HiQ.sudokugenerator.SudokuGeneratorTest" name="testGenerateAndInValidateValidSudoku[594]" time="0"/>
  <testcase classname="com.HiQ.sudokugenerator.SudokuGeneratorTest" name="testGenerateAndValidateValidSudoku[594]" time="0"/>
  <testcase classname="com.HiQ.sudokugenerator.SudokuGeneratorTest" name="testGenerateaPlaybleEasySudoku[594]" time="0"/>
  <testcase classname="com.HiQ.sudokugenerator.SudokuGeneratorTest" name="testGenerateaPlaybleHardSudoku[594]" time="0"/>
  <testcase classname="com.HiQ.sudokugenerator.SudokuGeneratorTest" name="testGenerateaPlaybleMediumSudoku[594]" time="0"/>
  <testcase classname="com.HiQ.sudokugenerator.SudokuGeneratorTest" name="testGenerateAndInValidateValidSudoku[595]" time="0"/>
  <testcase classname="com.HiQ.sudokugenerator.SudokuGeneratorTest" name="testGenerateAndValidateValidSudoku[595]" time="0"/>
  <testcase classname="com.HiQ.sudokugenerator.SudokuGeneratorTest" name="testGenerateaPlaybleEasySudoku[595]" time="0"/>
  <testcase classname="com.HiQ.sudokugenerator.SudokuGeneratorTest" name="testGenerateaPlaybleHardSudoku[595]" time="0"/>
  <testcase classname="com.HiQ.sudokugenerator.SudokuGeneratorTest" name="testGenerateaPlaybleMediumSudoku[595]" time="0"/>
  <testcase classname="com.HiQ.sudokugenerator.SudokuGeneratorTest" name="testGenerateAndInValidateValidSudoku[596]" time="0"/>
  <testcase classname="com.HiQ.sudokugenerator.SudokuGeneratorTest" name="testGenerateAndValidateValidSudoku[596]" time="0"/>
  <testcase classname="com.HiQ.sudokugenerator.SudokuGeneratorTest" name="testGenerateaPlaybleEasySudoku[596]" time="0"/>
  <testcase classname="com.HiQ.sudokugenerator.SudokuGeneratorTest" name="testGenerateaPlaybleHardSudoku[596]" time="0"/>
  <testcase classname="com.HiQ.sudokugenerator.SudokuGeneratorTest" name="testGenerateaPlaybleMediumSudoku[596]" time="0"/>
  <testcase classname="com.HiQ.sudokugenerator.SudokuGeneratorTest" name="testGenerateAndInValidateValidSudoku[597]" time="0"/>
  <testcase classname="com.HiQ.sudokugenerator.SudokuGeneratorTest" name="testGenerateAndValidateValidSudoku[597]" time="0"/>
  <testcase classname="com.HiQ.sudokugenerator.SudokuGeneratorTest" name="testGenerateaPlaybleEasySudoku[597]" time="0"/>
  <testcase classname="com.HiQ.sudokugenerator.SudokuGeneratorTest" name="testGenerateaPlaybleHardSudoku[597]" time="0"/>
  <testcase classname="com.HiQ.sudokugenerator.SudokuGeneratorTest" name="testGenerateaPlaybleMediumSudoku[597]" time="0"/>
  <testcase classname="com.HiQ.sudokugenerator.SudokuGeneratorTest" name="testGenerateAndInValidateValidSudoku[598]" time="0"/>
  <testcase classname="com.HiQ.sudokugenerator.SudokuGeneratorTest" name="testGenerateAndValidateValidSudoku[598]" time="0"/>
  <testcase classname="com.HiQ.sudokugenerator.SudokuGeneratorTest" name="testGenerateaPlaybleEasySudoku[598]" time="0"/>
  <testcase classname="com.HiQ.sudokugenerator.SudokuGeneratorTest" name="testGenerateaPlaybleHardSudoku[598]" time="0"/>
  <testcase classname="com.HiQ.sudokugenerator.SudokuGeneratorTest" name="testGenerateaPlaybleMediumSudoku[598]" time="0"/>
  <testcase classname="com.HiQ.sudokugenerator.SudokuGeneratorTest" name="testGenerateAndInValidateValidSudoku[599]" time="0"/>
  <testcase classname="com.HiQ.sudokugenerator.SudokuGeneratorTest" name="testGenerateAndValidateValidSudoku[599]" time="0"/>
  <testcase classname="com.HiQ.sudokugenerator.SudokuGeneratorTest" name="testGenerateaPlaybleEasySudoku[599]" time="0"/>
  <testcase classname="com.HiQ.sudokugenerator.SudokuGeneratorTest" name="testGenerateaPlaybleHardSudoku[599]" time="0"/>
  <testcase classname="com.HiQ.sudokugenerator.SudokuGeneratorTest" name="testGenerateaPlaybleMediumSudoku[599]" time="0"/>
  <testcase classname="com.HiQ.sudokugenerator.SudokuGeneratorTest" name="testGenerateAndInValidateValidSudoku[600]" time="0"/>
  <testcase classname="com.HiQ.sudokugenerator.SudokuGeneratorTest" name="testGenerateAndValidateValidSudoku[600]" time="0"/>
  <testcase classname="com.HiQ.sudokugenerator.SudokuGeneratorTest" name="testGenerateaPlaybleEasySudoku[600]" time="0"/>
  <testcase classname="com.HiQ.sudokugenerator.SudokuGeneratorTest" name="testGenerateaPlaybleHardSudoku[600]" time="0"/>
  <testcase classname="com.HiQ.sudokugenerator.SudokuGeneratorTest" name="testGenerateaPlaybleMediumSudoku[600]" time="0"/>
  <testcase classname="com.HiQ.sudokugenerator.SudokuGeneratorTest" name="testGenerateAndInValidateValidSudoku[601]" time="0"/>
  <testcase classname="com.HiQ.sudokugenerator.SudokuGeneratorTest" name="testGenerateAndValidateValidSudoku[601]" time="0"/>
  <testcase classname="com.HiQ.sudokugenerator.SudokuGeneratorTest" name="testGenerateaPlaybleEasySudoku[601]" time="0"/>
  <testcase classname="com.HiQ.sudokugenerator.SudokuGeneratorTest" name="testGenerateaPlaybleHardSudoku[601]" time="0.052"/>
  <testcase classname="com.HiQ.sudokugenerator.SudokuGeneratorTest" name="testGenerateaPlaybleMediumSudoku[601]" time="0"/>
  <testcase classname="com.HiQ.sudokugenerator.SudokuGeneratorTest" name="testGenerateAndInValidateValidSudoku[602]" time="0"/>
  <testcase classname="com.HiQ.sudokugenerator.SudokuGeneratorTest" name="testGenerateAndValidateValidSudoku[602]" time="0"/>
  <testcase classname="com.HiQ.sudokugenerator.SudokuGeneratorTest" name="testGenerateaPlaybleEasySudoku[602]" time="0"/>
  <testcase classname="com.HiQ.sudokugenerator.SudokuGeneratorTest" name="testGenerateaPlaybleHardSudoku[602]" time="0"/>
  <testcase classname="com.HiQ.sudokugenerator.SudokuGeneratorTest" name="testGenerateaPlaybleMediumSudoku[602]" time="0"/>
  <testcase classname="com.HiQ.sudokugenerator.SudokuGeneratorTest" name="testGenerateAndInValidateValidSudoku[603]" time="0"/>
  <testcase classname="com.HiQ.sudokugenerator.SudokuGeneratorTest" name="testGenerateAndValidateValidSudoku[603]" time="0"/>
  <testcase classname="com.HiQ.sudokugenerator.SudokuGeneratorTest" name="testGenerateaPlaybleEasySudoku[603]" time="0"/>
  <testcase classname="com.HiQ.sudokugenerator.SudokuGeneratorTest" name="testGenerateaPlaybleHardSudoku[603]" time="0"/>
  <testcase classname="com.HiQ.sudokugenerator.SudokuGeneratorTest" name="testGenerateaPlaybleMediumSudoku[603]" time="0"/>
  <testcase classname="com.HiQ.sudokugenerator.SudokuGeneratorTest" name="testGenerateAndInValidateValidSudoku[604]" time="0"/>
  <testcase classname="com.HiQ.sudokugenerator.SudokuGeneratorTest" name="testGenerateAndValidateValidSudoku[604]" time="0"/>
  <testcase classname="com.HiQ.sudokugenerator.SudokuGeneratorTest" name="testGenerateaPlaybleEasySudoku[604]" time="0"/>
  <testcase classname="com.HiQ.sudokugenerator.SudokuGeneratorTest" name="testGenerateaPlaybleHardSudoku[604]" time="0"/>
  <testcase classname="com.HiQ.sudokugenerator.SudokuGeneratorTest" name="testGenerateaPlaybleMediumSudoku[604]" time="0"/>
  <testcase classname="com.HiQ.sudokugenerator.SudokuGeneratorTest" name="testGenerateAndInValidateValidSudoku[605]" time="0"/>
  <testcase classname="com.HiQ.sudokugenerator.SudokuGeneratorTest" name="testGenerateAndValidateValidSudoku[605]" time="0"/>
  <testcase classname="com.HiQ.sudokugenerator.SudokuGeneratorTest" name="testGenerateaPlaybleEasySudoku[605]" time="0"/>
  <testcase classname="com.HiQ.sudokugenerator.SudokuGeneratorTest" name="testGenerateaPlaybleHardSudoku[605]" time="0"/>
  <testcase classname="com.HiQ.sudokugenerator.SudokuGeneratorTest" name="testGenerateaPlaybleMediumSudoku[605]" time="0"/>
  <testcase classname="com.HiQ.sudokugenerator.SudokuGeneratorTest" name="testGenerateAndInValidateValidSudoku[606]" time="0"/>
  <testcase classname="com.HiQ.sudokugenerator.SudokuGeneratorTest" name="testGenerateAndValidateValidSudoku[606]" time="0"/>
  <testcase classname="com.HiQ.sudokugenerator.SudokuGeneratorTest" name="testGenerateaPlaybleEasySudoku[606]" time="0"/>
  <testcase classname="com.HiQ.sudokugenerator.SudokuGeneratorTest" name="testGenerateaPlaybleHardSudoku[606]" time="0"/>
  <testcase classname="com.HiQ.sudokugenerator.SudokuGeneratorTest" name="testGenerateaPlaybleMediumSudoku[606]" time="0"/>
  <testcase classname="com.HiQ.sudokugenerator.SudokuGeneratorTest" name="testGenerateAndInValidateValidSudoku[607]" time="0"/>
  <testcase classname="com.HiQ.sudokugenerator.SudokuGeneratorTest" name="testGenerateAndValidateValidSudoku[607]" time="0"/>
  <testcase classname="com.HiQ.sudokugenerator.SudokuGeneratorTest" name="testGenerateaPlaybleEasySudoku[607]" time="0"/>
  <testcase classname="com.HiQ.sudokugenerator.SudokuGeneratorTest" name="testGenerateaPlaybleHardSudoku[607]" time="0"/>
  <testcase classname="com.HiQ.sudokugenerator.SudokuGeneratorTest" name="testGenerateaPlaybleMediumSudoku[607]" time="0"/>
  <testcase classname="com.HiQ.sudokugenerator.SudokuGeneratorTest" name="testGenerateAndInValidateValidSudoku[608]" time="0"/>
  <testcase classname="com.HiQ.sudokugenerator.SudokuGeneratorTest" name="testGenerateAndValidateValidSudoku[608]" time="0"/>
  <testcase classname="com.HiQ.sudokugenerator.SudokuGeneratorTest" name="testGenerateaPlaybleEasySudoku[608]" time="0"/>
  <testcase classname="com.HiQ.sudokugenerator.SudokuGeneratorTest" name="testGenerateaPlaybleHardSudoku[608]" time="0"/>
  <testcase classname="com.HiQ.sudokugenerator.SudokuGeneratorTest" name="testGenerateaPlaybleMediumSudoku[608]" time="0"/>
  <testcase classname="com.HiQ.sudokugenerator.SudokuGeneratorTest" name="testGenerateAndInValidateValidSudoku[609]" time="0"/>
  <testcase classname="com.HiQ.sudokugenerator.SudokuGeneratorTest" name="testGenerateAndValidateValidSudoku[609]" time="0"/>
  <testcase classname="com.HiQ.sudokugenerator.SudokuGeneratorTest" name="testGenerateaPlaybleEasySudoku[609]" time="0"/>
  <testcase classname="com.HiQ.sudokugenerator.SudokuGeneratorTest" name="testGenerateaPlaybleHardSudoku[609]" time="0"/>
  <testcase classname="com.HiQ.sudokugenerator.SudokuGeneratorTest" name="testGenerateaPlaybleMediumSudoku[609]" time="0"/>
  <testcase classname="com.HiQ.sudokugenerator.SudokuGeneratorTest" name="testGenerateAndInValidateValidSudoku[610]" time="0"/>
  <testcase classname="com.HiQ.sudokugenerator.SudokuGeneratorTest" name="testGenerateAndValidateValidSudoku[610]" time="0"/>
  <testcase classname="com.HiQ.sudokugenerator.SudokuGeneratorTest" name="testGenerateaPlaybleEasySudoku[610]" time="0"/>
  <testcase classname="com.HiQ.sudokugenerator.SudokuGeneratorTest" name="testGenerateaPlaybleHardSudoku[610]" time="0"/>
  <testcase classname="com.HiQ.sudokugenerator.SudokuGeneratorTest" name="testGenerateaPlaybleMediumSudoku[610]" time="0"/>
  <testcase classname="com.HiQ.sudokugenerator.SudokuGeneratorTest" name="testGenerateAndInValidateValidSudoku[611]" time="0"/>
  <testcase classname="com.HiQ.sudokugenerator.SudokuGeneratorTest" name="testGenerateAndValidateValidSudoku[611]" time="0"/>
  <testcase classname="com.HiQ.sudokugenerator.SudokuGeneratorTest" name="testGenerateaPlaybleEasySudoku[611]" time="0"/>
  <testcase classname="com.HiQ.sudokugenerator.SudokuGeneratorTest" name="testGenerateaPlaybleHardSudoku[611]" time="0"/>
  <testcase classname="com.HiQ.sudokugenerator.SudokuGeneratorTest" name="testGenerateaPlaybleMediumSudoku[611]" time="0"/>
  <testcase classname="com.HiQ.sudokugenerator.SudokuGeneratorTest" name="testGenerateAndInValidateValidSudoku[612]" time="0"/>
  <testcase classname="com.HiQ.sudokugenerator.SudokuGeneratorTest" name="testGenerateAndValidateValidSudoku[612]" time="0"/>
  <testcase classname="com.HiQ.sudokugenerator.SudokuGeneratorTest" name="testGenerateaPlaybleEasySudoku[612]" time="0"/>
  <testcase classname="com.HiQ.sudokugenerator.SudokuGeneratorTest" name="testGenerateaPlaybleHardSudoku[612]" time="0"/>
  <testcase classname="com.HiQ.sudokugenerator.SudokuGeneratorTest" name="testGenerateaPlaybleMediumSudoku[612]" time="0"/>
  <testcase classname="com.HiQ.sudokugenerator.SudokuGeneratorTest" name="testGenerateAndInValidateValidSudoku[613]" time="0"/>
  <testcase classname="com.HiQ.sudokugenerator.SudokuGeneratorTest" name="testGenerateAndValidateValidSudoku[613]" time="0"/>
  <testcase classname="com.HiQ.sudokugenerator.SudokuGeneratorTest" name="testGenerateaPlaybleEasySudoku[613]" time="0"/>
  <testcase classname="com.HiQ.sudokugenerator.SudokuGeneratorTest" name="testGenerateaPlaybleHardSudoku[613]" time="0"/>
  <testcase classname="com.HiQ.sudokugenerator.SudokuGeneratorTest" name="testGenerateaPlaybleMediumSudoku[613]" time="0"/>
  <testcase classname="com.HiQ.sudokugenerator.SudokuGeneratorTest" name="testGenerateAndInValidateValidSudoku[614]" time="0"/>
  <testcase classname="com.HiQ.sudokugenerator.SudokuGeneratorTest" name="testGenerateAndValidateValidSudoku[614]" time="0"/>
  <testcase classname="com.HiQ.sudokugenerator.SudokuGeneratorTest" name="testGenerateaPlaybleEasySudoku[614]" time="0"/>
  <testcase classname="com.HiQ.sudokugenerator.SudokuGeneratorTest" name="testGenerateaPlaybleHardSudoku[614]" time="0"/>
  <testcase classname="com.HiQ.sudokugenerator.SudokuGeneratorTest" name="testGenerateaPlaybleMediumSudoku[614]" time="0"/>
  <testcase classname="com.HiQ.sudokugenerator.SudokuGeneratorTest" name="testGenerateAndInValidateValidSudoku[615]" time="0"/>
  <testcase classname="com.HiQ.sudokugenerator.SudokuGeneratorTest" name="testGenerateAndValidateValidSudoku[615]" time="0"/>
  <testcase classname="com.HiQ.sudokugenerator.SudokuGeneratorTest" name="testGenerateaPlaybleEasySudoku[615]" time="0"/>
  <testcase classname="com.HiQ.sudokugenerator.SudokuGeneratorTest" name="testGenerateaPlaybleHardSudoku[615]" time="0"/>
  <testcase classname="com.HiQ.sudokugenerator.SudokuGeneratorTest" name="testGenerateaPlaybleMediumSudoku[615]" time="0.001"/>
  <testcase classname="com.HiQ.sudokugenerator.SudokuGeneratorTest" name="testGenerateAndInValidateValidSudoku[616]" time="0"/>
  <testcase classname="com.HiQ.sudokugenerator.SudokuGeneratorTest" name="testGenerateAndValidateValidSudoku[616]" time="0"/>
  <testcase classname="com.HiQ.sudokugenerator.SudokuGeneratorTest" name="testGenerateaPlaybleEasySudoku[616]" time="0"/>
  <testcase classname="com.HiQ.sudokugenerator.SudokuGeneratorTest" name="testGenerateaPlaybleHardSudoku[616]" time="0"/>
  <testcase classname="com.HiQ.sudokugenerator.SudokuGeneratorTest" name="testGenerateaPlaybleMediumSudoku[616]" time="0"/>
  <testcase classname="com.HiQ.sudokugenerator.SudokuGeneratorTest" name="testGenerateAndInValidateValidSudoku[617]" time="0"/>
  <testcase classname="com.HiQ.sudokugenerator.SudokuGeneratorTest" name="testGenerateAndValidateValidSudoku[617]" time="0"/>
  <testcase classname="com.HiQ.sudokugenerator.SudokuGeneratorTest" name="testGenerateaPlaybleEasySudoku[617]" time="0"/>
  <testcase classname="com.HiQ.sudokugenerator.SudokuGeneratorTest" name="testGenerateaPlaybleHardSudoku[617]" time="0"/>
  <testcase classname="com.HiQ.sudokugenerator.SudokuGeneratorTest" name="testGenerateaPlaybleMediumSudoku[617]" time="0"/>
  <testcase classname="com.HiQ.sudokugenerator.SudokuGeneratorTest" name="testGenerateAndInValidateValidSudoku[618]" time="0"/>
  <testcase classname="com.HiQ.sudokugenerator.SudokuGeneratorTest" name="testGenerateAndValidateValidSudoku[618]" time="0"/>
  <testcase classname="com.HiQ.sudokugenerator.SudokuGeneratorTest" name="testGenerateaPlaybleEasySudoku[618]" time="0"/>
  <testcase classname="com.HiQ.sudokugenerator.SudokuGeneratorTest" name="testGenerateaPlaybleHardSudoku[618]" time="0"/>
  <testcase classname="com.HiQ.sudokugenerator.SudokuGeneratorTest" name="testGenerateaPlaybleMediumSudoku[618]" time="0"/>
  <testcase classname="com.HiQ.sudokugenerator.SudokuGeneratorTest" name="testGenerateAndInValidateValidSudoku[619]" time="0"/>
  <testcase classname="com.HiQ.sudokugenerator.SudokuGeneratorTest" name="testGenerateAndValidateValidSudoku[619]" time="0"/>
  <testcase classname="com.HiQ.sudokugenerator.SudokuGeneratorTest" name="testGenerateaPlaybleEasySudoku[619]" time="0"/>
  <testcase classname="com.HiQ.sudokugenerator.SudokuGeneratorTest" name="testGenerateaPlaybleHardSudoku[619]" time="0"/>
  <testcase classname="com.HiQ.sudokugenerator.SudokuGeneratorTest" name="testGenerateaPlaybleMediumSudoku[619]" time="0"/>
  <testcase classname="com.HiQ.sudokugenerator.SudokuGeneratorTest" name="testGenerateAndInValidateValidSudoku[620]" time="0"/>
  <testcase classname="com.HiQ.sudokugenerator.SudokuGeneratorTest" name="testGenerateAndValidateValidSudoku[620]" time="0"/>
  <testcase classname="com.HiQ.sudokugenerator.SudokuGeneratorTest" name="testGenerateaPlaybleEasySudoku[620]" time="0"/>
  <testcase classname="com.HiQ.sudokugenerator.SudokuGeneratorTest" name="testGenerateaPlaybleHardSudoku[620]" time="0"/>
  <testcase classname="com.HiQ.sudokugenerator.SudokuGeneratorTest" name="testGenerateaPlaybleMediumSudoku[620]" time="0"/>
  <testcase classname="com.HiQ.sudokugenerator.SudokuGeneratorTest" name="testGenerateAndInValidateValidSudoku[621]" time="0"/>
  <testcase classname="com.HiQ.sudokugenerator.SudokuGeneratorTest" name="testGenerateAndValidateValidSudoku[621]" time="0"/>
  <testcase classname="com.HiQ.sudokugenerator.SudokuGeneratorTest" name="testGenerateaPlaybleEasySudoku[621]" time="0"/>
  <testcase classname="com.HiQ.sudokugenerator.SudokuGeneratorTest" name="testGenerateaPlaybleHardSudoku[621]" time="0"/>
  <testcase classname="com.HiQ.sudokugenerator.SudokuGeneratorTest" name="testGenerateaPlaybleMediumSudoku[621]" time="0"/>
  <testcase classname="com.HiQ.sudokugenerator.SudokuGeneratorTest" name="testGenerateAndInValidateValidSudoku[622]" time="0"/>
  <testcase classname="com.HiQ.sudokugenerator.SudokuGeneratorTest" name="testGenerateAndValidateValidSudoku[622]" time="0"/>
  <testcase classname="com.HiQ.sudokugenerator.SudokuGeneratorTest" name="testGenerateaPlaybleEasySudoku[622]" time="0"/>
  <testcase classname="com.HiQ.sudokugenerator.SudokuGeneratorTest" name="testGenerateaPlaybleHardSudoku[622]" time="0"/>
  <testcase classname="com.HiQ.sudokugenerator.SudokuGeneratorTest" name="testGenerateaPlaybleMediumSudoku[622]" time="0"/>
  <testcase classname="com.HiQ.sudokugenerator.SudokuGeneratorTest" name="testGenerateAndInValidateValidSudoku[623]" time="0"/>
  <testcase classname="com.HiQ.sudokugenerator.SudokuGeneratorTest" name="testGenerateAndValidateValidSudoku[623]" time="0"/>
  <testcase classname="com.HiQ.sudokugenerator.SudokuGeneratorTest" name="testGenerateaPlaybleEasySudoku[623]" time="0"/>
  <testcase classname="com.HiQ.sudokugenerator.SudokuGeneratorTest" name="testGenerateaPlaybleHardSudoku[623]" time="0"/>
  <testcase classname="com.HiQ.sudokugenerator.SudokuGeneratorTest" name="testGenerateaPlaybleMediumSudoku[623]" time="0"/>
  <testcase classname="com.HiQ.sudokugenerator.SudokuGeneratorTest" name="testGenerateAndInValidateValidSudoku[624]" time="0"/>
  <testcase classname="com.HiQ.sudokugenerator.SudokuGeneratorTest" name="testGenerateAndValidateValidSudoku[624]" time="0"/>
  <testcase classname="com.HiQ.sudokugenerator.SudokuGeneratorTest" name="testGenerateaPlaybleEasySudoku[624]" time="0"/>
  <testcase classname="com.HiQ.sudokugenerator.SudokuGeneratorTest" name="testGenerateaPlaybleHardSudoku[624]" time="0"/>
  <testcase classname="com.HiQ.sudokugenerator.SudokuGeneratorTest" name="testGenerateaPlaybleMediumSudoku[624]" time="0"/>
  <testcase classname="com.HiQ.sudokugenerator.SudokuGeneratorTest" name="testGenerateAndInValidateValidSudoku[625]" time="0"/>
  <testcase classname="com.HiQ.sudokugenerator.SudokuGeneratorTest" name="testGenerateAndValidateValidSudoku[625]" time="0"/>
  <testcase classname="com.HiQ.sudokugenerator.SudokuGeneratorTest" name="testGenerateaPlaybleEasySudoku[625]" time="0"/>
  <testcase classname="com.HiQ.sudokugenerator.SudokuGeneratorTest" name="testGenerateaPlaybleHardSudoku[625]" time="0"/>
  <testcase classname="com.HiQ.sudokugenerator.SudokuGeneratorTest" name="testGenerateaPlaybleMediumSudoku[625]" time="0"/>
  <testcase classname="com.HiQ.sudokugenerator.SudokuGeneratorTest" name="testGenerateAndInValidateValidSudoku[626]" time="0"/>
  <testcase classname="com.HiQ.sudokugenerator.SudokuGeneratorTest" name="testGenerateAndValidateValidSudoku[626]" time="0"/>
  <testcase classname="com.HiQ.sudokugenerator.SudokuGeneratorTest" name="testGenerateaPlaybleEasySudoku[626]" time="0"/>
  <testcase classname="com.HiQ.sudokugenerator.SudokuGeneratorTest" name="testGenerateaPlaybleHardSudoku[626]" time="0"/>
  <testcase classname="com.HiQ.sudokugenerator.SudokuGeneratorTest" name="testGenerateaPlaybleMediumSudoku[626]" time="0"/>
  <testcase classname="com.HiQ.sudokugenerator.SudokuGeneratorTest" name="testGenerateAndInValidateValidSudoku[627]" time="0"/>
  <testcase classname="com.HiQ.sudokugenerator.SudokuGeneratorTest" name="testGenerateAndValidateValidSudoku[627]" time="0"/>
  <testcase classname="com.HiQ.sudokugenerator.SudokuGeneratorTest" name="testGenerateaPlaybleEasySudoku[627]" time="0"/>
  <testcase classname="com.HiQ.sudokugenerator.SudokuGeneratorTest" name="testGenerateaPlaybleHardSudoku[627]" time="0"/>
  <testcase classname="com.HiQ.sudokugenerator.SudokuGeneratorTest" name="testGenerateaPlaybleMediumSudoku[627]" time="0"/>
  <testcase classname="com.HiQ.sudokugenerator.SudokuGeneratorTest" name="testGenerateAndInValidateValidSudoku[628]" time="0"/>
  <testcase classname="com.HiQ.sudokugenerator.SudokuGeneratorTest" name="testGenerateAndValidateValidSudoku[628]" time="0"/>
  <testcase classname="com.HiQ.sudokugenerator.SudokuGeneratorTest" name="testGenerateaPlaybleEasySudoku[628]" time="0"/>
  <testcase classname="com.HiQ.sudokugenerator.SudokuGeneratorTest" name="testGenerateaPlaybleHardSudoku[628]" time="0"/>
  <testcase classname="com.HiQ.sudokugenerator.SudokuGeneratorTest" name="testGenerateaPlaybleMediumSudoku[628]" time="0"/>
  <testcase classname="com.HiQ.sudokugenerator.SudokuGeneratorTest" name="testGenerateAndInValidateValidSudoku[629]" time="0"/>
  <testcase classname="com.HiQ.sudokugenerator.SudokuGeneratorTest" name="testGenerateAndValidateValidSudoku[629]" time="0"/>
  <testcase classname="com.HiQ.sudokugenerator.SudokuGeneratorTest" name="testGenerateaPlaybleEasySudoku[629]" time="0"/>
  <testcase classname="com.HiQ.sudokugenerator.SudokuGeneratorTest" name="testGenerateaPlaybleHardSudoku[629]" time="0"/>
  <testcase classname="com.HiQ.sudokugenerator.SudokuGeneratorTest" name="testGenerateaPlaybleMediumSudoku[629]" time="0"/>
  <testcase classname="com.HiQ.sudokugenerator.SudokuGeneratorTest" name="testGenerateAndInValidateValidSudoku[630]" time="0"/>
  <testcase classname="com.HiQ.sudokugenerator.SudokuGeneratorTest" name="testGenerateAndValidateValidSudoku[630]" time="0"/>
  <testcase classname="com.HiQ.sudokugenerator.SudokuGeneratorTest" name="testGenerateaPlaybleEasySudoku[630]" time="0.128"/>
  <testcase classname="com.HiQ.sudokugenerator.SudokuGeneratorTest" name="testGenerateaPlaybleHardSudoku[630]" time="0"/>
  <testcase classname="com.HiQ.sudokugenerator.SudokuGeneratorTest" name="testGenerateaPlaybleMediumSudoku[630]" time="0"/>
  <testcase classname="com.HiQ.sudokugenerator.SudokuGeneratorTest" name="testGenerateAndInValidateValidSudoku[631]" time="0"/>
  <testcase classname="com.HiQ.sudokugenerator.SudokuGeneratorTest" name="testGenerateAndValidateValidSudoku[631]" time="0"/>
  <testcase classname="com.HiQ.sudokugenerator.SudokuGeneratorTest" name="testGenerateaPlaybleEasySudoku[631]" time="0"/>
  <testcase classname="com.HiQ.sudokugenerator.SudokuGeneratorTest" name="testGenerateaPlaybleHardSudoku[631]" time="0"/>
  <testcase classname="com.HiQ.sudokugenerator.SudokuGeneratorTest" name="testGenerateaPlaybleMediumSudoku[631]" time="0"/>
  <testcase classname="com.HiQ.sudokugenerator.SudokuGeneratorTest" name="testGenerateAndInValidateValidSudoku[632]" time="0"/>
  <testcase classname="com.HiQ.sudokugenerator.SudokuGeneratorTest" name="testGenerateAndValidateValidSudoku[632]" time="0"/>
  <testcase classname="com.HiQ.sudokugenerator.SudokuGeneratorTest" name="testGenerateaPlaybleEasySudoku[632]" time="0"/>
  <testcase classname="com.HiQ.sudokugenerator.SudokuGeneratorTest" name="testGenerateaPlaybleHardSudoku[632]" time="0"/>
  <testcase classname="com.HiQ.sudokugenerator.SudokuGeneratorTest" name="testGenerateaPlaybleMediumSudoku[632]" time="0"/>
  <testcase classname="com.HiQ.sudokugenerator.SudokuGeneratorTest" name="testGenerateAndInValidateValidSudoku[633]" time="0"/>
  <testcase classname="com.HiQ.sudokugenerator.SudokuGeneratorTest" name="testGenerateAndValidateValidSudoku[633]" time="0"/>
  <testcase classname="com.HiQ.sudokugenerator.SudokuGeneratorTest" name="testGenerateaPlaybleEasySudoku[633]" time="0"/>
  <testcase classname="com.HiQ.sudokugenerator.SudokuGeneratorTest" name="testGenerateaPlaybleHardSudoku[633]" time="0"/>
  <testcase classname="com.HiQ.sudokugenerator.SudokuGeneratorTest" name="testGenerateaPlaybleMediumSudoku[633]" time="0"/>
  <testcase classname="com.HiQ.sudokugenerator.SudokuGeneratorTest" name="testGenerateAndInValidateValidSudoku[634]" time="0"/>
  <testcase classname="com.HiQ.sudokugenerator.SudokuGeneratorTest" name="testGenerateAndValidateValidSudoku[634]" time="0"/>
  <testcase classname="com.HiQ.sudokugenerator.SudokuGeneratorTest" name="testGenerateaPlaybleEasySudoku[634]" time="0"/>
  <testcase classname="com.HiQ.sudokugenerator.SudokuGeneratorTest" name="testGenerateaPlaybleHardSudoku[634]" time="0"/>
  <testcase classname="com.HiQ.sudokugenerator.SudokuGeneratorTest" name="testGenerateaPlaybleMediumSudoku[634]" time="0"/>
  <testcase classname="com.HiQ.sudokugenerator.SudokuGeneratorTest" name="testGenerateAndInValidateValidSudoku[635]" time="0"/>
  <testcase classname="com.HiQ.sudokugenerator.SudokuGeneratorTest" name="testGenerateAndValidateValidSudoku[635]" time="0"/>
  <testcase classname="com.HiQ.sudokugenerator.SudokuGeneratorTest" name="testGenerateaPlaybleEasySudoku[635]" time="0"/>
  <testcase classname="com.HiQ.sudokugenerator.SudokuGeneratorTest" name="testGenerateaPlaybleHardSudoku[635]" time="0"/>
  <testcase classname="com.HiQ.sudokugenerator.SudokuGeneratorTest" name="testGenerateaPlaybleMediumSudoku[635]" time="0"/>
  <testcase classname="com.HiQ.sudokugenerator.SudokuGeneratorTest" name="testGenerateAndInValidateValidSudoku[636]" time="0"/>
  <testcase classname="com.HiQ.sudokugenerator.SudokuGeneratorTest" name="testGenerateAndValidateValidSudoku[636]" time="0"/>
  <testcase classname="com.HiQ.sudokugenerator.SudokuGeneratorTest" name="testGenerateaPlaybleEasySudoku[636]" time="0"/>
  <testcase classname="com.HiQ.sudokugenerator.SudokuGeneratorTest" name="testGenerateaPlaybleHardSudoku[636]" time="0"/>
  <testcase classname="com.HiQ.sudokugenerator.SudokuGeneratorTest" name="testGenerateaPlaybleMediumSudoku[636]" time="0"/>
  <testcase classname="com.HiQ.sudokugenerator.SudokuGeneratorTest" name="testGenerateAndInValidateValidSudoku[637]" time="0"/>
  <testcase classname="com.HiQ.sudokugenerator.SudokuGeneratorTest" name="testGenerateAndValidateValidSudoku[637]" time="0"/>
  <testcase classname="com.HiQ.sudokugenerator.SudokuGeneratorTest" name="testGenerateaPlaybleEasySudoku[637]" time="0"/>
  <testcase classname="com.HiQ.sudokugenerator.SudokuGeneratorTest" name="testGenerateaPlaybleHardSudoku[637]" time="0"/>
  <testcase classname="com.HiQ.sudokugenerator.SudokuGeneratorTest" name="testGenerateaPlaybleMediumSudoku[637]" time="0"/>
  <testcase classname="com.HiQ.sudokugenerator.SudokuGeneratorTest" name="testGenerateAndInValidateValidSudoku[638]" time="0"/>
  <testcase classname="com.HiQ.sudokugenerator.SudokuGeneratorTest" name="testGenerateAndValidateValidSudoku[638]" time="0"/>
  <testcase classname="com.HiQ.sudokugenerator.SudokuGeneratorTest" name="testGenerateaPlaybleEasySudoku[638]" time="0"/>
  <testcase classname="com.HiQ.sudokugenerator.SudokuGeneratorTest" name="testGenerateaPlaybleHardSudoku[638]" time="0"/>
  <testcase classname="com.HiQ.sudokugenerator.SudokuGeneratorTest" name="testGenerateaPlaybleMediumSudoku[638]" time="0"/>
  <testcase classname="com.HiQ.sudokugenerator.SudokuGeneratorTest" name="testGenerateAndInValidateValidSudoku[639]" time="0"/>
  <testcase classname="com.HiQ.sudokugenerator.SudokuGeneratorTest" name="testGenerateAndValidateValidSudoku[639]" time="0"/>
  <testcase classname="com.HiQ.sudokugenerator.SudokuGeneratorTest" name="testGenerateaPlaybleEasySudoku[639]" time="0"/>
  <testcase classname="com.HiQ.sudokugenerator.SudokuGeneratorTest" name="testGenerateaPlaybleHardSudoku[639]" time="0"/>
  <testcase classname="com.HiQ.sudokugenerator.SudokuGeneratorTest" name="testGenerateaPlaybleMediumSudoku[639]" time="0"/>
  <testcase classname="com.HiQ.sudokugenerator.SudokuGeneratorTest" name="testGenerateAndInValidateValidSudoku[640]" time="0"/>
  <testcase classname="com.HiQ.sudokugenerator.SudokuGeneratorTest" name="testGenerateAndValidateValidSudoku[640]" time="0"/>
  <testcase classname="com.HiQ.sudokugenerator.SudokuGeneratorTest" name="testGenerateaPlaybleEasySudoku[640]" time="0"/>
  <testcase classname="com.HiQ.sudokugenerator.SudokuGeneratorTest" name="testGenerateaPlaybleHardSudoku[640]" time="0.001"/>
  <testcase classname="com.HiQ.sudokugenerator.SudokuGeneratorTest" name="testGenerateaPlaybleMediumSudoku[640]" time="0"/>
  <testcase classname="com.HiQ.sudokugenerator.SudokuGeneratorTest" name="testGenerateAndInValidateValidSudoku[641]" time="0"/>
  <testcase classname="com.HiQ.sudokugenerator.SudokuGeneratorTest" name="testGenerateAndValidateValidSudoku[641]" time="0"/>
  <testcase classname="com.HiQ.sudokugenerator.SudokuGeneratorTest" name="testGenerateaPlaybleEasySudoku[641]" time="0"/>
  <testcase classname="com.HiQ.sudokugenerator.SudokuGeneratorTest" name="testGenerateaPlaybleHardSudoku[641]" time="0"/>
  <testcase classname="com.HiQ.sudokugenerator.SudokuGeneratorTest" name="testGenerateaPlaybleMediumSudoku[641]" time="0"/>
  <testcase classname="com.HiQ.sudokugenerator.SudokuGeneratorTest" name="testGenerateAndInValidateValidSudoku[642]" time="0"/>
  <testcase classname="com.HiQ.sudokugenerator.SudokuGeneratorTest" name="testGenerateAndValidateValidSudoku[642]" time="0"/>
  <testcase classname="com.HiQ.sudokugenerator.SudokuGeneratorTest" name="testGenerateaPlaybleEasySudoku[642]" time="0"/>
  <testcase classname="com.HiQ.sudokugenerator.SudokuGeneratorTest" name="testGenerateaPlaybleHardSudoku[642]" time="0"/>
  <testcase classname="com.HiQ.sudokugenerator.SudokuGeneratorTest" name="testGenerateaPlaybleMediumSudoku[642]" time="0"/>
  <testcase classname="com.HiQ.sudokugenerator.SudokuGeneratorTest" name="testGenerateAndInValidateValidSudoku[643]" time="0"/>
  <testcase classname="com.HiQ.sudokugenerator.SudokuGeneratorTest" name="testGenerateAndValidateValidSudoku[643]" time="0"/>
  <testcase classname="com.HiQ.sudokugenerator.SudokuGeneratorTest" name="testGenerateaPlaybleEasySudoku[643]" time="0"/>
  <testcase classname="com.HiQ.sudokugenerator.SudokuGeneratorTest" name="testGenerateaPlaybleHardSudoku[643]" time="0"/>
  <testcase classname="com.HiQ.sudokugenerator.SudokuGeneratorTest" name="testGenerateaPlaybleMediumSudoku[643]" time="0"/>
  <testcase classname="com.HiQ.sudokugenerator.SudokuGeneratorTest" name="testGenerateAndInValidateValidSudoku[644]" time="0"/>
  <testcase classname="com.HiQ.sudokugenerator.SudokuGeneratorTest" name="testGenerateAndValidateValidSudoku[644]" time="0"/>
  <testcase classname="com.HiQ.sudokugenerator.SudokuGeneratorTest" name="testGenerateaPlaybleEasySudoku[644]" time="0"/>
  <testcase classname="com.HiQ.sudokugenerator.SudokuGeneratorTest" name="testGenerateaPlaybleHardSudoku[644]" time="0"/>
  <testcase classname="com.HiQ.sudokugenerator.SudokuGeneratorTest" name="testGenerateaPlaybleMediumSudoku[644]" time="0"/>
  <testcase classname="com.HiQ.sudokugenerator.SudokuGeneratorTest" name="testGenerateAndInValidateValidSudoku[645]" time="0"/>
  <testcase classname="com.HiQ.sudokugenerator.SudokuGeneratorTest" name="testGenerateAndValidateValidSudoku[645]" time="0"/>
  <testcase classname="com.HiQ.sudokugenerator.SudokuGeneratorTest" name="testGenerateaPlaybleEasySudoku[645]" time="0"/>
  <testcase classname="com.HiQ.sudokugenerator.SudokuGeneratorTest" name="testGenerateaPlaybleHardSudoku[645]" time="0"/>
  <testcase classname="com.HiQ.sudokugenerator.SudokuGeneratorTest" name="testGenerateaPlaybleMediumSudoku[645]" time="0"/>
  <testcase classname="com.HiQ.sudokugenerator.SudokuGeneratorTest" name="testGenerateAndInValidateValidSudoku[646]" time="0"/>
  <testcase classname="com.HiQ.sudokugenerator.SudokuGeneratorTest" name="testGenerateAndValidateValidSudoku[646]" time="0"/>
  <testcase classname="com.HiQ.sudokugenerator.SudokuGeneratorTest" name="testGenerateaPlaybleEasySudoku[646]" time="0"/>
  <testcase classname="com.HiQ.sudokugenerator.SudokuGeneratorTest" name="testGenerateaPlaybleHardSudoku[646]" time="0"/>
  <testcase classname="com.HiQ.sudokugenerator.SudokuGeneratorTest" name="testGenerateaPlaybleMediumSudoku[646]" time="0"/>
  <testcase classname="com.HiQ.sudokugenerator.SudokuGeneratorTest" name="testGenerateAndInValidateValidSudoku[647]" time="0"/>
  <testcase classname="com.HiQ.sudokugenerator.SudokuGeneratorTest" name="testGenerateAndValidateValidSudoku[647]" time="0"/>
  <testcase classname="com.HiQ.sudokugenerator.SudokuGeneratorTest" name="testGenerateaPlaybleEasySudoku[647]" time="0"/>
  <testcase classname="com.HiQ.sudokugenerator.SudokuGeneratorTest" name="testGenerateaPlaybleHardSudoku[647]" time="0"/>
  <testcase classname="com.HiQ.sudokugenerator.SudokuGeneratorTest" name="testGenerateaPlaybleMediumSudoku[647]" time="0"/>
  <testcase classname="com.HiQ.sudokugenerator.SudokuGeneratorTest" name="testGenerateAndInValidateValidSudoku[648]" time="0"/>
  <testcase classname="com.HiQ.sudokugenerator.SudokuGeneratorTest" name="testGenerateAndValidateValidSudoku[648]" time="0"/>
  <testcase classname="com.HiQ.sudokugenerator.SudokuGeneratorTest" name="testGenerateaPlaybleEasySudoku[648]" time="0"/>
  <testcase classname="com.HiQ.sudokugenerator.SudokuGeneratorTest" name="testGenerateaPlaybleHardSudoku[648]" time="0"/>
  <testcase classname="com.HiQ.sudokugenerator.SudokuGeneratorTest" name="testGenerateaPlaybleMediumSudoku[648]" time="0"/>
  <testcase classname="com.HiQ.sudokugenerator.SudokuGeneratorTest" name="testGenerateAndInValidateValidSudoku[649]" time="0"/>
  <testcase classname="com.HiQ.sudokugenerator.SudokuGeneratorTest" name="testGenerateAndValidateValidSudoku[649]" time="0"/>
  <testcase classname="com.HiQ.sudokugenerator.SudokuGeneratorTest" name="testGenerateaPlaybleEasySudoku[649]" time="0"/>
  <testcase classname="com.HiQ.sudokugenerator.SudokuGeneratorTest" name="testGenerateaPlaybleHardSudoku[649]" time="0"/>
  <testcase classname="com.HiQ.sudokugenerator.SudokuGeneratorTest" name="testGenerateaPlaybleMediumSudoku[649]" time="0"/>
  <testcase classname="com.HiQ.sudokugenerator.SudokuGeneratorTest" name="testGenerateAndInValidateValidSudoku[650]" time="0"/>
  <testcase classname="com.HiQ.sudokugenerator.SudokuGeneratorTest" name="testGenerateAndValidateValidSudoku[650]" time="0"/>
  <testcase classname="com.HiQ.sudokugenerator.SudokuGeneratorTest" name="testGenerateaPlaybleEasySudoku[650]" time="0"/>
  <testcase classname="com.HiQ.sudokugenerator.SudokuGeneratorTest" name="testGenerateaPlaybleHardSudoku[650]" time="0"/>
  <testcase classname="com.HiQ.sudokugenerator.SudokuGeneratorTest" name="testGenerateaPlaybleMediumSudoku[650]" time="0"/>
  <testcase classname="com.HiQ.sudokugenerator.SudokuGeneratorTest" name="testGenerateAndInValidateValidSudoku[651]" time="0"/>
  <testcase classname="com.HiQ.sudokugenerator.SudokuGeneratorTest" name="testGenerateAndValidateValidSudoku[651]" time="0"/>
  <testcase classname="com.HiQ.sudokugenerator.SudokuGeneratorTest" name="testGenerateaPlaybleEasySudoku[651]" time="0"/>
  <testcase classname="com.HiQ.sudokugenerator.SudokuGeneratorTest" name="testGenerateaPlaybleHardSudoku[651]" time="0"/>
  <testcase classname="com.HiQ.sudokugenerator.SudokuGeneratorTest" name="testGenerateaPlaybleMediumSudoku[651]" time="0"/>
  <testcase classname="com.HiQ.sudokugenerator.SudokuGeneratorTest" name="testGenerateAndInValidateValidSudoku[652]" time="0"/>
  <testcase classname="com.HiQ.sudokugenerator.SudokuGeneratorTest" name="testGenerateAndValidateValidSudoku[652]" time="0"/>
  <testcase classname="com.HiQ.sudokugenerator.SudokuGeneratorTest" name="testGenerateaPlaybleEasySudoku[652]" time="0"/>
  <testcase classname="com.HiQ.sudokugenerator.SudokuGeneratorTest" name="testGenerateaPlaybleHardSudoku[652]" time="0"/>
  <testcase classname="com.HiQ.sudokugenerator.SudokuGeneratorTest" name="testGenerateaPlaybleMediumSudoku[652]" time="0"/>
  <testcase classname="com.HiQ.sudokugenerator.SudokuGeneratorTest" name="testGenerateAndInValidateValidSudoku[653]" time="0"/>
  <testcase classname="com.HiQ.sudokugenerator.SudokuGeneratorTest" name="testGenerateAndValidateValidSudoku[653]" time="0"/>
  <testcase classname="com.HiQ.sudokugenerator.SudokuGeneratorTest" name="testGenerateaPlaybleEasySudoku[653]" time="0"/>
  <testcase classname="com.HiQ.sudokugenerator.SudokuGeneratorTest" name="testGenerateaPlaybleHardSudoku[653]" time="0"/>
  <testcase classname="com.HiQ.sudokugenerator.SudokuGeneratorTest" name="testGenerateaPlaybleMediumSudoku[653]" time="0"/>
  <testcase classname="com.HiQ.sudokugenerator.SudokuGeneratorTest" name="testGenerateAndInValidateValidSudoku[654]" time="0"/>
  <testcase classname="com.HiQ.sudokugenerator.SudokuGeneratorTest" name="testGenerateAndValidateValidSudoku[654]" time="0"/>
  <testcase classname="com.HiQ.sudokugenerator.SudokuGeneratorTest" name="testGenerateaPlaybleEasySudoku[654]" time="0"/>
  <testcase classname="com.HiQ.sudokugenerator.SudokuGeneratorTest" name="testGenerateaPlaybleHardSudoku[654]" time="0"/>
  <testcase classname="com.HiQ.sudokugenerator.SudokuGeneratorTest" name="testGenerateaPlaybleMediumSudoku[654]" time="0"/>
  <testcase classname="com.HiQ.sudokugenerator.SudokuGeneratorTest" name="testGenerateAndInValidateValidSudoku[655]" time="0"/>
  <testcase classname="com.HiQ.sudokugenerator.SudokuGeneratorTest" name="testGenerateAndValidateValidSudoku[655]" time="0"/>
  <testcase classname="com.HiQ.sudokugenerator.SudokuGeneratorTest" name="testGenerateaPlaybleEasySudoku[655]" time="0"/>
  <testcase classname="com.HiQ.sudokugenerator.SudokuGeneratorTest" name="testGenerateaPlaybleHardSudoku[655]" time="0"/>
  <testcase classname="com.HiQ.sudokugenerator.SudokuGeneratorTest" name="testGenerateaPlaybleMediumSudoku[655]" time="0"/>
  <testcase classname="com.HiQ.sudokugenerator.SudokuGeneratorTest" name="testGenerateAndInValidateValidSudoku[656]" time="0"/>
  <testcase classname="com.HiQ.sudokugenerator.SudokuGeneratorTest" name="testGenerateAndValidateValidSudoku[656]" time="0"/>
  <testcase classname="com.HiQ.sudokugenerator.SudokuGeneratorTest" name="testGenerateaPlaybleEasySudoku[656]" time="0"/>
  <testcase classname="com.HiQ.sudokugenerator.SudokuGeneratorTest" name="testGenerateaPlaybleHardSudoku[656]" time="0"/>
  <testcase classname="com.HiQ.sudokugenerator.SudokuGeneratorTest" name="testGenerateaPlaybleMediumSudoku[656]" time="0"/>
  <testcase classname="com.HiQ.sudokugenerator.SudokuGeneratorTest" name="testGenerateAndInValidateValidSudoku[657]" time="0"/>
  <testcase classname="com.HiQ.sudokugenerator.SudokuGeneratorTest" name="testGenerateAndValidateValidSudoku[657]" time="0"/>
  <testcase classname="com.HiQ.sudokugenerator.SudokuGeneratorTest" name="testGenerateaPlaybleEasySudoku[657]" time="0"/>
  <testcase classname="com.HiQ.sudokugenerator.SudokuGeneratorTest" name="testGenerateaPlaybleHardSudoku[657]" time="0"/>
  <testcase classname="com.HiQ.sudokugenerator.SudokuGeneratorTest" name="testGenerateaPlaybleMediumSudoku[657]" time="0"/>
  <testcase classname="com.HiQ.sudokugenerator.SudokuGeneratorTest" name="testGenerateAndInValidateValidSudoku[658]" time="0"/>
  <testcase classname="com.HiQ.sudokugenerator.SudokuGeneratorTest" name="testGenerateAndValidateValidSudoku[658]" time="0"/>
  <testcase classname="com.HiQ.sudokugenerator.SudokuGeneratorTest" name="testGenerateaPlaybleEasySudoku[658]" time="0"/>
  <testcase classname="com.HiQ.sudokugenerator.SudokuGeneratorTest" name="testGenerateaPlaybleHardSudoku[658]" time="0"/>
  <testcase classname="com.HiQ.sudokugenerator.SudokuGeneratorTest" name="testGenerateaPlaybleMediumSudoku[658]" time="0.05"/>
  <testcase classname="com.HiQ.sudokugenerator.SudokuGeneratorTest" name="testGenerateAndInValidateValidSudoku[659]" time="0"/>
  <testcase classname="com.HiQ.sudokugenerator.SudokuGeneratorTest" name="testGenerateAndValidateValidSudoku[659]" time="0"/>
  <testcase classname="com.HiQ.sudokugenerator.SudokuGeneratorTest" name="testGenerateaPlaybleEasySudoku[659]" time="0"/>
  <testcase classname="com.HiQ.sudokugenerator.SudokuGeneratorTest" name="testGenerateaPlaybleHardSudoku[659]" time="0"/>
  <testcase classname="com.HiQ.sudokugenerator.SudokuGeneratorTest" name="testGenerateaPlaybleMediumSudoku[659]" time="0"/>
  <testcase classname="com.HiQ.sudokugenerator.SudokuGeneratorTest" name="testGenerateAndInValidateValidSudoku[660]" time="0"/>
  <testcase classname="com.HiQ.sudokugenerator.SudokuGeneratorTest" name="testGenerateAndValidateValidSudoku[660]" time="0"/>
  <testcase classname="com.HiQ.sudokugenerator.SudokuGeneratorTest" name="testGenerateaPlaybleEasySudoku[660]" time="0"/>
  <testcase classname="com.HiQ.sudokugenerator.SudokuGeneratorTest" name="testGenerateaPlaybleHardSudoku[660]" time="0"/>
  <testcase classname="com.HiQ.sudokugenerator.SudokuGeneratorTest" name="testGenerateaPlaybleMediumSudoku[660]" time="0"/>
  <testcase classname="com.HiQ.sudokugenerator.SudokuGeneratorTest" name="testGenerateAndInValidateValidSudoku[661]" time="0"/>
  <testcase classname="com.HiQ.sudokugenerator.SudokuGeneratorTest" name="testGenerateAndValidateValidSudoku[661]" time="0"/>
  <testcase classname="com.HiQ.sudokugenerator.SudokuGeneratorTest" name="testGenerateaPlaybleEasySudoku[661]" time="0"/>
  <testcase classname="com.HiQ.sudokugenerator.SudokuGeneratorTest" name="testGenerateaPlaybleHardSudoku[661]" time="0"/>
  <testcase classname="com.HiQ.sudokugenerator.SudokuGeneratorTest" name="testGenerateaPlaybleMediumSudoku[661]" time="0"/>
  <testcase classname="com.HiQ.sudokugenerator.SudokuGeneratorTest" name="testGenerateAndInValidateValidSudoku[662]" time="0"/>
  <testcase classname="com.HiQ.sudokugenerator.SudokuGeneratorTest" name="testGenerateAndValidateValidSudoku[662]" time="0"/>
  <testcase classname="com.HiQ.sudokugenerator.SudokuGeneratorTest" name="testGenerateaPlaybleEasySudoku[662]" time="0"/>
  <testcase classname="com.HiQ.sudokugenerator.SudokuGeneratorTest" name="testGenerateaPlaybleHardSudoku[662]" time="0"/>
  <testcase classname="com.HiQ.sudokugenerator.SudokuGeneratorTest" name="testGenerateaPlaybleMediumSudoku[662]" time="0"/>
  <testcase classname="com.HiQ.sudokugenerator.SudokuGeneratorTest" name="testGenerateAndInValidateValidSudoku[663]" time="0"/>
  <testcase classname="com.HiQ.sudokugenerator.SudokuGeneratorTest" name="testGenerateAndValidateValidSudoku[663]" time="0"/>
  <testcase classname="com.HiQ.sudokugenerator.SudokuGeneratorTest" name="testGenerateaPlaybleEasySudoku[663]" time="0"/>
  <testcase classname="com.HiQ.sudokugenerator.SudokuGeneratorTest" name="testGenerateaPlaybleHardSudoku[663]" time="0"/>
  <testcase classname="com.HiQ.sudokugenerator.SudokuGeneratorTest" name="testGenerateaPlaybleMediumSudoku[663]" time="0"/>
  <testcase classname="com.HiQ.sudokugenerator.SudokuGeneratorTest" name="testGenerateAndInValidateValidSudoku[664]" time="0"/>
  <testcase classname="com.HiQ.sudokugenerator.SudokuGeneratorTest" name="testGenerateAndValidateValidSudoku[664]" time="0"/>
  <testcase classname="com.HiQ.sudokugenerator.SudokuGeneratorTest" name="testGenerateaPlaybleEasySudoku[664]" time="0"/>
  <testcase classname="com.HiQ.sudokugenerator.SudokuGeneratorTest" name="testGenerateaPlaybleHardSudoku[664]" time="0"/>
  <testcase classname="com.HiQ.sudokugenerator.SudokuGeneratorTest" name="testGenerateaPlaybleMediumSudoku[664]" time="0"/>
  <testcase classname="com.HiQ.sudokugenerator.SudokuGeneratorTest" name="testGenerateAndInValidateValidSudoku[665]" time="0"/>
  <testcase classname="com.HiQ.sudokugenerator.SudokuGeneratorTest" name="testGenerateAndValidateValidSudoku[665]" time="0"/>
  <testcase classname="com.HiQ.sudokugenerator.SudokuGeneratorTest" name="testGenerateaPlaybleEasySudoku[665]" time="0"/>
  <testcase classname="com.HiQ.sudokugenerator.SudokuGeneratorTest" name="testGenerateaPlaybleHardSudoku[665]" time="0"/>
  <testcase classname="com.HiQ.sudokugenerator.SudokuGeneratorTest" name="testGenerateaPlaybleMediumSudoku[665]" time="0"/>
  <testcase classname="com.HiQ.sudokugenerator.SudokuGeneratorTest" name="testGenerateAndInValidateValidSudoku[666]" time="0"/>
  <testcase classname="com.HiQ.sudokugenerator.SudokuGeneratorTest" name="testGenerateAndValidateValidSudoku[666]" time="0"/>
  <testcase classname="com.HiQ.sudokugenerator.SudokuGeneratorTest" name="testGenerateaPlaybleEasySudoku[666]" time="0"/>
  <testcase classname="com.HiQ.sudokugenerator.SudokuGeneratorTest" name="testGenerateaPlaybleHardSudoku[666]" time="0"/>
  <testcase classname="com.HiQ.sudokugenerator.SudokuGeneratorTest" name="testGenerateaPlaybleMediumSudoku[666]" time="0"/>
  <testcase classname="com.HiQ.sudokugenerator.SudokuGeneratorTest" name="testGenerateAndInValidateValidSudoku[667]" time="0"/>
  <testcase classname="com.HiQ.sudokugenerator.SudokuGeneratorTest" name="testGenerateAndValidateValidSudoku[667]" time="0"/>
  <testcase classname="com.HiQ.sudokugenerator.SudokuGeneratorTest" name="testGenerateaPlaybleEasySudoku[667]" time="0"/>
  <testcase classname="com.HiQ.sudokugenerator.SudokuGeneratorTest" name="testGenerateaPlaybleHardSudoku[667]" time="0"/>
  <testcase classname="com.HiQ.sudokugenerator.SudokuGeneratorTest" name="testGenerateaPlaybleMediumSudoku[667]" time="0"/>
  <testcase classname="com.HiQ.sudokugenerator.SudokuGeneratorTest" name="testGenerateAndInValidateValidSudoku[668]" time="0"/>
  <testcase classname="com.HiQ.sudokugenerator.SudokuGeneratorTest" name="testGenerateAndValidateValidSudoku[668]" time="0"/>
  <testcase classname="com.HiQ.sudokugenerator.SudokuGeneratorTest" name="testGenerateaPlaybleEasySudoku[668]" time="0"/>
  <testcase classname="com.HiQ.sudokugenerator.SudokuGeneratorTest" name="testGenerateaPlaybleHardSudoku[668]" time="0"/>
  <testcase classname="com.HiQ.sudokugenerator.SudokuGeneratorTest" name="testGenerateaPlaybleMediumSudoku[668]" time="0"/>
  <testcase classname="com.HiQ.sudokugenerator.SudokuGeneratorTest" name="testGenerateAndInValidateValidSudoku[669]" time="0"/>
  <testcase classname="com.HiQ.sudokugenerator.SudokuGeneratorTest" name="testGenerateAndValidateValidSudoku[669]" time="0"/>
  <testcase classname="com.HiQ.sudokugenerator.SudokuGeneratorTest" name="testGenerateaPlaybleEasySudoku[669]" time="0"/>
  <testcase classname="com.HiQ.sudokugenerator.SudokuGeneratorTest" name="testGenerateaPlaybleHardSudoku[669]" time="0"/>
  <testcase classname="com.HiQ.sudokugenerator.SudokuGeneratorTest" name="testGenerateaPlaybleMediumSudoku[669]" time="0"/>
  <testcase classname="com.HiQ.sudokugenerator.SudokuGeneratorTest" name="testGenerateAndInValidateValidSudoku[670]" time="0"/>
  <testcase classname="com.HiQ.sudokugenerator.SudokuGeneratorTest" name="testGenerateAndValidateValidSudoku[670]" time="0"/>
  <testcase classname="com.HiQ.sudokugenerator.SudokuGeneratorTest" name="testGenerateaPlaybleEasySudoku[670]" time="0"/>
  <testcase classname="com.HiQ.sudokugenerator.SudokuGeneratorTest" name="testGenerateaPlaybleHardSudoku[670]" time="0"/>
  <testcase classname="com.HiQ.sudokugenerator.SudokuGeneratorTest" name="testGenerateaPlaybleMediumSudoku[670]" time="0"/>
  <testcase classname="com.HiQ.sudokugenerator.SudokuGeneratorTest" name="testGenerateAndInValidateValidSudoku[671]" time="0"/>
  <testcase classname="com.HiQ.sudokugenerator.SudokuGeneratorTest" name="testGenerateAndValidateValidSudoku[671]" time="0"/>
  <testcase classname="com.HiQ.sudokugenerator.SudokuGeneratorTest" name="testGenerateaPlaybleEasySudoku[671]" time="0"/>
  <testcase classname="com.HiQ.sudokugenerator.SudokuGeneratorTest" name="testGenerateaPlaybleHardSudoku[671]" time="0"/>
  <testcase classname="com.HiQ.sudokugenerator.SudokuGeneratorTest" name="testGenerateaPlaybleMediumSudoku[671]" time="0"/>
  <testcase classname="com.HiQ.sudokugenerator.SudokuGeneratorTest" name="testGenerateAndInValidateValidSudoku[672]" time="0"/>
  <testcase classname="com.HiQ.sudokugenerator.SudokuGeneratorTest" name="testGenerateAndValidateValidSudoku[672]" time="0"/>
  <testcase classname="com.HiQ.sudokugenerator.SudokuGeneratorTest" name="testGenerateaPlaybleEasySudoku[672]" time="0"/>
  <testcase classname="com.HiQ.sudokugenerator.SudokuGeneratorTest" name="testGenerateaPlaybleHardSudoku[672]" time="0"/>
  <testcase classname="com.HiQ.sudokugenerator.SudokuGeneratorTest" name="testGenerateaPlaybleMediumSudoku[672]" time="0"/>
  <testcase classname="com.HiQ.sudokugenerator.SudokuGeneratorTest" name="testGenerateAndInValidateValidSudoku[673]" time="0"/>
  <testcase classname="com.HiQ.sudokugenerator.SudokuGeneratorTest" name="testGenerateAndValidateValidSudoku[673]" time="0"/>
  <testcase classname="com.HiQ.sudokugenerator.SudokuGeneratorTest" name="testGenerateaPlaybleEasySudoku[673]" time="0"/>
  <testcase classname="com.HiQ.sudokugenerator.SudokuGeneratorTest" name="testGenerateaPlaybleHardSudoku[673]" time="0"/>
  <testcase classname="com.HiQ.sudokugenerator.SudokuGeneratorTest" name="testGenerateaPlaybleMediumSudoku[673]" time="0"/>
  <testcase classname="com.HiQ.sudokugenerator.SudokuGeneratorTest" name="testGenerateAndInValidateValidSudoku[674]" time="0"/>
  <testcase classname="com.HiQ.sudokugenerator.SudokuGeneratorTest" name="testGenerateAndValidateValidSudoku[674]" time="0"/>
  <testcase classname="com.HiQ.sudokugenerator.SudokuGeneratorTest" name="testGenerateaPlaybleEasySudoku[674]" time="0"/>
  <testcase classname="com.HiQ.sudokugenerator.SudokuGeneratorTest" name="testGenerateaPlaybleHardSudoku[674]" time="0.001"/>
  <testcase classname="com.HiQ.sudokugenerator.SudokuGeneratorTest" name="testGenerateaPlaybleMediumSudoku[674]" time="0"/>
  <testcase classname="com.HiQ.sudokugenerator.SudokuGeneratorTest" name="testGenerateAndInValidateValidSudoku[675]" time="0"/>
  <testcase classname="com.HiQ.sudokugenerator.SudokuGeneratorTest" name="testGenerateAndValidateValidSudoku[675]" time="0"/>
  <testcase classname="com.HiQ.sudokugenerator.SudokuGeneratorTest" name="testGenerateaPlaybleEasySudoku[675]" time="0"/>
  <testcase classname="com.HiQ.sudokugenerator.SudokuGeneratorTest" name="testGenerateaPlaybleHardSudoku[675]" time="0"/>
  <testcase classname="com.HiQ.sudokugenerator.SudokuGeneratorTest" name="testGenerateaPlaybleMediumSudoku[675]" time="0"/>
  <testcase classname="com.HiQ.sudokugenerator.SudokuGeneratorTest" name="testGenerateAndInValidateValidSudoku[676]" time="0"/>
  <testcase classname="com.HiQ.sudokugenerator.SudokuGeneratorTest" name="testGenerateAndValidateValidSudoku[676]" time="0"/>
  <testcase classname="com.HiQ.sudokugenerator.SudokuGeneratorTest" name="testGenerateaPlaybleEasySudoku[676]" time="0"/>
  <testcase classname="com.HiQ.sudokugenerator.SudokuGeneratorTest" name="testGenerateaPlaybleHardSudoku[676]" time="0"/>
  <testcase classname="com.HiQ.sudokugenerator.SudokuGeneratorTest" name="testGenerateaPlaybleMediumSudoku[676]" time="0"/>
  <testcase classname="com.HiQ.sudokugenerator.SudokuGeneratorTest" name="testGenerateAndInValidateValidSudoku[677]" time="0"/>
  <testcase classname="com.HiQ.sudokugenerator.SudokuGeneratorTest" name="testGenerateAndValidateValidSudoku[677]" time="0"/>
  <testcase classname="com.HiQ.sudokugenerator.SudokuGeneratorTest" name="testGenerateaPlaybleEasySudoku[677]" time="0"/>
  <testcase classname="com.HiQ.sudokugenerator.SudokuGeneratorTest" name="testGenerateaPlaybleHardSudoku[677]" time="0"/>
  <testcase classname="com.HiQ.sudokugenerator.SudokuGeneratorTest" name="testGenerateaPlaybleMediumSudoku[677]" time="0"/>
  <testcase classname="com.HiQ.sudokugenerator.SudokuGeneratorTest" name="testGenerateAndInValidateValidSudoku[678]" time="0"/>
  <testcase classname="com.HiQ.sudokugenerator.SudokuGeneratorTest" name="testGenerateAndValidateValidSudoku[678]" time="0"/>
  <testcase classname="com.HiQ.sudokugenerator.SudokuGeneratorTest" name="testGenerateaPlaybleEasySudoku[678]" time="0"/>
  <testcase classname="com.HiQ.sudokugenerator.SudokuGeneratorTest" name="testGenerateaPlaybleHardSudoku[678]" time="0"/>
  <testcase classname="com.HiQ.sudokugenerator.SudokuGeneratorTest" name="testGenerateaPlaybleMediumSudoku[678]" time="0"/>
  <testcase classname="com.HiQ.sudokugenerator.SudokuGeneratorTest" name="testGenerateAndInValidateValidSudoku[679]" time="0"/>
  <testcase classname="com.HiQ.sudokugenerator.SudokuGeneratorTest" name="testGenerateAndValidateValidSudoku[679]" time="0"/>
  <testcase classname="com.HiQ.sudokugenerator.SudokuGeneratorTest" name="testGenerateaPlaybleEasySudoku[679]" time="0"/>
  <testcase classname="com.HiQ.sudokugenerator.SudokuGeneratorTest" name="testGenerateaPlaybleHardSudoku[679]" time="0"/>
  <testcase classname="com.HiQ.sudokugenerator.SudokuGeneratorTest" name="testGenerateaPlaybleMediumSudoku[679]" time="0"/>
  <testcase classname="com.HiQ.sudokugenerator.SudokuGeneratorTest" name="testGenerateAndInValidateValidSudoku[680]" time="0"/>
  <testcase classname="com.HiQ.sudokugenerator.SudokuGeneratorTest" name="testGenerateAndValidateValidSudoku[680]" time="0"/>
  <testcase classname="com.HiQ.sudokugenerator.SudokuGeneratorTest" name="testGenerateaPlaybleEasySudoku[680]" time="0"/>
  <testcase classname="com.HiQ.sudokugenerator.SudokuGeneratorTest" name="testGenerateaPlaybleHardSudoku[680]" time="0"/>
  <testcase classname="com.HiQ.sudokugenerator.SudokuGeneratorTest" name="testGenerateaPlaybleMediumSudoku[680]" time="0"/>
  <testcase classname="com.HiQ.sudokugenerator.SudokuGeneratorTest" name="testGenerateAndInValidateValidSudoku[681]" time="0"/>
  <testcase classname="com.HiQ.sudokugenerator.SudokuGeneratorTest" name="testGenerateAndValidateValidSudoku[681]" time="0"/>
  <testcase classname="com.HiQ.sudokugenerator.SudokuGeneratorTest" name="testGenerateaPlaybleEasySudoku[681]" time="0"/>
  <testcase classname="com.HiQ.sudokugenerator.SudokuGeneratorTest" name="testGenerateaPlaybleHardSudoku[681]" time="0"/>
  <testcase classname="com.HiQ.sudokugenerator.SudokuGeneratorTest" name="testGenerateaPlaybleMediumSudoku[681]" time="0"/>
  <testcase classname="com.HiQ.sudokugenerator.SudokuGeneratorTest" name="testGenerateAndInValidateValidSudoku[682]" time="0"/>
  <testcase classname="com.HiQ.sudokugenerator.SudokuGeneratorTest" name="testGenerateAndValidateValidSudoku[682]" time="0"/>
  <testcase classname="com.HiQ.sudokugenerator.SudokuGeneratorTest" name="testGenerateaPlaybleEasySudoku[682]" time="0"/>
  <testcase classname="com.HiQ.sudokugenerator.SudokuGeneratorTest" name="testGenerateaPlaybleHardSudoku[682]" time="0"/>
  <testcase classname="com.HiQ.sudokugenerator.SudokuGeneratorTest" name="testGenerateaPlaybleMediumSudoku[682]" time="0"/>
  <testcase classname="com.HiQ.sudokugenerator.SudokuGeneratorTest" name="testGenerateAndInValidateValidSudoku[683]" time="0"/>
  <testcase classname="com.HiQ.sudokugenerator.SudokuGeneratorTest" name="testGenerateAndValidateValidSudoku[683]" time="0"/>
  <testcase classname="com.HiQ.sudokugenerator.SudokuGeneratorTest" name="testGenerateaPlaybleEasySudoku[683]" time="0"/>
  <testcase classname="com.HiQ.sudokugenerator.SudokuGeneratorTest" name="testGenerateaPlaybleHardSudoku[683]" time="0"/>
  <testcase classname="com.HiQ.sudokugenerator.SudokuGeneratorTest" name="testGenerateaPlaybleMediumSudoku[683]" time="0"/>
  <testcase classname="com.HiQ.sudokugenerator.SudokuGeneratorTest" name="testGenerateAndInValidateValidSudoku[684]" time="0"/>
  <testcase classname="com.HiQ.sudokugenerator.SudokuGeneratorTest" name="testGenerateAndValidateValidSudoku[684]" time="0"/>
  <testcase classname="com.HiQ.sudokugenerator.SudokuGeneratorTest" name="testGenerateaPlaybleEasySudoku[684]" time="0"/>
  <testcase classname="com.HiQ.sudokugenerator.SudokuGeneratorTest" name="testGenerateaPlaybleHardSudoku[684]" time="0"/>
  <testcase classname="com.HiQ.sudokugenerator.SudokuGeneratorTest" name="testGenerateaPlaybleMediumSudoku[684]" time="0"/>
  <testcase classname="com.HiQ.sudokugenerator.SudokuGeneratorTest" name="testGenerateAndInValidateValidSudoku[685]" time="0"/>
  <testcase classname="com.HiQ.sudokugenerator.SudokuGeneratorTest" name="testGenerateAndValidateValidSudoku[685]" time="0"/>
  <testcase classname="com.HiQ.sudokugenerator.SudokuGeneratorTest" name="testGenerateaPlaybleEasySudoku[685]" time="0"/>
  <testcase classname="com.HiQ.sudokugenerator.SudokuGeneratorTest" name="testGenerateaPlaybleHardSudoku[685]" time="0"/>
  <testcase classname="com.HiQ.sudokugenerator.SudokuGeneratorTest" name="testGenerateaPlaybleMediumSudoku[685]" time="0"/>
  <testcase classname="com.HiQ.sudokugenerator.SudokuGeneratorTest" name="testGenerateAndInValidateValidSudoku[686]" time="0"/>
  <testcase classname="com.HiQ.sudokugenerator.SudokuGeneratorTest" name="testGenerateAndValidateValidSudoku[686]" time="0"/>
  <testcase classname="com.HiQ.sudokugenerator.SudokuGeneratorTest" name="testGenerateaPlaybleEasySudoku[686]" time="0"/>
  <testcase classname="com.HiQ.sudokugenerator.SudokuGeneratorTest" name="testGenerateaPlaybleHardSudoku[686]" time="0"/>
  <testcase classname="com.HiQ.sudokugenerator.SudokuGeneratorTest" name="testGenerateaPlaybleMediumSudoku[686]" time="0"/>
  <testcase classname="com.HiQ.sudokugenerator.SudokuGeneratorTest" name="testGenerateAndInValidateValidSudoku[687]" time="0"/>
  <testcase classname="com.HiQ.sudokugenerator.SudokuGeneratorTest" name="testGenerateAndValidateValidSudoku[687]" time="0"/>
  <testcase classname="com.HiQ.sudokugenerator.SudokuGeneratorTest" name="testGenerateaPlaybleEasySudoku[687]" time="0"/>
  <testcase classname="com.HiQ.sudokugenerator.SudokuGeneratorTest" name="testGenerateaPlaybleHardSudoku[687]" time="0.042"/>
  <testcase classname="com.HiQ.sudokugenerator.SudokuGeneratorTest" name="testGenerateaPlaybleMediumSudoku[687]" time="0"/>
  <testcase classname="com.HiQ.sudokugenerator.SudokuGeneratorTest" name="testGenerateAndInValidateValidSudoku[688]" time="0"/>
  <testcase classname="com.HiQ.sudokugenerator.SudokuGeneratorTest" name="testGenerateAndValidateValidSudoku[688]" time="0"/>
  <testcase classname="com.HiQ.sudokugenerator.SudokuGeneratorTest" name="testGenerateaPlaybleEasySudoku[688]" time="0"/>
  <testcase classname="com.HiQ.sudokugenerator.SudokuGeneratorTest" name="testGenerateaPlaybleHardSudoku[688]" time="0"/>
  <testcase classname="com.HiQ.sudokugenerator.SudokuGeneratorTest" name="testGenerateaPlaybleMediumSudoku[688]" time="0"/>
  <testcase classname="com.HiQ.sudokugenerator.SudokuGeneratorTest" name="testGenerateAndInValidateValidSudoku[689]" time="0"/>
  <testcase classname="com.HiQ.sudokugenerator.SudokuGeneratorTest" name="testGenerateAndValidateValidSudoku[689]" time="0"/>
  <testcase classname="com.HiQ.sudokugenerator.SudokuGeneratorTest" name="testGenerateaPlaybleEasySudoku[689]" time="0"/>
  <testcase classname="com.HiQ.sudokugenerator.SudokuGeneratorTest" name="testGenerateaPlaybleHardSudoku[689]" time="0"/>
  <testcase classname="com.HiQ.sudokugenerator.SudokuGeneratorTest" name="testGenerateaPlaybleMediumSudoku[689]" time="0"/>
  <testcase classname="com.HiQ.sudokugenerator.SudokuGeneratorTest" name="testGenerateAndInValidateValidSudoku[690]" time="0"/>
  <testcase classname="com.HiQ.sudokugenerator.SudokuGeneratorTest" name="testGenerateAndValidateValidSudoku[690]" time="0"/>
  <testcase classname="com.HiQ.sudokugenerator.SudokuGeneratorTest" name="testGenerateaPlaybleEasySudoku[690]" time="0"/>
  <testcase classname="com.HiQ.sudokugenerator.SudokuGeneratorTest" name="testGenerateaPlaybleHardSudoku[690]" time="0"/>
  <testcase classname="com.HiQ.sudokugenerator.SudokuGeneratorTest" name="testGenerateaPlaybleMediumSudoku[690]" time="0"/>
  <testcase classname="com.HiQ.sudokugenerator.SudokuGeneratorTest" name="testGenerateAndInValidateValidSudoku[691]" time="0"/>
  <testcase classname="com.HiQ.sudokugenerator.SudokuGeneratorTest" name="testGenerateAndValidateValidSudoku[691]" time="0"/>
  <testcase classname="com.HiQ.sudokugenerator.SudokuGeneratorTest" name="testGenerateaPlaybleEasySudoku[691]" time="0"/>
  <testcase classname="com.HiQ.sudokugenerator.SudokuGeneratorTest" name="testGenerateaPlaybleHardSudoku[691]" time="0"/>
  <testcase classname="com.HiQ.sudokugenerator.SudokuGeneratorTest" name="testGenerateaPlaybleMediumSudoku[691]" time="0"/>
  <testcase classname="com.HiQ.sudokugenerator.SudokuGeneratorTest" name="testGenerateAndInValidateValidSudoku[692]" time="0"/>
  <testcase classname="com.HiQ.sudokugenerator.SudokuGeneratorTest" name="testGenerateAndValidateValidSudoku[692]" time="0"/>
  <testcase classname="com.HiQ.sudokugenerator.SudokuGeneratorTest" name="testGenerateaPlaybleEasySudoku[692]" time="0"/>
  <testcase classname="com.HiQ.sudokugenerator.SudokuGeneratorTest" name="testGenerateaPlaybleHardSudoku[692]" time="0"/>
  <testcase classname="com.HiQ.sudokugenerator.SudokuGeneratorTest" name="testGenerateaPlaybleMediumSudoku[692]" time="0"/>
  <testcase classname="com.HiQ.sudokugenerator.SudokuGeneratorTest" name="testGenerateAndInValidateValidSudoku[693]" time="0"/>
  <testcase classname="com.HiQ.sudokugenerator.SudokuGeneratorTest" name="testGenerateAndValidateValidSudoku[693]" time="0"/>
  <testcase classname="com.HiQ.sudokugenerator.SudokuGeneratorTest" name="testGenerateaPlaybleEasySudoku[693]" time="0"/>
  <testcase classname="com.HiQ.sudokugenerator.SudokuGeneratorTest" name="testGenerateaPlaybleHardSudoku[693]" time="0"/>
  <testcase classname="com.HiQ.sudokugenerator.SudokuGeneratorTest" name="testGenerateaPlaybleMediumSudoku[693]" time="0"/>
  <testcase classname="com.HiQ.sudokugenerator.SudokuGeneratorTest" name="testGenerateAndInValidateValidSudoku[694]" time="0"/>
  <testcase classname="com.HiQ.sudokugenerator.SudokuGeneratorTest" name="testGenerateAndValidateValidSudoku[694]" time="0"/>
  <testcase classname="com.HiQ.sudokugenerator.SudokuGeneratorTest" name="testGenerateaPlaybleEasySudoku[694]" time="0"/>
  <testcase classname="com.HiQ.sudokugenerator.SudokuGeneratorTest" name="testGenerateaPlaybleHardSudoku[694]" time="0"/>
  <testcase classname="com.HiQ.sudokugenerator.SudokuGeneratorTest" name="testGenerateaPlaybleMediumSudoku[694]" time="0"/>
  <testcase classname="com.HiQ.sudokugenerator.SudokuGeneratorTest" name="testGenerateAndInValidateValidSudoku[695]" time="0"/>
  <testcase classname="com.HiQ.sudokugenerator.SudokuGeneratorTest" name="testGenerateAndValidateValidSudoku[695]" time="0"/>
  <testcase classname="com.HiQ.sudokugenerator.SudokuGeneratorTest" name="testGenerateaPlaybleEasySudoku[695]" time="0"/>
  <testcase classname="com.HiQ.sudokugenerator.SudokuGeneratorTest" name="testGenerateaPlaybleHardSudoku[695]" time="0"/>
  <testcase classname="com.HiQ.sudokugenerator.SudokuGeneratorTest" name="testGenerateaPlaybleMediumSudoku[695]" time="0"/>
  <testcase classname="com.HiQ.sudokugenerator.SudokuGeneratorTest" name="testGenerateAndInValidateValidSudoku[696]" time="0"/>
  <testcase classname="com.HiQ.sudokugenerator.SudokuGeneratorTest" name="testGenerateAndValidateValidSudoku[696]" time="0"/>
  <testcase classname="com.HiQ.sudokugenerator.SudokuGeneratorTest" name="testGenerateaPlaybleEasySudoku[696]" time="0"/>
  <testcase classname="com.HiQ.sudokugenerator.SudokuGeneratorTest" name="testGenerateaPlaybleHardSudoku[696]" time="0"/>
  <testcase classname="com.HiQ.sudokugenerator.SudokuGeneratorTest" name="testGenerateaPlaybleMediumSudoku[696]" time="0"/>
  <testcase classname="com.HiQ.sudokugenerator.SudokuGeneratorTest" name="testGenerateAndInValidateValidSudoku[697]" time="0"/>
  <testcase classname="com.HiQ.sudokugenerator.SudokuGeneratorTest" name="testGenerateAndValidateValidSudoku[697]" time="0"/>
  <testcase classname="com.HiQ.sudokugenerator.SudokuGeneratorTest" name="testGenerateaPlaybleEasySudoku[697]" time="0"/>
  <testcase classname="com.HiQ.sudokugenerator.SudokuGeneratorTest" name="testGenerateaPlaybleHardSudoku[697]" time="0"/>
  <testcase classname="com.HiQ.sudokugenerator.SudokuGeneratorTest" name="testGenerateaPlaybleMediumSudoku[697]" time="0"/>
  <testcase classname="com.HiQ.sudokugenerator.SudokuGeneratorTest" name="testGenerateAndInValidateValidSudoku[698]" time="0"/>
  <testcase classname="com.HiQ.sudokugenerator.SudokuGeneratorTest" name="testGenerateAndValidateValidSudoku[698]" time="0"/>
  <testcase classname="com.HiQ.sudokugenerator.SudokuGeneratorTest" name="testGenerateaPlaybleEasySudoku[698]" time="0"/>
  <testcase classname="com.HiQ.sudokugenerator.SudokuGeneratorTest" name="testGenerateaPlaybleHardSudoku[698]" time="0"/>
  <testcase classname="com.HiQ.sudokugenerator.SudokuGeneratorTest" name="testGenerateaPlaybleMediumSudoku[698]" time="0.001"/>
  <testcase classname="com.HiQ.sudokugenerator.SudokuGeneratorTest" name="testGenerateAndInValidateValidSudoku[699]" time="0"/>
  <testcase classname="com.HiQ.sudokugenerator.SudokuGeneratorTest" name="testGenerateAndValidateValidSudoku[699]" time="0"/>
  <testcase classname="com.HiQ.sudokugenerator.SudokuGeneratorTest" name="testGenerateaPlaybleEasySudoku[699]" time="0"/>
  <testcase classname="com.HiQ.sudokugenerator.SudokuGeneratorTest" name="testGenerateaPlaybleHardSudoku[699]" time="0"/>
  <testcase classname="com.HiQ.sudokugenerator.SudokuGeneratorTest" name="testGenerateaPlaybleMediumSudoku[699]" time="0"/>
  <testcase classname="com.HiQ.sudokugenerator.SudokuGeneratorTest" name="testGenerateAndInValidateValidSudoku[700]" time="0"/>
  <testcase classname="com.HiQ.sudokugenerator.SudokuGeneratorTest" name="testGenerateAndValidateValidSudoku[700]" time="0"/>
  <testcase classname="com.HiQ.sudokugenerator.SudokuGeneratorTest" name="testGenerateaPlaybleEasySudoku[700]" time="0"/>
  <testcase classname="com.HiQ.sudokugenerator.SudokuGeneratorTest" name="testGenerateaPlaybleHardSudoku[700]" time="0"/>
  <testcase classname="com.HiQ.sudokugenerator.SudokuGeneratorTest" name="testGenerateaPlaybleMediumSudoku[700]" time="0"/>
  <testcase classname="com.HiQ.sudokugenerator.SudokuGeneratorTest" name="testGenerateAndInValidateValidSudoku[701]" time="0"/>
  <testcase classname="com.HiQ.sudokugenerator.SudokuGeneratorTest" name="testGenerateAndValidateValidSudoku[701]" time="0"/>
  <testcase classname="com.HiQ.sudokugenerator.SudokuGeneratorTest" name="testGenerateaPlaybleEasySudoku[701]" time="0"/>
  <testcase classname="com.HiQ.sudokugenerator.SudokuGeneratorTest" name="testGenerateaPlaybleHardSudoku[701]" time="0"/>
  <testcase classname="com.HiQ.sudokugenerator.SudokuGeneratorTest" name="testGenerateaPlaybleMediumSudoku[701]" time="0"/>
  <testcase classname="com.HiQ.sudokugenerator.SudokuGeneratorTest" name="testGenerateAndInValidateValidSudoku[702]" time="0"/>
  <testcase classname="com.HiQ.sudokugenerator.SudokuGeneratorTest" name="testGenerateAndValidateValidSudoku[702]" time="0"/>
  <testcase classname="com.HiQ.sudokugenerator.SudokuGeneratorTest" name="testGenerateaPlaybleEasySudoku[702]" time="0"/>
  <testcase classname="com.HiQ.sudokugenerator.SudokuGeneratorTest" name="testGenerateaPlaybleHardSudoku[702]" time="0"/>
  <testcase classname="com.HiQ.sudokugenerator.SudokuGeneratorTest" name="testGenerateaPlaybleMediumSudoku[702]" time="0"/>
  <testcase classname="com.HiQ.sudokugenerator.SudokuGeneratorTest" name="testGenerateAndInValidateValidSudoku[703]" time="0"/>
  <testcase classname="com.HiQ.sudokugenerator.SudokuGeneratorTest" name="testGenerateAndValidateValidSudoku[703]" time="0"/>
  <testcase classname="com.HiQ.sudokugenerator.SudokuGeneratorTest" name="testGenerateaPlaybleEasySudoku[703]" time="0"/>
  <testcase classname="com.HiQ.sudokugenerator.SudokuGeneratorTest" name="testGenerateaPlaybleHardSudoku[703]" time="0"/>
  <testcase classname="com.HiQ.sudokugenerator.SudokuGeneratorTest" name="testGenerateaPlaybleMediumSudoku[703]" time="0"/>
  <testcase classname="com.HiQ.sudokugenerator.SudokuGeneratorTest" name="testGenerateAndInValidateValidSudoku[704]" time="0"/>
  <testcase classname="com.HiQ.sudokugenerator.SudokuGeneratorTest" name="testGenerateAndValidateValidSudoku[704]" time="0"/>
  <testcase classname="com.HiQ.sudokugenerator.SudokuGeneratorTest" name="testGenerateaPlaybleEasySudoku[704]" time="0"/>
  <testcase classname="com.HiQ.sudokugenerator.SudokuGeneratorTest" name="testGenerateaPlaybleHardSudoku[704]" time="0"/>
  <testcase classname="com.HiQ.sudokugenerator.SudokuGeneratorTest" name="testGenerateaPlaybleMediumSudoku[704]" time="0"/>
  <testcase classname="com.HiQ.sudokugenerator.SudokuGeneratorTest" name="testGenerateAndInValidateValidSudoku[705]" time="0"/>
  <testcase classname="com.HiQ.sudokugenerator.SudokuGeneratorTest" name="testGenerateAndValidateValidSudoku[705]" time="0"/>
  <testcase classname="com.HiQ.sudokugenerator.SudokuGeneratorTest" name="testGenerateaPlaybleEasySudoku[705]" time="0"/>
  <testcase classname="com.HiQ.sudokugenerator.SudokuGeneratorTest" name="testGenerateaPlaybleHardSudoku[705]" time="0"/>
  <testcase classname="com.HiQ.sudokugenerator.SudokuGeneratorTest" name="testGenerateaPlaybleMediumSudoku[705]" time="0"/>
  <testcase classname="com.HiQ.sudokugenerator.SudokuGeneratorTest" name="testGenerateAndInValidateValidSudoku[706]" time="0"/>
  <testcase classname="com.HiQ.sudokugenerator.SudokuGeneratorTest" name="testGenerateAndValidateValidSudoku[706]" time="0"/>
  <testcase classname="com.HiQ.sudokugenerator.SudokuGeneratorTest" name="testGenerateaPlaybleEasySudoku[706]" time="0"/>
  <testcase classname="com.HiQ.sudokugenerator.SudokuGeneratorTest" name="testGenerateaPlaybleHardSudoku[706]" time="0"/>
  <testcase classname="com.HiQ.sudokugenerator.SudokuGeneratorTest" name="testGenerateaPlaybleMediumSudoku[706]" time="0"/>
  <testcase classname="com.HiQ.sudokugenerator.SudokuGeneratorTest" name="testGenerateAndInValidateValidSudoku[707]" time="0"/>
  <testcase classname="com.HiQ.sudokugenerator.SudokuGeneratorTest" name="testGenerateAndValidateValidSudoku[707]" time="0"/>
  <testcase classname="com.HiQ.sudokugenerator.SudokuGeneratorTest" name="testGenerateaPlaybleEasySudoku[707]" time="0"/>
  <testcase classname="com.HiQ.sudokugenerator.SudokuGeneratorTest" name="testGenerateaPlaybleHardSudoku[707]" time="0"/>
  <testcase classname="com.HiQ.sudokugenerator.SudokuGeneratorTest" name="testGenerateaPlaybleMediumSudoku[707]" time="0"/>
  <testcase classname="com.HiQ.sudokugenerator.SudokuGeneratorTest" name="testGenerateAndInValidateValidSudoku[708]" time="0"/>
  <testcase classname="com.HiQ.sudokugenerator.SudokuGeneratorTest" name="testGenerateAndValidateValidSudoku[708]" time="0"/>
  <testcase classname="com.HiQ.sudokugenerator.SudokuGeneratorTest" name="testGenerateaPlaybleEasySudoku[708]" time="0"/>
  <testcase classname="com.HiQ.sudokugenerator.SudokuGeneratorTest" name="testGenerateaPlaybleHardSudoku[708]" time="0"/>
  <testcase classname="com.HiQ.sudokugenerator.SudokuGeneratorTest" name="testGenerateaPlaybleMediumSudoku[708]" time="0"/>
  <testcase classname="com.HiQ.sudokugenerator.SudokuGeneratorTest" name="testGenerateAndInValidateValidSudoku[709]" time="0"/>
  <testcase classname="com.HiQ.sudokugenerator.SudokuGeneratorTest" name="testGenerateAndValidateValidSudoku[709]" time="0"/>
  <testcase classname="com.HiQ.sudokugenerator.SudokuGeneratorTest" name="testGenerateaPlaybleEasySudoku[709]" time="0"/>
  <testcase classname="com.HiQ.sudokugenerator.SudokuGeneratorTest" name="testGenerateaPlaybleHardSudoku[709]" time="0"/>
  <testcase classname="com.HiQ.sudokugenerator.SudokuGeneratorTest" name="testGenerateaPlaybleMediumSudoku[709]" time="0"/>
  <testcase classname="com.HiQ.sudokugenerator.SudokuGeneratorTest" name="testGenerateAndInValidateValidSudoku[710]" time="0"/>
  <testcase classname="com.HiQ.sudokugenerator.SudokuGeneratorTest" name="testGenerateAndValidateValidSudoku[710]" time="0"/>
  <testcase classname="com.HiQ.sudokugenerator.SudokuGeneratorTest" name="testGenerateaPlaybleEasySudoku[710]" time="0"/>
  <testcase classname="com.HiQ.sudokugenerator.SudokuGeneratorTest" name="testGenerateaPlaybleHardSudoku[710]" time="0"/>
  <testcase classname="com.HiQ.sudokugenerator.SudokuGeneratorTest" name="testGenerateaPlaybleMediumSudoku[710]" time="0"/>
  <testcase classname="com.HiQ.sudokugenerator.SudokuGeneratorTest" name="testGenerateAndInValidateValidSudoku[711]" time="0"/>
  <testcase classname="com.HiQ.sudokugenerator.SudokuGeneratorTest" name="testGenerateAndValidateValidSudoku[711]" time="0"/>
  <testcase classname="com.HiQ.sudokugenerator.SudokuGeneratorTest" name="testGenerateaPlaybleEasySudoku[711]" time="0"/>
  <testcase classname="com.HiQ.sudokugenerator.SudokuGeneratorTest" name="testGenerateaPlaybleHardSudoku[711]" time="0"/>
  <testcase classname="com.HiQ.sudokugenerator.SudokuGeneratorTest" name="testGenerateaPlaybleMediumSudoku[711]" time="0"/>
  <testcase classname="com.HiQ.sudokugenerator.SudokuGeneratorTest" name="testGenerateAndInValidateValidSudoku[712]" time="0"/>
  <testcase classname="com.HiQ.sudokugenerator.SudokuGeneratorTest" name="testGenerateAndValidateValidSudoku[712]" time="0"/>
  <testcase classname="com.HiQ.sudokugenerator.SudokuGeneratorTest" name="testGenerateaPlaybleEasySudoku[712]" time="0"/>
  <testcase classname="com.HiQ.sudokugenerator.SudokuGeneratorTest" name="testGenerateaPlaybleHardSudoku[712]" time="0"/>
  <testcase classname="com.HiQ.sudokugenerator.SudokuGeneratorTest" name="testGenerateaPlaybleMediumSudoku[712]" time="0"/>
  <testcase classname="com.HiQ.sudokugenerator.SudokuGeneratorTest" name="testGenerateAndInValidateValidSudoku[713]" time="0"/>
  <testcase classname="com.HiQ.sudokugenerator.SudokuGeneratorTest" name="testGenerateAndValidateValidSudoku[713]" time="0"/>
  <testcase classname="com.HiQ.sudokugenerator.SudokuGeneratorTest" name="testGenerateaPlaybleEasySudoku[713]" time="0"/>
  <testcase classname="com.HiQ.sudokugenerator.SudokuGeneratorTest" name="testGenerateaPlaybleHardSudoku[713]" time="0"/>
  <testcase classname="com.HiQ.sudokugenerator.SudokuGeneratorTest" name="testGenerateaPlaybleMediumSudoku[713]" time="0"/>
  <testcase classname="com.HiQ.sudokugenerator.SudokuGeneratorTest" name="testGenerateAndInValidateValidSudoku[714]" time="0"/>
  <testcase classname="com.HiQ.sudokugenerator.SudokuGeneratorTest" name="testGenerateAndValidateValidSudoku[714]" time="0"/>
  <testcase classname="com.HiQ.sudokugenerator.SudokuGeneratorTest" name="testGenerateaPlaybleEasySudoku[714]" time="0"/>
  <testcase classname="com.HiQ.sudokugenerator.SudokuGeneratorTest" name="testGenerateaPlaybleHardSudoku[714]" time="0"/>
  <testcase classname="com.HiQ.sudokugenerator.SudokuGeneratorTest" name="testGenerateaPlaybleMediumSudoku[714]" time="0"/>
  <testcase classname="com.HiQ.sudokugenerator.SudokuGeneratorTest" name="testGenerateAndInValidateValidSudoku[715]" time="0"/>
  <testcase classname="com.HiQ.sudokugenerator.SudokuGeneratorTest" name="testGenerateAndValidateValidSudoku[715]" time="0"/>
  <testcase classname="com.HiQ.sudokugenerator.SudokuGeneratorTest" name="testGenerateaPlaybleEasySudoku[715]" time="0"/>
  <testcase classname="com.HiQ.sudokugenerator.SudokuGeneratorTest" name="testGenerateaPlaybleHardSudoku[715]" time="0"/>
  <testcase classname="com.HiQ.sudokugenerator.SudokuGeneratorTest" name="testGenerateaPlaybleMediumSudoku[715]" time="0"/>
  <testcase classname="com.HiQ.sudokugenerator.SudokuGeneratorTest" name="testGenerateAndInValidateValidSudoku[716]" time="0"/>
  <testcase classname="com.HiQ.sudokugenerator.SudokuGeneratorTest" name="testGenerateAndValidateValidSudoku[716]" time="0"/>
  <testcase classname="com.HiQ.sudokugenerator.SudokuGeneratorTest" name="testGenerateaPlaybleEasySudoku[716]" time="0.08"/>
  <testcase classname="com.HiQ.sudokugenerator.SudokuGeneratorTest" name="testGenerateaPlaybleHardSudoku[716]" time="0"/>
  <testcase classname="com.HiQ.sudokugenerator.SudokuGeneratorTest" name="testGenerateaPlaybleMediumSudoku[716]" time="0"/>
  <testcase classname="com.HiQ.sudokugenerator.SudokuGeneratorTest" name="testGenerateAndInValidateValidSudoku[717]" time="0"/>
  <testcase classname="com.HiQ.sudokugenerator.SudokuGeneratorTest" name="testGenerateAndValidateValidSudoku[717]" time="0"/>
  <testcase classname="com.HiQ.sudokugenerator.SudokuGeneratorTest" name="testGenerateaPlaybleEasySudoku[717]" time="0"/>
  <testcase classname="com.HiQ.sudokugenerator.SudokuGeneratorTest" name="testGenerateaPlaybleHardSudoku[717]" time="0"/>
  <testcase classname="com.HiQ.sudokugenerator.SudokuGeneratorTest" name="testGenerateaPlaybleMediumSudoku[717]" time="0"/>
  <testcase classname="com.HiQ.sudokugenerator.SudokuGeneratorTest" name="testGenerateAndInValidateValidSudoku[718]" time="0"/>
  <testcase classname="com.HiQ.sudokugenerator.SudokuGeneratorTest" name="testGenerateAndValidateValidSudoku[718]" time="0"/>
  <testcase classname="com.HiQ.sudokugenerator.SudokuGeneratorTest" name="testGenerateaPlaybleEasySudoku[718]" time="0"/>
  <testcase classname="com.HiQ.sudokugenerator.SudokuGeneratorTest" name="testGenerateaPlaybleHardSudoku[718]" time="0"/>
  <testcase classname="com.HiQ.sudokugenerator.SudokuGeneratorTest" name="testGenerateaPlaybleMediumSudoku[718]" time="0"/>
  <testcase classname="com.HiQ.sudokugenerator.SudokuGeneratorTest" name="testGenerateAndInValidateValidSudoku[719]" time="0"/>
  <testcase classname="com.HiQ.sudokugenerator.SudokuGeneratorTest" name="testGenerateAndValidateValidSudoku[719]" time="0"/>
  <testcase classname="com.HiQ.sudokugenerator.SudokuGeneratorTest" name="testGenerateaPlaybleEasySudoku[719]" time="0"/>
  <testcase classname="com.HiQ.sudokugenerator.SudokuGeneratorTest" name="testGenerateaPlaybleHardSudoku[719]" time="0"/>
  <testcase classname="com.HiQ.sudokugenerator.SudokuGeneratorTest" name="testGenerateaPlaybleMediumSudoku[719]" time="0"/>
  <testcase classname="com.HiQ.sudokugenerator.SudokuGeneratorTest" name="testGenerateAndInValidateValidSudoku[720]" time="0"/>
  <testcase classname="com.HiQ.sudokugenerator.SudokuGeneratorTest" name="testGenerateAndValidateValidSudoku[720]" time="0"/>
  <testcase classname="com.HiQ.sudokugenerator.SudokuGeneratorTest" name="testGenerateaPlaybleEasySudoku[720]" time="0"/>
  <testcase classname="com.HiQ.sudokugenerator.SudokuGeneratorTest" name="testGenerateaPlaybleHardSudoku[720]" time="0"/>
  <testcase classname="com.HiQ.sudokugenerator.SudokuGeneratorTest" name="testGenerateaPlaybleMediumSudoku[720]" time="0"/>
  <testcase classname="com.HiQ.sudokugenerator.SudokuGeneratorTest" name="testGenerateAndInValidateValidSudoku[721]" time="0"/>
  <testcase classname="com.HiQ.sudokugenerator.SudokuGeneratorTest" name="testGenerateAndValidateValidSudoku[721]" time="0"/>
  <testcase classname="com.HiQ.sudokugenerator.SudokuGeneratorTest" name="testGenerateaPlaybleEasySudoku[721]" time="0"/>
  <testcase classname="com.HiQ.sudokugenerator.SudokuGeneratorTest" name="testGenerateaPlaybleHardSudoku[721]" time="0"/>
  <testcase classname="com.HiQ.sudokugenerator.SudokuGeneratorTest" name="testGenerateaPlaybleMediumSudoku[721]" time="0"/>
  <testcase classname="com.HiQ.sudokugenerator.SudokuGeneratorTest" name="testGenerateAndInValidateValidSudoku[722]" time="0"/>
  <testcase classname="com.HiQ.sudokugenerator.SudokuGeneratorTest" name="testGenerateAndValidateValidSudoku[722]" time="0"/>
  <testcase classname="com.HiQ.sudokugenerator.SudokuGeneratorTest" name="testGenerateaPlaybleEasySudoku[722]" time="0"/>
  <testcase classname="com.HiQ.sudokugenerator.SudokuGeneratorTest" name="testGenerateaPlaybleHardSudoku[722]" time="0"/>
  <testcase classname="com.HiQ.sudokugenerator.SudokuGeneratorTest" name="testGenerateaPlaybleMediumSudoku[722]" time="0"/>
  <testcase classname="com.HiQ.sudokugenerator.SudokuGeneratorTest" name="testGenerateAndInValidateValidSudoku[723]" time="0"/>
  <testcase classname="com.HiQ.sudokugenerator.SudokuGeneratorTest" name="testGenerateAndValidateValidSudoku[723]" time="0"/>
  <testcase classname="com.HiQ.sudokugenerator.SudokuGeneratorTest" name="testGenerateaPlaybleEasySudoku[723]" time="0"/>
  <testcase classname="com.HiQ.sudokugenerator.SudokuGeneratorTest" name="testGenerateaPlaybleHardSudoku[723]" time="0"/>
  <testcase classname="com.HiQ.sudokugenerator.SudokuGeneratorTest" name="testGenerateaPlaybleMediumSudoku[723]" time="0"/>
  <testcase classname="com.HiQ.sudokugenerator.SudokuGeneratorTest" name="testGenerateAndInValidateValidSudoku[724]" time="0"/>
  <testcase classname="com.HiQ.sudokugenerator.SudokuGeneratorTest" name="testGenerateAndValidateValidSudoku[724]" time="0"/>
  <testcase classname="com.HiQ.sudokugenerator.SudokuGeneratorTest" name="testGenerateaPlaybleEasySudoku[724]" time="0"/>
  <testcase classname="com.HiQ.sudokugenerator.SudokuGeneratorTest" name="testGenerateaPlaybleHardSudoku[724]" time="0.001"/>
  <testcase classname="com.HiQ.sudokugenerator.SudokuGeneratorTest" name="testGenerateaPlaybleMediumSudoku[724]" time="0"/>
  <testcase classname="com.HiQ.sudokugenerator.SudokuGeneratorTest" name="testGenerateAndInValidateValidSudoku[725]" time="0"/>
  <testcase classname="com.HiQ.sudokugenerator.SudokuGeneratorTest" name="testGenerateAndValidateValidSudoku[725]" time="0"/>
  <testcase classname="com.HiQ.sudokugenerator.SudokuGeneratorTest" name="testGenerateaPlaybleEasySudoku[725]" time="0"/>
  <testcase classname="com.HiQ.sudokugenerator.SudokuGeneratorTest" name="testGenerateaPlaybleHardSudoku[725]" time="0"/>
  <testcase classname="com.HiQ.sudokugenerator.SudokuGeneratorTest" name="testGenerateaPlaybleMediumSudoku[725]" time="0"/>
  <testcase classname="com.HiQ.sudokugenerator.SudokuGeneratorTest" name="testGenerateAndInValidateValidSudoku[726]" time="0"/>
  <testcase classname="com.HiQ.sudokugenerator.SudokuGeneratorTest" name="testGenerateAndValidateValidSudoku[726]" time="0"/>
  <testcase classname="com.HiQ.sudokugenerator.SudokuGeneratorTest" name="testGenerateaPlaybleEasySudoku[726]" time="0"/>
  <testcase classname="com.HiQ.sudokugenerator.SudokuGeneratorTest" name="testGenerateaPlaybleHardSudoku[726]" time="0"/>
  <testcase classname="com.HiQ.sudokugenerator.SudokuGeneratorTest" name="testGenerateaPlaybleMediumSudoku[726]" time="0"/>
  <testcase classname="com.HiQ.sudokugenerator.SudokuGeneratorTest" name="testGenerateAndInValidateValidSudoku[727]" time="0"/>
  <testcase classname="com.HiQ.sudokugenerator.SudokuGeneratorTest" name="testGenerateAndValidateValidSudoku[727]" time="0"/>
  <testcase classname="com.HiQ.sudokugenerator.SudokuGeneratorTest" name="testGenerateaPlaybleEasySudoku[727]" time="0"/>
  <testcase classname="com.HiQ.sudokugenerator.SudokuGeneratorTest" name="testGenerateaPlaybleHardSudoku[727]" time="0"/>
  <testcase classname="com.HiQ.sudokugenerator.SudokuGeneratorTest" name="testGenerateaPlaybleMediumSudoku[727]" time="0"/>
  <testcase classname="com.HiQ.sudokugenerator.SudokuGeneratorTest" name="testGenerateAndInValidateValidSudoku[728]" time="0"/>
  <testcase classname="com.HiQ.sudokugenerator.SudokuGeneratorTest" name="testGenerateAndValidateValidSudoku[728]" time="0"/>
  <testcase classname="com.HiQ.sudokugenerator.SudokuGeneratorTest" name="testGenerateaPlaybleEasySudoku[728]" time="0"/>
  <testcase classname="com.HiQ.sudokugenerator.SudokuGeneratorTest" name="testGenerateaPlaybleHardSudoku[728]" time="0"/>
  <testcase classname="com.HiQ.sudokugenerator.SudokuGeneratorTest" name="testGenerateaPlaybleMediumSudoku[728]" time="0"/>
  <testcase classname="com.HiQ.sudokugenerator.SudokuGeneratorTest" name="testGenerateAndInValidateValidSudoku[729]" time="0"/>
  <testcase classname="com.HiQ.sudokugenerator.SudokuGeneratorTest" name="testGenerateAndValidateValidSudoku[729]" time="0"/>
  <testcase classname="com.HiQ.sudokugenerator.SudokuGeneratorTest" name="testGenerateaPlaybleEasySudoku[729]" time="0"/>
  <testcase classname="com.HiQ.sudokugenerator.SudokuGeneratorTest" name="testGenerateaPlaybleHardSudoku[729]" time="0"/>
  <testcase classname="com.HiQ.sudokugenerator.SudokuGeneratorTest" name="testGenerateaPlaybleMediumSudoku[729]" time="0"/>
  <testcase classname="com.HiQ.sudokugenerator.SudokuGeneratorTest" name="testGenerateAndInValidateValidSudoku[730]" time="0"/>
  <testcase classname="com.HiQ.sudokugenerator.SudokuGeneratorTest" name="testGenerateAndValidateValidSudoku[730]" time="0"/>
  <testcase classname="com.HiQ.sudokugenerator.SudokuGeneratorTest" name="testGenerateaPlaybleEasySudoku[730]" time="0"/>
  <testcase classname="com.HiQ.sudokugenerator.SudokuGeneratorTest" name="testGenerateaPlaybleHardSudoku[730]" time="0"/>
  <testcase classname="com.HiQ.sudokugenerator.SudokuGeneratorTest" name="testGenerateaPlaybleMediumSudoku[730]" time="0"/>
  <testcase classname="com.HiQ.sudokugenerator.SudokuGeneratorTest" name="testGenerateAndInValidateValidSudoku[731]" time="0"/>
  <testcase classname="com.HiQ.sudokugenerator.SudokuGeneratorTest" name="testGenerateAndValidateValidSudoku[731]" time="0"/>
  <testcase classname="com.HiQ.sudokugenerator.SudokuGeneratorTest" name="testGenerateaPlaybleEasySudoku[731]" time="0"/>
  <testcase classname="com.HiQ.sudokugenerator.SudokuGeneratorTest" name="testGenerateaPlaybleHardSudoku[731]" time="0"/>
  <testcase classname="com.HiQ.sudokugenerator.SudokuGeneratorTest" name="testGenerateaPlaybleMediumSudoku[731]" time="0"/>
  <testcase classname="com.HiQ.sudokugenerator.SudokuGeneratorTest" name="testGenerateAndInValidateValidSudoku[732]" time="0"/>
  <testcase classname="com.HiQ.sudokugenerator.SudokuGeneratorTest" name="testGenerateAndValidateValidSudoku[732]" time="0"/>
  <testcase classname="com.HiQ.sudokugenerator.SudokuGeneratorTest" name="testGenerateaPlaybleEasySudoku[732]" time="0"/>
  <testcase classname="com.HiQ.sudokugenerator.SudokuGeneratorTest" name="testGenerateaPlaybleHardSudoku[732]" time="0"/>
  <testcase classname="com.HiQ.sudokugenerator.SudokuGeneratorTest" name="testGenerateaPlaybleMediumSudoku[732]" time="0"/>
  <testcase classname="com.HiQ.sudokugenerator.SudokuGeneratorTest" name="testGenerateAndInValidateValidSudoku[733]" time="0"/>
  <testcase classname="com.HiQ.sudokugenerator.SudokuGeneratorTest" name="testGenerateAndValidateValidSudoku[733]" time="0"/>
  <testcase classname="com.HiQ.sudokugenerator.SudokuGeneratorTest" name="testGenerateaPlaybleEasySudoku[733]" time="0"/>
  <testcase classname="com.HiQ.sudokugenerator.SudokuGeneratorTest" name="testGenerateaPlaybleHardSudoku[733]" time="0"/>
  <testcase classname="com.HiQ.sudokugenerator.SudokuGeneratorTest" name="testGenerateaPlaybleMediumSudoku[733]" time="0"/>
  <testcase classname="com.HiQ.sudokugenerator.SudokuGeneratorTest" name="testGenerateAndInValidateValidSudoku[734]" time="0"/>
  <testcase classname="com.HiQ.sudokugenerator.SudokuGeneratorTest" name="testGenerateAndValidateValidSudoku[734]" time="0"/>
  <testcase classname="com.HiQ.sudokugenerator.SudokuGeneratorTest" name="testGenerateaPlaybleEasySudoku[734]" time="0"/>
  <testcase classname="com.HiQ.sudokugenerator.SudokuGeneratorTest" name="testGenerateaPlaybleHardSudoku[734]" time="0"/>
  <testcase classname="com.HiQ.sudokugenerator.SudokuGeneratorTest" name="testGenerateaPlaybleMediumSudoku[734]" time="0"/>
  <testcase classname="com.HiQ.sudokugenerator.SudokuGeneratorTest" name="testGenerateAndInValidateValidSudoku[735]" time="0"/>
  <testcase classname="com.HiQ.sudokugenerator.SudokuGeneratorTest" name="testGenerateAndValidateValidSudoku[735]" time="0"/>
  <testcase classname="com.HiQ.sudokugenerator.SudokuGeneratorTest" name="testGenerateaPlaybleEasySudoku[735]" time="0"/>
  <testcase classname="com.HiQ.sudokugenerator.SudokuGeneratorTest" name="testGenerateaPlaybleHardSudoku[735]" time="0"/>
  <testcase classname="com.HiQ.sudokugenerator.SudokuGeneratorTest" name="testGenerateaPlaybleMediumSudoku[735]" time="0"/>
  <testcase classname="com.HiQ.sudokugenerator.SudokuGeneratorTest" name="testGenerateAndInValidateValidSudoku[736]" time="0"/>
  <testcase classname="com.HiQ.sudokugenerator.SudokuGeneratorTest" name="testGenerateAndValidateValidSudoku[736]" time="0"/>
  <testcase classname="com.HiQ.sudokugenerator.SudokuGeneratorTest" name="testGenerateaPlaybleEasySudoku[736]" time="0"/>
  <testcase classname="com.HiQ.sudokugenerator.SudokuGeneratorTest" name="testGenerateaPlaybleHardSudoku[736]" time="0"/>
  <testcase classname="com.HiQ.sudokugenerator.SudokuGeneratorTest" name="testGenerateaPlaybleMediumSudoku[736]" time="0"/>
  <testcase classname="com.HiQ.sudokugenerator.SudokuGeneratorTest" name="testGenerateAndInValidateValidSudoku[737]" time="0"/>
  <testcase classname="com.HiQ.sudokugenerator.SudokuGeneratorTest" name="testGenerateAndValidateValidSudoku[737]" time="0"/>
  <testcase classname="com.HiQ.sudokugenerator.SudokuGeneratorTest" name="testGenerateaPlaybleEasySudoku[737]" time="0"/>
  <testcase classname="com.HiQ.sudokugenerator.SudokuGeneratorTest" name="testGenerateaPlaybleHardSudoku[737]" time="0"/>
  <testcase classname="com.HiQ.sudokugenerator.SudokuGeneratorTest" name="testGenerateaPlaybleMediumSudoku[737]" time="0"/>
  <testcase classname="com.HiQ.sudokugenerator.SudokuGeneratorTest" name="testGenerateAndInValidateValidSudoku[738]" time="0"/>
  <testcase classname="com.HiQ.sudokugenerator.SudokuGeneratorTest" name="testGenerateAndValidateValidSudoku[738]" time="0"/>
  <testcase classname="com.HiQ.sudokugenerator.SudokuGeneratorTest" name="testGenerateaPlaybleEasySudoku[738]" time="0"/>
  <testcase classname="com.HiQ.sudokugenerator.SudokuGeneratorTest" name="testGenerateaPlaybleHardSudoku[738]" time="0"/>
  <testcase classname="com.HiQ.sudokugenerator.SudokuGeneratorTest" name="testGenerateaPlaybleMediumSudoku[738]" time="0"/>
  <testcase classname="com.HiQ.sudokugenerator.SudokuGeneratorTest" name="testGenerateAndInValidateValidSudoku[739]" time="0"/>
  <testcase classname="com.HiQ.sudokugenerator.SudokuGeneratorTest" name="testGenerateAndValidateValidSudoku[739]" time="0"/>
  <testcase classname="com.HiQ.sudokugenerator.SudokuGeneratorTest" name="testGenerateaPlaybleEasySudoku[739]" time="0"/>
  <testcase classname="com.HiQ.sudokugenerator.SudokuGeneratorTest" name="testGenerateaPlaybleHardSudoku[739]" time="0"/>
  <testcase classname="com.HiQ.sudokugenerator.SudokuGeneratorTest" name="testGenerateaPlaybleMediumSudoku[739]" time="0"/>
  <testcase classname="com.HiQ.sudokugenerator.SudokuGeneratorTest" name="testGenerateAndInValidateValidSudoku[740]" time="0"/>
  <testcase classname="com.HiQ.sudokugenerator.SudokuGeneratorTest" name="testGenerateAndValidateValidSudoku[740]" time="0"/>
  <testcase classname="com.HiQ.sudokugenerator.SudokuGeneratorTest" name="testGenerateaPlaybleEasySudoku[740]" time="0"/>
  <testcase classname="com.HiQ.sudokugenerator.SudokuGeneratorTest" name="testGenerateaPlaybleHardSudoku[740]" time="0"/>
  <testcase classname="com.HiQ.sudokugenerator.SudokuGeneratorTest" name="testGenerateaPlaybleMediumSudoku[740]" time="0"/>
  <testcase classname="com.HiQ.sudokugenerator.SudokuGeneratorTest" name="testGenerateAndInValidateValidSudoku[741]" time="0"/>
  <testcase classname="com.HiQ.sudokugenerator.SudokuGeneratorTest" name="testGenerateAndValidateValidSudoku[741]" time="0"/>
  <testcase classname="com.HiQ.sudokugenerator.SudokuGeneratorTest" name="testGenerateaPlaybleEasySudoku[741]" time="0"/>
  <testcase classname="com.HiQ.sudokugenerator.SudokuGeneratorTest" name="testGenerateaPlaybleHardSudoku[741]" time="0"/>
  <testcase classname="com.HiQ.sudokugenerator.SudokuGeneratorTest" name="testGenerateaPlaybleMediumSudoku[741]" time="0"/>
  <testcase classname="com.HiQ.sudokugenerator.SudokuGeneratorTest" name="testGenerateAndInValidateValidSudoku[742]" time="0"/>
  <testcase classname="com.HiQ.sudokugenerator.SudokuGeneratorTest" name="testGenerateAndValidateValidSudoku[742]" time="0"/>
  <testcase classname="com.HiQ.sudokugenerator.SudokuGeneratorTest" name="testGenerateaPlaybleEasySudoku[742]" time="0"/>
  <testcase classname="com.HiQ.sudokugenerator.SudokuGeneratorTest" name="testGenerateaPlaybleHardSudoku[742]" time="0"/>
  <testcase classname="com.HiQ.sudokugenerator.SudokuGeneratorTest" name="testGenerateaPlaybleMediumSudoku[742]" time="0"/>
  <testcase classname="com.HiQ.sudokugenerator.SudokuGeneratorTest" name="testGenerateAndInValidateValidSudoku[743]" time="0"/>
  <testcase classname="com.HiQ.sudokugenerator.SudokuGeneratorTest" name="testGenerateAndValidateValidSudoku[743]" time="0"/>
  <testcase classname="com.HiQ.sudokugenerator.SudokuGeneratorTest" name="testGenerateaPlaybleEasySudoku[743]" time="0"/>
  <testcase classname="com.HiQ.sudokugenerator.SudokuGeneratorTest" name="testGenerateaPlaybleHardSudoku[743]" time="0"/>
  <testcase classname="com.HiQ.sudokugenerator.SudokuGeneratorTest" name="testGenerateaPlaybleMediumSudoku[743]" time="0"/>
  <testcase classname="com.HiQ.sudokugenerator.SudokuGeneratorTest" name="testGenerateAndInValidateValidSudoku[744]" time="0"/>
  <testcase classname="com.HiQ.sudokugenerator.SudokuGeneratorTest" name="testGenerateAndValidateValidSudoku[744]" time="0"/>
  <testcase classname="com.HiQ.sudokugenerator.SudokuGeneratorTest" name="testGenerateaPlaybleEasySudoku[744]" time="0"/>
  <testcase classname="com.HiQ.sudokugenerator.SudokuGeneratorTest" name="testGenerateaPlaybleHardSudoku[744]" time="0"/>
  <testcase classname="com.HiQ.sudokugenerator.SudokuGeneratorTest" name="testGenerateaPlaybleMediumSudoku[744]" time="0.047"/>
  <testcase classname="com.HiQ.sudokugenerator.SudokuGeneratorTest" name="testGenerateAndInValidateValidSudoku[745]" time="0"/>
  <testcase classname="com.HiQ.sudokugenerator.SudokuGeneratorTest" name="testGenerateAndValidateValidSudoku[745]" time="0"/>
  <testcase classname="com.HiQ.sudokugenerator.SudokuGeneratorTest" name="testGenerateaPlaybleEasySudoku[745]" time="0"/>
  <testcase classname="com.HiQ.sudokugenerator.SudokuGeneratorTest" name="testGenerateaPlaybleHardSudoku[745]" time="0"/>
  <testcase classname="com.HiQ.sudokugenerator.SudokuGeneratorTest" name="testGenerateaPlaybleMediumSudoku[745]" time="0"/>
  <testcase classname="com.HiQ.sudokugenerator.SudokuGeneratorTest" name="testGenerateAndInValidateValidSudoku[746]" time="0"/>
  <testcase classname="com.HiQ.sudokugenerator.SudokuGeneratorTest" name="testGenerateAndValidateValidSudoku[746]" time="0"/>
  <testcase classname="com.HiQ.sudokugenerator.SudokuGeneratorTest" name="testGenerateaPlaybleEasySudoku[746]" time="0"/>
  <testcase classname="com.HiQ.sudokugenerator.SudokuGeneratorTest" name="testGenerateaPlaybleHardSudoku[746]" time="0"/>
  <testcase classname="com.HiQ.sudokugenerator.SudokuGeneratorTest" name="testGenerateaPlaybleMediumSudoku[746]" time="0"/>
  <testcase classname="com.HiQ.sudokugenerator.SudokuGeneratorTest" name="testGenerateAndInValidateValidSudoku[747]" time="0"/>
  <testcase classname="com.HiQ.sudokugenerator.SudokuGeneratorTest" name="testGenerateAndValidateValidSudoku[747]" time="0"/>
  <testcase classname="com.HiQ.sudokugenerator.SudokuGeneratorTest" name="testGenerateaPlaybleEasySudoku[747]" time="0"/>
  <testcase classname="com.HiQ.sudokugenerator.SudokuGeneratorTest" name="testGenerateaPlaybleHardSudoku[747]" time="0"/>
  <testcase classname="com.HiQ.sudokugenerator.SudokuGeneratorTest" name="testGenerateaPlaybleMediumSudoku[747]" time="0"/>
  <testcase classname="com.HiQ.sudokugenerator.SudokuGeneratorTest" name="testGenerateAndInValidateValidSudoku[748]" time="0"/>
  <testcase classname="com.HiQ.sudokugenerator.SudokuGeneratorTest" name="testGenerateAndValidateValidSudoku[748]" time="0"/>
  <testcase classname="com.HiQ.sudokugenerator.SudokuGeneratorTest" name="testGenerateaPlaybleEasySudoku[748]" time="0"/>
  <testcase classname="com.HiQ.sudokugenerator.SudokuGeneratorTest" name="testGenerateaPlaybleHardSudoku[748]" time="0"/>
  <testcase classname="com.HiQ.sudokugenerator.SudokuGeneratorTest" name="testGenerateaPlaybleMediumSudoku[748]" time="0"/>
  <testcase classname="com.HiQ.sudokugenerator.SudokuGeneratorTest" name="testGenerateAndInValidateValidSudoku[749]" time="0"/>
  <testcase classname="com.HiQ.sudokugenerator.SudokuGeneratorTest" name="testGenerateAndValidateValidSudoku[749]" time="0"/>
  <testcase classname="com.HiQ.sudokugenerator.SudokuGeneratorTest" name="testGenerateaPlaybleEasySudoku[749]" time="0"/>
  <testcase classname="com.HiQ.sudokugenerator.SudokuGeneratorTest" name="testGenerateaPlaybleHardSudoku[749]" time="0"/>
  <testcase classname="com.HiQ.sudokugenerator.SudokuGeneratorTest" name="testGenerateaPlaybleMediumSudoku[749]" time="0"/>
  <testcase classname="com.HiQ.sudokugenerator.SudokuGeneratorTest" name="testGenerateAndInValidateValidSudoku[750]" time="0"/>
  <testcase classname="com.HiQ.sudokugenerator.SudokuGeneratorTest" name="testGenerateAndValidateValidSudoku[750]" time="0"/>
  <testcase classname="com.HiQ.sudokugenerator.SudokuGeneratorTest" name="testGenerateaPlaybleEasySudoku[750]" time="0"/>
  <testcase classname="com.HiQ.sudokugenerator.SudokuGeneratorTest" name="testGenerateaPlaybleHardSudoku[750]" time="0"/>
  <testcase classname="com.HiQ.sudokugenerator.SudokuGeneratorTest" name="testGenerateaPlaybleMediumSudoku[750]" time="0"/>
  <testcase classname="com.HiQ.sudokugenerator.SudokuGeneratorTest" name="testGenerateAndInValidateValidSudoku[751]" time="0"/>
  <testcase classname="com.HiQ.sudokugenerator.SudokuGeneratorTest" name="testGenerateAndValidateValidSudoku[751]" time="0"/>
  <testcase classname="com.HiQ.sudokugenerator.SudokuGeneratorTest" name="testGenerateaPlaybleEasySudoku[751]" time="0"/>
  <testcase classname="com.HiQ.sudokugenerator.SudokuGeneratorTest" name="testGenerateaPlaybleHardSudoku[751]" time="0"/>
  <testcase classname="com.HiQ.sudokugenerator.SudokuGeneratorTest" name="testGenerateaPlaybleMediumSudoku[751]" time="0"/>
  <testcase classname="com.HiQ.sudokugenerator.SudokuGeneratorTest" name="testGenerateAndInValidateValidSudoku[752]" time="0"/>
  <testcase classname="com.HiQ.sudokugenerator.SudokuGeneratorTest" name="testGenerateAndValidateValidSudoku[752]" time="0"/>
  <testcase classname="com.HiQ.sudokugenerator.SudokuGeneratorTest" name="testGenerateaPlaybleEasySudoku[752]" time="0"/>
  <testcase classname="com.HiQ.sudokugenerator.SudokuGeneratorTest" name="testGenerateaPlaybleHardSudoku[752]" time="0"/>
  <testcase classname="com.HiQ.sudokugenerator.SudokuGeneratorTest" name="testGenerateaPlaybleMediumSudoku[752]" time="0"/>
  <testcase classname="com.HiQ.sudokugenerator.SudokuGeneratorTest" name="testGenerateAndInValidateValidSudoku[753]" time="0"/>
  <testcase classname="com.HiQ.sudokugenerator.SudokuGeneratorTest" name="testGenerateAndValidateValidSudoku[753]" time="0"/>
  <testcase classname="com.HiQ.sudokugenerator.SudokuGeneratorTest" name="testGenerateaPlaybleEasySudoku[753]" time="0"/>
  <testcase classname="com.HiQ.sudokugenerator.SudokuGeneratorTest" name="testGenerateaPlaybleHardSudoku[753]" time="0"/>
  <testcase classname="com.HiQ.sudokugenerator.SudokuGeneratorTest" name="testGenerateaPlaybleMediumSudoku[753]" time="0"/>
  <testcase classname="com.HiQ.sudokugenerator.SudokuGeneratorTest" name="testGenerateAndInValidateValidSudoku[754]" time="0"/>
  <testcase classname="com.HiQ.sudokugenerator.SudokuGeneratorTest" name="testGenerateAndValidateValidSudoku[754]" time="0"/>
  <testcase classname="com.HiQ.sudokugenerator.SudokuGeneratorTest" name="testGenerateaPlaybleEasySudoku[754]" time="0"/>
  <testcase classname="com.HiQ.sudokugenerator.SudokuGeneratorTest" name="testGenerateaPlaybleHardSudoku[754]" time="0"/>
  <testcase classname="com.HiQ.sudokugenerator.SudokuGeneratorTest" name="testGenerateaPlaybleMediumSudoku[754]" time="0"/>
  <testcase classname="com.HiQ.sudokugenerator.SudokuGeneratorTest" name="testGenerateAndInValidateValidSudoku[755]" time="0"/>
  <testcase classname="com.HiQ.sudokugenerator.SudokuGeneratorTest" name="testGenerateAndValidateValidSudoku[755]" time="0"/>
  <testcase classname="com.HiQ.sudokugenerator.SudokuGeneratorTest" name="testGenerateaPlaybleEasySudoku[755]" time="0"/>
  <testcase classname="com.HiQ.sudokugenerator.SudokuGeneratorTest" name="testGenerateaPlaybleHardSudoku[755]" time="0"/>
  <testcase classname="com.HiQ.sudokugenerator.SudokuGeneratorTest" name="testGenerateaPlaybleMediumSudoku[755]" time="0"/>
  <testcase classname="com.HiQ.sudokugenerator.SudokuGeneratorTest" name="testGenerateAndInValidateValidSudoku[756]" time="0"/>
  <testcase classname="com.HiQ.sudokugenerator.SudokuGeneratorTest" name="testGenerateAndValidateValidSudoku[756]" time="0"/>
  <testcase classname="com.HiQ.sudokugenerator.SudokuGeneratorTest" name="testGenerateaPlaybleEasySudoku[756]" time="0"/>
  <testcase classname="com.HiQ.sudokugenerator.SudokuGeneratorTest" name="testGenerateaPlaybleHardSudoku[756]" time="0"/>
  <testcase classname="com.HiQ.sudokugenerator.SudokuGeneratorTest" name="testGenerateaPlaybleMediumSudoku[756]" time="0"/>
  <testcase classname="com.HiQ.sudokugenerator.SudokuGeneratorTest" name="testGenerateAndInValidateValidSudoku[757]" time="0"/>
  <testcase classname="com.HiQ.sudokugenerator.SudokuGeneratorTest" name="testGenerateAndValidateValidSudoku[757]" time="0"/>
  <testcase classname="com.HiQ.sudokugenerator.SudokuGeneratorTest" name="testGenerateaPlaybleEasySudoku[757]" time="0"/>
  <testcase classname="com.HiQ.sudokugenerator.SudokuGeneratorTest" name="testGenerateaPlaybleHardSudoku[757]" time="0"/>
  <testcase classname="com.HiQ.sudokugenerator.SudokuGeneratorTest" name="testGenerateaPlaybleMediumSudoku[757]" time="0"/>
  <testcase classname="com.HiQ.sudokugenerator.SudokuGeneratorTest" name="testGenerateAndInValidateValidSudoku[758]" time="0"/>
  <testcase classname="com.HiQ.sudokugenerator.SudokuGeneratorTest" name="testGenerateAndValidateValidSudoku[758]" time="0"/>
  <testcase classname="com.HiQ.sudokugenerator.SudokuGeneratorTest" name="testGenerateaPlaybleEasySudoku[758]" time="0"/>
  <testcase classname="com.HiQ.sudokugenerator.SudokuGeneratorTest" name="testGenerateaPlaybleHardSudoku[758]" time="0"/>
  <testcase classname="com.HiQ.sudokugenerator.SudokuGeneratorTest" name="testGenerateaPlaybleMediumSudoku[758]" time="0"/>
  <testcase classname="com.HiQ.sudokugenerator.SudokuGeneratorTest" name="testGenerateAndInValidateValidSudoku[759]" time="0"/>
  <testcase classname="com.HiQ.sudokugenerator.SudokuGeneratorTest" name="testGenerateAndValidateValidSudoku[759]" time="0"/>
  <testcase classname="com.HiQ.sudokugenerator.SudokuGeneratorTest" name="testGenerateaPlaybleEasySudoku[759]" time="0"/>
  <testcase classname="com.HiQ.sudokugenerator.SudokuGeneratorTest" name="testGenerateaPlaybleHardSudoku[759]" time="0"/>
  <testcase classname="com.HiQ.sudokugenerator.SudokuGeneratorTest" name="testGenerateaPlaybleMediumSudoku[759]" time="0"/>
  <testcase classname="com.HiQ.sudokugenerator.SudokuGeneratorTest" name="testGenerateAndInValidateValidSudoku[760]" time="0"/>
  <testcase classname="com.HiQ.sudokugenerator.SudokuGeneratorTest" name="testGenerateAndValidateValidSudoku[760]" time="0"/>
  <testcase classname="com.HiQ.sudokugenerator.SudokuGeneratorTest" name="testGenerateaPlaybleEasySudoku[760]" time="0"/>
  <testcase classname="com.HiQ.sudokugenerator.SudokuGeneratorTest" name="testGenerateaPlaybleHardSudoku[760]" time="0"/>
  <testcase classname="com.HiQ.sudokugenerator.SudokuGeneratorTest" name="testGenerateaPlaybleMediumSudoku[760]" time="0"/>
  <testcase classname="com.HiQ.sudokugenerator.SudokuGeneratorTest" name="testGenerateAndInValidateValidSudoku[761]" time="0"/>
  <testcase classname="com.HiQ.sudokugenerator.SudokuGeneratorTest" name="testGenerateAndValidateValidSudoku[761]" time="0"/>
  <testcase classname="com.HiQ.sudokugenerator.SudokuGeneratorTest" name="testGenerateaPlaybleEasySudoku[761]" time="0"/>
  <testcase classname="com.HiQ.sudokugenerator.SudokuGeneratorTest" name="testGenerateaPlaybleHardSudoku[761]" time="0.001"/>
  <testcase classname="com.HiQ.sudokugenerator.SudokuGeneratorTest" name="testGenerateaPlaybleMediumSudoku[761]" time="0"/>
  <testcase classname="com.HiQ.sudokugenerator.SudokuGeneratorTest" name="testGenerateAndInValidateValidSudoku[762]" time="0"/>
  <testcase classname="com.HiQ.sudokugenerator.SudokuGeneratorTest" name="testGenerateAndValidateValidSudoku[762]" time="0"/>
  <testcase classname="com.HiQ.sudokugenerator.SudokuGeneratorTest" name="testGenerateaPlaybleEasySudoku[762]" time="0"/>
  <testcase classname="com.HiQ.sudokugenerator.SudokuGeneratorTest" name="testGenerateaPlaybleHardSudoku[762]" time="0"/>
  <testcase classname="com.HiQ.sudokugenerator.SudokuGeneratorTest" name="testGenerateaPlaybleMediumSudoku[762]" time="0"/>
  <testcase classname="com.HiQ.sudokugenerator.SudokuGeneratorTest" name="testGenerateAndInValidateValidSudoku[763]" time="0"/>
  <testcase classname="com.HiQ.sudokugenerator.SudokuGeneratorTest" name="testGenerateAndValidateValidSudoku[763]" time="0"/>
  <testcase classname="com.HiQ.sudokugenerator.SudokuGeneratorTest" name="testGenerateaPlaybleEasySudoku[763]" time="0"/>
  <testcase classname="com.HiQ.sudokugenerator.SudokuGeneratorTest" name="testGenerateaPlaybleHardSudoku[763]" time="0"/>
  <testcase classname="com.HiQ.sudokugenerator.SudokuGeneratorTest" name="testGenerateaPlaybleMediumSudoku[763]" time="0"/>
  <testcase classname="com.HiQ.sudokugenerator.SudokuGeneratorTest" name="testGenerateAndInValidateValidSudoku[764]" time="0"/>
  <testcase classname="com.HiQ.sudokugenerator.SudokuGeneratorTest" name="testGenerateAndValidateValidSudoku[764]" time="0"/>
  <testcase classname="com.HiQ.sudokugenerator.SudokuGeneratorTest" name="testGenerateaPlaybleEasySudoku[764]" time="0"/>
  <testcase classname="com.HiQ.sudokugenerator.SudokuGeneratorTest" name="testGenerateaPlaybleHardSudoku[764]" time="0"/>
  <testcase classname="com.HiQ.sudokugenerator.SudokuGeneratorTest" name="testGenerateaPlaybleMediumSudoku[764]" time="0"/>
  <testcase classname="com.HiQ.sudokugenerator.SudokuGeneratorTest" name="testGenerateAndInValidateValidSudoku[765]" time="0"/>
  <testcase classname="com.HiQ.sudokugenerator.SudokuGeneratorTest" name="testGenerateAndValidateValidSudoku[765]" time="0"/>
  <testcase classname="com.HiQ.sudokugenerator.SudokuGeneratorTest" name="testGenerateaPlaybleEasySudoku[765]" time="0"/>
  <testcase classname="com.HiQ.sudokugenerator.SudokuGeneratorTest" name="testGenerateaPlaybleHardSudoku[765]" time="0"/>
  <testcase classname="com.HiQ.sudokugenerator.SudokuGeneratorTest" name="testGenerateaPlaybleMediumSudoku[765]" time="0"/>
  <testcase classname="com.HiQ.sudokugenerator.SudokuGeneratorTest" name="testGenerateAndInValidateValidSudoku[766]" time="0"/>
  <testcase classname="com.HiQ.sudokugenerator.SudokuGeneratorTest" name="testGenerateAndValidateValidSudoku[766]" time="0"/>
  <testcase classname="com.HiQ.sudokugenerator.SudokuGeneratorTest" name="testGenerateaPlaybleEasySudoku[766]" time="0"/>
  <testcase classname="com.HiQ.sudokugenerator.SudokuGeneratorTest" name="testGenerateaPlaybleHardSudoku[766]" time="0"/>
  <testcase classname="com.HiQ.sudokugenerator.SudokuGeneratorTest" name="testGenerateaPlaybleMediumSudoku[766]" time="0"/>
  <testcase classname="com.HiQ.sudokugenerator.SudokuGeneratorTest" name="testGenerateAndInValidateValidSudoku[767]" time="0"/>
  <testcase classname="com.HiQ.sudokugenerator.SudokuGeneratorTest" name="testGenerateAndValidateValidSudoku[767]" time="0"/>
  <testcase classname="com.HiQ.sudokugenerator.SudokuGeneratorTest" name="testGenerateaPlaybleEasySudoku[767]" time="0"/>
  <testcase classname="com.HiQ.sudokugenerator.SudokuGeneratorTest" name="testGenerateaPlaybleHardSudoku[767]" time="0"/>
  <testcase classname="com.HiQ.sudokugenerator.SudokuGeneratorTest" name="testGenerateaPlaybleMediumSudoku[767]" time="0"/>
  <testcase classname="com.HiQ.sudokugenerator.SudokuGeneratorTest" name="testGenerateAndInValidateValidSudoku[768]" time="0"/>
  <testcase classname="com.HiQ.sudokugenerator.SudokuGeneratorTest" name="testGenerateAndValidateValidSudoku[768]" time="0"/>
  <testcase classname="com.HiQ.sudokugenerator.SudokuGeneratorTest" name="testGenerateaPlaybleEasySudoku[768]" time="0"/>
  <testcase classname="com.HiQ.sudokugenerator.SudokuGeneratorTest" name="testGenerateaPlaybleHardSudoku[768]" time="0"/>
  <testcase classname="com.HiQ.sudokugenerator.SudokuGeneratorTest" name="testGenerateaPlaybleMediumSudoku[768]" time="0"/>
  <testcase classname="com.HiQ.sudokugenerator.SudokuGeneratorTest" name="testGenerateAndInValidateValidSudoku[769]" time="0"/>
  <testcase classname="com.HiQ.sudokugenerator.SudokuGeneratorTest" name="testGenerateAndValidateValidSudoku[769]" time="0"/>
  <testcase classname="com.HiQ.sudokugenerator.SudokuGeneratorTest" name="testGenerateaPlaybleEasySudoku[769]" time="0"/>
  <testcase classname="com.HiQ.sudokugenerator.SudokuGeneratorTest" name="testGenerateaPlaybleHardSudoku[769]" time="0"/>
  <testcase classname="com.HiQ.sudokugenerator.SudokuGeneratorTest" name="testGenerateaPlaybleMediumSudoku[769]" time="0"/>
  <testcase classname="com.HiQ.sudokugenerator.SudokuGeneratorTest" name="testGenerateAndInValidateValidSudoku[770]" time="0"/>
  <testcase classname="com.HiQ.sudokugenerator.SudokuGeneratorTest" name="testGenerateAndValidateValidSudoku[770]" time="0"/>
  <testcase classname="com.HiQ.sudokugenerator.SudokuGeneratorTest" name="testGenerateaPlaybleEasySudoku[770]" time="0"/>
  <testcase classname="com.HiQ.sudokugenerator.SudokuGeneratorTest" name="testGenerateaPlaybleHardSudoku[770]" time="0"/>
  <testcase classname="com.HiQ.sudokugenerator.SudokuGeneratorTest" name="testGenerateaPlaybleMediumSudoku[770]" time="0"/>
  <testcase classname="com.HiQ.sudokugenerator.SudokuGeneratorTest" name="testGenerateAndInValidateValidSudoku[771]" time="0"/>
  <testcase classname="com.HiQ.sudokugenerator.SudokuGeneratorTest" name="testGenerateAndValidateValidSudoku[771]" time="0"/>
  <testcase classname="com.HiQ.sudokugenerator.SudokuGeneratorTest" name="testGenerateaPlaybleEasySudoku[771]" time="0"/>
  <testcase classname="com.HiQ.sudokugenerator.SudokuGeneratorTest" name="testGenerateaPlaybleHardSudoku[771]" time="0"/>
  <testcase classname="com.HiQ.sudokugenerator.SudokuGeneratorTest" name="testGenerateaPlaybleMediumSudoku[771]" time="0"/>
  <testcase classname="com.HiQ.sudokugenerator.SudokuGeneratorTest" name="testGenerateAndInValidateValidSudoku[772]" time="0"/>
  <testcase classname="com.HiQ.sudokugenerator.SudokuGeneratorTest" name="testGenerateAndValidateValidSudoku[772]" time="0"/>
  <testcase classname="com.HiQ.sudokugenerator.SudokuGeneratorTest" name="testGenerateaPlaybleEasySudoku[772]" time="0"/>
  <testcase classname="com.HiQ.sudokugenerator.SudokuGeneratorTest" name="testGenerateaPlaybleHardSudoku[772]" time="0"/>
  <testcase classname="com.HiQ.sudokugenerator.SudokuGeneratorTest" name="testGenerateaPlaybleMediumSudoku[772]" time="0"/>
  <testcase classname="com.HiQ.sudokugenerator.SudokuGeneratorTest" name="testGenerateAndInValidateValidSudoku[773]" time="0"/>
  <testcase classname="com.HiQ.sudokugenerator.SudokuGeneratorTest" name="testGenerateAndValidateValidSudoku[773]" time="0"/>
  <testcase classname="com.HiQ.sudokugenerator.SudokuGeneratorTest" name="testGenerateaPlaybleEasySudoku[773]" time="0"/>
  <testcase classname="com.HiQ.sudokugenerator.SudokuGeneratorTest" name="testGenerateaPlaybleHardSudoku[773]" time="0.175"/>
  <testcase classname="com.HiQ.sudokugenerator.SudokuGeneratorTest" name="testGenerateaPlaybleMediumSudoku[773]" time="0"/>
  <testcase classname="com.HiQ.sudokugenerator.SudokuGeneratorTest" name="testGenerateAndInValidateValidSudoku[774]" time="0"/>
  <testcase classname="com.HiQ.sudokugenerator.SudokuGeneratorTest" name="testGenerateAndValidateValidSudoku[774]" time="0"/>
  <testcase classname="com.HiQ.sudokugenerator.SudokuGeneratorTest" name="testGenerateaPlaybleEasySudoku[774]" time="0"/>
  <testcase classname="com.HiQ.sudokugenerator.SudokuGeneratorTest" name="testGenerateaPlaybleHardSudoku[774]" time="0"/>
  <testcase classname="com.HiQ.sudokugenerator.SudokuGeneratorTest" name="testGenerateaPlaybleMediumSudoku[774]" time="0"/>
  <testcase classname="com.HiQ.sudokugenerator.SudokuGeneratorTest" name="testGenerateAndInValidateValidSudoku[775]" time="0"/>
  <testcase classname="com.HiQ.sudokugenerator.SudokuGeneratorTest" name="testGenerateAndValidateValidSudoku[775]" time="0"/>
  <testcase classname="com.HiQ.sudokugenerator.SudokuGeneratorTest" name="testGenerateaPlaybleEasySudoku[775]" time="0"/>
  <testcase classname="com.HiQ.sudokugenerator.SudokuGeneratorTest" name="testGenerateaPlaybleHardSudoku[775]" time="0"/>
  <testcase classname="com.HiQ.sudokugenerator.SudokuGeneratorTest" name="testGenerateaPlaybleMediumSudoku[775]" time="0"/>
  <testcase classname="com.HiQ.sudokugenerator.SudokuGeneratorTest" name="testGenerateAndInValidateValidSudoku[776]" time="0"/>
  <testcase classname="com.HiQ.sudokugenerator.SudokuGeneratorTest" name="testGenerateAndValidateValidSudoku[776]" time="0"/>
  <testcase classname="com.HiQ.sudokugenerator.SudokuGeneratorTest" name="testGenerateaPlaybleEasySudoku[776]" time="0"/>
  <testcase classname="com.HiQ.sudokugenerator.SudokuGeneratorTest" name="testGenerateaPlaybleHardSudoku[776]" time="0"/>
  <testcase classname="com.HiQ.sudokugenerator.SudokuGeneratorTest" name="testGenerateaPlaybleMediumSudoku[776]" time="0.001"/>
  <testcase classname="com.HiQ.sudokugenerator.SudokuGeneratorTest" name="testGenerateAndInValidateValidSudoku[777]" time="0"/>
  <testcase classname="com.HiQ.sudokugenerator.SudokuGeneratorTest" name="testGenerateAndValidateValidSudoku[777]" time="0"/>
  <testcase classname="com.HiQ.sudokugenerator.SudokuGeneratorTest" name="testGenerateaPlaybleEasySudoku[777]" time="0"/>
  <testcase classname="com.HiQ.sudokugenerator.SudokuGeneratorTest" name="testGenerateaPlaybleHardSudoku[777]" time="0"/>
  <testcase classname="com.HiQ.sudokugenerator.SudokuGeneratorTest" name="testGenerateaPlaybleMediumSudoku[777]" time="0"/>
  <testcase classname="com.HiQ.sudokugenerator.SudokuGeneratorTest" name="testGenerateAndInValidateValidSudoku[778]" time="0"/>
  <testcase classname="com.HiQ.sudokugenerator.SudokuGeneratorTest" name="testGenerateAndValidateValidSudoku[778]" time="0"/>
  <testcase classname="com.HiQ.sudokugenerator.SudokuGeneratorTest" name="testGenerateaPlaybleEasySudoku[778]" time="0"/>
  <testcase classname="com.HiQ.sudokugenerator.SudokuGeneratorTest" name="testGenerateaPlaybleHardSudoku[778]" time="0"/>
  <testcase classname="com.HiQ.sudokugenerator.SudokuGeneratorTest" name="testGenerateaPlaybleMediumSudoku[778]" time="0"/>
  <testcase classname="com.HiQ.sudokugenerator.SudokuGeneratorTest" name="testGenerateAndInValidateValidSudoku[779]" time="0"/>
  <testcase classname="com.HiQ.sudokugenerator.SudokuGeneratorTest" name="testGenerateAndValidateValidSudoku[779]" time="0"/>
  <testcase classname="com.HiQ.sudokugenerator.SudokuGeneratorTest" name="testGenerateaPlaybleEasySudoku[779]" time="0"/>
  <testcase classname="com.HiQ.sudokugenerator.SudokuGeneratorTest" name="testGenerateaPlaybleHardSudoku[779]" time="0"/>
  <testcase classname="com.HiQ.sudokugenerator.SudokuGeneratorTest" name="testGenerateaPlaybleMediumSudoku[779]" time="0"/>
  <testcase classname="com.HiQ.sudokugenerator.SudokuGeneratorTest" name="testGenerateAndInValidateValidSudoku[780]" time="0"/>
  <testcase classname="com.HiQ.sudokugenerator.SudokuGeneratorTest" name="testGenerateAndValidateValidSudoku[780]" time="0"/>
  <testcase classname="com.HiQ.sudokugenerator.SudokuGeneratorTest" name="testGenerateaPlaybleEasySudoku[780]" time="0"/>
  <testcase classname="com.HiQ.sudokugenerator.SudokuGeneratorTest" name="testGenerateaPlaybleHardSudoku[780]" time="0"/>
  <testcase classname="com.HiQ.sudokugenerator.SudokuGeneratorTest" name="testGenerateaPlaybleMediumSudoku[780]" time="0"/>
  <testcase classname="com.HiQ.sudokugenerator.SudokuGeneratorTest" name="testGenerateAndInValidateValidSudoku[781]" time="0"/>
  <testcase classname="com.HiQ.sudokugenerator.SudokuGeneratorTest" name="testGenerateAndValidateValidSudoku[781]" time="0"/>
  <testcase classname="com.HiQ.sudokugenerator.SudokuGeneratorTest" name="testGenerateaPlaybleEasySudoku[781]" time="0"/>
  <testcase classname="com.HiQ.sudokugenerator.SudokuGeneratorTest" name="testGenerateaPlaybleHardSudoku[781]" time="0"/>
  <testcase classname="com.HiQ.sudokugenerator.SudokuGeneratorTest" name="testGenerateaPlaybleMediumSudoku[781]" time="0"/>
  <testcase classname="com.HiQ.sudokugenerator.SudokuGeneratorTest" name="testGenerateAndInValidateValidSudoku[782]" time="0"/>
  <testcase classname="com.HiQ.sudokugenerator.SudokuGeneratorTest" name="testGenerateAndValidateValidSudoku[782]" time="0"/>
  <testcase classname="com.HiQ.sudokugenerator.SudokuGeneratorTest" name="testGenerateaPlaybleEasySudoku[782]" time="0"/>
  <testcase classname="com.HiQ.sudokugenerator.SudokuGeneratorTest" name="testGenerateaPlaybleHardSudoku[782]" time="0"/>
  <testcase classname="com.HiQ.sudokugenerator.SudokuGeneratorTest" name="testGenerateaPlaybleMediumSudoku[782]" time="0"/>
  <testcase classname="com.HiQ.sudokugenerator.SudokuGeneratorTest" name="testGenerateAndInValidateValidSudoku[783]" time="0"/>
  <testcase classname="com.HiQ.sudokugenerator.SudokuGeneratorTest" name="testGenerateAndValidateValidSudoku[783]" time="0"/>
  <testcase classname="com.HiQ.sudokugenerator.SudokuGeneratorTest" name="testGenerateaPlaybleEasySudoku[783]" time="0"/>
  <testcase classname="com.HiQ.sudokugenerator.SudokuGeneratorTest" name="testGenerateaPlaybleHardSudoku[783]" time="0"/>
  <testcase classname="com.HiQ.sudokugenerator.SudokuGeneratorTest" name="testGenerateaPlaybleMediumSudoku[783]" time="0.001"/>
  <testcase classname="com.HiQ.sudokugenerator.SudokuGeneratorTest" name="testGenerateAndInValidateValidSudoku[784]" time="0"/>
  <testcase classname="com.HiQ.sudokugenerator.SudokuGeneratorTest" name="testGenerateAndValidateValidSudoku[784]" time="0"/>
  <testcase classname="com.HiQ.sudokugenerator.SudokuGeneratorTest" name="testGenerateaPlaybleEasySudoku[784]" time="0"/>
  <testcase classname="com.HiQ.sudokugenerator.SudokuGeneratorTest" name="testGenerateaPlaybleHardSudoku[784]" time="0"/>
  <testcase classname="com.HiQ.sudokugenerator.SudokuGeneratorTest" name="testGenerateaPlaybleMediumSudoku[784]" time="0"/>
  <testcase classname="com.HiQ.sudokugenerator.SudokuGeneratorTest" name="testGenerateAndInValidateValidSudoku[785]" time="0"/>
  <testcase classname="com.HiQ.sudokugenerator.SudokuGeneratorTest" name="testGenerateAndValidateValidSudoku[785]" time="0"/>
  <testcase classname="com.HiQ.sudokugenerator.SudokuGeneratorTest" name="testGenerateaPlaybleEasySudoku[785]" time="0"/>
  <testcase classname="com.HiQ.sudokugenerator.SudokuGeneratorTest" name="testGenerateaPlaybleHardSudoku[785]" time="0"/>
  <testcase classname="com.HiQ.sudokugenerator.SudokuGeneratorTest" name="testGenerateaPlaybleMediumSudoku[785]" time="0"/>
  <testcase classname="com.HiQ.sudokugenerator.SudokuGeneratorTest" name="testGenerateAndInValidateValidSudoku[786]" time="0"/>
  <testcase classname="com.HiQ.sudokugenerator.SudokuGeneratorTest" name="testGenerateAndValidateValidSudoku[786]" time="0"/>
  <testcase classname="com.HiQ.sudokugenerator.SudokuGeneratorTest" name="testGenerateaPlaybleEasySudoku[786]" time="0"/>
  <testcase classname="com.HiQ.sudokugenerator.SudokuGeneratorTest" name="testGenerateaPlaybleHardSudoku[786]" time="0"/>
  <testcase classname="com.HiQ.sudokugenerator.SudokuGeneratorTest" name="testGenerateaPlaybleMediumSudoku[786]" time="0"/>
  <testcase classname="com.HiQ.sudokugenerator.SudokuGeneratorTest" name="testGenerateAndInValidateValidSudoku[787]" time="0"/>
  <testcase classname="com.HiQ.sudokugenerator.SudokuGeneratorTest" name="testGenerateAndValidateValidSudoku[787]" time="0"/>
  <testcase classname="com.HiQ.sudokugenerator.SudokuGeneratorTest" name="testGenerateaPlaybleEasySudoku[787]" time="0"/>
  <testcase classname="com.HiQ.sudokugenerator.SudokuGeneratorTest" name="testGenerateaPlaybleHardSudoku[787]" time="0"/>
  <testcase classname="com.HiQ.sudokugenerator.SudokuGeneratorTest" name="testGenerateaPlaybleMediumSudoku[787]" time="0"/>
  <testcase classname="com.HiQ.sudokugenerator.SudokuGeneratorTest" name="testGenerateAndInValidateValidSudoku[788]" time="0"/>
  <testcase classname="com.HiQ.sudokugenerator.SudokuGeneratorTest" name="testGenerateAndValidateValidSudoku[788]" time="0"/>
  <testcase classname="com.HiQ.sudokugenerator.SudokuGeneratorTest" name="testGenerateaPlaybleEasySudoku[788]" time="0"/>
  <testcase classname="com.HiQ.sudokugenerator.SudokuGeneratorTest" name="testGenerateaPlaybleHardSudoku[788]" time="0"/>
  <testcase classname="com.HiQ.sudokugenerator.SudokuGeneratorTest" name="testGenerateaPlaybleMediumSudoku[788]" time="0"/>
  <testcase classname="com.HiQ.sudokugenerator.SudokuGeneratorTest" name="testGenerateAndInValidateValidSudoku[789]" time="0"/>
  <testcase classname="com.HiQ.sudokugenerator.SudokuGeneratorTest" name="testGenerateAndValidateValidSudoku[789]" time="0"/>
  <testcase classname="com.HiQ.sudokugenerator.SudokuGeneratorTest" name="testGenerateaPlaybleEasySudoku[789]" time="0"/>
  <testcase classname="com.HiQ.sudokugenerator.SudokuGeneratorTest" name="testGenerateaPlaybleHardSudoku[789]" time="0"/>
  <testcase classname="com.HiQ.sudokugenerator.SudokuGeneratorTest" name="testGenerateaPlaybleMediumSudoku[789]" time="0"/>
  <testcase classname="com.HiQ.sudokugenerator.SudokuGeneratorTest" name="testGenerateAndInValidateValidSudoku[790]" time="0"/>
  <testcase classname="com.HiQ.sudokugenerator.SudokuGeneratorTest" name="testGenerateAndValidateValidSudoku[790]" time="0"/>
  <testcase classname="com.HiQ.sudokugenerator.SudokuGeneratorTest" name="testGenerateaPlaybleEasySudoku[790]" time="0"/>
  <testcase classname="com.HiQ.sudokugenerator.SudokuGeneratorTest" name="testGenerateaPlaybleHardSudoku[790]" time="0"/>
  <testcase classname="com.HiQ.sudokugenerator.SudokuGeneratorTest" name="testGenerateaPlaybleMediumSudoku[790]" time="0"/>
  <testcase classname="com.HiQ.sudokugenerator.SudokuGeneratorTest" name="testGenerateAndInValidateValidSudoku[791]" time="0"/>
  <testcase classname="com.HiQ.sudokugenerator.SudokuGeneratorTest" name="testGenerateAndValidateValidSudoku[791]" time="0"/>
  <testcase classname="com.HiQ.sudokugenerator.SudokuGeneratorTest" name="testGenerateaPlaybleEasySudoku[791]" time="0"/>
  <testcase classname="com.HiQ.sudokugenerator.SudokuGeneratorTest" name="testGenerateaPlaybleHardSudoku[791]" time="0"/>
  <testcase classname="com.HiQ.sudokugenerator.SudokuGeneratorTest" name="testGenerateaPlaybleMediumSudoku[791]" time="0"/>
  <testcase classname="com.HiQ.sudokugenerator.SudokuGeneratorTest" name="testGenerateAndInValidateValidSudoku[792]" time="0"/>
  <testcase classname="com.HiQ.sudokugenerator.SudokuGeneratorTest" name="testGenerateAndValidateValidSudoku[792]" time="0"/>
  <testcase classname="com.HiQ.sudokugenerator.SudokuGeneratorTest" name="testGenerateaPlaybleEasySudoku[792]" time="0"/>
  <testcase classname="com.HiQ.sudokugenerator.SudokuGeneratorTest" name="testGenerateaPlaybleHardSudoku[792]" time="0"/>
  <testcase classname="com.HiQ.sudokugenerator.SudokuGeneratorTest" name="testGenerateaPlaybleMediumSudoku[792]" time="0"/>
  <testcase classname="com.HiQ.sudokugenerator.SudokuGeneratorTest" name="testGenerateAndInValidateValidSudoku[793]" time="0"/>
  <testcase classname="com.HiQ.sudokugenerator.SudokuGeneratorTest" name="testGenerateAndValidateValidSudoku[793]" time="0"/>
  <testcase classname="com.HiQ.sudokugenerator.SudokuGeneratorTest" name="testGenerateaPlaybleEasySudoku[793]" time="0"/>
  <testcase classname="com.HiQ.sudokugenerator.SudokuGeneratorTest" name="testGenerateaPlaybleHardSudoku[793]" time="0"/>
  <testcase classname="com.HiQ.sudokugenerator.SudokuGeneratorTest" name="testGenerateaPlaybleMediumSudoku[793]" time="0"/>
  <testcase classname="com.HiQ.sudokugenerator.SudokuGeneratorTest" name="testGenerateAndInValidateValidSudoku[794]" time="0"/>
  <testcase classname="com.HiQ.sudokugenerator.SudokuGeneratorTest" name="testGenerateAndValidateValidSudoku[794]" time="0"/>
  <testcase classname="com.HiQ.sudokugenerator.SudokuGeneratorTest" name="testGenerateaPlaybleEasySudoku[794]" time="0"/>
  <testcase classname="com.HiQ.sudokugenerator.SudokuGeneratorTest" name="testGenerateaPlaybleHardSudoku[794]" time="0"/>
  <testcase classname="com.HiQ.sudokugenerator.SudokuGeneratorTest" name="testGenerateaPlaybleMediumSudoku[794]" time="0"/>
  <testcase classname="com.HiQ.sudokugenerator.SudokuGeneratorTest" name="testGenerateAndInValidateValidSudoku[795]" time="0"/>
  <testcase classname="com.HiQ.sudokugenerator.SudokuGeneratorTest" name="testGenerateAndValidateValidSudoku[795]" time="0"/>
  <testcase classname="com.HiQ.sudokugenerator.SudokuGeneratorTest" name="testGenerateaPlaybleEasySudoku[795]" time="0"/>
  <testcase classname="com.HiQ.sudokugenerator.SudokuGeneratorTest" name="testGenerateaPlaybleHardSudoku[795]" time="0"/>
  <testcase classname="com.HiQ.sudokugenerator.SudokuGeneratorTest" name="testGenerateaPlaybleMediumSudoku[795]" time="0"/>
  <testcase classname="com.HiQ.sudokugenerator.SudokuGeneratorTest" name="testGenerateAndInValidateValidSudoku[796]" time="0"/>
  <testcase classname="com.HiQ.sudokugenerator.SudokuGeneratorTest" name="testGenerateAndValidateValidSudoku[796]" time="0"/>
  <testcase classname="com.HiQ.sudokugenerator.SudokuGeneratorTest" name="testGenerateaPlaybleEasySudoku[796]" time="0"/>
  <testcase classname="com.HiQ.sudokugenerator.SudokuGeneratorTest" name="testGenerateaPlaybleHardSudoku[796]" time="0"/>
  <testcase classname="com.HiQ.sudokugenerator.SudokuGeneratorTest" name="testGenerateaPlaybleMediumSudoku[796]" time="0"/>
  <testcase classname="com.HiQ.sudokugenerator.SudokuGeneratorTest" name="testGenerateAndInValidateValidSudoku[797]" time="0"/>
  <testcase classname="com.HiQ.sudokugenerator.SudokuGeneratorTest" name="testGenerateAndValidateValidSudoku[797]" time="0"/>
  <testcase classname="com.HiQ.sudokugenerator.SudokuGeneratorTest" name="testGenerateaPlaybleEasySudoku[797]" time="0.001"/>
  <testcase classname="com.HiQ.sudokugenerator.SudokuGeneratorTest" name="testGenerateaPlaybleHardSudoku[797]" time="0"/>
  <testcase classname="com.HiQ.sudokugenerator.SudokuGeneratorTest" name="testGenerateaPlaybleMediumSudoku[797]" time="0"/>
  <testcase classname="com.HiQ.sudokugenerator.SudokuGeneratorTest" name="testGenerateAndInValidateValidSudoku[798]" time="0"/>
  <testcase classname="com.HiQ.sudokugenerator.SudokuGeneratorTest" name="testGenerateAndValidateValidSudoku[798]" time="0"/>
  <testcase classname="com.HiQ.sudokugenerator.SudokuGeneratorTest" name="testGenerateaPlaybleEasySudoku[798]" time="0"/>
  <testcase classname="com.HiQ.sudokugenerator.SudokuGeneratorTest" name="testGenerateaPlaybleHardSudoku[798]" time="0"/>
  <testcase classname="com.HiQ.sudokugenerator.SudokuGeneratorTest" name="testGenerateaPlaybleMediumSudoku[798]" time="0"/>
  <testcase classname="com.HiQ.sudokugenerator.SudokuGeneratorTest" name="testGenerateAndInValidateValidSudoku[799]" time="0"/>
  <testcase classname="com.HiQ.sudokugenerator.SudokuGeneratorTest" name="testGenerateAndValidateValidSudoku[799]" time="0"/>
  <testcase classname="com.HiQ.sudokugenerator.SudokuGeneratorTest" name="testGenerateaPlaybleEasySudoku[799]" time="0"/>
  <testcase classname="com.HiQ.sudokugenerator.SudokuGeneratorTest" name="testGenerateaPlaybleHardSudoku[799]" time="0"/>
  <testcase classname="com.HiQ.sudokugenerator.SudokuGeneratorTest" name="testGenerateaPlaybleMediumSudoku[799]" time="0"/>
  <testcase classname="com.HiQ.sudokugenerator.SudokuGeneratorTest" name="testGenerateAndInValidateValidSudoku[800]" time="0"/>
  <testcase classname="com.HiQ.sudokugenerator.SudokuGeneratorTest" name="testGenerateAndValidateValidSudoku[800]" time="0"/>
  <testcase classname="com.HiQ.sudokugenerator.SudokuGeneratorTest" name="testGenerateaPlaybleEasySudoku[800]" time="0"/>
  <testcase classname="com.HiQ.sudokugenerator.SudokuGeneratorTest" name="testGenerateaPlaybleHardSudoku[800]" time="0"/>
  <testcase classname="com.HiQ.sudokugenerator.SudokuGeneratorTest" name="testGenerateaPlaybleMediumSudoku[800]" time="0"/>
  <testcase classname="com.HiQ.sudokugenerator.SudokuGeneratorTest" name="testGenerateAndInValidateValidSudoku[801]" time="0"/>
  <testcase classname="com.HiQ.sudokugenerator.SudokuGeneratorTest" name="testGenerateAndValidateValidSudoku[801]" time="0"/>
  <testcase classname="com.HiQ.sudokugenerator.SudokuGeneratorTest" name="testGenerateaPlaybleEasySudoku[801]" time="0"/>
  <testcase classname="com.HiQ.sudokugenerator.SudokuGeneratorTest" name="testGenerateaPlaybleHardSudoku[801]" time="0"/>
  <testcase classname="com.HiQ.sudokugenerator.SudokuGeneratorTest" name="testGenerateaPlaybleMediumSudoku[801]" time="0"/>
  <testcase classname="com.HiQ.sudokugenerator.SudokuGeneratorTest" name="testGenerateAndInValidateValidSudoku[802]" time="0"/>
  <testcase classname="com.HiQ.sudokugenerator.SudokuGeneratorTest" name="testGenerateAndValidateValidSudoku[802]" time="0"/>
  <testcase classname="com.HiQ.sudokugenerator.SudokuGeneratorTest" name="testGenerateaPlaybleEasySudoku[802]" time="0"/>
  <testcase classname="com.HiQ.sudokugenerator.SudokuGeneratorTest" name="testGenerateaPlaybleHardSudoku[802]" time="0"/>
  <testcase classname="com.HiQ.sudokugenerator.SudokuGeneratorTest" name="testGenerateaPlaybleMediumSudoku[802]" time="0"/>
  <testcase classname="com.HiQ.sudokugenerator.SudokuGeneratorTest" name="testGenerateAndInValidateValidSudoku[803]" time="0"/>
  <testcase classname="com.HiQ.sudokugenerator.SudokuGeneratorTest" name="testGenerateAndValidateValidSudoku[803]" time="0"/>
  <testcase classname="com.HiQ.sudokugenerator.SudokuGeneratorTest" name="testGenerateaPlaybleEasySudoku[803]" time="0.011"/>
  <testcase classname="com.HiQ.sudokugenerator.SudokuGeneratorTest" name="testGenerateaPlaybleHardSudoku[803]" time="0"/>
  <testcase classname="com.HiQ.sudokugenerator.SudokuGeneratorTest" name="testGenerateaPlaybleMediumSudoku[803]" time="0"/>
  <testcase classname="com.HiQ.sudokugenerator.SudokuGeneratorTest" name="testGenerateAndInValidateValidSudoku[804]" time="0"/>
  <testcase classname="com.HiQ.sudokugenerator.SudokuGeneratorTest" name="testGenerateAndValidateValidSudoku[804]" time="0"/>
  <testcase classname="com.HiQ.sudokugenerator.SudokuGeneratorTest" name="testGenerateaPlaybleEasySudoku[804]" time="0"/>
  <testcase classname="com.HiQ.sudokugenerator.SudokuGeneratorTest" name="testGenerateaPlaybleHardSudoku[804]" time="0"/>
  <testcase classname="com.HiQ.sudokugenerator.SudokuGeneratorTest" name="testGenerateaPlaybleMediumSudoku[804]" time="0"/>
  <testcase classname="com.HiQ.sudokugenerator.SudokuGeneratorTest" name="testGenerateAndInValidateValidSudoku[805]" time="0"/>
  <testcase classname="com.HiQ.sudokugenerator.SudokuGeneratorTest" name="testGenerateAndValidateValidSudoku[805]" time="0"/>
  <testcase classname="com.HiQ.sudokugenerator.SudokuGeneratorTest" name="testGenerateaPlaybleEasySudoku[805]" time="0"/>
  <testcase classname="com.HiQ.sudokugenerator.SudokuGeneratorTest" name="testGenerateaPlaybleHardSudoku[805]" time="0"/>
  <testcase classname="com.HiQ.sudokugenerator.SudokuGeneratorTest" name="testGenerateaPlaybleMediumSudoku[805]" time="0"/>
  <testcase classname="com.HiQ.sudokugenerator.SudokuGeneratorTest" name="testGenerateAndInValidateValidSudoku[806]" time="0"/>
  <testcase classname="com.HiQ.sudokugenerator.SudokuGeneratorTest" name="testGenerateAndValidateValidSudoku[806]" time="0"/>
  <testcase classname="com.HiQ.sudokugenerator.SudokuGeneratorTest" name="testGenerateaPlaybleEasySudoku[806]" time="0"/>
  <testcase classname="com.HiQ.sudokugenerator.SudokuGeneratorTest" name="testGenerateaPlaybleHardSudoku[806]" time="0"/>
  <testcase classname="com.HiQ.sudokugenerator.SudokuGeneratorTest" name="testGenerateaPlaybleMediumSudoku[806]" time="0"/>
  <testcase classname="com.HiQ.sudokugenerator.SudokuGeneratorTest" name="testGenerateAndInValidateValidSudoku[807]" time="0"/>
  <testcase classname="com.HiQ.sudokugenerator.SudokuGeneratorTest" name="testGenerateAndValidateValidSudoku[807]" time="0"/>
  <testcase classname="com.HiQ.sudokugenerator.SudokuGeneratorTest" name="testGenerateaPlaybleEasySudoku[807]" time="0"/>
  <testcase classname="com.HiQ.sudokugenerator.SudokuGeneratorTest" name="testGenerateaPlaybleHardSudoku[807]" time="0"/>
  <testcase classname="com.HiQ.sudokugenerator.SudokuGeneratorTest" name="testGenerateaPlaybleMediumSudoku[807]" time="0"/>
  <testcase classname="com.HiQ.sudokugenerator.SudokuGeneratorTest" name="testGenerateAndInValidateValidSudoku[808]" time="0"/>
  <testcase classname="com.HiQ.sudokugenerator.SudokuGeneratorTest" name="testGenerateAndValidateValidSudoku[808]" time="0"/>
  <testcase classname="com.HiQ.sudokugenerator.SudokuGeneratorTest" name="testGenerateaPlaybleEasySudoku[808]" time="0"/>
  <testcase classname="com.HiQ.sudokugenerator.SudokuGeneratorTest" name="testGenerateaPlaybleHardSudoku[808]" time="0"/>
  <testcase classname="com.HiQ.sudokugenerator.SudokuGeneratorTest" name="testGenerateaPlaybleMediumSudoku[808]" time="0"/>
  <testcase classname="com.HiQ.sudokugenerator.SudokuGeneratorTest" name="testGenerateAndInValidateValidSudoku[809]" time="0"/>
  <testcase classname="com.HiQ.sudokugenerator.SudokuGeneratorTest" name="testGenerateAndValidateValidSudoku[809]" time="0"/>
  <testcase classname="com.HiQ.sudokugenerator.SudokuGeneratorTest" name="testGenerateaPlaybleEasySudoku[809]" time="0"/>
  <testcase classname="com.HiQ.sudokugenerator.SudokuGeneratorTest" name="testGenerateaPlaybleHardSudoku[809]" time="0"/>
  <testcase classname="com.HiQ.sudokugenerator.SudokuGeneratorTest" name="testGenerateaPlaybleMediumSudoku[809]" time="0"/>
  <testcase classname="com.HiQ.sudokugenerator.SudokuGeneratorTest" name="testGenerateAndInValidateValidSudoku[810]" time="0"/>
  <testcase classname="com.HiQ.sudokugenerator.SudokuGeneratorTest" name="testGenerateAndValidateValidSudoku[810]" time="0"/>
  <testcase classname="com.HiQ.sudokugenerator.SudokuGeneratorTest" name="testGenerateaPlaybleEasySudoku[810]" time="0"/>
  <testcase classname="com.HiQ.sudokugenerator.SudokuGeneratorTest" name="testGenerateaPlaybleHardSudoku[810]" time="0"/>
  <testcase classname="com.HiQ.sudokugenerator.SudokuGeneratorTest" name="testGenerateaPlaybleMediumSudoku[810]" time="0"/>
  <testcase classname="com.HiQ.sudokugenerator.SudokuGeneratorTest" name="testGenerateAndInValidateValidSudoku[811]" time="0"/>
  <testcase classname="com.HiQ.sudokugenerator.SudokuGeneratorTest" name="testGenerateAndValidateValidSudoku[811]" time="0"/>
  <testcase classname="com.HiQ.sudokugenerator.SudokuGeneratorTest" name="testGenerateaPlaybleEasySudoku[811]" time="0"/>
  <testcase classname="com.HiQ.sudokugenerator.SudokuGeneratorTest" name="testGenerateaPlaybleHardSudoku[811]" time="0"/>
  <testcase classname="com.HiQ.sudokugenerator.SudokuGeneratorTest" name="testGenerateaPlaybleMediumSudoku[811]" time="0"/>
  <testcase classname="com.HiQ.sudokugenerator.SudokuGeneratorTest" name="testGenerateAndInValidateValidSudoku[812]" time="0"/>
  <testcase classname="com.HiQ.sudokugenerator.SudokuGeneratorTest" name="testGenerateAndValidateValidSudoku[812]" time="0"/>
  <testcase classname="com.HiQ.sudokugenerator.SudokuGeneratorTest" name="testGenerateaPlaybleEasySudoku[812]" time="0"/>
  <testcase classname="com.HiQ.sudokugenerator.SudokuGeneratorTest" name="testGenerateaPlaybleHardSudoku[812]" time="0"/>
  <testcase classname="com.HiQ.sudokugenerator.SudokuGeneratorTest" name="testGenerateaPlaybleMediumSudoku[812]" time="0"/>
  <testcase classname="com.HiQ.sudokugenerator.SudokuGeneratorTest" name="testGenerateAndInValidateValidSudoku[813]" time="0"/>
  <testcase classname="com.HiQ.sudokugenerator.SudokuGeneratorTest" name="testGenerateAndValidateValidSudoku[813]" time="0"/>
  <testcase classname="com.HiQ.sudokugenerator.SudokuGeneratorTest" name="testGenerateaPlaybleEasySudoku[813]" time="0"/>
  <testcase classname="com.HiQ.sudokugenerator.SudokuGeneratorTest" name="testGenerateaPlaybleHardSudoku[813]" time="0"/>
  <testcase classname="com.HiQ.sudokugenerator.SudokuGeneratorTest" name="testGenerateaPlaybleMediumSudoku[813]" time="0"/>
  <testcase classname="com.HiQ.sudokugenerator.SudokuGeneratorTest" name="testGenerateAndInValidateValidSudoku[814]" time="0"/>
  <testcase classname="com.HiQ.sudokugenerator.SudokuGeneratorTest" name="testGenerateAndValidateValidSudoku[814]" time="0"/>
  <testcase classname="com.HiQ.sudokugenerator.SudokuGeneratorTest" name="testGenerateaPlaybleEasySudoku[814]" time="0"/>
  <testcase classname="com.HiQ.sudokugenerator.SudokuGeneratorTest" name="testGenerateaPlaybleHardSudoku[814]" time="0"/>
  <testcase classname="com.HiQ.sudokugenerator.SudokuGeneratorTest" name="testGenerateaPlaybleMediumSudoku[814]" time="0"/>
  <testcase classname="com.HiQ.sudokugenerator.SudokuGeneratorTest" name="testGenerateAndInValidateValidSudoku[815]" time="0"/>
  <testcase classname="com.HiQ.sudokugenerator.SudokuGeneratorTest" name="testGenerateAndValidateValidSudoku[815]" time="0"/>
  <testcase classname="com.HiQ.sudokugenerator.SudokuGeneratorTest" name="testGenerateaPlaybleEasySudoku[815]" time="0"/>
  <testcase classname="com.HiQ.sudokugenerator.SudokuGeneratorTest" name="testGenerateaPlaybleHardSudoku[815]" time="0"/>
  <testcase classname="com.HiQ.sudokugenerator.SudokuGeneratorTest" name="testGenerateaPlaybleMediumSudoku[815]" time="0"/>
  <testcase classname="com.HiQ.sudokugenerator.SudokuGeneratorTest" name="testGenerateAndInValidateValidSudoku[816]" time="0"/>
  <testcase classname="com.HiQ.sudokugenerator.SudokuGeneratorTest" name="testGenerateAndValidateValidSudoku[816]" time="0"/>
  <testcase classname="com.HiQ.sudokugenerator.SudokuGeneratorTest" name="testGenerateaPlaybleEasySudoku[816]" time="0"/>
  <testcase classname="com.HiQ.sudokugenerator.SudokuGeneratorTest" name="testGenerateaPlaybleHardSudoku[816]" time="0"/>
  <testcase classname="com.HiQ.sudokugenerator.SudokuGeneratorTest" name="testGenerateaPlaybleMediumSudoku[816]" time="0"/>
  <testcase classname="com.HiQ.sudokugenerator.SudokuGeneratorTest" name="testGenerateAndInValidateValidSudoku[817]" time="0"/>
  <testcase classname="com.HiQ.sudokugenerator.SudokuGeneratorTest" name="testGenerateAndValidateValidSudoku[817]" time="0"/>
  <testcase classname="com.HiQ.sudokugenerator.SudokuGeneratorTest" name="testGenerateaPlaybleEasySudoku[817]" time="0"/>
  <testcase classname="com.HiQ.sudokugenerator.SudokuGeneratorTest" name="testGenerateaPlaybleHardSudoku[817]" time="0"/>
  <testcase classname="com.HiQ.sudokugenerator.SudokuGeneratorTest" name="testGenerateaPlaybleMediumSudoku[817]" time="0"/>
  <testcase classname="com.HiQ.sudokugenerator.SudokuGeneratorTest" name="testGenerateAndInValidateValidSudoku[818]" time="0"/>
  <testcase classname="com.HiQ.sudokugenerator.SudokuGeneratorTest" name="testGenerateAndValidateValidSudoku[818]" time="0"/>
  <testcase classname="com.HiQ.sudokugenerator.SudokuGeneratorTest" name="testGenerateaPlaybleEasySudoku[818]" time="0"/>
  <testcase classname="com.HiQ.sudokugenerator.SudokuGeneratorTest" name="testGenerateaPlaybleHardSudoku[818]" time="0"/>
  <testcase classname="com.HiQ.sudokugenerator.SudokuGeneratorTest" name="testGenerateaPlaybleMediumSudoku[818]" time="0"/>
  <testcase classname="com.HiQ.sudokugenerator.SudokuGeneratorTest" name="testGenerateAndInValidateValidSudoku[819]" time="0"/>
  <testcase classname="com.HiQ.sudokugenerator.SudokuGeneratorTest" name="testGenerateAndValidateValidSudoku[819]" time="0"/>
  <testcase classname="com.HiQ.sudokugenerator.SudokuGeneratorTest" name="testGenerateaPlaybleEasySudoku[819]" time="0"/>
  <testcase classname="com.HiQ.sudokugenerator.SudokuGeneratorTest" name="testGenerateaPlaybleHardSudoku[819]" time="0"/>
  <testcase classname="com.HiQ.sudokugenerator.SudokuGeneratorTest" name="testGenerateaPlaybleMediumSudoku[819]" time="0"/>
  <testcase classname="com.HiQ.sudokugenerator.SudokuGeneratorTest" name="testGenerateAndInValidateValidSudoku[820]" time="0"/>
  <testcase classname="com.HiQ.sudokugenerator.SudokuGeneratorTest" name="testGenerateAndValidateValidSudoku[820]" time="0"/>
  <testcase classname="com.HiQ.sudokugenerator.SudokuGeneratorTest" name="testGenerateaPlaybleEasySudoku[820]" time="0"/>
  <testcase classname="com.HiQ.sudokugenerator.SudokuGeneratorTest" name="testGenerateaPlaybleHardSudoku[820]" time="0"/>
  <testcase classname="com.HiQ.sudokugenerator.SudokuGeneratorTest" name="testGenerateaPlaybleMediumSudoku[820]" time="0"/>
  <testcase classname="com.HiQ.sudokugenerator.SudokuGeneratorTest" name="testGenerateAndInValidateValidSudoku[821]" time="0"/>
  <testcase classname="com.HiQ.sudokugenerator.SudokuGeneratorTest" name="testGenerateAndValidateValidSudoku[821]" time="0"/>
  <testcase classname="com.HiQ.sudokugenerator.SudokuGeneratorTest" name="testGenerateaPlaybleEasySudoku[821]" time="0"/>
  <testcase classname="com.HiQ.sudokugenerator.SudokuGeneratorTest" name="testGenerateaPlaybleHardSudoku[821]" time="0"/>
  <testcase classname="com.HiQ.sudokugenerator.SudokuGeneratorTest" name="testGenerateaPlaybleMediumSudoku[821]" time="0"/>
  <testcase classname="com.HiQ.sudokugenerator.SudokuGeneratorTest" name="testGenerateAndInValidateValidSudoku[822]" time="0"/>
  <testcase classname="com.HiQ.sudokugenerator.SudokuGeneratorTest" name="testGenerateAndValidateValidSudoku[822]" time="0"/>
  <testcase classname="com.HiQ.sudokugenerator.SudokuGeneratorTest" name="testGenerateaPlaybleEasySudoku[822]" time="0"/>
  <testcase classname="com.HiQ.sudokugenerator.SudokuGeneratorTest" name="testGenerateaPlaybleHardSudoku[822]" time="0"/>
  <testcase classname="com.HiQ.sudokugenerator.SudokuGeneratorTest" name="testGenerateaPlaybleMediumSudoku[822]" time="0"/>
  <testcase classname="com.HiQ.sudokugenerator.SudokuGeneratorTest" name="testGenerateAndInValidateValidSudoku[823]" time="0"/>
  <testcase classname="com.HiQ.sudokugenerator.SudokuGeneratorTest" name="testGenerateAndValidateValidSudoku[823]" time="0"/>
  <testcase classname="com.HiQ.sudokugenerator.SudokuGeneratorTest" name="testGenerateaPlaybleEasySudoku[823]" time="0"/>
  <testcase classname="com.HiQ.sudokugenerator.SudokuGeneratorTest" name="testGenerateaPlaybleHardSudoku[823]" time="0"/>
  <testcase classname="com.HiQ.sudokugenerator.SudokuGeneratorTest" name="testGenerateaPlaybleMediumSudoku[823]" time="0"/>
  <testcase classname="com.HiQ.sudokugenerator.SudokuGeneratorTest" name="testGenerateAndInValidateValidSudoku[824]" time="0"/>
  <testcase classname="com.HiQ.sudokugenerator.SudokuGeneratorTest" name="testGenerateAndValidateValidSudoku[824]" time="0"/>
  <testcase classname="com.HiQ.sudokugenerator.SudokuGeneratorTest" name="testGenerateaPlaybleEasySudoku[824]" time="0"/>
  <testcase classname="com.HiQ.sudokugenerator.SudokuGeneratorTest" name="testGenerateaPlaybleHardSudoku[824]" time="0"/>
  <testcase classname="com.HiQ.sudokugenerator.SudokuGeneratorTest" name="testGenerateaPlaybleMediumSudoku[824]" time="0"/>
  <testcase classname="com.HiQ.sudokugenerator.SudokuGeneratorTest" name="testGenerateAndInValidateValidSudoku[825]" time="0"/>
  <testcase classname="com.HiQ.sudokugenerator.SudokuGeneratorTest" name="testGenerateAndValidateValidSudoku[825]" time="0"/>
  <testcase classname="com.HiQ.sudokugenerator.SudokuGeneratorTest" name="testGenerateaPlaybleEasySudoku[825]" time="0"/>
  <testcase classname="com.HiQ.sudokugenerator.SudokuGeneratorTest" name="testGenerateaPlaybleHardSudoku[825]" time="0"/>
  <testcase classname="com.HiQ.sudokugenerator.SudokuGeneratorTest" name="testGenerateaPlaybleMediumSudoku[825]" time="0"/>
  <testcase classname="com.HiQ.sudokugenerator.SudokuGeneratorTest" name="testGenerateAndInValidateValidSudoku[826]" time="0"/>
  <testcase classname="com.HiQ.sudokugenerator.SudokuGeneratorTest" name="testGenerateAndValidateValidSudoku[826]" time="0"/>
  <testcase classname="com.HiQ.sudokugenerator.SudokuGeneratorTest" name="testGenerateaPlaybleEasySudoku[826]" time="0"/>
  <testcase classname="com.HiQ.sudokugenerator.SudokuGeneratorTest" name="testGenerateaPlaybleHardSudoku[826]" time="0"/>
  <testcase classname="com.HiQ.sudokugenerator.SudokuGeneratorTest" name="testGenerateaPlaybleMediumSudoku[826]" time="0"/>
  <testcase classname="com.HiQ.sudokugenerator.SudokuGeneratorTest" name="testGenerateAndInValidateValidSudoku[827]" time="0"/>
  <testcase classname="com.HiQ.sudokugenerator.SudokuGeneratorTest" name="testGenerateAndValidateValidSudoku[827]" time="0"/>
  <testcase classname="com.HiQ.sudokugenerator.SudokuGeneratorTest" name="testGenerateaPlaybleEasySudoku[827]" time="0"/>
  <testcase classname="com.HiQ.sudokugenerator.SudokuGeneratorTest" name="testGenerateaPlaybleHardSudoku[827]" time="0"/>
  <testcase classname="com.HiQ.sudokugenerator.SudokuGeneratorTest" name="testGenerateaPlaybleMediumSudoku[827]" time="0"/>
  <testcase classname="com.HiQ.sudokugenerator.SudokuGeneratorTest" name="testGenerateAndInValidateValidSudoku[828]" time="0"/>
  <testcase classname="com.HiQ.sudokugenerator.SudokuGeneratorTest" name="testGenerateAndValidateValidSudoku[828]" time="0"/>
  <testcase classname="com.HiQ.sudokugenerator.SudokuGeneratorTest" name="testGenerateaPlaybleEasySudoku[828]" time="0"/>
  <testcase classname="com.HiQ.sudokugenerator.SudokuGeneratorTest" name="testGenerateaPlaybleHardSudoku[828]" time="0"/>
  <testcase classname="com.HiQ.sudokugenerator.SudokuGeneratorTest" name="testGenerateaPlaybleMediumSudoku[828]" time="0"/>
  <testcase classname="com.HiQ.sudokugenerator.SudokuGeneratorTest" name="testGenerateAndInValidateValidSudoku[829]" time="0"/>
  <testcase classname="com.HiQ.sudokugenerator.SudokuGeneratorTest" name="testGenerateAndValidateValidSudoku[829]" time="0"/>
  <testcase classname="com.HiQ.sudokugenerator.SudokuGeneratorTest" name="testGenerateaPlaybleEasySudoku[829]" time="0"/>
  <testcase classname="com.HiQ.sudokugenerator.SudokuGeneratorTest" name="testGenerateaPlaybleHardSudoku[829]" time="0"/>
  <testcase classname="com.HiQ.sudokugenerator.SudokuGeneratorTest" name="testGenerateaPlaybleMediumSudoku[829]" time="0"/>
  <testcase classname="com.HiQ.sudokugenerator.SudokuGeneratorTest" name="testGenerateAndInValidateValidSudoku[830]" time="0"/>
  <testcase classname="com.HiQ.sudokugenerator.SudokuGeneratorTest" name="testGenerateAndValidateValidSudoku[830]" time="0"/>
  <testcase classname="com.HiQ.sudokugenerator.SudokuGeneratorTest" name="testGenerateaPlaybleEasySudoku[830]" time="0"/>
  <testcase classname="com.HiQ.sudokugenerator.SudokuGeneratorTest" name="testGenerateaPlaybleHardSudoku[830]" time="0"/>
  <testcase classname="com.HiQ.sudokugenerator.SudokuGeneratorTest" name="testGenerateaPlaybleMediumSudoku[830]" time="0"/>
  <testcase classname="com.HiQ.sudokugenerator.SudokuGeneratorTest" name="testGenerateAndInValidateValidSudoku[831]" time="0"/>
  <testcase classname="com.HiQ.sudokugenerator.SudokuGeneratorTest" name="testGenerateAndValidateValidSudoku[831]" time="0"/>
  <testcase classname="com.HiQ.sudokugenerator.SudokuGeneratorTest" name="testGenerateaPlaybleEasySudoku[831]" time="0"/>
  <testcase classname="com.HiQ.sudokugenerator.SudokuGeneratorTest" name="testGenerateaPlaybleHardSudoku[831]" time="0"/>
  <testcase classname="com.HiQ.sudokugenerator.SudokuGeneratorTest" name="testGenerateaPlaybleMediumSudoku[831]" time="0.043"/>
  <testcase classname="com.HiQ.sudokugenerator.SudokuGeneratorTest" name="testGenerateAndInValidateValidSudoku[832]" time="0"/>
  <testcase classname="com.HiQ.sudokugenerator.SudokuGeneratorTest" name="testGenerateAndValidateValidSudoku[832]" time="0"/>
  <testcase classname="com.HiQ.sudokugenerator.SudokuGeneratorTest" name="testGenerateaPlaybleEasySudoku[832]" time="0"/>
  <testcase classname="com.HiQ.sudokugenerator.SudokuGeneratorTest" name="testGenerateaPlaybleHardSudoku[832]" time="0"/>
  <testcase classname="com.HiQ.sudokugenerator.SudokuGeneratorTest" name="testGenerateaPlaybleMediumSudoku[832]" time="0"/>
  <testcase classname="com.HiQ.sudokugenerator.SudokuGeneratorTest" name="testGenerateAndInValidateValidSudoku[833]" time="0"/>
  <testcase classname="com.HiQ.sudokugenerator.SudokuGeneratorTest" name="testGenerateAndValidateValidSudoku[833]" time="0"/>
  <testcase classname="com.HiQ.sudokugenerator.SudokuGeneratorTest" name="testGenerateaPlaybleEasySudoku[833]" time="0"/>
  <testcase classname="com.HiQ.sudokugenerator.SudokuGeneratorTest" name="testGenerateaPlaybleHardSudoku[833]" time="0"/>
  <testcase classname="com.HiQ.sudokugenerator.SudokuGeneratorTest" name="testGenerateaPlaybleMediumSudoku[833]" time="0"/>
  <testcase classname="com.HiQ.sudokugenerator.SudokuGeneratorTest" name="testGenerateAndInValidateValidSudoku[834]" time="0"/>
  <testcase classname="com.HiQ.sudokugenerator.SudokuGeneratorTest" name="testGenerateAndValidateValidSudoku[834]" time="0"/>
  <testcase classname="com.HiQ.sudokugenerator.SudokuGeneratorTest" name="testGenerateaPlaybleEasySudoku[834]" time="0"/>
  <testcase classname="com.HiQ.sudokugenerator.SudokuGeneratorTest" name="testGenerateaPlaybleHardSudoku[834]" time="0"/>
  <testcase classname="com.HiQ.sudokugenerator.SudokuGeneratorTest" name="testGenerateaPlaybleMediumSudoku[834]" time="0"/>
  <testcase classname="com.HiQ.sudokugenerator.SudokuGeneratorTest" name="testGenerateAndInValidateValidSudoku[835]" time="0"/>
  <testcase classname="com.HiQ.sudokugenerator.SudokuGeneratorTest" name="testGenerateAndValidateValidSudoku[835]" time="0"/>
  <testcase classname="com.HiQ.sudokugenerator.SudokuGeneratorTest" name="testGenerateaPlaybleEasySudoku[835]" time="0"/>
  <testcase classname="com.HiQ.sudokugenerator.SudokuGeneratorTest" name="testGenerateaPlaybleHardSudoku[835]" time="0"/>
  <testcase classname="com.HiQ.sudokugenerator.SudokuGeneratorTest" name="testGenerateaPlaybleMediumSudoku[835]" time="0"/>
  <testcase classname="com.HiQ.sudokugenerator.SudokuGeneratorTest" name="testGenerateAndInValidateValidSudoku[836]" time="0"/>
  <testcase classname="com.HiQ.sudokugenerator.SudokuGeneratorTest" name="testGenerateAndValidateValidSudoku[836]" time="0"/>
  <testcase classname="com.HiQ.sudokugenerator.SudokuGeneratorTest" name="testGenerateaPlaybleEasySudoku[836]" time="0"/>
  <testcase classname="com.HiQ.sudokugenerator.SudokuGeneratorTest" name="testGenerateaPlaybleHardSudoku[836]" time="0"/>
  <testcase classname="com.HiQ.sudokugenerator.SudokuGeneratorTest" name="testGenerateaPlaybleMediumSudoku[836]" time="0"/>
  <testcase classname="com.HiQ.sudokugenerator.SudokuGeneratorTest" name="testGenerateAndInValidateValidSudoku[837]" time="0"/>
  <testcase classname="com.HiQ.sudokugenerator.SudokuGeneratorTest" name="testGenerateAndValidateValidSudoku[837]" time="0"/>
  <testcase classname="com.HiQ.sudokugenerator.SudokuGeneratorTest" name="testGenerateaPlaybleEasySudoku[837]" time="0"/>
  <testcase classname="com.HiQ.sudokugenerator.SudokuGeneratorTest" name="testGenerateaPlaybleHardSudoku[837]" time="0"/>
  <testcase classname="com.HiQ.sudokugenerator.SudokuGeneratorTest" name="testGenerateaPlaybleMediumSudoku[837]" time="0"/>
  <testcase classname="com.HiQ.sudokugenerator.SudokuGeneratorTest" name="testGenerateAndInValidateValidSudoku[838]" time="0"/>
  <testcase classname="com.HiQ.sudokugenerator.SudokuGeneratorTest" name="testGenerateAndValidateValidSudoku[838]" time="0"/>
  <testcase classname="com.HiQ.sudokugenerator.SudokuGeneratorTest" name="testGenerateaPlaybleEasySudoku[838]" time="0"/>
  <testcase classname="com.HiQ.sudokugenerator.SudokuGeneratorTest" name="testGenerateaPlaybleHardSudoku[838]" time="0"/>
  <testcase classname="com.HiQ.sudokugenerator.SudokuGeneratorTest" name="testGenerateaPlaybleMediumSudoku[838]" time="0"/>
  <testcase classname="com.HiQ.sudokugenerator.SudokuGeneratorTest" name="testGenerateAndInValidateValidSudoku[839]" time="0"/>
  <testcase classname="com.HiQ.sudokugenerator.SudokuGeneratorTest" name="testGenerateAndValidateValidSudoku[839]" time="0"/>
  <testcase classname="com.HiQ.sudokugenerator.SudokuGeneratorTest" name="testGenerateaPlaybleEasySudoku[839]" time="0"/>
  <testcase classname="com.HiQ.sudokugenerator.SudokuGeneratorTest" name="testGenerateaPlaybleHardSudoku[839]" time="0"/>
  <testcase classname="com.HiQ.sudokugenerator.SudokuGeneratorTest" name="testGenerateaPlaybleMediumSudoku[839]" time="0"/>
  <testcase classname="com.HiQ.sudokugenerator.SudokuGeneratorTest" name="testGenerateAndInValidateValidSudoku[840]" time="0"/>
  <testcase classname="com.HiQ.sudokugenerator.SudokuGeneratorTest" name="testGenerateAndValidateValidSudoku[840]" time="0"/>
  <testcase classname="com.HiQ.sudokugenerator.SudokuGeneratorTest" name="testGenerateaPlaybleEasySudoku[840]" time="0"/>
  <testcase classname="com.HiQ.sudokugenerator.SudokuGeneratorTest" name="testGenerateaPlaybleHardSudoku[840]" time="0"/>
  <testcase classname="com.HiQ.sudokugenerator.SudokuGeneratorTest" name="testGenerateaPlaybleMediumSudoku[840]" time="0"/>
  <testcase classname="com.HiQ.sudokugenerator.SudokuGeneratorTest" name="testGenerateAndInValidateValidSudoku[841]" time="0"/>
  <testcase classname="com.HiQ.sudokugenerator.SudokuGeneratorTest" name="testGenerateAndValidateValidSudoku[841]" time="0"/>
  <testcase classname="com.HiQ.sudokugenerator.SudokuGeneratorTest" name="testGenerateaPlaybleEasySudoku[841]" time="0"/>
  <testcase classname="com.HiQ.sudokugenerator.SudokuGeneratorTest" name="testGenerateaPlaybleHardSudoku[841]" time="0"/>
  <testcase classname="com.HiQ.sudokugenerator.SudokuGeneratorTest" name="testGenerateaPlaybleMediumSudoku[841]" time="0"/>
  <testcase classname="com.HiQ.sudokugenerator.SudokuGeneratorTest" name="testGenerateAndInValidateValidSudoku[842]" time="0"/>
  <testcase classname="com.HiQ.sudokugenerator.SudokuGeneratorTest" name="testGenerateAndValidateValidSudoku[842]" time="0"/>
  <testcase classname="com.HiQ.sudokugenerator.SudokuGeneratorTest" name="testGenerateaPlaybleEasySudoku[842]" time="0"/>
  <testcase classname="com.HiQ.sudokugenerator.SudokuGeneratorTest" name="testGenerateaPlaybleHardSudoku[842]" time="0"/>
  <testcase classname="com.HiQ.sudokugenerator.SudokuGeneratorTest" name="testGenerateaPlaybleMediumSudoku[842]" time="0"/>
  <testcase classname="com.HiQ.sudokugenerator.SudokuGeneratorTest" name="testGenerateAndInValidateValidSudoku[843]" time="0"/>
  <testcase classname="com.HiQ.sudokugenerator.SudokuGeneratorTest" name="testGenerateAndValidateValidSudoku[843]" time="0"/>
  <testcase classname="com.HiQ.sudokugenerator.SudokuGeneratorTest" name="testGenerateaPlaybleEasySudoku[843]" time="0"/>
  <testcase classname="com.HiQ.sudokugenerator.SudokuGeneratorTest" name="testGenerateaPlaybleHardSudoku[843]" time="0"/>
  <testcase classname="com.HiQ.sudokugenerator.SudokuGeneratorTest" name="testGenerateaPlaybleMediumSudoku[843]" time="0"/>
  <testcase classname="com.HiQ.sudokugenerator.SudokuGeneratorTest" name="testGenerateAndInValidateValidSudoku[844]" time="0"/>
  <testcase classname="com.HiQ.sudokugenerator.SudokuGeneratorTest" name="testGenerateAndValidateValidSudoku[844]" time="0"/>
  <testcase classname="com.HiQ.sudokugenerator.SudokuGeneratorTest" name="testGenerateaPlaybleEasySudoku[844]" time="0"/>
  <testcase classname="com.HiQ.sudokugenerator.SudokuGeneratorTest" name="testGenerateaPlaybleHardSudoku[844]" time="0"/>
  <testcase classname="com.HiQ.sudokugenerator.SudokuGeneratorTest" name="testGenerateaPlaybleMediumSudoku[844]" time="0"/>
  <testcase classname="com.HiQ.sudokugenerator.SudokuGeneratorTest" name="testGenerateAndInValidateValidSudoku[845]" time="0"/>
  <testcase classname="com.HiQ.sudokugenerator.SudokuGeneratorTest" name="testGenerateAndValidateValidSudoku[845]" time="0"/>
  <testcase classname="com.HiQ.sudokugenerator.SudokuGeneratorTest" name="testGenerateaPlaybleEasySudoku[845]" time="0"/>
  <testcase classname="com.HiQ.sudokugenerator.SudokuGeneratorTest" name="testGenerateaPlaybleHardSudoku[845]" time="0"/>
  <testcase classname="com.HiQ.sudokugenerator.SudokuGeneratorTest" name="testGenerateaPlaybleMediumSudoku[845]" time="0"/>
  <testcase classname="com.HiQ.sudokugenerator.SudokuGeneratorTest" name="testGenerateAndInValidateValidSudoku[846]" time="0"/>
  <testcase classname="com.HiQ.sudokugenerator.SudokuGeneratorTest" name="testGenerateAndValidateValidSudoku[846]" time="0"/>
  <testcase classname="com.HiQ.sudokugenerator.SudokuGeneratorTest" name="testGenerateaPlaybleEasySudoku[846]" time="0"/>
  <testcase classname="com.HiQ.sudokugenerator.SudokuGeneratorTest" name="testGenerateaPlaybleHardSudoku[846]" time="0"/>
  <testcase classname="com.HiQ.sudokugenerator.SudokuGeneratorTest" name="testGenerateaPlaybleMediumSudoku[846]" time="0"/>
  <testcase classname="com.HiQ.sudokugenerator.SudokuGeneratorTest" name="testGenerateAndInValidateValidSudoku[847]" time="0"/>
  <testcase classname="com.HiQ.sudokugenerator.SudokuGeneratorTest" name="testGenerateAndValidateValidSudoku[847]" time="0"/>
  <testcase classname="com.HiQ.sudokugenerator.SudokuGeneratorTest" name="testGenerateaPlaybleEasySudoku[847]" time="0"/>
  <testcase classname="com.HiQ.sudokugenerator.SudokuGeneratorTest" name="testGenerateaPlaybleHardSudoku[847]" time="0"/>
  <testcase classname="com.HiQ.sudokugenerator.SudokuGeneratorTest" name="testGenerateaPlaybleMediumSudoku[847]" time="0"/>
  <testcase classname="com.HiQ.sudokugenerator.SudokuGeneratorTest" name="testGenerateAndInValidateValidSudoku[848]" time="0"/>
  <testcase classname="com.HiQ.sudokugenerator.SudokuGeneratorTest" name="testGenerateAndValidateValidSudoku[848]" time="0"/>
  <testcase classname="com.HiQ.sudokugenerator.SudokuGeneratorTest" name="testGenerateaPlaybleEasySudoku[848]" time="0"/>
  <testcase classname="com.HiQ.sudokugenerator.SudokuGeneratorTest" name="testGenerateaPlaybleHardSudoku[848]" time="0"/>
  <testcase classname="com.HiQ.sudokugenerator.SudokuGeneratorTest" name="testGenerateaPlaybleMediumSudoku[848]" time="0"/>
  <testcase classname="com.HiQ.sudokugenerator.SudokuGeneratorTest" name="testGenerateAndInValidateValidSudoku[849]" time="0"/>
  <testcase classname="com.HiQ.sudokugenerator.SudokuGeneratorTest" name="testGenerateAndValidateValidSudoku[849]" time="0"/>
  <testcase classname="com.HiQ.sudokugenerator.SudokuGeneratorTest" name="testGenerateaPlaybleEasySudoku[849]" time="0"/>
  <testcase classname="com.HiQ.sudokugenerator.SudokuGeneratorTest" name="testGenerateaPlaybleHardSudoku[849]" time="0"/>
  <testcase classname="com.HiQ.sudokugenerator.SudokuGeneratorTest" name="testGenerateaPlaybleMediumSudoku[849]" time="0"/>
  <testcase classname="com.HiQ.sudokugenerator.SudokuGeneratorTest" name="testGenerateAndInValidateValidSudoku[850]" time="0"/>
  <testcase classname="com.HiQ.sudokugenerator.SudokuGeneratorTest" name="testGenerateAndValidateValidSudoku[850]" time="0"/>
  <testcase classname="com.HiQ.sudokugenerator.SudokuGeneratorTest" name="testGenerateaPlaybleEasySudoku[850]" time="0"/>
  <testcase classname="com.HiQ.sudokugenerator.SudokuGeneratorTest" name="testGenerateaPlaybleHardSudoku[850]" time="0"/>
  <testcase classname="com.HiQ.sudokugenerator.SudokuGeneratorTest" name="testGenerateaPlaybleMediumSudoku[850]" time="0"/>
  <testcase classname="com.HiQ.sudokugenerator.SudokuGeneratorTest" name="testGenerateAndInValidateValidSudoku[851]" time="0"/>
  <testcase classname="com.HiQ.sudokugenerator.SudokuGeneratorTest" name="testGenerateAndValidateValidSudoku[851]" time="0"/>
  <testcase classname="com.HiQ.sudokugenerator.SudokuGeneratorTest" name="testGenerateaPlaybleEasySudoku[851]" time="0"/>
  <testcase classname="com.HiQ.sudokugenerator.SudokuGeneratorTest" name="testGenerateaPlaybleHardSudoku[851]" time="0"/>
  <testcase classname="com.HiQ.sudokugenerator.SudokuGeneratorTest" name="testGenerateaPlaybleMediumSudoku[851]" time="0"/>
  <testcase classname="com.HiQ.sudokugenerator.SudokuGeneratorTest" name="testGenerateAndInValidateValidSudoku[852]" time="0"/>
  <testcase classname="com.HiQ.sudokugenerator.SudokuGeneratorTest" name="testGenerateAndValidateValidSudoku[852]" time="0"/>
  <testcase classname="com.HiQ.sudokugenerator.SudokuGeneratorTest" name="testGenerateaPlaybleEasySudoku[852]" time="0"/>
  <testcase classname="com.HiQ.sudokugenerator.SudokuGeneratorTest" name="testGenerateaPlaybleHardSudoku[852]" time="0"/>
  <testcase classname="com.HiQ.sudokugenerator.SudokuGeneratorTest" name="testGenerateaPlaybleMediumSudoku[852]" time="0"/>
  <testcase classname="com.HiQ.sudokugenerator.SudokuGeneratorTest" name="testGenerateAndInValidateValidSudoku[853]" time="0"/>
  <testcase classname="com.HiQ.sudokugenerator.SudokuGeneratorTest" name="testGenerateAndValidateValidSudoku[853]" time="0"/>
  <testcase classname="com.HiQ.sudokugenerator.SudokuGeneratorTest" name="testGenerateaPlaybleEasySudoku[853]" time="0"/>
  <testcase classname="com.HiQ.sudokugenerator.SudokuGeneratorTest" name="testGenerateaPlaybleHardSudoku[853]" time="0"/>
  <testcase classname="com.HiQ.sudokugenerator.SudokuGeneratorTest" name="testGenerateaPlaybleMediumSudoku[853]" time="0"/>
  <testcase classname="com.HiQ.sudokugenerator.SudokuGeneratorTest" name="testGenerateAndInValidateValidSudoku[854]" time="0"/>
  <testcase classname="com.HiQ.sudokugenerator.SudokuGeneratorTest" name="testGenerateAndValidateValidSudoku[854]" time="0"/>
  <testcase classname="com.HiQ.sudokugenerator.SudokuGeneratorTest" name="testGenerateaPlaybleEasySudoku[854]" time="0"/>
  <testcase classname="com.HiQ.sudokugenerator.SudokuGeneratorTest" name="testGenerateaPlaybleHardSudoku[854]" time="0"/>
  <testcase classname="com.HiQ.sudokugenerator.SudokuGeneratorTest" name="testGenerateaPlaybleMediumSudoku[854]" time="0"/>
  <testcase classname="com.HiQ.sudokugenerator.SudokuGeneratorTest" name="testGenerateAndInValidateValidSudoku[855]" time="0"/>
  <testcase classname="com.HiQ.sudokugenerator.SudokuGeneratorTest" name="testGenerateAndValidateValidSudoku[855]" time="0"/>
  <testcase classname="com.HiQ.sudokugenerator.SudokuGeneratorTest" name="testGenerateaPlaybleEasySudoku[855]" time="0"/>
  <testcase classname="com.HiQ.sudokugenerator.SudokuGeneratorTest" name="testGenerateaPlaybleHardSudoku[855]" time="0"/>
  <testcase classname="com.HiQ.sudokugenerator.SudokuGeneratorTest" name="testGenerateaPlaybleMediumSudoku[855]" time="0"/>
  <testcase classname="com.HiQ.sudokugenerator.SudokuGeneratorTest" name="testGenerateAndInValidateValidSudoku[856]" time="0"/>
  <testcase classname="com.HiQ.sudokugenerator.SudokuGeneratorTest" name="testGenerateAndValidateValidSudoku[856]" time="0"/>
  <testcase classname="com.HiQ.sudokugenerator.SudokuGeneratorTest" name="testGenerateaPlaybleEasySudoku[856]" time="0"/>
  <testcase classname="com.HiQ.sudokugenerator.SudokuGeneratorTest" name="testGenerateaPlaybleHardSudoku[856]" time="0"/>
  <testcase classname="com.HiQ.sudokugenerator.SudokuGeneratorTest" name="testGenerateaPlaybleMediumSudoku[856]" time="0"/>
  <testcase classname="com.HiQ.sudokugenerator.SudokuGeneratorTest" name="testGenerateAndInValidateValidSudoku[857]" time="0"/>
  <testcase classname="com.HiQ.sudokugenerator.SudokuGeneratorTest" name="testGenerateAndValidateValidSudoku[857]" time="0"/>
  <testcase classname="com.HiQ.sudokugenerator.SudokuGeneratorTest" name="testGenerateaPlaybleEasySudoku[857]" time="0"/>
  <testcase classname="com.HiQ.sudokugenerator.SudokuGeneratorTest" name="testGenerateaPlaybleHardSudoku[857]" time="0"/>
  <testcase classname="com.HiQ.sudokugenerator.SudokuGeneratorTest" name="testGenerateaPlaybleMediumSudoku[857]" time="0"/>
  <testcase classname="com.HiQ.sudokugenerator.SudokuGeneratorTest" name="testGenerateAndInValidateValidSudoku[858]" time="0"/>
  <testcase classname="com.HiQ.sudokugenerator.SudokuGeneratorTest" name="testGenerateAndValidateValidSudoku[858]" time="0"/>
  <testcase classname="com.HiQ.sudokugenerator.SudokuGeneratorTest" name="testGenerateaPlaybleEasySudoku[858]" time="0"/>
  <testcase classname="com.HiQ.sudokugenerator.SudokuGeneratorTest" name="testGenerateaPlaybleHardSudoku[858]" time="0"/>
  <testcase classname="com.HiQ.sudokugenerator.SudokuGeneratorTest" name="testGenerateaPlaybleMediumSudoku[858]" time="0"/>
  <testcase classname="com.HiQ.sudokugenerator.SudokuGeneratorTest" name="testGenerateAndInValidateValidSudoku[859]" time="0"/>
  <testcase classname="com.HiQ.sudokugenerator.SudokuGeneratorTest" name="testGenerateAndValidateValidSudoku[859]" time="0"/>
  <testcase classname="com.HiQ.sudokugenerator.SudokuGeneratorTest" name="testGenerateaPlaybleEasySudoku[859]" time="0"/>
  <testcase classname="com.HiQ.sudokugenerator.SudokuGeneratorTest" name="testGenerateaPlaybleHardSudoku[859]" time="0"/>
  <testcase classname="com.HiQ.sudokugenerator.SudokuGeneratorTest" name="testGenerateaPlaybleMediumSudoku[859]" time="0"/>
  <testcase classname="com.HiQ.sudokugenerator.SudokuGeneratorTest" name="testGenerateAndInValidateValidSudoku[860]" time="0"/>
  <testcase classname="com.HiQ.sudokugenerator.SudokuGeneratorTest" name="testGenerateAndValidateValidSudoku[860]" time="0"/>
  <testcase classname="com.HiQ.sudokugenerator.SudokuGeneratorTest" name="testGenerateaPlaybleEasySudoku[860]" time="0"/>
  <testcase classname="com.HiQ.sudokugenerator.SudokuGeneratorTest" name="testGenerateaPlaybleHardSudoku[860]" time="0.038"/>
  <testcase classname="com.HiQ.sudokugenerator.SudokuGeneratorTest" name="testGenerateaPlaybleMediumSudoku[860]" time="0"/>
  <testcase classname="com.HiQ.sudokugenerator.SudokuGeneratorTest" name="testGenerateAndInValidateValidSudoku[861]" time="0"/>
  <testcase classname="com.HiQ.sudokugenerator.SudokuGeneratorTest" name="testGenerateAndValidateValidSudoku[861]" time="0"/>
  <testcase classname="com.HiQ.sudokugenerator.SudokuGeneratorTest" name="testGenerateaPlaybleEasySudoku[861]" time="0"/>
  <testcase classname="com.HiQ.sudokugenerator.SudokuGeneratorTest" name="testGenerateaPlaybleHardSudoku[861]" time="0"/>
  <testcase classname="com.HiQ.sudokugenerator.SudokuGeneratorTest" name="testGenerateaPlaybleMediumSudoku[861]" time="0.001"/>
  <testcase classname="com.HiQ.sudokugenerator.SudokuGeneratorTest" name="testGenerateAndInValidateValidSudoku[862]" time="0"/>
  <testcase classname="com.HiQ.sudokugenerator.SudokuGeneratorTest" name="testGenerateAndValidateValidSudoku[862]" time="0"/>
  <testcase classname="com.HiQ.sudokugenerator.SudokuGeneratorTest" name="testGenerateaPlaybleEasySudoku[862]" time="0"/>
  <testcase classname="com.HiQ.sudokugenerator.SudokuGeneratorTest" name="testGenerateaPlaybleHardSudoku[862]" time="0"/>
  <testcase classname="com.HiQ.sudokugenerator.SudokuGeneratorTest" name="testGenerateaPlaybleMediumSudoku[862]" time="0"/>
  <testcase classname="com.HiQ.sudokugenerator.SudokuGeneratorTest" name="testGenerateAndInValidateValidSudoku[863]" time="0"/>
  <testcase classname="com.HiQ.sudokugenerator.SudokuGeneratorTest" name="testGenerateAndValidateValidSudoku[863]" time="0"/>
  <testcase classname="com.HiQ.sudokugenerator.SudokuGeneratorTest" name="testGenerateaPlaybleEasySudoku[863]" time="0"/>
  <testcase classname="com.HiQ.sudokugenerator.SudokuGeneratorTest" name="testGenerateaPlaybleHardSudoku[863]" time="0"/>
  <testcase classname="com.HiQ.sudokugenerator.SudokuGeneratorTest" name="testGenerateaPlaybleMediumSudoku[863]" time="0"/>
  <testcase classname="com.HiQ.sudokugenerator.SudokuGeneratorTest" name="testGenerateAndInValidateValidSudoku[864]" time="0"/>
  <testcase classname="com.HiQ.sudokugenerator.SudokuGeneratorTest" name="testGenerateAndValidateValidSudoku[864]" time="0"/>
  <testcase classname="com.HiQ.sudokugenerator.SudokuGeneratorTest" name="testGenerateaPlaybleEasySudoku[864]" time="0"/>
  <testcase classname="com.HiQ.sudokugenerator.SudokuGeneratorTest" name="testGenerateaPlaybleHardSudoku[864]" time="0"/>
  <testcase classname="com.HiQ.sudokugenerator.SudokuGeneratorTest" name="testGenerateaPlaybleMediumSudoku[864]" time="0"/>
  <testcase classname="com.HiQ.sudokugenerator.SudokuGeneratorTest" name="testGenerateAndInValidateValidSudoku[865]" time="0"/>
  <testcase classname="com.HiQ.sudokugenerator.SudokuGeneratorTest" name="testGenerateAndValidateValidSudoku[865]" time="0"/>
  <testcase classname="com.HiQ.sudokugenerator.SudokuGeneratorTest" name="testGenerateaPlaybleEasySudoku[865]" time="0"/>
  <testcase classname="com.HiQ.sudokugenerator.SudokuGeneratorTest" name="testGenerateaPlaybleHardSudoku[865]" time="0"/>
  <testcase classname="com.HiQ.sudokugenerator.SudokuGeneratorTest" name="testGenerateaPlaybleMediumSudoku[865]" time="0"/>
  <testcase classname="com.HiQ.sudokugenerator.SudokuGeneratorTest" name="testGenerateAndInValidateValidSudoku[866]" time="0"/>
  <testcase classname="com.HiQ.sudokugenerator.SudokuGeneratorTest" name="testGenerateAndValidateValidSudoku[866]" time="0"/>
  <testcase classname="com.HiQ.sudokugenerator.SudokuGeneratorTest" name="testGenerateaPlaybleEasySudoku[866]" time="0"/>
  <testcase classname="com.HiQ.sudokugenerator.SudokuGeneratorTest" name="testGenerateaPlaybleHardSudoku[866]" time="0"/>
  <testcase classname="com.HiQ.sudokugenerator.SudokuGeneratorTest" name="testGenerateaPlaybleMediumSudoku[866]" time="0"/>
  <testcase classname="com.HiQ.sudokugenerator.SudokuGeneratorTest" name="testGenerateAndInValidateValidSudoku[867]" time="0"/>
  <testcase classname="com.HiQ.sudokugenerator.SudokuGeneratorTest" name="testGenerateAndValidateValidSudoku[867]" time="0"/>
  <testcase classname="com.HiQ.sudokugenerator.SudokuGeneratorTest" name="testGenerateaPlaybleEasySudoku[867]" time="0"/>
  <testcase classname="com.HiQ.sudokugenerator.SudokuGeneratorTest" name="testGenerateaPlaybleHardSudoku[867]" time="0"/>
  <testcase classname="com.HiQ.sudokugenerator.SudokuGeneratorTest" name="testGenerateaPlaybleMediumSudoku[867]" time="0"/>
  <testcase classname="com.HiQ.sudokugenerator.SudokuGeneratorTest" name="testGenerateAndInValidateValidSudoku[868]" time="0"/>
  <testcase classname="com.HiQ.sudokugenerator.SudokuGeneratorTest" name="testGenerateAndValidateValidSudoku[868]" time="0"/>
  <testcase classname="com.HiQ.sudokugenerator.SudokuGeneratorTest" name="testGenerateaPlaybleEasySudoku[868]" time="0"/>
  <testcase classname="com.HiQ.sudokugenerator.SudokuGeneratorTest" name="testGenerateaPlaybleHardSudoku[868]" time="0"/>
  <testcase classname="com.HiQ.sudokugenerator.SudokuGeneratorTest" name="testGenerateaPlaybleMediumSudoku[868]" time="0"/>
  <testcase classname="com.HiQ.sudokugenerator.SudokuGeneratorTest" name="testGenerateAndInValidateValidSudoku[869]" time="0"/>
  <testcase classname="com.HiQ.sudokugenerator.SudokuGeneratorTest" name="testGenerateAndValidateValidSudoku[869]" time="0"/>
  <testcase classname="com.HiQ.sudokugenerator.SudokuGeneratorTest" name="testGenerateaPlaybleEasySudoku[869]" time="0"/>
  <testcase classname="com.HiQ.sudokugenerator.SudokuGeneratorTest" name="testGenerateaPlaybleHardSudoku[869]" time="0"/>
  <testcase classname="com.HiQ.sudokugenerator.SudokuGeneratorTest" name="testGenerateaPlaybleMediumSudoku[869]" time="0"/>
  <testcase classname="com.HiQ.sudokugenerator.SudokuGeneratorTest" name="testGenerateAndInValidateValidSudoku[870]" time="0"/>
  <testcase classname="com.HiQ.sudokugenerator.SudokuGeneratorTest" name="testGenerateAndValidateValidSudoku[870]" time="0"/>
  <testcase classname="com.HiQ.sudokugenerator.SudokuGeneratorTest" name="testGenerateaPlaybleEasySudoku[870]" time="0"/>
  <testcase classname="com.HiQ.sudokugenerator.SudokuGeneratorTest" name="testGenerateaPlaybleHardSudoku[870]" time="0"/>
  <testcase classname="com.HiQ.sudokugenerator.SudokuGeneratorTest" name="testGenerateaPlaybleMediumSudoku[870]" time="0.001"/>
  <testcase classname="com.HiQ.sudokugenerator.SudokuGeneratorTest" name="testGenerateAndInValidateValidSudoku[871]" time="0"/>
  <testcase classname="com.HiQ.sudokugenerator.SudokuGeneratorTest" name="testGenerateAndValidateValidSudoku[871]" time="0"/>
  <testcase classname="com.HiQ.sudokugenerator.SudokuGeneratorTest" name="testGenerateaPlaybleEasySudoku[871]" time="0"/>
  <testcase classname="com.HiQ.sudokugenerator.SudokuGeneratorTest" name="testGenerateaPlaybleHardSudoku[871]" time="0"/>
  <testcase classname="com.HiQ.sudokugenerator.SudokuGeneratorTest" name="testGenerateaPlaybleMediumSudoku[871]" time="0"/>
  <testcase classname="com.HiQ.sudokugenerator.SudokuGeneratorTest" name="testGenerateAndInValidateValidSudoku[872]" time="0"/>
  <testcase classname="com.HiQ.sudokugenerator.SudokuGeneratorTest" name="testGenerateAndValidateValidSudoku[872]" time="0"/>
  <testcase classname="com.HiQ.sudokugenerator.SudokuGeneratorTest" name="testGenerateaPlaybleEasySudoku[872]" time="0"/>
  <testcase classname="com.HiQ.sudokugenerator.SudokuGeneratorTest" name="testGenerateaPlaybleHardSudoku[872]" time="0"/>
  <testcase classname="com.HiQ.sudokugenerator.SudokuGeneratorTest" name="testGenerateaPlaybleMediumSudoku[872]" time="0"/>
  <testcase classname="com.HiQ.sudokugenerator.SudokuGeneratorTest" name="testGenerateAndInValidateValidSudoku[873]" time="0"/>
  <testcase classname="com.HiQ.sudokugenerator.SudokuGeneratorTest" name="testGenerateAndValidateValidSudoku[873]" time="0"/>
  <testcase classname="com.HiQ.sudokugenerator.SudokuGeneratorTest" name="testGenerateaPlaybleEasySudoku[873]" time="0"/>
  <testcase classname="com.HiQ.sudokugenerator.SudokuGeneratorTest" name="testGenerateaPlaybleHardSudoku[873]" time="0"/>
  <testcase classname="com.HiQ.sudokugenerator.SudokuGeneratorTest" name="testGenerateaPlaybleMediumSudoku[873]" time="0"/>
  <testcase classname="com.HiQ.sudokugenerator.SudokuGeneratorTest" name="testGenerateAndInValidateValidSudoku[874]" time="0"/>
  <testcase classname="com.HiQ.sudokugenerator.SudokuGeneratorTest" name="testGenerateAndValidateValidSudoku[874]" time="0"/>
  <testcase classname="com.HiQ.sudokugenerator.SudokuGeneratorTest" name="testGenerateaPlaybleEasySudoku[874]" time="0"/>
  <testcase classname="com.HiQ.sudokugenerator.SudokuGeneratorTest" name="testGenerateaPlaybleHardSudoku[874]" time="0"/>
  <testcase classname="com.HiQ.sudokugenerator.SudokuGeneratorTest" name="testGenerateaPlaybleMediumSudoku[874]" time="0.001"/>
  <testcase classname="com.HiQ.sudokugenerator.SudokuGeneratorTest" name="testGenerateAndInValidateValidSudoku[875]" time="0"/>
  <testcase classname="com.HiQ.sudokugenerator.SudokuGeneratorTest" name="testGenerateAndValidateValidSudoku[875]" time="0"/>
  <testcase classname="com.HiQ.sudokugenerator.SudokuGeneratorTest" name="testGenerateaPlaybleEasySudoku[875]" time="0"/>
  <testcase classname="com.HiQ.sudokugenerator.SudokuGeneratorTest" name="testGenerateaPlaybleHardSudoku[875]" time="0"/>
  <testcase classname="com.HiQ.sudokugenerator.SudokuGeneratorTest" name="testGenerateaPlaybleMediumSudoku[875]" time="0"/>
  <testcase classname="com.HiQ.sudokugenerator.SudokuGeneratorTest" name="testGenerateAndInValidateValidSudoku[876]" time="0"/>
  <testcase classname="com.HiQ.sudokugenerator.SudokuGeneratorTest" name="testGenerateAndValidateValidSudoku[876]" time="0"/>
  <testcase classname="com.HiQ.sudokugenerator.SudokuGeneratorTest" name="testGenerateaPlaybleEasySudoku[876]" time="0"/>
  <testcase classname="com.HiQ.sudokugenerator.SudokuGeneratorTest" name="testGenerateaPlaybleHardSudoku[876]" time="0"/>
  <testcase classname="com.HiQ.sudokugenerator.SudokuGeneratorTest" name="testGenerateaPlaybleMediumSudoku[876]" time="0"/>
  <testcase classname="com.HiQ.sudokugenerator.SudokuGeneratorTest" name="testGenerateAndInValidateValidSudoku[877]" time="0"/>
  <testcase classname="com.HiQ.sudokugenerator.SudokuGeneratorTest" name="testGenerateAndValidateValidSudoku[877]" time="0"/>
  <testcase classname="com.HiQ.sudokugenerator.SudokuGeneratorTest" name="testGenerateaPlaybleEasySudoku[877]" time="0"/>
  <testcase classname="com.HiQ.sudokugenerator.SudokuGeneratorTest" name="testGenerateaPlaybleHardSudoku[877]" time="0"/>
  <testcase classname="com.HiQ.sudokugenerator.SudokuGeneratorTest" name="testGenerateaPlaybleMediumSudoku[877]" time="0"/>
  <testcase classname="com.HiQ.sudokugenerator.SudokuGeneratorTest" name="testGenerateAndInValidateValidSudoku[878]" time="0"/>
  <testcase classname="com.HiQ.sudokugenerator.SudokuGeneratorTest" name="testGenerateAndValidateValidSudoku[878]" time="0"/>
  <testcase classname="com.HiQ.sudokugenerator.SudokuGeneratorTest" name="testGenerateaPlaybleEasySudoku[878]" time="0"/>
  <testcase classname="com.HiQ.sudokugenerator.SudokuGeneratorTest" name="testGenerateaPlaybleHardSudoku[878]" time="0"/>
  <testcase classname="com.HiQ.sudokugenerator.SudokuGeneratorTest" name="testGenerateaPlaybleMediumSudoku[878]" time="0"/>
  <testcase classname="com.HiQ.sudokugenerator.SudokuGeneratorTest" name="testGenerateAndInValidateValidSudoku[879]" time="0"/>
  <testcase classname="com.HiQ.sudokugenerator.SudokuGeneratorTest" name="testGenerateAndValidateValidSudoku[879]" time="0"/>
  <testcase classname="com.HiQ.sudokugenerator.SudokuGeneratorTest" name="testGenerateaPlaybleEasySudoku[879]" time="0"/>
  <testcase classname="com.HiQ.sudokugenerator.SudokuGeneratorTest" name="testGenerateaPlaybleHardSudoku[879]" time="0"/>
  <testcase classname="com.HiQ.sudokugenerator.SudokuGeneratorTest" name="testGenerateaPlaybleMediumSudoku[879]" time="0"/>
  <testcase classname="com.HiQ.sudokugenerator.SudokuGeneratorTest" name="testGenerateAndInValidateValidSudoku[880]" time="0"/>
  <testcase classname="com.HiQ.sudokugenerator.SudokuGeneratorTest" name="testGenerateAndValidateValidSudoku[880]" time="0"/>
  <testcase classname="com.HiQ.sudokugenerator.SudokuGeneratorTest" name="testGenerateaPlaybleEasySudoku[880]" time="0"/>
  <testcase classname="com.HiQ.sudokugenerator.SudokuGeneratorTest" name="testGenerateaPlaybleHardSudoku[880]" time="0"/>
  <testcase classname="com.HiQ.sudokugenerator.SudokuGeneratorTest" name="testGenerateaPlaybleMediumSudoku[880]" time="0"/>
  <testcase classname="com.HiQ.sudokugenerator.SudokuGeneratorTest" name="testGenerateAndInValidateValidSudoku[881]" time="0"/>
  <testcase classname="com.HiQ.sudokugenerator.SudokuGeneratorTest" name="testGenerateAndValidateValidSudoku[881]" time="0"/>
  <testcase classname="com.HiQ.sudokugenerator.SudokuGeneratorTest" name="testGenerateaPlaybleEasySudoku[881]" time="0"/>
  <testcase classname="com.HiQ.sudokugenerator.SudokuGeneratorTest" name="testGenerateaPlaybleHardSudoku[881]" time="0"/>
  <testcase classname="com.HiQ.sudokugenerator.SudokuGeneratorTest" name="testGenerateaPlaybleMediumSudoku[881]" time="0"/>
  <testcase classname="com.HiQ.sudokugenerator.SudokuGeneratorTest" name="testGenerateAndInValidateValidSudoku[882]" time="0"/>
  <testcase classname="com.HiQ.sudokugenerator.SudokuGeneratorTest" name="testGenerateAndValidateValidSudoku[882]" time="0"/>
  <testcase classname="com.HiQ.sudokugenerator.SudokuGeneratorTest" name="testGenerateaPlaybleEasySudoku[882]" time="0"/>
  <testcase classname="com.HiQ.sudokugenerator.SudokuGeneratorTest" name="testGenerateaPlaybleHardSudoku[882]" time="0"/>
  <testcase classname="com.HiQ.sudokugenerator.SudokuGeneratorTest" name="testGenerateaPlaybleMediumSudoku[882]" time="0"/>
  <testcase classname="com.HiQ.sudokugenerator.SudokuGeneratorTest" name="testGenerateAndInValidateValidSudoku[883]" time="0"/>
  <testcase classname="com.HiQ.sudokugenerator.SudokuGeneratorTest" name="testGenerateAndValidateValidSudoku[883]" time="0"/>
  <testcase classname="com.HiQ.sudokugenerator.SudokuGeneratorTest" name="testGenerateaPlaybleEasySudoku[883]" time="0"/>
  <testcase classname="com.HiQ.sudokugenerator.SudokuGeneratorTest" name="testGenerateaPlaybleHardSudoku[883]" time="0"/>
  <testcase classname="com.HiQ.sudokugenerator.SudokuGeneratorTest" name="testGenerateaPlaybleMediumSudoku[883]" time="0"/>
  <testcase classname="com.HiQ.sudokugenerator.SudokuGeneratorTest" name="testGenerateAndInValidateValidSudoku[884]" time="0"/>
  <testcase classname="com.HiQ.sudokugenerator.SudokuGeneratorTest" name="testGenerateAndValidateValidSudoku[884]" time="0"/>
  <testcase classname="com.HiQ.sudokugenerator.SudokuGeneratorTest" name="testGenerateaPlaybleEasySudoku[884]" time="0"/>
  <testcase classname="com.HiQ.sudokugenerator.SudokuGeneratorTest" name="testGenerateaPlaybleHardSudoku[884]" time="0"/>
  <testcase classname="com.HiQ.sudokugenerator.SudokuGeneratorTest" name="testGenerateaPlaybleMediumSudoku[884]" time="0"/>
  <testcase classname="com.HiQ.sudokugenerator.SudokuGeneratorTest" name="testGenerateAndInValidateValidSudoku[885]" time="0"/>
  <testcase classname="com.HiQ.sudokugenerator.SudokuGeneratorTest" name="testGenerateAndValidateValidSudoku[885]" time="0"/>
  <testcase classname="com.HiQ.sudokugenerator.SudokuGeneratorTest" name="testGenerateaPlaybleEasySudoku[885]" time="0"/>
  <testcase classname="com.HiQ.sudokugenerator.SudokuGeneratorTest" name="testGenerateaPlaybleHardSudoku[885]" time="0"/>
  <testcase classname="com.HiQ.sudokugenerator.SudokuGeneratorTest" name="testGenerateaPlaybleMediumSudoku[885]" time="0"/>
  <testcase classname="com.HiQ.sudokugenerator.SudokuGeneratorTest" name="testGenerateAndInValidateValidSudoku[886]" time="0"/>
  <testcase classname="com.HiQ.sudokugenerator.SudokuGeneratorTest" name="testGenerateAndValidateValidSudoku[886]" time="0"/>
  <testcase classname="com.HiQ.sudokugenerator.SudokuGeneratorTest" name="testGenerateaPlaybleEasySudoku[886]" time="0"/>
  <testcase classname="com.HiQ.sudokugenerator.SudokuGeneratorTest" name="testGenerateaPlaybleHardSudoku[886]" time="0"/>
  <testcase classname="com.HiQ.sudokugenerator.SudokuGeneratorTest" name="testGenerateaPlaybleMediumSudoku[886]" time="0"/>
  <testcase classname="com.HiQ.sudokugenerator.SudokuGeneratorTest" name="testGenerateAndInValidateValidSudoku[887]" time="0"/>
  <testcase classname="com.HiQ.sudokugenerator.SudokuGeneratorTest" name="testGenerateAndValidateValidSudoku[887]" time="0"/>
  <testcase classname="com.HiQ.sudokugenerator.SudokuGeneratorTest" name="testGenerateaPlaybleEasySudoku[887]" time="0"/>
  <testcase classname="com.HiQ.sudokugenerator.SudokuGeneratorTest" name="testGenerateaPlaybleHardSudoku[887]" time="0"/>
  <testcase classname="com.HiQ.sudokugenerator.SudokuGeneratorTest" name="testGenerateaPlaybleMediumSudoku[887]" time="0"/>
  <testcase classname="com.HiQ.sudokugenerator.SudokuGeneratorTest" name="testGenerateAndInValidateValidSudoku[888]" time="0"/>
  <testcase classname="com.HiQ.sudokugenerator.SudokuGeneratorTest" name="testGenerateAndValidateValidSudoku[888]" time="0"/>
  <testcase classname="com.HiQ.sudokugenerator.SudokuGeneratorTest" name="testGenerateaPlaybleEasySudoku[888]" time="0"/>
  <testcase classname="com.HiQ.sudokugenerator.SudokuGeneratorTest" name="testGenerateaPlaybleHardSudoku[888]" time="0"/>
  <testcase classname="com.HiQ.sudokugenerator.SudokuGeneratorTest" name="testGenerateaPlaybleMediumSudoku[888]" time="0"/>
  <testcase classname="com.HiQ.sudokugenerator.SudokuGeneratorTest" name="testGenerateAndInValidateValidSudoku[889]" time="0"/>
  <testcase classname="com.HiQ.sudokugenerator.SudokuGeneratorTest" name="testGenerateAndValidateValidSudoku[889]" time="0"/>
  <testcase classname="com.HiQ.sudokugenerator.SudokuGeneratorTest" name="testGenerateaPlaybleEasySudoku[889]" time="0.043"/>
  <testcase classname="com.HiQ.sudokugenerator.SudokuGeneratorTest" name="testGenerateaPlaybleHardSudoku[889]" time="0"/>
  <testcase classname="com.HiQ.sudokugenerator.SudokuGeneratorTest" name="testGenerateaPlaybleMediumSudoku[889]" time="0"/>
  <testcase classname="com.HiQ.sudokugenerator.SudokuGeneratorTest" name="testGenerateAndInValidateValidSudoku[890]" time="0"/>
  <testcase classname="com.HiQ.sudokugenerator.SudokuGeneratorTest" name="testGenerateAndValidateValidSudoku[890]" time="0"/>
  <testcase classname="com.HiQ.sudokugenerator.SudokuGeneratorTest" name="testGenerateaPlaybleEasySudoku[890]" time="0"/>
  <testcase classname="com.HiQ.sudokugenerator.SudokuGeneratorTest" name="testGenerateaPlaybleHardSudoku[890]" time="0"/>
  <testcase classname="com.HiQ.sudokugenerator.SudokuGeneratorTest" name="testGenerateaPlaybleMediumSudoku[890]" time="0"/>
  <testcase classname="com.HiQ.sudokugenerator.SudokuGeneratorTest" name="testGenerateAndInValidateValidSudoku[891]" time="0"/>
  <testcase classname="com.HiQ.sudokugenerator.SudokuGeneratorTest" name="testGenerateAndValidateValidSudoku[891]" time="0"/>
  <testcase classname="com.HiQ.sudokugenerator.SudokuGeneratorTest" name="testGenerateaPlaybleEasySudoku[891]" time="0"/>
  <testcase classname="com.HiQ.sudokugenerator.SudokuGeneratorTest" name="testGenerateaPlaybleHardSudoku[891]" time="0"/>
  <testcase classname="com.HiQ.sudokugenerator.SudokuGeneratorTest" name="testGenerateaPlaybleMediumSudoku[891]" time="0"/>
  <testcase classname="com.HiQ.sudokugenerator.SudokuGeneratorTest" name="testGenerateAndInValidateValidSudoku[892]" time="0"/>
  <testcase classname="com.HiQ.sudokugenerator.SudokuGeneratorTest" name="testGenerateAndValidateValidSudoku[892]" time="0"/>
  <testcase classname="com.HiQ.sudokugenerator.SudokuGeneratorTest" name="testGenerateaPlaybleEasySudoku[892]" time="0"/>
  <testcase classname="com.HiQ.sudokugenerator.SudokuGeneratorTest" name="testGenerateaPlaybleHardSudoku[892]" time="0"/>
  <testcase classname="com.HiQ.sudokugenerator.SudokuGeneratorTest" name="testGenerateaPlaybleMediumSudoku[892]" time="0"/>
  <testcase classname="com.HiQ.sudokugenerator.SudokuGeneratorTest" name="testGenerateAndInValidateValidSudoku[893]" time="0"/>
  <testcase classname="com.HiQ.sudokugenerator.SudokuGeneratorTest" name="testGenerateAndValidateValidSudoku[893]" time="0"/>
  <testcase classname="com.HiQ.sudokugenerator.SudokuGeneratorTest" name="testGenerateaPlaybleEasySudoku[893]" time="0"/>
  <testcase classname="com.HiQ.sudokugenerator.SudokuGeneratorTest" name="testGenerateaPlaybleHardSudoku[893]" time="0"/>
  <testcase classname="com.HiQ.sudokugenerator.SudokuGeneratorTest" name="testGenerateaPlaybleMediumSudoku[893]" time="0"/>
  <testcase classname="com.HiQ.sudokugenerator.SudokuGeneratorTest" name="testGenerateAndInValidateValidSudoku[894]" time="0"/>
  <testcase classname="com.HiQ.sudokugenerator.SudokuGeneratorTest" name="testGenerateAndValidateValidSudoku[894]" time="0"/>
  <testcase classname="com.HiQ.sudokugenerator.SudokuGeneratorTest" name="testGenerateaPlaybleEasySudoku[894]" time="0"/>
  <testcase classname="com.HiQ.sudokugenerator.SudokuGeneratorTest" name="testGenerateaPlaybleHardSudoku[894]" time="0"/>
  <testcase classname="com.HiQ.sudokugenerator.SudokuGeneratorTest" name="testGenerateaPlaybleMediumSudoku[894]" time="0"/>
  <testcase classname="com.HiQ.sudokugenerator.SudokuGeneratorTest" name="testGenerateAndInValidateValidSudoku[895]" time="0"/>
  <testcase classname="com.HiQ.sudokugenerator.SudokuGeneratorTest" name="testGenerateAndValidateValidSudoku[895]" time="0"/>
  <testcase classname="com.HiQ.sudokugenerator.SudokuGeneratorTest" name="testGenerateaPlaybleEasySudoku[895]" time="0"/>
  <testcase classname="com.HiQ.sudokugenerator.SudokuGeneratorTest" name="testGenerateaPlaybleHardSudoku[895]" time="0"/>
  <testcase classname="com.HiQ.sudokugenerator.SudokuGeneratorTest" name="testGenerateaPlaybleMediumSudoku[895]" time="0"/>
  <testcase classname="com.HiQ.sudokugenerator.SudokuGeneratorTest" name="testGenerateAndInValidateValidSudoku[896]" time="0"/>
  <testcase classname="com.HiQ.sudokugenerator.SudokuGeneratorTest" name="testGenerateAndValidateValidSudoku[896]" time="0"/>
  <testcase classname="com.HiQ.sudokugenerator.SudokuGeneratorTest" name="testGenerateaPlaybleEasySudoku[896]" time="0"/>
  <testcase classname="com.HiQ.sudokugenerator.SudokuGeneratorTest" name="testGenerateaPlaybleHardSudoku[896]" time="0"/>
  <testcase classname="com.HiQ.sudokugenerator.SudokuGeneratorTest" name="testGenerateaPlaybleMediumSudoku[896]" time="0"/>
  <testcase classname="com.HiQ.sudokugenerator.SudokuGeneratorTest" name="testGenerateAndInValidateValidSudoku[897]" time="0"/>
  <testcase classname="com.HiQ.sudokugenerator.SudokuGeneratorTest" name="testGenerateAndValidateValidSudoku[897]" time="0"/>
  <testcase classname="com.HiQ.sudokugenerator.SudokuGeneratorTest" name="testGenerateaPlaybleEasySudoku[897]" time="0"/>
  <testcase classname="com.HiQ.sudokugenerator.SudokuGeneratorTest" name="testGenerateaPlaybleHardSudoku[897]" time="0"/>
  <testcase classname="com.HiQ.sudokugenerator.SudokuGeneratorTest" name="testGenerateaPlaybleMediumSudoku[897]" time="0"/>
  <testcase classname="com.HiQ.sudokugenerator.SudokuGeneratorTest" name="testGenerateAndInValidateValidSudoku[898]" time="0"/>
  <testcase classname="com.HiQ.sudokugenerator.SudokuGeneratorTest" name="testGenerateAndValidateValidSudoku[898]" time="0"/>
  <testcase classname="com.HiQ.sudokugenerator.SudokuGeneratorTest" name="testGenerateaPlaybleEasySudoku[898]" time="0"/>
  <testcase classname="com.HiQ.sudokugenerator.SudokuGeneratorTest" name="testGenerateaPlaybleHardSudoku[898]" time="0"/>
  <testcase classname="com.HiQ.sudokugenerator.SudokuGeneratorTest" name="testGenerateaPlaybleMediumSudoku[898]" time="0"/>
  <testcase classname="com.HiQ.sudokugenerator.SudokuGeneratorTest" name="testGenerateAndInValidateValidSudoku[899]" time="0"/>
  <testcase classname="com.HiQ.sudokugenerator.SudokuGeneratorTest" name="testGenerateAndValidateValidSudoku[899]" time="0"/>
  <testcase classname="com.HiQ.sudokugenerator.SudokuGeneratorTest" name="testGenerateaPlaybleEasySudoku[899]" time="0"/>
  <testcase classname="com.HiQ.sudokugenerator.SudokuGeneratorTest" name="testGenerateaPlaybleHardSudoku[899]" time="0"/>
  <testcase classname="com.HiQ.sudokugenerator.SudokuGeneratorTest" name="testGenerateaPlaybleMediumSudoku[899]" time="0"/>
  <testcase classname="com.HiQ.sudokugenerator.SudokuGeneratorTest" name="testGenerateAndInValidateValidSudoku[900]" time="0"/>
  <testcase classname="com.HiQ.sudokugenerator.SudokuGeneratorTest" name="testGenerateAndValidateValidSudoku[900]" time="0"/>
  <testcase classname="com.HiQ.sudokugenerator.SudokuGeneratorTest" name="testGenerateaPlaybleEasySudoku[900]" time="0"/>
  <testcase classname="com.HiQ.sudokugenerator.SudokuGeneratorTest" name="testGenerateaPlaybleHardSudoku[900]" time="0"/>
  <testcase classname="com.HiQ.sudokugenerator.SudokuGeneratorTest" name="testGenerateaPlaybleMediumSudoku[900]" time="0"/>
  <testcase classname="com.HiQ.sudokugenerator.SudokuGeneratorTest" name="testGenerateAndInValidateValidSudoku[901]" time="0"/>
  <testcase classname="com.HiQ.sudokugenerator.SudokuGeneratorTest" name="testGenerateAndValidateValidSudoku[901]" time="0"/>
  <testcase classname="com.HiQ.sudokugenerator.SudokuGeneratorTest" name="testGenerateaPlaybleEasySudoku[901]" time="0"/>
  <testcase classname="com.HiQ.sudokugenerator.SudokuGeneratorTest" name="testGenerateaPlaybleHardSudoku[901]" time="0"/>
  <testcase classname="com.HiQ.sudokugenerator.SudokuGeneratorTest" name="testGenerateaPlaybleMediumSudoku[901]" time="0"/>
  <testcase classname="com.HiQ.sudokugenerator.SudokuGeneratorTest" name="testGenerateAndInValidateValidSudoku[902]" time="0"/>
  <testcase classname="com.HiQ.sudokugenerator.SudokuGeneratorTest" name="testGenerateAndValidateValidSudoku[902]" time="0"/>
  <testcase classname="com.HiQ.sudokugenerator.SudokuGeneratorTest" name="testGenerateaPlaybleEasySudoku[902]" time="0"/>
  <testcase classname="com.HiQ.sudokugenerator.SudokuGeneratorTest" name="testGenerateaPlaybleHardSudoku[902]" time="0"/>
  <testcase classname="com.HiQ.sudokugenerator.SudokuGeneratorTest" name="testGenerateaPlaybleMediumSudoku[902]" time="0"/>
  <testcase classname="com.HiQ.sudokugenerator.SudokuGeneratorTest" name="testGenerateAndInValidateValidSudoku[903]" time="0"/>
  <testcase classname="com.HiQ.sudokugenerator.SudokuGeneratorTest" name="testGenerateAndValidateValidSudoku[903]" time="0"/>
  <testcase classname="com.HiQ.sudokugenerator.SudokuGeneratorTest" name="testGenerateaPlaybleEasySudoku[903]" time="0"/>
  <testcase classname="com.HiQ.sudokugenerator.SudokuGeneratorTest" name="testGenerateaPlaybleHardSudoku[903]" time="0.001"/>
  <testcase classname="com.HiQ.sudokugenerator.SudokuGeneratorTest" name="testGenerateaPlaybleMediumSudoku[903]" time="0"/>
  <testcase classname="com.HiQ.sudokugenerator.SudokuGeneratorTest" name="testGenerateAndInValidateValidSudoku[904]" time="0"/>
  <testcase classname="com.HiQ.sudokugenerator.SudokuGeneratorTest" name="testGenerateAndValidateValidSudoku[904]" time="0"/>
  <testcase classname="com.HiQ.sudokugenerator.SudokuGeneratorTest" name="testGenerateaPlaybleEasySudoku[904]" time="0"/>
  <testcase classname="com.HiQ.sudokugenerator.SudokuGeneratorTest" name="testGenerateaPlaybleHardSudoku[904]" time="0"/>
  <testcase classname="com.HiQ.sudokugenerator.SudokuGeneratorTest" name="testGenerateaPlaybleMediumSudoku[904]" time="0"/>
  <testcase classname="com.HiQ.sudokugenerator.SudokuGeneratorTest" name="testGenerateAndInValidateValidSudoku[905]" time="0"/>
  <testcase classname="com.HiQ.sudokugenerator.SudokuGeneratorTest" name="testGenerateAndValidateValidSudoku[905]" time="0"/>
  <testcase classname="com.HiQ.sudokugenerator.SudokuGeneratorTest" name="testGenerateaPlaybleEasySudoku[905]" time="0"/>
  <testcase classname="com.HiQ.sudokugenerator.SudokuGeneratorTest" name="testGenerateaPlaybleHardSudoku[905]" time="0"/>
  <testcase classname="com.HiQ.sudokugenerator.SudokuGeneratorTest" name="testGenerateaPlaybleMediumSudoku[905]" time="0"/>
  <testcase classname="com.HiQ.sudokugenerator.SudokuGeneratorTest" name="testGenerateAndInValidateValidSudoku[906]" time="0"/>
  <testcase classname="com.HiQ.sudokugenerator.SudokuGeneratorTest" name="testGenerateAndValidateValidSudoku[906]" time="0"/>
  <testcase classname="com.HiQ.sudokugenerator.SudokuGeneratorTest" name="testGenerateaPlaybleEasySudoku[906]" time="0"/>
  <testcase classname="com.HiQ.sudokugenerator.SudokuGeneratorTest" name="testGenerateaPlaybleHardSudoku[906]" time="0"/>
  <testcase classname="com.HiQ.sudokugenerator.SudokuGeneratorTest" name="testGenerateaPlaybleMediumSudoku[906]" time="0"/>
  <testcase classname="com.HiQ.sudokugenerator.SudokuGeneratorTest" name="testGenerateAndInValidateValidSudoku[907]" time="0"/>
  <testcase classname="com.HiQ.sudokugenerator.SudokuGeneratorTest" name="testGenerateAndValidateValidSudoku[907]" time="0"/>
  <testcase classname="com.HiQ.sudokugenerator.SudokuGeneratorTest" name="testGenerateaPlaybleEasySudoku[907]" time="0"/>
  <testcase classname="com.HiQ.sudokugenerator.SudokuGeneratorTest" name="testGenerateaPlaybleHardSudoku[907]" time="0"/>
  <testcase classname="com.HiQ.sudokugenerator.SudokuGeneratorTest" name="testGenerateaPlaybleMediumSudoku[907]" time="0"/>
  <testcase classname="com.HiQ.sudokugenerator.SudokuGeneratorTest" name="testGenerateAndInValidateValidSudoku[908]" time="0"/>
  <testcase classname="com.HiQ.sudokugenerator.SudokuGeneratorTest" name="testGenerateAndValidateValidSudoku[908]" time="0"/>
  <testcase classname="com.HiQ.sudokugenerator.SudokuGeneratorTest" name="testGenerateaPlaybleEasySudoku[908]" time="0"/>
  <testcase classname="com.HiQ.sudokugenerator.SudokuGeneratorTest" name="testGenerateaPlaybleHardSudoku[908]" time="0"/>
  <testcase classname="com.HiQ.sudokugenerator.SudokuGeneratorTest" name="testGenerateaPlaybleMediumSudoku[908]" time="0"/>
  <testcase classname="com.HiQ.sudokugenerator.SudokuGeneratorTest" name="testGenerateAndInValidateValidSudoku[909]" time="0"/>
  <testcase classname="com.HiQ.sudokugenerator.SudokuGeneratorTest" name="testGenerateAndValidateValidSudoku[909]" time="0"/>
  <testcase classname="com.HiQ.sudokugenerator.SudokuGeneratorTest" name="testGenerateaPlaybleEasySudoku[909]" time="0"/>
  <testcase classname="com.HiQ.sudokugenerator.SudokuGeneratorTest" name="testGenerateaPlaybleHardSudoku[909]" time="0"/>
  <testcase classname="com.HiQ.sudokugenerator.SudokuGeneratorTest" name="testGenerateaPlaybleMediumSudoku[909]" time="0"/>
  <testcase classname="com.HiQ.sudokugenerator.SudokuGeneratorTest" name="testGenerateAndInValidateValidSudoku[910]" time="0"/>
  <testcase classname="com.HiQ.sudokugenerator.SudokuGeneratorTest" name="testGenerateAndValidateValidSudoku[910]" time="0"/>
  <testcase classname="com.HiQ.sudokugenerator.SudokuGeneratorTest" name="testGenerateaPlaybleEasySudoku[910]" time="0"/>
  <testcase classname="com.HiQ.sudokugenerator.SudokuGeneratorTest" name="testGenerateaPlaybleHardSudoku[910]" time="0"/>
  <testcase classname="com.HiQ.sudokugenerator.SudokuGeneratorTest" name="testGenerateaPlaybleMediumSudoku[910]" time="0"/>
  <testcase classname="com.HiQ.sudokugenerator.SudokuGeneratorTest" name="testGenerateAndInValidateValidSudoku[911]" time="0"/>
  <testcase classname="com.HiQ.sudokugenerator.SudokuGeneratorTest" name="testGenerateAndValidateValidSudoku[911]" time="0"/>
  <testcase classname="com.HiQ.sudokugenerator.SudokuGeneratorTest" name="testGenerateaPlaybleEasySudoku[911]" time="0"/>
  <testcase classname="com.HiQ.sudokugenerator.SudokuGeneratorTest" name="testGenerateaPlaybleHardSudoku[911]" time="0"/>
  <testcase classname="com.HiQ.sudokugenerator.SudokuGeneratorTest" name="testGenerateaPlaybleMediumSudoku[911]" time="0.001"/>
  <testcase classname="com.HiQ.sudokugenerator.SudokuGeneratorTest" name="testGenerateAndInValidateValidSudoku[912]" time="0"/>
  <testcase classname="com.HiQ.sudokugenerator.SudokuGeneratorTest" name="testGenerateAndValidateValidSudoku[912]" time="0"/>
  <testcase classname="com.HiQ.sudokugenerator.SudokuGeneratorTest" name="testGenerateaPlaybleEasySudoku[912]" time="0"/>
  <testcase classname="com.HiQ.sudokugenerator.SudokuGeneratorTest" name="testGenerateaPlaybleHardSudoku[912]" time="0"/>
  <testcase classname="com.HiQ.sudokugenerator.SudokuGeneratorTest" name="testGenerateaPlaybleMediumSudoku[912]" time="0"/>
  <testcase classname="com.HiQ.sudokugenerator.SudokuGeneratorTest" name="testGenerateAndInValidateValidSudoku[913]" time="0"/>
  <testcase classname="com.HiQ.sudokugenerator.SudokuGeneratorTest" name="testGenerateAndValidateValidSudoku[913]" time="0"/>
  <testcase classname="com.HiQ.sudokugenerator.SudokuGeneratorTest" name="testGenerateaPlaybleEasySudoku[913]" time="0"/>
  <testcase classname="com.HiQ.sudokugenerator.SudokuGeneratorTest" name="testGenerateaPlaybleHardSudoku[913]" time="0"/>
  <testcase classname="com.HiQ.sudokugenerator.SudokuGeneratorTest" name="testGenerateaPlaybleMediumSudoku[913]" time="0"/>
  <testcase classname="com.HiQ.sudokugenerator.SudokuGeneratorTest" name="testGenerateAndInValidateValidSudoku[914]" time="0"/>
  <testcase classname="com.HiQ.sudokugenerator.SudokuGeneratorTest" name="testGenerateAndValidateValidSudoku[914]" time="0"/>
  <testcase classname="com.HiQ.sudokugenerator.SudokuGeneratorTest" name="testGenerateaPlaybleEasySudoku[914]" time="0"/>
  <testcase classname="com.HiQ.sudokugenerator.SudokuGeneratorTest" name="testGenerateaPlaybleHardSudoku[914]" time="0"/>
  <testcase classname="com.HiQ.sudokugenerator.SudokuGeneratorTest" name="testGenerateaPlaybleMediumSudoku[914]" time="0"/>
  <testcase classname="com.HiQ.sudokugenerator.SudokuGeneratorTest" name="testGenerateAndInValidateValidSudoku[915]" time="0"/>
  <testcase classname="com.HiQ.sudokugenerator.SudokuGeneratorTest" name="testGenerateAndValidateValidSudoku[915]" time="0"/>
  <testcase classname="com.HiQ.sudokugenerator.SudokuGeneratorTest" name="testGenerateaPlaybleEasySudoku[915]" time="0"/>
  <testcase classname="com.HiQ.sudokugenerator.SudokuGeneratorTest" name="testGenerateaPlaybleHardSudoku[915]" time="0"/>
  <testcase classname="com.HiQ.sudokugenerator.SudokuGeneratorTest" name="testGenerateaPlaybleMediumSudoku[915]" time="0"/>
  <testcase classname="com.HiQ.sudokugenerator.SudokuGeneratorTest" name="testGenerateAndInValidateValidSudoku[916]" time="0"/>
  <testcase classname="com.HiQ.sudokugenerator.SudokuGeneratorTest" name="testGenerateAndValidateValidSudoku[916]" time="0"/>
  <testcase classname="com.HiQ.sudokugenerator.SudokuGeneratorTest" name="testGenerateaPlaybleEasySudoku[916]" time="0"/>
  <testcase classname="com.HiQ.sudokugenerator.SudokuGeneratorTest" name="testGenerateaPlaybleHardSudoku[916]" time="0"/>
  <testcase classname="com.HiQ.sudokugenerator.SudokuGeneratorTest" name="testGenerateaPlaybleMediumSudoku[916]" time="0"/>
  <testcase classname="com.HiQ.sudokugenerator.SudokuGeneratorTest" name="testGenerateAndInValidateValidSudoku[917]" time="0"/>
  <testcase classname="com.HiQ.sudokugenerator.SudokuGeneratorTest" name="testGenerateAndValidateValidSudoku[917]" time="0"/>
  <testcase classname="com.HiQ.sudokugenerator.SudokuGeneratorTest" name="testGenerateaPlaybleEasySudoku[917]" time="0"/>
  <testcase classname="com.HiQ.sudokugenerator.SudokuGeneratorTest" name="testGenerateaPlaybleHardSudoku[917]" time="0"/>
  <testcase classname="com.HiQ.sudokugenerator.SudokuGeneratorTest" name="testGenerateaPlaybleMediumSudoku[917]" time="0.121"/>
  <testcase classname="com.HiQ.sudokugenerator.SudokuGeneratorTest" name="testGenerateAndInValidateValidSudoku[918]" time="0"/>
  <testcase classname="com.HiQ.sudokugenerator.SudokuGeneratorTest" name="testGenerateAndValidateValidSudoku[918]" time="0"/>
  <testcase classname="com.HiQ.sudokugenerator.SudokuGeneratorTest" name="testGenerateaPlaybleEasySudoku[918]" time="0"/>
  <testcase classname="com.HiQ.sudokugenerator.SudokuGeneratorTest" name="testGenerateaPlaybleHardSudoku[918]" time="0"/>
  <testcase classname="com.HiQ.sudokugenerator.SudokuGeneratorTest" name="testGenerateaPlaybleMediumSudoku[918]" time="0"/>
  <testcase classname="com.HiQ.sudokugenerator.SudokuGeneratorTest" name="testGenerateAndInValidateValidSudoku[919]" time="0"/>
  <testcase classname="com.HiQ.sudokugenerator.SudokuGeneratorTest" name="testGenerateAndValidateValidSudoku[919]" time="0"/>
  <testcase classname="com.HiQ.sudokugenerator.SudokuGeneratorTest" name="testGenerateaPlaybleEasySudoku[919]" time="0"/>
  <testcase classname="com.HiQ.sudokugenerator.SudokuGeneratorTest" name="testGenerateaPlaybleHardSudoku[919]" time="0"/>
  <testcase classname="com.HiQ.sudokugenerator.SudokuGeneratorTest" name="testGenerateaPlaybleMediumSudoku[919]" time="0"/>
  <testcase classname="com.HiQ.sudokugenerator.SudokuGeneratorTest" name="testGenerateAndInValidateValidSudoku[920]" time="0"/>
  <testcase classname="com.HiQ.sudokugenerator.SudokuGeneratorTest" name="testGenerateAndValidateValidSudoku[920]" time="0"/>
  <testcase classname="com.HiQ.sudokugenerator.SudokuGeneratorTest" name="testGenerateaPlaybleEasySudoku[920]" time="0"/>
  <testcase classname="com.HiQ.sudokugenerator.SudokuGeneratorTest" name="testGenerateaPlaybleHardSudoku[920]" time="0"/>
  <testcase classname="com.HiQ.sudokugenerator.SudokuGeneratorTest" name="testGenerateaPlaybleMediumSudoku[920]" time="0"/>
  <testcase classname="com.HiQ.sudokugenerator.SudokuGeneratorTest" name="testGenerateAndInValidateValidSudoku[921]" time="0"/>
  <testcase classname="com.HiQ.sudokugenerator.SudokuGeneratorTest" name="testGenerateAndValidateValidSudoku[921]" time="0"/>
  <testcase classname="com.HiQ.sudokugenerator.SudokuGeneratorTest" name="testGenerateaPlaybleEasySudoku[921]" time="0"/>
  <testcase classname="com.HiQ.sudokugenerator.SudokuGeneratorTest" name="testGenerateaPlaybleHardSudoku[921]" time="0"/>
  <testcase classname="com.HiQ.sudokugenerator.SudokuGeneratorTest" name="testGenerateaPlaybleMediumSudoku[921]" time="0"/>
  <testcase classname="com.HiQ.sudokugenerator.SudokuGeneratorTest" name="testGenerateAndInValidateValidSudoku[922]" time="0"/>
  <testcase classname="com.HiQ.sudokugenerator.SudokuGeneratorTest" name="testGenerateAndValidateValidSudoku[922]" time="0"/>
  <testcase classname="com.HiQ.sudokugenerator.SudokuGeneratorTest" name="testGenerateaPlaybleEasySudoku[922]" time="0"/>
  <testcase classname="com.HiQ.sudokugenerator.SudokuGeneratorTest" name="testGenerateaPlaybleHardSudoku[922]" time="0"/>
  <testcase classname="com.HiQ.sudokugenerator.SudokuGeneratorTest" name="testGenerateaPlaybleMediumSudoku[922]" time="0"/>
  <testcase classname="com.HiQ.sudokugenerator.SudokuGeneratorTest" name="testGenerateAndInValidateValidSudoku[923]" time="0"/>
  <testcase classname="com.HiQ.sudokugenerator.SudokuGeneratorTest" name="testGenerateAndValidateValidSudoku[923]" time="0"/>
  <testcase classname="com.HiQ.sudokugenerator.SudokuGeneratorTest" name="testGenerateaPlaybleEasySudoku[923]" time="0"/>
  <testcase classname="com.HiQ.sudokugenerator.SudokuGeneratorTest" name="testGenerateaPlaybleHardSudoku[923]" time="0"/>
  <testcase classname="com.HiQ.sudokugenerator.SudokuGeneratorTest" name="testGenerateaPlaybleMediumSudoku[923]" time="0"/>
  <testcase classname="com.HiQ.sudokugenerator.SudokuGeneratorTest" name="testGenerateAndInValidateValidSudoku[924]" time="0.001"/>
  <testcase classname="com.HiQ.sudokugenerator.SudokuGeneratorTest" name="testGenerateAndValidateValidSudoku[924]" time="0"/>
  <testcase classname="com.HiQ.sudokugenerator.SudokuGeneratorTest" name="testGenerateaPlaybleEasySudoku[924]" time="0"/>
  <testcase classname="com.HiQ.sudokugenerator.SudokuGeneratorTest" name="testGenerateaPlaybleHardSudoku[924]" time="0"/>
  <testcase classname="com.HiQ.sudokugenerator.SudokuGeneratorTest" name="testGenerateaPlaybleMediumSudoku[924]" time="0"/>
  <testcase classname="com.HiQ.sudokugenerator.SudokuGeneratorTest" name="testGenerateAndInValidateValidSudoku[925]" time="0"/>
  <testcase classname="com.HiQ.sudokugenerator.SudokuGeneratorTest" name="testGenerateAndValidateValidSudoku[925]" time="0"/>
  <testcase classname="com.HiQ.sudokugenerator.SudokuGeneratorTest" name="testGenerateaPlaybleEasySudoku[925]" time="0"/>
  <testcase classname="com.HiQ.sudokugenerator.SudokuGeneratorTest" name="testGenerateaPlaybleHardSudoku[925]" time="0"/>
  <testcase classname="com.HiQ.sudokugenerator.SudokuGeneratorTest" name="testGenerateaPlaybleMediumSudoku[925]" time="0"/>
  <testcase classname="com.HiQ.sudokugenerator.SudokuGeneratorTest" name="testGenerateAndInValidateValidSudoku[926]" time="0"/>
  <testcase classname="com.HiQ.sudokugenerator.SudokuGeneratorTest" name="testGenerateAndValidateValidSudoku[926]" time="0"/>
  <testcase classname="com.HiQ.sudokugenerator.SudokuGeneratorTest" name="testGenerateaPlaybleEasySudoku[926]" time="0"/>
  <testcase classname="com.HiQ.sudokugenerator.SudokuGeneratorTest" name="testGenerateaPlaybleHardSudoku[926]" time="0"/>
  <testcase classname="com.HiQ.sudokugenerator.SudokuGeneratorTest" name="testGenerateaPlaybleMediumSudoku[926]" time="0"/>
  <testcase classname="com.HiQ.sudokugenerator.SudokuGeneratorTest" name="testGenerateAndInValidateValidSudoku[927]" time="0"/>
  <testcase classname="com.HiQ.sudokugenerator.SudokuGeneratorTest" name="testGenerateAndValidateValidSudoku[927]" time="0"/>
  <testcase classname="com.HiQ.sudokugenerator.SudokuGeneratorTest" name="testGenerateaPlaybleEasySudoku[927]" time="0"/>
  <testcase classname="com.HiQ.sudokugenerator.SudokuGeneratorTest" name="testGenerateaPlaybleHardSudoku[927]" time="0"/>
  <testcase classname="com.HiQ.sudokugenerator.SudokuGeneratorTest" name="testGenerateaPlaybleMediumSudoku[927]" time="0"/>
  <testcase classname="com.HiQ.sudokugenerator.SudokuGeneratorTest" name="testGenerateAndInValidateValidSudoku[928]" time="0"/>
  <testcase classname="com.HiQ.sudokugenerator.SudokuGeneratorTest" name="testGenerateAndValidateValidSudoku[928]" time="0"/>
  <testcase classname="com.HiQ.sudokugenerator.SudokuGeneratorTest" name="testGenerateaPlaybleEasySudoku[928]" time="0"/>
  <testcase classname="com.HiQ.sudokugenerator.SudokuGeneratorTest" name="testGenerateaPlaybleHardSudoku[928]" time="0"/>
  <testcase classname="com.HiQ.sudokugenerator.SudokuGeneratorTest" name="testGenerateaPlaybleMediumSudoku[928]" time="0"/>
  <testcase classname="com.HiQ.sudokugenerator.SudokuGeneratorTest" name="testGenerateAndInValidateValidSudoku[929]" time="0"/>
  <testcase classname="com.HiQ.sudokugenerator.SudokuGeneratorTest" name="testGenerateAndValidateValidSudoku[929]" time="0"/>
  <testcase classname="com.HiQ.sudokugenerator.SudokuGeneratorTest" name="testGenerateaPlaybleEasySudoku[929]" time="0"/>
  <testcase classname="com.HiQ.sudokugenerator.SudokuGeneratorTest" name="testGenerateaPlaybleHardSudoku[929]" time="0"/>
  <testcase classname="com.HiQ.sudokugenerator.SudokuGeneratorTest" name="testGenerateaPlaybleMediumSudoku[929]" time="0"/>
  <testcase classname="com.HiQ.sudokugenerator.SudokuGeneratorTest" name="testGenerateAndInValidateValidSudoku[930]" time="0"/>
  <testcase classname="com.HiQ.sudokugenerator.SudokuGeneratorTest" name="testGenerateAndValidateValidSudoku[930]" time="0"/>
  <testcase classname="com.HiQ.sudokugenerator.SudokuGeneratorTest" name="testGenerateaPlaybleEasySudoku[930]" time="0"/>
  <testcase classname="com.HiQ.sudokugenerator.SudokuGeneratorTest" name="testGenerateaPlaybleHardSudoku[930]" time="0"/>
  <testcase classname="com.HiQ.sudokugenerator.SudokuGeneratorTest" name="testGenerateaPlaybleMediumSudoku[930]" time="0"/>
  <testcase classname="com.HiQ.sudokugenerator.SudokuGeneratorTest" name="testGenerateAndInValidateValidSudoku[931]" time="0"/>
  <testcase classname="com.HiQ.sudokugenerator.SudokuGeneratorTest" name="testGenerateAndValidateValidSudoku[931]" time="0"/>
  <testcase classname="com.HiQ.sudokugenerator.SudokuGeneratorTest" name="testGenerateaPlaybleEasySudoku[931]" time="0"/>
  <testcase classname="com.HiQ.sudokugenerator.SudokuGeneratorTest" name="testGenerateaPlaybleHardSudoku[931]" time="0"/>
  <testcase classname="com.HiQ.sudokugenerator.SudokuGeneratorTest" name="testGenerateaPlaybleMediumSudoku[931]" time="0"/>
  <testcase classname="com.HiQ.sudokugenerator.SudokuGeneratorTest" name="testGenerateAndInValidateValidSudoku[932]" time="0"/>
  <testcase classname="com.HiQ.sudokugenerator.SudokuGeneratorTest" name="testGenerateAndValidateValidSudoku[932]" time="0"/>
  <testcase classname="com.HiQ.sudokugenerator.SudokuGeneratorTest" name="testGenerateaPlaybleEasySudoku[932]" time="0.011"/>
  <testcase classname="com.HiQ.sudokugenerator.SudokuGeneratorTest" name="testGenerateaPlaybleHardSudoku[932]" time="0"/>
  <testcase classname="com.HiQ.sudokugenerator.SudokuGeneratorTest" name="testGenerateaPlaybleMediumSudoku[932]" time="0"/>
  <testcase classname="com.HiQ.sudokugenerator.SudokuGeneratorTest" name="testGenerateAndInValidateValidSudoku[933]" time="0"/>
  <testcase classname="com.HiQ.sudokugenerator.SudokuGeneratorTest" name="testGenerateAndValidateValidSudoku[933]" time="0"/>
  <testcase classname="com.HiQ.sudokugenerator.SudokuGeneratorTest" name="testGenerateaPlaybleEasySudoku[933]" time="0"/>
  <testcase classname="com.HiQ.sudokugenerator.SudokuGeneratorTest" name="testGenerateaPlaybleHardSudoku[933]" time="0"/>
  <testcase classname="com.HiQ.sudokugenerator.SudokuGeneratorTest" name="testGenerateaPlaybleMediumSudoku[933]" time="0"/>
  <testcase classname="com.HiQ.sudokugenerator.SudokuGeneratorTest" name="testGenerateAndInValidateValidSudoku[934]" time="0"/>
  <testcase classname="com.HiQ.sudokugenerator.SudokuGeneratorTest" name="testGenerateAndValidateValidSudoku[934]" time="0"/>
  <testcase classname="com.HiQ.sudokugenerator.SudokuGeneratorTest" name="testGenerateaPlaybleEasySudoku[934]" time="0"/>
  <testcase classname="com.HiQ.sudokugenerator.SudokuGeneratorTest" name="testGenerateaPlaybleHardSudoku[934]" time="0"/>
  <testcase classname="com.HiQ.sudokugenerator.SudokuGeneratorTest" name="testGenerateaPlaybleMediumSudoku[934]" time="0"/>
  <testcase classname="com.HiQ.sudokugenerator.SudokuGeneratorTest" name="testGenerateAndInValidateValidSudoku[935]" time="0"/>
  <testcase classname="com.HiQ.sudokugenerator.SudokuGeneratorTest" name="testGenerateAndValidateValidSudoku[935]" time="0"/>
  <testcase classname="com.HiQ.sudokugenerator.SudokuGeneratorTest" name="testGenerateaPlaybleEasySudoku[935]" time="0"/>
  <testcase classname="com.HiQ.sudokugenerator.SudokuGeneratorTest" name="testGenerateaPlaybleHardSudoku[935]" time="0"/>
  <testcase classname="com.HiQ.sudokugenerator.SudokuGeneratorTest" name="testGenerateaPlaybleMediumSudoku[935]" time="0"/>
  <testcase classname="com.HiQ.sudokugenerator.SudokuGeneratorTest" name="testGenerateAndInValidateValidSudoku[936]" time="0"/>
  <testcase classname="com.HiQ.sudokugenerator.SudokuGeneratorTest" name="testGenerateAndValidateValidSudoku[936]" time="0"/>
  <testcase classname="com.HiQ.sudokugenerator.SudokuGeneratorTest" name="testGenerateaPlaybleEasySudoku[936]" time="0"/>
  <testcase classname="com.HiQ.sudokugenerator.SudokuGeneratorTest" name="testGenerateaPlaybleHardSudoku[936]" time="0"/>
  <testcase classname="com.HiQ.sudokugenerator.SudokuGeneratorTest" name="testGenerateaPlaybleMediumSudoku[936]" time="0"/>
  <testcase classname="com.HiQ.sudokugenerator.SudokuGeneratorTest" name="testGenerateAndInValidateValidSudoku[937]" time="0"/>
  <testcase classname="com.HiQ.sudokugenerator.SudokuGeneratorTest" name="testGenerateAndValidateValidSudoku[937]" time="0"/>
  <testcase classname="com.HiQ.sudokugenerator.SudokuGeneratorTest" name="testGenerateaPlaybleEasySudoku[937]" time="0"/>
  <testcase classname="com.HiQ.sudokugenerator.SudokuGeneratorTest" name="testGenerateaPlaybleHardSudoku[937]" time="0"/>
  <testcase classname="com.HiQ.sudokugenerator.SudokuGeneratorTest" name="testGenerateaPlaybleMediumSudoku[937]" time="0"/>
  <testcase classname="com.HiQ.sudokugenerator.SudokuGeneratorTest" name="testGenerateAndInValidateValidSudoku[938]" time="0"/>
  <testcase classname="com.HiQ.sudokugenerator.SudokuGeneratorTest" name="testGenerateAndValidateValidSudoku[938]" time="0"/>
  <testcase classname="com.HiQ.sudokugenerator.SudokuGeneratorTest" name="testGenerateaPlaybleEasySudoku[938]" time="0"/>
  <testcase classname="com.HiQ.sudokugenerator.SudokuGeneratorTest" name="testGenerateaPlaybleHardSudoku[938]" time="0"/>
  <testcase classname="com.HiQ.sudokugenerator.SudokuGeneratorTest" name="testGenerateaPlaybleMediumSudoku[938]" time="0"/>
  <testcase classname="com.HiQ.sudokugenerator.SudokuGeneratorTest" name="testGenerateAndInValidateValidSudoku[939]" time="0"/>
  <testcase classname="com.HiQ.sudokugenerator.SudokuGeneratorTest" name="testGenerateAndValidateValidSudoku[939]" time="0"/>
  <testcase classname="com.HiQ.sudokugenerator.SudokuGeneratorTest" name="testGenerateaPlaybleEasySudoku[939]" time="0"/>
  <testcase classname="com.HiQ.sudokugenerator.SudokuGeneratorTest" name="testGenerateaPlaybleHardSudoku[939]" time="0"/>
  <testcase classname="com.HiQ.sudokugenerator.SudokuGeneratorTest" name="testGenerateaPlaybleMediumSudoku[939]" time="0"/>
  <testcase classname="com.HiQ.sudokugenerator.SudokuGeneratorTest" name="testGenerateAndInValidateValidSudoku[940]" time="0"/>
  <testcase classname="com.HiQ.sudokugenerator.SudokuGeneratorTest" name="testGenerateAndValidateValidSudoku[940]" time="0"/>
  <testcase classname="com.HiQ.sudokugenerator.SudokuGeneratorTest" name="testGenerateaPlaybleEasySudoku[940]" time="0"/>
  <testcase classname="com.HiQ.sudokugenerator.SudokuGeneratorTest" name="testGenerateaPlaybleHardSudoku[940]" time="0"/>
  <testcase classname="com.HiQ.sudokugenerator.SudokuGeneratorTest" name="testGenerateaPlaybleMediumSudoku[940]" time="0"/>
  <testcase classname="com.HiQ.sudokugenerator.SudokuGeneratorTest" name="testGenerateAndInValidateValidSudoku[941]" time="0"/>
  <testcase classname="com.HiQ.sudokugenerator.SudokuGeneratorTest" name="testGenerateAndValidateValidSudoku[941]" time="0"/>
  <testcase classname="com.HiQ.sudokugenerator.SudokuGeneratorTest" name="testGenerateaPlaybleEasySudoku[941]" time="0"/>
  <testcase classname="com.HiQ.sudokugenerator.SudokuGeneratorTest" name="testGenerateaPlaybleHardSudoku[941]" time="0"/>
  <testcase classname="com.HiQ.sudokugenerator.SudokuGeneratorTest" name="testGenerateaPlaybleMediumSudoku[941]" time="0"/>
  <testcase classname="com.HiQ.sudokugenerator.SudokuGeneratorTest" name="testGenerateAndInValidateValidSudoku[942]" time="0"/>
  <testcase classname="com.HiQ.sudokugenerator.SudokuGeneratorTest" name="testGenerateAndValidateValidSudoku[942]" time="0"/>
  <testcase classname="com.HiQ.sudokugenerator.SudokuGeneratorTest" name="testGenerateaPlaybleEasySudoku[942]" time="0"/>
  <testcase classname="com.HiQ.sudokugenerator.SudokuGeneratorTest" name="testGenerateaPlaybleHardSudoku[942]" time="0"/>
  <testcase classname="com.HiQ.sudokugenerator.SudokuGeneratorTest" name="testGenerateaPlaybleMediumSudoku[942]" time="0"/>
  <testcase classname="com.HiQ.sudokugenerator.SudokuGeneratorTest" name="testGenerateAndInValidateValidSudoku[943]" time="0"/>
  <testcase classname="com.HiQ.sudokugenerator.SudokuGeneratorTest" name="testGenerateAndValidateValidSudoku[943]" time="0"/>
  <testcase classname="com.HiQ.sudokugenerator.SudokuGeneratorTest" name="testGenerateaPlaybleEasySudoku[943]" time="0"/>
  <testcase classname="com.HiQ.sudokugenerator.SudokuGeneratorTest" name="testGenerateaPlaybleHardSudoku[943]" time="0"/>
  <testcase classname="com.HiQ.sudokugenerator.SudokuGeneratorTest" name="testGenerateaPlaybleMediumSudoku[943]" time="0"/>
  <testcase classname="com.HiQ.sudokugenerator.SudokuGeneratorTest" name="testGenerateAndInValidateValidSudoku[944]" time="0"/>
  <testcase classname="com.HiQ.sudokugenerator.SudokuGeneratorTest" name="testGenerateAndValidateValidSudoku[944]" time="0"/>
  <testcase classname="com.HiQ.sudokugenerator.SudokuGeneratorTest" name="testGenerateaPlaybleEasySudoku[944]" time="0"/>
  <testcase classname="com.HiQ.sudokugenerator.SudokuGeneratorTest" name="testGenerateaPlaybleHardSudoku[944]" time="0"/>
  <testcase classname="com.HiQ.sudokugenerator.SudokuGeneratorTest" name="testGenerateaPlaybleMediumSudoku[944]" time="0"/>
  <testcase classname="com.HiQ.sudokugenerator.SudokuGeneratorTest" name="testGenerateAndInValidateValidSudoku[945]" time="0"/>
  <testcase classname="com.HiQ.sudokugenerator.SudokuGeneratorTest" name="testGenerateAndValidateValidSudoku[945]" time="0"/>
  <testcase classname="com.HiQ.sudokugenerator.SudokuGeneratorTest" name="testGenerateaPlaybleEasySudoku[945]" time="0"/>
  <testcase classname="com.HiQ.sudokugenerator.SudokuGeneratorTest" name="testGenerateaPlaybleHardSudoku[945]" time="0.001"/>
  <testcase classname="com.HiQ.sudokugenerator.SudokuGeneratorTest" name="testGenerateaPlaybleMediumSudoku[945]" time="0"/>
  <testcase classname="com.HiQ.sudokugenerator.SudokuGeneratorTest" name="testGenerateAndInValidateValidSudoku[946]" time="0"/>
  <testcase classname="com.HiQ.sudokugenerator.SudokuGeneratorTest" name="testGenerateAndValidateValidSudoku[946]" time="0"/>
  <testcase classname="com.HiQ.sudokugenerator.SudokuGeneratorTest" name="testGenerateaPlaybleEasySudoku[946]" time="0"/>
  <testcase classname="com.HiQ.sudokugenerator.SudokuGeneratorTest" name="testGenerateaPlaybleHardSudoku[946]" time="0.066"/>
  <testcase classname="com.HiQ.sudokugenerator.SudokuGeneratorTest" name="testGenerateaPlaybleMediumSudoku[946]" time="0"/>
  <testcase classname="com.HiQ.sudokugenerator.SudokuGeneratorTest" name="testGenerateAndInValidateValidSudoku[947]" time="0"/>
  <testcase classname="com.HiQ.sudokugenerator.SudokuGeneratorTest" name="testGenerateAndValidateValidSudoku[947]" time="0"/>
  <testcase classname="com.HiQ.sudokugenerator.SudokuGeneratorTest" name="testGenerateaPlaybleEasySudoku[947]" time="0"/>
  <testcase classname="com.HiQ.sudokugenerator.SudokuGeneratorTest" name="testGenerateaPlaybleHardSudoku[947]" time="0"/>
  <testcase classname="com.HiQ.sudokugenerator.SudokuGeneratorTest" name="testGenerateaPlaybleMediumSudoku[947]" time="0"/>
  <testcase classname="com.HiQ.sudokugenerator.SudokuGeneratorTest" name="testGenerateAndInValidateValidSudoku[948]" time="0"/>
  <testcase classname="com.HiQ.sudokugenerator.SudokuGeneratorTest" name="testGenerateAndValidateValidSudoku[948]" time="0"/>
  <testcase classname="com.HiQ.sudokugenerator.SudokuGeneratorTest" name="testGenerateaPlaybleEasySudoku[948]" time="0"/>
  <testcase classname="com.HiQ.sudokugenerator.SudokuGeneratorTest" name="testGenerateaPlaybleHardSudoku[948]" time="0"/>
  <testcase classname="com.HiQ.sudokugenerator.SudokuGeneratorTest" name="testGenerateaPlaybleMediumSudoku[948]" time="0"/>
  <testcase classname="com.HiQ.sudokugenerator.SudokuGeneratorTest" name="testGenerateAndInValidateValidSudoku[949]" time="0"/>
  <testcase classname="com.HiQ.sudokugenerator.SudokuGeneratorTest" name="testGenerateAndValidateValidSudoku[949]" time="0"/>
  <testcase classname="com.HiQ.sudokugenerator.SudokuGeneratorTest" name="testGenerateaPlaybleEasySudoku[949]" time="0"/>
  <testcase classname="com.HiQ.sudokugenerator.SudokuGeneratorTest" name="testGenerateaPlaybleHardSudoku[949]" time="0"/>
  <testcase classname="com.HiQ.sudokugenerator.SudokuGeneratorTest" name="testGenerateaPlaybleMediumSudoku[949]" time="0"/>
  <testcase classname="com.HiQ.sudokugenerator.SudokuGeneratorTest" name="testGenerateAndInValidateValidSudoku[950]" time="0"/>
  <testcase classname="com.HiQ.sudokugenerator.SudokuGeneratorTest" name="testGenerateAndValidateValidSudoku[950]" time="0"/>
  <testcase classname="com.HiQ.sudokugenerator.SudokuGeneratorTest" name="testGenerateaPlaybleEasySudoku[950]" time="0"/>
  <testcase classname="com.HiQ.sudokugenerator.SudokuGeneratorTest" name="testGenerateaPlaybleHardSudoku[950]" time="0"/>
  <testcase classname="com.HiQ.sudokugenerator.SudokuGeneratorTest" name="testGenerateaPlaybleMediumSudoku[950]" time="0"/>
  <testcase classname="com.HiQ.sudokugenerator.SudokuGeneratorTest" name="testGenerateAndInValidateValidSudoku[951]" time="0"/>
  <testcase classname="com.HiQ.sudokugenerator.SudokuGeneratorTest" name="testGenerateAndValidateValidSudoku[951]" time="0"/>
  <testcase classname="com.HiQ.sudokugenerator.SudokuGeneratorTest" name="testGenerateaPlaybleEasySudoku[951]" time="0"/>
  <testcase classname="com.HiQ.sudokugenerator.SudokuGeneratorTest" name="testGenerateaPlaybleHardSudoku[951]" time="0"/>
  <testcase classname="com.HiQ.sudokugenerator.SudokuGeneratorTest" name="testGenerateaPlaybleMediumSudoku[951]" time="0"/>
  <testcase classname="com.HiQ.sudokugenerator.SudokuGeneratorTest" name="testGenerateAndInValidateValidSudoku[952]" time="0"/>
  <testcase classname="com.HiQ.sudokugenerator.SudokuGeneratorTest" name="testGenerateAndValidateValidSudoku[952]" time="0"/>
  <testcase classname="com.HiQ.sudokugenerator.SudokuGeneratorTest" name="testGenerateaPlaybleEasySudoku[952]" time="0"/>
  <testcase classname="com.HiQ.sudokugenerator.SudokuGeneratorTest" name="testGenerateaPlaybleHardSudoku[952]" time="0"/>
  <testcase classname="com.HiQ.sudokugenerator.SudokuGeneratorTest" name="testGenerateaPlaybleMediumSudoku[952]" time="0"/>
  <testcase classname="com.HiQ.sudokugenerator.SudokuGeneratorTest" name="testGenerateAndInValidateValidSudoku[953]" time="0"/>
  <testcase classname="com.HiQ.sudokugenerator.SudokuGeneratorTest" name="testGenerateAndValidateValidSudoku[953]" time="0"/>
  <testcase classname="com.HiQ.sudokugenerator.SudokuGeneratorTest" name="testGenerateaPlaybleEasySudoku[953]" time="0"/>
  <testcase classname="com.HiQ.sudokugenerator.SudokuGeneratorTest" name="testGenerateaPlaybleHardSudoku[953]" time="0"/>
  <testcase classname="com.HiQ.sudokugenerator.SudokuGeneratorTest" name="testGenerateaPlaybleMediumSudoku[953]" time="0"/>
  <testcase classname="com.HiQ.sudokugenerator.SudokuGeneratorTest" name="testGenerateAndInValidateValidSudoku[954]" time="0"/>
  <testcase classname="com.HiQ.sudokugenerator.SudokuGeneratorTest" name="testGenerateAndValidateValidSudoku[954]" time="0"/>
  <testcase classname="com.HiQ.sudokugenerator.SudokuGeneratorTest" name="testGenerateaPlaybleEasySudoku[954]" time="0"/>
  <testcase classname="com.HiQ.sudokugenerator.SudokuGeneratorTest" name="testGenerateaPlaybleHardSudoku[954]" time="0"/>
  <testcase classname="com.HiQ.sudokugenerator.SudokuGeneratorTest" name="testGenerateaPlaybleMediumSudoku[954]" time="0"/>
  <testcase classname="com.HiQ.sudokugenerator.SudokuGeneratorTest" name="testGenerateAndInValidateValidSudoku[955]" time="0"/>
  <testcase classname="com.HiQ.sudokugenerator.SudokuGeneratorTest" name="testGenerateAndValidateValidSudoku[955]" time="0"/>
  <testcase classname="com.HiQ.sudokugenerator.SudokuGeneratorTest" name="testGenerateaPlaybleEasySudoku[955]" time="0"/>
  <testcase classname="com.HiQ.sudokugenerator.SudokuGeneratorTest" name="testGenerateaPlaybleHardSudoku[955]" time="0"/>
  <testcase classname="com.HiQ.sudokugenerator.SudokuGeneratorTest" name="testGenerateaPlaybleMediumSudoku[955]" time="0"/>
  <testcase classname="com.HiQ.sudokugenerator.SudokuGeneratorTest" name="testGenerateAndInValidateValidSudoku[956]" time="0"/>
  <testcase classname="com.HiQ.sudokugenerator.SudokuGeneratorTest" name="testGenerateAndValidateValidSudoku[956]" time="0"/>
  <testcase classname="com.HiQ.sudokugenerator.SudokuGeneratorTest" name="testGenerateaPlaybleEasySudoku[956]" time="0"/>
  <testcase classname="com.HiQ.sudokugenerator.SudokuGeneratorTest" name="testGenerateaPlaybleHardSudoku[956]" time="0"/>
  <testcase classname="com.HiQ.sudokugenerator.SudokuGeneratorTest" name="testGenerateaPlaybleMediumSudoku[956]" time="0"/>
  <testcase classname="com.HiQ.sudokugenerator.SudokuGeneratorTest" name="testGenerateAndInValidateValidSudoku[957]" time="0"/>
  <testcase classname="com.HiQ.sudokugenerator.SudokuGeneratorTest" name="testGenerateAndValidateValidSudoku[957]" time="0"/>
  <testcase classname="com.HiQ.sudokugenerator.SudokuGeneratorTest" name="testGenerateaPlaybleEasySudoku[957]" time="0"/>
  <testcase classname="com.HiQ.sudokugenerator.SudokuGeneratorTest" name="testGenerateaPlaybleHardSudoku[957]" time="0"/>
  <testcase classname="com.HiQ.sudokugenerator.SudokuGeneratorTest" name="testGenerateaPlaybleMediumSudoku[957]" time="0"/>
  <testcase classname="com.HiQ.sudokugenerator.SudokuGeneratorTest" name="testGenerateAndInValidateValidSudoku[958]" time="0"/>
  <testcase classname="com.HiQ.sudokugenerator.SudokuGeneratorTest" name="testGenerateAndValidateValidSudoku[958]" time="0"/>
  <testcase classname="com.HiQ.sudokugenerator.SudokuGeneratorTest" name="testGenerateaPlaybleEasySudoku[958]" time="0"/>
  <testcase classname="com.HiQ.sudokugenerator.SudokuGeneratorTest" name="testGenerateaPlaybleHardSudoku[958]" time="0"/>
  <testcase classname="com.HiQ.sudokugenerator.SudokuGeneratorTest" name="testGenerateaPlaybleMediumSudoku[958]" time="0"/>
  <testcase classname="com.HiQ.sudokugenerator.SudokuGeneratorTest" name="testGenerateAndInValidateValidSudoku[959]" time="0"/>
  <testcase classname="com.HiQ.sudokugenerator.SudokuGeneratorTest" name="testGenerateAndValidateValidSudoku[959]" time="0"/>
  <testcase classname="com.HiQ.sudokugenerator.SudokuGeneratorTest" name="testGenerateaPlaybleEasySudoku[959]" time="0"/>
  <testcase classname="com.HiQ.sudokugenerator.SudokuGeneratorTest" name="testGenerateaPlaybleHardSudoku[959]" time="0"/>
  <testcase classname="com.HiQ.sudokugenerator.SudokuGeneratorTest" name="testGenerateaPlaybleMediumSudoku[959]" time="0"/>
  <testcase classname="com.HiQ.sudokugenerator.SudokuGeneratorTest" name="testGenerateAndInValidateValidSudoku[960]" time="0"/>
  <testcase classname="com.HiQ.sudokugenerator.SudokuGeneratorTest" name="testGenerateAndValidateValidSudoku[960]" time="0"/>
  <testcase classname="com.HiQ.sudokugenerator.SudokuGeneratorTest" name="testGenerateaPlaybleEasySudoku[960]" time="0"/>
  <testcase classname="com.HiQ.sudokugenerator.SudokuGeneratorTest" name="testGenerateaPlaybleHardSudoku[960]" time="0"/>
  <testcase classname="com.HiQ.sudokugenerator.SudokuGeneratorTest" name="testGenerateaPlaybleMediumSudoku[960]" time="0"/>
  <testcase classname="com.HiQ.sudokugenerator.SudokuGeneratorTest" name="testGenerateAndInValidateValidSudoku[961]" time="0"/>
  <testcase classname="com.HiQ.sudokugenerator.SudokuGeneratorTest" name="testGenerateAndValidateValidSudoku[961]" time="0"/>
  <testcase classname="com.HiQ.sudokugenerator.SudokuGeneratorTest" name="testGenerateaPlaybleEasySudoku[961]" time="0"/>
  <testcase classname="com.HiQ.sudokugenerator.SudokuGeneratorTest" name="testGenerateaPlaybleHardSudoku[961]" time="0"/>
  <testcase classname="com.HiQ.sudokugenerator.SudokuGeneratorTest" name="testGenerateaPlaybleMediumSudoku[961]" time="0"/>
  <testcase classname="com.HiQ.sudokugenerator.SudokuGeneratorTest" name="testGenerateAndInValidateValidSudoku[962]" time="0"/>
  <testcase classname="com.HiQ.sudokugenerator.SudokuGeneratorTest" name="testGenerateAndValidateValidSudoku[962]" time="0"/>
  <testcase classname="com.HiQ.sudokugenerator.SudokuGeneratorTest" name="testGenerateaPlaybleEasySudoku[962]" time="0"/>
  <testcase classname="com.HiQ.sudokugenerator.SudokuGeneratorTest" name="testGenerateaPlaybleHardSudoku[962]" time="0"/>
  <testcase classname="com.HiQ.sudokugenerator.SudokuGeneratorTest" name="testGenerateaPlaybleMediumSudoku[962]" time="0"/>
  <testcase classname="com.HiQ.sudokugenerator.SudokuGeneratorTest" name="testGenerateAndInValidateValidSudoku[963]" time="0"/>
  <testcase classname="com.HiQ.sudokugenerator.SudokuGeneratorTest" name="testGenerateAndValidateValidSudoku[963]" time="0"/>
  <testcase classname="com.HiQ.sudokugenerator.SudokuGeneratorTest" name="testGenerateaPlaybleEasySudoku[963]" time="0"/>
  <testcase classname="com.HiQ.sudokugenerator.SudokuGeneratorTest" name="testGenerateaPlaybleHardSudoku[963]" time="0"/>
  <testcase classname="com.HiQ.sudokugenerator.SudokuGeneratorTest" name="testGenerateaPlaybleMediumSudoku[963]" time="0"/>
  <testcase classname="com.HiQ.sudokugenerator.SudokuGeneratorTest" name="testGenerateAndInValidateValidSudoku[964]" time="0"/>
  <testcase classname="com.HiQ.sudokugenerator.SudokuGeneratorTest" name="testGenerateAndValidateValidSudoku[964]" time="0"/>
  <testcase classname="com.HiQ.sudokugenerator.SudokuGeneratorTest" name="testGenerateaPlaybleEasySudoku[964]" time="0"/>
  <testcase classname="com.HiQ.sudokugenerator.SudokuGeneratorTest" name="testGenerateaPlaybleHardSudoku[964]" time="0"/>
  <testcase classname="com.HiQ.sudokugenerator.SudokuGeneratorTest" name="testGenerateaPlaybleMediumSudoku[964]" time="0"/>
  <testcase classname="com.HiQ.sudokugenerator.SudokuGeneratorTest" name="testGenerateAndInValidateValidSudoku[965]" time="0"/>
  <testcase classname="com.HiQ.sudokugenerator.SudokuGeneratorTest" name="testGenerateAndValidateValidSudoku[965]" time="0"/>
  <testcase classname="com.HiQ.sudokugenerator.SudokuGeneratorTest" name="testGenerateaPlaybleEasySudoku[965]" time="0"/>
  <testcase classname="com.HiQ.sudokugenerator.SudokuGeneratorTest" name="testGenerateaPlaybleHardSudoku[965]" time="0"/>
  <testcase classname="com.HiQ.sudokugenerator.SudokuGeneratorTest" name="testGenerateaPlaybleMediumSudoku[965]" time="0"/>
  <testcase classname="com.HiQ.sudokugenerator.SudokuGeneratorTest" name="testGenerateAndInValidateValidSudoku[966]" time="0"/>
  <testcase classname="com.HiQ.sudokugenerator.SudokuGeneratorTest" name="testGenerateAndValidateValidSudoku[966]" time="0"/>
  <testcase classname="com.HiQ.sudokugenerator.SudokuGeneratorTest" name="testGenerateaPlaybleEasySudoku[966]" time="0"/>
  <testcase classname="com.HiQ.sudokugenerator.SudokuGeneratorTest" name="testGenerateaPlaybleHardSudoku[966]" time="0"/>
  <testcase classname="com.HiQ.sudokugenerator.SudokuGeneratorTest" name="testGenerateaPlaybleMediumSudoku[966]" time="0"/>
  <testcase classname="com.HiQ.sudokugenerator.SudokuGeneratorTest" name="testGenerateAndInValidateValidSudoku[967]" time="0"/>
  <testcase classname="com.HiQ.sudokugenerator.SudokuGeneratorTest" name="testGenerateAndValidateValidSudoku[967]" time="0"/>
  <testcase classname="com.HiQ.sudokugenerator.SudokuGeneratorTest" name="testGenerateaPlaybleEasySudoku[967]" time="0"/>
  <testcase classname="com.HiQ.sudokugenerator.SudokuGeneratorTest" name="testGenerateaPlaybleHardSudoku[967]" time="0"/>
  <testcase classname="com.HiQ.sudokugenerator.SudokuGeneratorTest" name="testGenerateaPlaybleMediumSudoku[967]" time="0"/>
  <testcase classname="com.HiQ.sudokugenerator.SudokuGeneratorTest" name="testGenerateAndInValidateValidSudoku[968]" time="0"/>
  <testcase classname="com.HiQ.sudokugenerator.SudokuGeneratorTest" name="testGenerateAndValidateValidSudoku[968]" time="0"/>
  <testcase classname="com.HiQ.sudokugenerator.SudokuGeneratorTest" name="testGenerateaPlaybleEasySudoku[968]" time="0"/>
  <testcase classname="com.HiQ.sudokugenerator.SudokuGeneratorTest" name="testGenerateaPlaybleHardSudoku[968]" time="0"/>
  <testcase classname="com.HiQ.sudokugenerator.SudokuGeneratorTest" name="testGenerateaPlaybleMediumSudoku[968]" time="0"/>
  <testcase classname="com.HiQ.sudokugenerator.SudokuGeneratorTest" name="testGenerateAndInValidateValidSudoku[969]" time="0"/>
  <testcase classname="com.HiQ.sudokugenerator.SudokuGeneratorTest" name="testGenerateAndValidateValidSudoku[969]" time="0"/>
  <testcase classname="com.HiQ.sudokugenerator.SudokuGeneratorTest" name="testGenerateaPlaybleEasySudoku[969]" time="0"/>
  <testcase classname="com.HiQ.sudokugenerator.SudokuGeneratorTest" name="testGenerateaPlaybleHardSudoku[969]" time="0"/>
  <testcase classname="com.HiQ.sudokugenerator.SudokuGeneratorTest" name="testGenerateaPlaybleMediumSudoku[969]" time="0"/>
  <testcase classname="com.HiQ.sudokugenerator.SudokuGeneratorTest" name="testGenerateAndInValidateValidSudoku[970]" time="0"/>
  <testcase classname="com.HiQ.sudokugenerator.SudokuGeneratorTest" name="testGenerateAndValidateValidSudoku[970]" time="0"/>
  <testcase classname="com.HiQ.sudokugenerator.SudokuGeneratorTest" name="testGenerateaPlaybleEasySudoku[970]" time="0"/>
  <testcase classname="com.HiQ.sudokugenerator.SudokuGeneratorTest" name="testGenerateaPlaybleHardSudoku[970]" time="0"/>
  <testcase classname="com.HiQ.sudokugenerator.SudokuGeneratorTest" name="testGenerateaPlaybleMediumSudoku[970]" time="0"/>
  <testcase classname="com.HiQ.sudokugenerator.SudokuGeneratorTest" name="testGenerateAndInValidateValidSudoku[971]" time="0"/>
  <testcase classname="com.HiQ.sudokugenerator.SudokuGeneratorTest" name="testGenerateAndValidateValidSudoku[971]" time="0"/>
  <testcase classname="com.HiQ.sudokugenerator.SudokuGeneratorTest" name="testGenerateaPlaybleEasySudoku[971]" time="0"/>
  <testcase classname="com.HiQ.sudokugenerator.SudokuGeneratorTest" name="testGenerateaPlaybleHardSudoku[971]" time="0"/>
  <testcase classname="com.HiQ.sudokugenerator.SudokuGeneratorTest" name="testGenerateaPlaybleMediumSudoku[971]" time="0"/>
  <testcase classname="com.HiQ.sudokugenerator.SudokuGeneratorTest" name="testGenerateAndInValidateValidSudoku[972]" time="0"/>
  <testcase classname="com.HiQ.sudokugenerator.SudokuGeneratorTest" name="testGenerateAndValidateValidSudoku[972]" time="0"/>
  <testcase classname="com.HiQ.sudokugenerator.SudokuGeneratorTest" name="testGenerateaPlaybleEasySudoku[972]" time="0"/>
  <testcase classname="com.HiQ.sudokugenerator.SudokuGeneratorTest" name="testGenerateaPlaybleHardSudoku[972]" time="0"/>
  <testcase classname="com.HiQ.sudokugenerator.SudokuGeneratorTest" name="testGenerateaPlaybleMediumSudoku[972]" time="0"/>
  <testcase classname="com.HiQ.sudokugenerator.SudokuGeneratorTest" name="testGenerateAndInValidateValidSudoku[973]" time="0"/>
  <testcase classname="com.HiQ.sudokugenerator.SudokuGeneratorTest" name="testGenerateAndValidateValidSudoku[973]" time="0"/>
  <testcase classname="com.HiQ.sudokugenerator.SudokuGeneratorTest" name="testGenerateaPlaybleEasySudoku[973]" time="0"/>
  <testcase classname="com.HiQ.sudokugenerator.SudokuGeneratorTest" name="testGenerateaPlaybleHardSudoku[973]" time="0"/>
  <testcase classname="com.HiQ.sudokugenerator.SudokuGeneratorTest" name="testGenerateaPlaybleMediumSudoku[973]" time="0"/>
  <testcase classname="com.HiQ.sudokugenerator.SudokuGeneratorTest" name="testGenerateAndInValidateValidSudoku[974]" time="0"/>
  <testcase classname="com.HiQ.sudokugenerator.SudokuGeneratorTest" name="testGenerateAndValidateValidSudoku[974]" time="0"/>
  <testcase classname="com.HiQ.sudokugenerator.SudokuGeneratorTest" name="testGenerateaPlaybleEasySudoku[974]" time="0"/>
  <testcase classname="com.HiQ.sudokugenerator.SudokuGeneratorTest" name="testGenerateaPlaybleHardSudoku[974]" time="0"/>
  <testcase classname="com.HiQ.sudokugenerator.SudokuGeneratorTest" name="testGenerateaPlaybleMediumSudoku[974]" time="0"/>
  <testcase classname="com.HiQ.sudokugenerator.SudokuGeneratorTest" name="testGenerateAndInValidateValidSudoku[975]" time="0"/>
  <testcase classname="com.HiQ.sudokugenerator.SudokuGeneratorTest" name="testGenerateAndValidateValidSudoku[975]" time="0"/>
  <testcase classname="com.HiQ.sudokugenerator.SudokuGeneratorTest" name="testGenerateaPlaybleEasySudoku[975]" time="0.048"/>
  <testcase classname="com.HiQ.sudokugenerator.SudokuGeneratorTest" name="testGenerateaPlaybleHardSudoku[975]" time="0"/>
  <testcase classname="com.HiQ.sudokugenerator.SudokuGeneratorTest" name="testGenerateaPlaybleMediumSudoku[975]" time="0"/>
  <testcase classname="com.HiQ.sudokugenerator.SudokuGeneratorTest" name="testGenerateAndInValidateValidSudoku[976]" time="0"/>
  <testcase classname="com.HiQ.sudokugenerator.SudokuGeneratorTest" name="testGenerateAndValidateValidSudoku[976]" time="0"/>
  <testcase classname="com.HiQ.sudokugenerator.SudokuGeneratorTest" name="testGenerateaPlaybleEasySudoku[976]" time="0"/>
  <testcase classname="com.HiQ.sudokugenerator.SudokuGeneratorTest" name="testGenerateaPlaybleHardSudoku[976]" time="0"/>
  <testcase classname="com.HiQ.sudokugenerator.SudokuGeneratorTest" name="testGenerateaPlaybleMediumSudoku[976]" time="0"/>
  <testcase classname="com.HiQ.sudokugenerator.SudokuGeneratorTest" name="testGenerateAndInValidateValidSudoku[977]" time="0"/>
  <testcase classname="com.HiQ.sudokugenerator.SudokuGeneratorTest" name="testGenerateAndValidateValidSudoku[977]" time="0"/>
  <testcase classname="com.HiQ.sudokugenerator.SudokuGeneratorTest" name="testGenerateaPlaybleEasySudoku[977]" time="0"/>
  <testcase classname="com.HiQ.sudokugenerator.SudokuGeneratorTest" name="testGenerateaPlaybleHardSudoku[977]" time="0"/>
  <testcase classname="com.HiQ.sudokugenerator.SudokuGeneratorTest" name="testGenerateaPlaybleMediumSudoku[977]" time="0"/>
  <testcase classname="com.HiQ.sudokugenerator.SudokuGeneratorTest" name="testGenerateAndInValidateValidSudoku[978]" time="0"/>
  <testcase classname="com.HiQ.sudokugenerator.SudokuGeneratorTest" name="testGenerateAndValidateValidSudoku[978]" time="0"/>
  <testcase classname="com.HiQ.sudokugenerator.SudokuGeneratorTest" name="testGenerateaPlaybleEasySudoku[978]" time="0"/>
  <testcase classname="com.HiQ.sudokugenerator.SudokuGeneratorTest" name="testGenerateaPlaybleHardSudoku[978]" time="0"/>
  <testcase classname="com.HiQ.sudokugenerator.SudokuGeneratorTest" name="testGenerateaPlaybleMediumSudoku[978]" time="0"/>
  <testcase classname="com.HiQ.sudokugenerator.SudokuGeneratorTest" name="testGenerateAndInValidateValidSudoku[979]" time="0"/>
  <testcase classname="com.HiQ.sudokugenerator.SudokuGeneratorTest" name="testGenerateAndValidateValidSudoku[979]" time="0"/>
  <testcase classname="com.HiQ.sudokugenerator.SudokuGeneratorTest" name="testGenerateaPlaybleEasySudoku[979]" time="0"/>
  <testcase classname="com.HiQ.sudokugenerator.SudokuGeneratorTest" name="testGenerateaPlaybleHardSudoku[979]" time="0"/>
  <testcase classname="com.HiQ.sudokugenerator.SudokuGeneratorTest" name="testGenerateaPlaybleMediumSudoku[979]" time="0"/>
  <testcase classname="com.HiQ.sudokugenerator.SudokuGeneratorTest" name="testGenerateAndInValidateValidSudoku[980]" time="0"/>
  <testcase classname="com.HiQ.sudokugenerator.SudokuGeneratorTest" name="testGenerateAndValidateValidSudoku[980]" time="0"/>
  <testcase classname="com.HiQ.sudokugenerator.SudokuGeneratorTest" name="testGenerateaPlaybleEasySudoku[980]" time="0"/>
  <testcase classname="com.HiQ.sudokugenerator.SudokuGeneratorTest" name="testGenerateaPlaybleHardSudoku[980]" time="0"/>
  <testcase classname="com.HiQ.sudokugenerator.SudokuGeneratorTest" name="testGenerateaPlaybleMediumSudoku[980]" time="0"/>
  <testcase classname="com.HiQ.sudokugenerator.SudokuGeneratorTest" name="testGenerateAndInValidateValidSudoku[981]" time="0"/>
  <testcase classname="com.HiQ.sudokugenerator.SudokuGeneratorTest" name="testGenerateAndValidateValidSudoku[981]" time="0"/>
  <testcase classname="com.HiQ.sudokugenerator.SudokuGeneratorTest" name="testGenerateaPlaybleEasySudoku[981]" time="0"/>
  <testcase classname="com.HiQ.sudokugenerator.SudokuGeneratorTest" name="testGenerateaPlaybleHardSudoku[981]" time="0"/>
  <testcase classname="com.HiQ.sudokugenerator.SudokuGeneratorTest" name="testGenerateaPlaybleMediumSudoku[981]" time="0"/>
  <testcase classname="com.HiQ.sudokugenerator.SudokuGeneratorTest" name="testGenerateAndInValidateValidSudoku[982]" time="0"/>
  <testcase classname="com.HiQ.sudokugenerator.SudokuGeneratorTest" name="testGenerateAndValidateValidSudoku[982]" time="0"/>
  <testcase classname="com.HiQ.sudokugenerator.SudokuGeneratorTest" name="testGenerateaPlaybleEasySudoku[982]" time="0"/>
  <testcase classname="com.HiQ.sudokugenerator.SudokuGeneratorTest" name="testGenerateaPlaybleHardSudoku[982]" time="0"/>
  <testcase classname="com.HiQ.sudokugenerator.SudokuGeneratorTest" name="testGenerateaPlaybleMediumSudoku[982]" time="0"/>
  <testcase classname="com.HiQ.sudokugenerator.SudokuGeneratorTest" name="testGenerateAndInValidateValidSudoku[983]" time="0"/>
  <testcase classname="com.HiQ.sudokugenerator.SudokuGeneratorTest" name="testGenerateAndValidateValidSudoku[983]" time="0"/>
  <testcase classname="com.HiQ.sudokugenerator.SudokuGeneratorTest" name="testGenerateaPlaybleEasySudoku[983]" time="0"/>
  <testcase classname="com.HiQ.sudokugenerator.SudokuGeneratorTest" name="testGenerateaPlaybleHardSudoku[983]" time="0"/>
  <testcase classname="com.HiQ.sudokugenerator.SudokuGeneratorTest" name="testGenerateaPlaybleMediumSudoku[983]" time="0"/>
  <testcase classname="com.HiQ.sudokugenerator.SudokuGeneratorTest" name="testGenerateAndInValidateValidSudoku[984]" time="0"/>
  <testcase classname="com.HiQ.sudokugenerator.SudokuGeneratorTest" name="testGenerateAndValidateValidSudoku[984]" time="0"/>
  <testcase classname="com.HiQ.sudokugenerator.SudokuGeneratorTest" name="testGenerateaPlaybleEasySudoku[984]" time="0"/>
  <testcase classname="com.HiQ.sudokugenerator.SudokuGeneratorTest" name="testGenerateaPlaybleHardSudoku[984]" time="0"/>
  <testcase classname="com.HiQ.sudokugenerator.SudokuGeneratorTest" name="testGenerateaPlaybleMediumSudoku[984]" time="0"/>
  <testcase classname="com.HiQ.sudokugenerator.SudokuGeneratorTest" name="testGenerateAndInValidateValidSudoku[985]" time="0"/>
  <testcase classname="com.HiQ.sudokugenerator.SudokuGeneratorTest" name="testGenerateAndValidateValidSudoku[985]" time="0"/>
  <testcase classname="com.HiQ.sudokugenerator.SudokuGeneratorTest" name="testGenerateaPlaybleEasySudoku[985]" time="0"/>
  <testcase classname="com.HiQ.sudokugenerator.SudokuGeneratorTest" name="testGenerateaPlaybleHardSudoku[985]" time="0"/>
  <testcase classname="com.HiQ.sudokugenerator.SudokuGeneratorTest" name="testGenerateaPlaybleMediumSudoku[985]" time="0"/>
  <testcase classname="com.HiQ.sudokugenerator.SudokuGeneratorTest" name="testGenerateAndInValidateValidSudoku[986]" time="0"/>
  <testcase classname="com.HiQ.sudokugenerator.SudokuGeneratorTest" name="testGenerateAndValidateValidSudoku[986]" time="0"/>
  <testcase classname="com.HiQ.sudokugenerator.SudokuGeneratorTest" name="testGenerateaPlaybleEasySudoku[986]" time="0"/>
  <testcase classname="com.HiQ.sudokugenerator.SudokuGeneratorTest" name="testGenerateaPlaybleHardSudoku[986]" time="0"/>
  <testcase classname="com.HiQ.sudokugenerator.SudokuGeneratorTest" name="testGenerateaPlaybleMediumSudoku[986]" time="0"/>
  <testcase classname="com.HiQ.sudokugenerator.SudokuGeneratorTest" name="testGenerateAndInValidateValidSudoku[987]" time="0"/>
  <testcase classname="com.HiQ.sudokugenerator.SudokuGeneratorTest" name="testGenerateAndValidateValidSudoku[987]" time="0"/>
  <testcase classname="com.HiQ.sudokugenerator.SudokuGeneratorTest" name="testGenerateaPlaybleEasySudoku[987]" time="0"/>
  <testcase classname="com.HiQ.sudokugenerator.SudokuGeneratorTest" name="testGenerateaPlaybleHardSudoku[987]" time="0"/>
  <testcase classname="com.HiQ.sudokugenerator.SudokuGeneratorTest" name="testGenerateaPlaybleMediumSudoku[987]" time="0"/>
  <testcase classname="com.HiQ.sudokugenerator.SudokuGeneratorTest" name="testGenerateAndInValidateValidSudoku[988]" time="0"/>
  <testcase classname="com.HiQ.sudokugenerator.SudokuGeneratorTest" name="testGenerateAndValidateValidSudoku[988]" time="0"/>
  <testcase classname="com.HiQ.sudokugenerator.SudokuGeneratorTest" name="testGenerateaPlaybleEasySudoku[988]" time="0"/>
  <testcase classname="com.HiQ.sudokugenerator.SudokuGeneratorTest" name="testGenerateaPlaybleHardSudoku[988]" time="0"/>
  <testcase classname="com.HiQ.sudokugenerator.SudokuGeneratorTest" name="testGenerateaPlaybleMediumSudoku[988]" time="0"/>
  <testcase classname="com.HiQ.sudokugenerator.SudokuGeneratorTest" name="testGenerateAndInValidateValidSudoku[989]" time="0"/>
  <testcase classname="com.HiQ.sudokugenerator.SudokuGeneratorTest" name="testGenerateAndValidateValidSudoku[989]" time="0"/>
  <testcase classname="com.HiQ.sudokugenerator.SudokuGeneratorTest" name="testGenerateaPlaybleEasySudoku[989]" time="0"/>
  <testcase classname="com.HiQ.sudokugenerator.SudokuGeneratorTest" name="testGenerateaPlaybleHardSudoku[989]" time="0.001"/>
  <testcase classname="com.HiQ.sudokugenerator.SudokuGeneratorTest" name="testGenerateaPlaybleMediumSudoku[989]" time="0"/>
  <testcase classname="com.HiQ.sudokugenerator.SudokuGeneratorTest" name="testGenerateAndInValidateValidSudoku[990]" time="0"/>
  <testcase classname="com.HiQ.sudokugenerator.SudokuGeneratorTest" name="testGenerateAndValidateValidSudoku[990]" time="0"/>
  <testcase classname="com.HiQ.sudokugenerator.SudokuGeneratorTest" name="testGenerateaPlaybleEasySudoku[990]" time="0"/>
  <testcase classname="com.HiQ.sudokugenerator.SudokuGeneratorTest" name="testGenerateaPlaybleHardSudoku[990]" time="0"/>
  <testcase classname="com.HiQ.sudokugenerator.SudokuGeneratorTest" name="testGenerateaPlaybleMediumSudoku[990]" time="0"/>
  <testcase classname="com.HiQ.sudokugenerator.SudokuGeneratorTest" name="testGenerateAndInValidateValidSudoku[991]" time="0"/>
  <testcase classname="com.HiQ.sudokugenerator.SudokuGeneratorTest" name="testGenerateAndValidateValidSudoku[991]" time="0"/>
  <testcase classname="com.HiQ.sudokugenerator.SudokuGeneratorTest" name="testGenerateaPlaybleEasySudoku[991]" time="0"/>
  <testcase classname="com.HiQ.sudokugenerator.SudokuGeneratorTest" name="testGenerateaPlaybleHardSudoku[991]" time="0"/>
  <testcase classname="com.HiQ.sudokugenerator.SudokuGeneratorTest" name="testGenerateaPlaybleMediumSudoku[991]" time="0"/>
  <testcase classname="com.HiQ.sudokugenerator.SudokuGeneratorTest" name="testGenerateAndInValidateValidSudoku[992]" time="0"/>
  <testcase classname="com.HiQ.sudokugenerator.SudokuGeneratorTest" name="testGenerateAndValidateValidSudoku[992]" time="0"/>
  <testcase classname="com.HiQ.sudokugenerator.SudokuGeneratorTest" name="testGenerateaPlaybleEasySudoku[992]" time="0"/>
  <testcase classname="com.HiQ.sudokugenerator.SudokuGeneratorTest" name="testGenerateaPlaybleHardSudoku[992]" time="0"/>
  <testcase classname="com.HiQ.sudokugenerator.SudokuGeneratorTest" name="testGenerateaPlaybleMediumSudoku[992]" time="0"/>
  <testcase classname="com.HiQ.sudokugenerator.SudokuGeneratorTest" name="testGenerateAndInValidateValidSudoku[993]" time="0"/>
  <testcase classname="com.HiQ.sudokugenerator.SudokuGeneratorTest" name="testGenerateAndValidateValidSudoku[993]" time="0"/>
  <testcase classname="com.HiQ.sudokugenerator.SudokuGeneratorTest" name="testGenerateaPlaybleEasySudoku[993]" time="0"/>
  <testcase classname="com.HiQ.sudokugenerator.SudokuGeneratorTest" name="testGenerateaPlaybleHardSudoku[993]" time="0"/>
  <testcase classname="com.HiQ.sudokugenerator.SudokuGeneratorTest" name="testGenerateaPlaybleMediumSudoku[993]" time="0"/>
  <testcase classname="com.HiQ.sudokugenerator.SudokuGeneratorTest" name="testGenerateAndInValidateValidSudoku[994]" time="0"/>
  <testcase classname="com.HiQ.sudokugenerator.SudokuGeneratorTest" name="testGenerateAndValidateValidSudoku[994]" time="0"/>
  <testcase classname="com.HiQ.sudokugenerator.SudokuGeneratorTest" name="testGenerateaPlaybleEasySudoku[994]" time="0"/>
  <testcase classname="com.HiQ.sudokugenerator.SudokuGeneratorTest" name="testGenerateaPlaybleHardSudoku[994]" time="0"/>
  <testcase classname="com.HiQ.sudokugenerator.SudokuGeneratorTest" name="testGenerateaPlaybleMediumSudoku[994]" time="0"/>
  <testcase classname="com.HiQ.sudokugenerator.SudokuGeneratorTest" name="testGenerateAndInValidateValidSudoku[995]" time="0"/>
  <testcase classname="com.HiQ.sudokugenerator.SudokuGeneratorTest" name="testGenerateAndValidateValidSudoku[995]" time="0"/>
  <testcase classname="com.HiQ.sudokugenerator.SudokuGeneratorTest" name="testGenerateaPlaybleEasySudoku[995]" time="0"/>
  <testcase classname="com.HiQ.sudokugenerator.SudokuGeneratorTest" name="testGenerateaPlaybleHardSudoku[995]" time="0"/>
  <testcase classname="com.HiQ.sudokugenerator.SudokuGeneratorTest" name="testGenerateaPlaybleMediumSudoku[995]" time="0"/>
  <testcase classname="com.HiQ.sudokugenerator.SudokuGeneratorTest" name="testGenerateAndInValidateValidSudoku[996]" time="0"/>
  <testcase classname="com.HiQ.sudokugenerator.SudokuGeneratorTest" name="testGenerateAndValidateValidSudoku[996]" time="0"/>
  <testcase classname="com.HiQ.sudokugenerator.SudokuGeneratorTest" name="testGenerateaPlaybleEasySudoku[996]" time="0"/>
  <testcase classname="com.HiQ.sudokugenerator.SudokuGeneratorTest" name="testGenerateaPlaybleHardSudoku[996]" time="0"/>
  <testcase classname="com.HiQ.sudokugenerator.SudokuGeneratorTest" name="testGenerateaPlaybleMediumSudoku[996]" time="0"/>
  <testcase classname="com.HiQ.sudokugenerator.SudokuGeneratorTest" name="testGenerateAndInValidateValidSudoku[997]" time="0"/>
  <testcase classname="com.HiQ.sudokugenerator.SudokuGeneratorTest" name="testGenerateAndValidateValidSudoku[997]" time="0"/>
  <testcase classname="com.HiQ.sudokugenerator.SudokuGeneratorTest" name="testGenerateaPlaybleEasySudoku[997]" time="0"/>
  <testcase classname="com.HiQ.sudokugenerator.SudokuGeneratorTest" name="testGenerateaPlaybleHardSudoku[997]" time="0"/>
  <testcase classname="com.HiQ.sudokugenerator.SudokuGeneratorTest" name="testGenerateaPlaybleMediumSudoku[997]" time="0"/>
  <testcase classname="com.HiQ.sudokugenerator.SudokuGeneratorTest" name="testGenerateAndInValidateValidSudoku[998]" time="0"/>
  <testcase classname="com.HiQ.sudokugenerator.SudokuGeneratorTest" name="testGenerateAndValidateValidSudoku[998]" time="0"/>
  <testcase classname="com.HiQ.sudokugenerator.SudokuGeneratorTest" name="testGenerateaPlaybleEasySudoku[998]" time="0"/>
  <testcase classname="com.HiQ.sudokugenerator.SudokuGeneratorTest" name="testGenerateaPlaybleHardSudoku[998]" time="0"/>
  <testcase classname="com.HiQ.sudokugenerator.SudokuGeneratorTest" name="testGenerateaPlaybleMediumSudoku[998]" time="0"/>
  <testcase classname="com.HiQ.sudokugenerator.SudokuGeneratorTest" name="testGenerateAndInValidateValidSudoku[999]" time="0"/>
  <testcase classname="com.HiQ.sudokugenerator.SudokuGeneratorTest" name="testGenerateAndValidateValidSudoku[999]" time="0"/>
  <testcase classname="com.HiQ.sudokugenerator.SudokuGeneratorTest" name="testGenerateaPlaybleEasySudoku[999]" time="0"/>
  <testcase classname="com.HiQ.sudokugenerator.SudokuGeneratorTest" name="testGenerateaPlaybleHardSudoku[999]" time="0"/>
  <testcase classname="com.HiQ.sudokugenerator.SudokuGeneratorTest" name="testGenerateaPlaybleMediumSudoku[999]" time="0"/>
</testsuite>